<?xml version="1.0" encoding="UTF-8"?>
<testsuite name="br.com.mv.test.PedidoKitComPromocao40" time="75.039" tests="1" errors="1" skipped="0" failures="0">
  <properties>
    <property name="java.runtime.name" value="OpenJDK Runtime Environment"/>
    <property name="sun.boot.library.path" value="/usr/lib/jvm/java-8-openjdk-amd64/jre/lib/amd64"/>
    <property name="java.vm.version" value="25.162-b12"/>
    <property name="java.vm.vendor" value="Oracle Corporation"/>
    <property name="maven.multiModuleProjectDirectory" value="/home/pedro/Documentos/Automação/testes-automatizados/mv-lojas-bdd"/>
    <property name="java.vendor.url" value="http://java.oracle.com/"/>
    <property name="path.separator" value=":"/>
    <property name="guice.disable.misplaced.annotation.check" value="true"/>
    <property name="java.vm.name" value="OpenJDK 64-Bit Server VM"/>
    <property name="file.encoding.pkg" value="sun.io"/>
    <property name="user.country" value="BR"/>
    <property name="sun.java.launcher" value="SUN_STANDARD"/>
    <property name="sun.os.patch.level" value="unknown"/>
    <property name="java.vm.specification.name" value="Java Virtual Machine Specification"/>
    <property name="user.dir" value="/home/pedro/Documentos/Automação/testes-automatizados/mv-lojas-bdd"/>
    <property name="java.runtime.version" value="1.8.0_162-8u162-b12-0ubuntu0.16.04.2-b12"/>
    <property name="java.awt.graphicsenv" value="sun.awt.X11GraphicsEnvironment"/>
    <property name="java.endorsed.dirs" value="/usr/lib/jvm/java-8-openjdk-amd64/jre/lib/endorsed"/>
    <property name="os.arch" value="amd64"/>
    <property name="java.io.tmpdir" value="/tmp"/>
    <property name="line.separator" value="&#10;"/>
    <property name="java.vm.specification.vendor" value="Oracle Corporation"/>
    <property name="os.name" value="Linux"/>
    <property name="classworlds.conf" value="/home/pedro/Documentos/workspaces/workspace-treinamento/treinamento/pedro/.metadata/.plugins/org.eclipse.m2e.launching/launches/m2conf4424884547866480067.tmp"/>
    <property name="sun.jnu.encoding" value="UTF-8"/>
    <property name="java.library.path" value="/usr/java/packages/lib/amd64:/usr/lib/x86_64-linux-gnu/jni:/lib/x86_64-linux-gnu:/usr/lib/x86_64-linux-gnu:/usr/lib/jni:/lib:/usr/lib"/>
    <property name="java.specification.name" value="Java Platform API Specification"/>
    <property name="java.class.version" value="52.0"/>
    <property name="sun.management.compiler" value="HotSpot 64-Bit Tiered Compilers"/>
    <property name="os.version" value="4.8.0-53-generic"/>
    <property name="user.home" value="/home/pedro"/>
    <property name="user.timezone" value="America/Sao_Paulo"/>
    <property name="java.awt.printerjob" value="sun.print.PSPrinterJob"/>
    <property name="file.encoding" value="UTF-8"/>
    <property name="java.specification.version" value="1.8"/>
    <property name="metafilter" value="groovy: (issue == &apos;rgs-35&apos; || issue == &apos;rgs-36&apos; || issue == &apos;rgs-37&apos; || issue == &apos;rgs-38&apos; || issue == &apos;rgs-39&apos; || issue == &apos;rgs-40&apos;)"/>
    <property name="user.name" value="pedro"/>
    <property name="java.class.path" value="/home/pedro/.p2/pool/plugins/org.eclipse.m2e.maven.runtime_1.8.2.20171007-0216/jars/plexus-classworlds-2.5.2.jar"/>
    <property name="java.vm.specification.version" value="1.8"/>
    <property name="sun.arch.data.model" value="64"/>
    <property name="java.home" value="/usr/lib/jvm/java-8-openjdk-amd64/jre"/>
    <property name="sun.java.command" value="org.codehaus.plexus.classworlds.launcher.Launcher -B clean verify -Dmetafilter=groovy: (issue == &apos;rgs-35&apos; || issue == &apos;rgs-36&apos; || issue == &apos;rgs-37&apos; || issue == &apos;rgs-38&apos; || issue == &apos;rgs-39&apos; || issue == &apos;rgs-40&apos;)"/>
    <property name="java.specification.vendor" value="Oracle Corporation"/>
    <property name="user.language" value="pt"/>
    <property name="awt.toolkit" value="sun.awt.X11.XToolkit"/>
    <property name="java.vm.info" value="mixed mode"/>
    <property name="java.version" value="1.8.0_162"/>
    <property name="java.ext.dirs" value="/usr/lib/jvm/java-8-openjdk-amd64/jre/lib/ext:/usr/java/packages/lib/ext"/>
    <property name="securerandom.source" value="file:/dev/./urandom"/>
    <property name="sun.boot.class.path" value="/usr/lib/jvm/java-8-openjdk-amd64/jre/lib/resources.jar:/usr/lib/jvm/java-8-openjdk-amd64/jre/lib/rt.jar:/usr/lib/jvm/java-8-openjdk-amd64/jre/lib/sunrsasign.jar:/usr/lib/jvm/java-8-openjdk-amd64/jre/lib/jsse.jar:/usr/lib/jvm/java-8-openjdk-amd64/jre/lib/jce.jar:/usr/lib/jvm/java-8-openjdk-amd64/jre/lib/charsets.jar:/usr/lib/jvm/java-8-openjdk-amd64/jre/lib/jfr.jar:/usr/lib/jvm/java-8-openjdk-amd64/jre/classes"/>
    <property name="java.vendor" value="Oracle Corporation"/>
    <property name="maven.home" value="/home/pedro/Documentos/Automação/testes-automatizados/mv-lojas-bdd/EMBEDDED"/>
    <property name="file.separator" value="/"/>
    <property name="java.vendor.url.bug" value="http://bugreport.sun.com/bugreport/"/>
    <property name="sun.cpu.endian" value="little"/>
    <property name="sun.io.unicode.encoding" value="UnicodeLittle"/>
    <property name="sun.desktop" value="gnome"/>
    <property name="sun.cpu.isalist" value=""/>
  </properties>
  <testcase name="br.com.mv.test.PedidoKitComPromocao40" classname="org.apache.maven.surefire.junit4.JUnit4Provider" time="75.039">
    <error message="org.jbehave.core.embedder.Embedder$RunningStoriesFailed: Failures in running stories: &#10;org.jbehave.core.embedder.PerformableTree$SomethingHappened@17df67e7: org.openqa.selenium.ElementClickInterceptedException: Element &lt;input class=&quot;ace radio-seleciona-promocao&quot; name=&quot;form-field-radio-promocao&quot; type=&quot;radio&quot;&gt; is not clickable at point (522,238.71665954589844) because another element &lt;div class=&quot;blockUI blockOverlay&quot;&gt; obscures it&#10;Build info: version: &apos;3.12.0&apos;, revision: &apos;7c6e0b3&apos;, time: &apos;2018-05-08T14:04:26.12Z&apos;&#10;System info: host: &apos;WS-SBDEV-851&apos;, ip: &apos;127.0.1.1&apos;, os.name: &apos;Linux&apos;, os.arch: &apos;amd64&apos;, os.version: &apos;4.8.0-53-generic&apos;, java.version: &apos;1.8.0_162&apos;&#10;Driver info: org.openqa.selenium.remote.RemoteWebDriver&#10;Capabilities {acceptInsecureCerts: true, browserName: firefox, browserVersion: 59.0.2, javascriptEnabled: true, moz:accessibilityChecks: false, moz:headless: false, moz:processID: 27889, moz:profile: /tmp/rust_mozprofile.Ax733f..., moz:useNonSpecCompliantPointerOrigin: false, moz:webdriverClick: true, pageLoadStrategy: normal, platform: LINUX, platformName: LINUX, platformVersion: 4.8.0-53-generic, rotatable: false, timeouts: {implicit: 0, pageLoad: 300000, script: 30000}}&#10;Session ID: a33f7dd8-cd1b-446a-914a-d9211af297e1" type="java.lang.RuntimeException"><![CDATA[java.lang.RuntimeException: org.jbehave.core.embedder.Embedder$RunningStoriesFailed: Failures in running stories: 
org.jbehave.core.embedder.PerformableTree$SomethingHappened@17df67e7: org.openqa.selenium.ElementClickInterceptedException: Element <input class="ace radio-seleciona-promocao" name="form-field-radio-promocao" type="radio"> is not clickable at point (522,238.71665954589844) because another element <div class="blockUI blockOverlay"> obscures it
Build info: version: '3.12.0', revision: '7c6e0b3', time: '2018-05-08T14:04:26.12Z'
System info: host: 'WS-SBDEV-851', ip: '127.0.1.1', os.name: 'Linux', os.arch: 'amd64', os.version: '4.8.0-53-generic', java.version: '1.8.0_162'
Driver info: org.openqa.selenium.remote.RemoteWebDriver
Capabilities {acceptInsecureCerts: true, browserName: firefox, browserVersion: 59.0.2, javascriptEnabled: true, moz:accessibilityChecks: false, moz:headless: false, moz:processID: 27889, moz:profile: /tmp/rust_mozprofile.Ax733f..., moz:useNonSpecCompliantPointerOrigin: false, moz:webdriverClick: true, pageLoadStrategy: normal, platform: LINUX, platformName: LINUX, platformVersion: 4.8.0-53-generic, rotatable: false, timeouts: {implicit: 0, pageLoad: 300000, script: 30000}}
Session ID: a33f7dd8-cd1b-446a-914a-d9211af297e1
	at org.jbehave.core.embedder.Embedder$ThrowingRunningStoriesFailed.handleFailures(Embedder.java:553)
	at org.jbehave.core.embedder.Embedder.handleFailures(Embedder.java:238)
	at org.jbehave.core.embedder.Embedder.runStoriesAsPaths(Embedder.java:216)
	at net.serenitybdd.jbehave.embedders.ExtendedEmbedder.runStoriesAsPaths(ExtendedEmbedder.java:60)
	at net.serenitybdd.jbehave.runners.SerenityReportingRunner.run(SerenityReportingRunner.java:168)
	at org.apache.maven.surefire.junit4.JUnit4Provider.execute(JUnit4Provider.java:283)
	at org.apache.maven.surefire.junit4.JUnit4Provider.executeWithRerun(JUnit4Provider.java:173)
	at org.apache.maven.surefire.junit4.JUnit4Provider.executeTestSet(JUnit4Provider.java:153)
	at org.apache.maven.surefire.junit4.JUnit4Provider.invoke(JUnit4Provider.java:128)
]]></error>
    <system-out><![CDATA[Processing system properties {}
Using controls EmbedderControls[batch=false,skip=false,generateViewAfterStories=true,ignoreFailureInStories=false,ignoreFailureInView=true,verboseFailures=false,verboseFiltering=false,storyTimeouts=10000,threads=1,failOnStoryTimeout=false]
Meta[properties={narrative=Narrative[inOrderTo=,asA=,iWantTo=,soThat=], description=, path=stories/processos/atendimento_cliente_recibo_troca_pedido_loja_financiado_sem_reversao.story}] excluded by filter 'groovy: (issue == 'rgs-35' || issue == 'rgs-36' || issue == 'rgs-37' || issue == 'rgs-38' || issue == 'rgs-39' || issue == 'rgs-40')'
Meta[properties={examplesTable=, base=RELOH, context=PROCESSOS, grupoInstancias=Pedidos, narrative=Narrative[inOrderTo=,asA=,iWantTo=,soThat=], prcs-10=, title=Elaborar um pedido a vista com empenho em loja/normal, issue=prcs-10, description=, skip=, givenStories=, tag=component:Processos - RELOH, path=stories/processos/atendimento_cliente_recibo_troca_pedido_loja_financiado_sem_reversao.story}] excluded by filter 'groovy: (issue == 'rgs-35' || issue == 'rgs-36' || issue == 'rgs-37' || issue == 'rgs-38' || issue == 'rgs-39' || issue == 'rgs-40')'
Meta[properties={examplesTable=, base=RELOH, context=PROCESSOS, grupoInstancias=Caixa, narrative=Narrative[inOrderTo=,asA=,iWantTo=,soThat=], prcs-10=, title=Efetua o recebimento do pedido, issue=prcs-10, description=, skip=, givenStories=, tag=component:Regressão - RELOH, path=stories/processos/atendimento_cliente_recibo_troca_pedido_loja_financiado_sem_reversao.story}] excluded by filter 'groovy: (issue == 'rgs-35' || issue == 'rgs-36' || issue == 'rgs-37' || issue == 'rgs-38' || issue == 'rgs-39' || issue == 'rgs-40')'
Meta[properties={examplesTable=, base=RELOH, context=PROCESSOS, grupoInstancias=AdmCD, narrative=Narrative[inOrderTo=,asA=,iWantTo=,soThat=], prcs-10=, title=Fatura o pedido recebido, issue=prcs-10, description=, skip=, givenStories=, tag=component:Processos - RELOH, path=stories/processos/atendimento_cliente_recibo_troca_pedido_loja_financiado_sem_reversao.story}] excluded by filter 'groovy: (issue == 'rgs-35' || issue == 'rgs-36' || issue == 'rgs-37' || issue == 'rgs-38' || issue == 'rgs-39' || issue == 'rgs-40')'
Meta[properties={examplesTable=, base=RELOH, context=PROCESSOS, grupoInstancias=AdmCD, narrative=Narrative[inOrderTo=,asA=,iWantTo=,soThat=], prcs-10=, title=Elaborar um atendimento para o pedido realizado, issue=prcs-10, description=, skip=, givenStories=, tag=component:Processos - RELOH, path=stories/processos/atendimento_cliente_recibo_troca_pedido_loja_financiado_sem_reversao.story}] excluded by filter 'groovy: (issue == 'rgs-35' || issue == 'rgs-36' || issue == 'rgs-37' || issue == 'rgs-38' || issue == 'rgs-39' || issue == 'rgs-40')'
Meta[properties={examplesTable=, base=RELOH, context=PROCESSOS, grupoInstancias=Pedidos, narrative=Narrative[inOrderTo=,asA=,iWantTo=,soThat=], prcs-10=, title=Elaborar um pedido utilizando o recibo de troca, issue=prcs-10, description=, skip=, givenStories=, tag=component:Processos - RELOH, path=stories/processos/atendimento_cliente_recibo_troca_pedido_loja_financiado_sem_reversao.story}] excluded by filter 'groovy: (issue == 'rgs-35' || issue == 'rgs-36' || issue == 'rgs-37' || issue == 'rgs-38' || issue == 'rgs-39' || issue == 'rgs-40')'
Meta[properties={examplesTable=, base=RELOH, context=PROCESSOS, grupoInstancias=Caixa, narrative=Narrative[inOrderTo=,asA=,iWantTo=,soThat=], prcs-10=, title=Efetua o recebimento do pedido feito com recibo de troca, issue=prcs-10, description=, skip=, givenStories=, tag=component:Regressão - RELOH, path=stories/processos/atendimento_cliente_recibo_troca_pedido_loja_financiado_sem_reversao.story}] excluded by filter 'groovy: (issue == 'rgs-35' || issue == 'rgs-36' || issue == 'rgs-37' || issue == 'rgs-38' || issue == 'rgs-39' || issue == 'rgs-40')'
Meta[properties={examplesTable=, base=RELOH, context=PROCESSOS, grupoInstancias=AdmCD, narrative=Narrative[inOrderTo=,asA=,iWantTo=,soThat=], prcs-10=, title=Cria a carga para associar ao controle de faturamento, issue=prcs-10, description=, skip=, givenStories=, tag=component:Processos - RELOH, path=stories/processos/atendimento_cliente_recibo_troca_pedido_loja_financiado_sem_reversao.story}] excluded by filter 'groovy: (issue == 'rgs-35' || issue == 'rgs-36' || issue == 'rgs-37' || issue == 'rgs-38' || issue == 'rgs-39' || issue == 'rgs-40')'
Meta[properties={examplesTable=, base=RELOH, context=PROCESSOS, grupoInstancias=AdmCD, narrative=Narrative[inOrderTo=,asA=,iWantTo=,soThat=], prcs-10=, title=Cria a nota de transferencia do CD 47 para o CD 221, issue=prcs-10, description=, skip=, givenStories=, tag=component:Processos - RELOH, path=stories/processos/atendimento_cliente_recibo_troca_pedido_loja_financiado_sem_reversao.story}] excluded by filter 'groovy: (issue == 'rgs-35' || issue == 'rgs-36' || issue == 'rgs-37' || issue == 'rgs-38' || issue == 'rgs-39' || issue == 'rgs-40')'
Meta[properties={examplesTable=, base=RELOH, context=PROCESSOS, grupoInstancias=AdmCD, narrative=Narrative[inOrderTo=,asA=,iWantTo=,soThat=], prcs-10=, title=Processa a nota de transferencia a nota no CD 221, issue=prcs-10, description=, skip=, givenStories=, tag=component:Processos - RELOH, path=stories/processos/atendimento_cliente_recibo_troca_pedido_loja_financiado_sem_reversao.story}] excluded by filter 'groovy: (issue == 'rgs-35' || issue == 'rgs-36' || issue == 'rgs-37' || issue == 'rgs-38' || issue == 'rgs-39' || issue == 'rgs-40')'
Meta[properties={examplesTable=, base=RELOH, context=PROCESSOS, grupoInstancias=AdmCD, narrative=Narrative[inOrderTo=,asA=,iWantTo=,soThat=], prcs-10=, title=Fatura a nota de transferencia a nota no CD 221, issue=prcs-10, description=, skip=, givenStories=, tag=component:Processos - RELOH, path=stories/processos/atendimento_cliente_recibo_troca_pedido_loja_financiado_sem_reversao.story}] excluded by filter 'groovy: (issue == 'rgs-35' || issue == 'rgs-36' || issue == 'rgs-37' || issue == 'rgs-38' || issue == 'rgs-39' || issue == 'rgs-40')'
Meta[properties={examplesTable=, base=RELOH, context=PROCESSOS, grupoInstancias=AdmCD, narrative=Narrative[inOrderTo=,asA=,iWantTo=,soThat=], prcs-10=, title=Realiza o Recolhimento de Produto, issue=prcs-10, description=, skip=, givenStories=, tag=component:Processos - RELOH, path=stories/processos/atendimento_cliente_recibo_troca_pedido_loja_financiado_sem_reversao.story}] excluded by filter 'groovy: (issue == 'rgs-35' || issue == 'rgs-36' || issue == 'rgs-37' || issue == 'rgs-38' || issue == 'rgs-39' || issue == 'rgs-40')'

(BeforeStories)

Meta[properties={narrative=Narrative[inOrderTo=,asA=,iWantTo=,soThat=], description=, path=stories/processos/atendimento_cliente_recibo_troca_pedido_loja_financiado_sem_reversao.story}] excluded by filter 'groovy: (issue == 'rgs-35' || issue == 'rgs-36' || issue == 'rgs-37' || issue == 'rgs-38' || issue == 'rgs-39' || issue == 'rgs-40')'
Meta[properties={examplesTable=, base=RELOH, context=PROCESSOS, grupoInstancias=Pedidos, narrative=Narrative[inOrderTo=,asA=,iWantTo=,soThat=], prcs-10=, title=Elaborar um pedido a vista com empenho em loja/normal, issue=prcs-10, description=, skip=, givenStories=, tag=component:Processos - RELOH, path=stories/processos/atendimento_cliente_recibo_troca_pedido_loja_financiado_sem_reversao.story}] excluded by filter 'groovy: (issue == 'rgs-35' || issue == 'rgs-36' || issue == 'rgs-37' || issue == 'rgs-38' || issue == 'rgs-39' || issue == 'rgs-40')'
Meta[properties={examplesTable=, base=RELOH, context=PROCESSOS, grupoInstancias=Caixa, narrative=Narrative[inOrderTo=,asA=,iWantTo=,soThat=], prcs-10=, title=Efetua o recebimento do pedido, issue=prcs-10, description=, skip=, givenStories=, tag=component:Regressão - RELOH, path=stories/processos/atendimento_cliente_recibo_troca_pedido_loja_financiado_sem_reversao.story}] excluded by filter 'groovy: (issue == 'rgs-35' || issue == 'rgs-36' || issue == 'rgs-37' || issue == 'rgs-38' || issue == 'rgs-39' || issue == 'rgs-40')'
Meta[properties={examplesTable=, base=RELOH, context=PROCESSOS, grupoInstancias=AdmCD, narrative=Narrative[inOrderTo=,asA=,iWantTo=,soThat=], prcs-10=, title=Fatura o pedido recebido, issue=prcs-10, description=, skip=, givenStories=, tag=component:Processos - RELOH, path=stories/processos/atendimento_cliente_recibo_troca_pedido_loja_financiado_sem_reversao.story}] excluded by filter 'groovy: (issue == 'rgs-35' || issue == 'rgs-36' || issue == 'rgs-37' || issue == 'rgs-38' || issue == 'rgs-39' || issue == 'rgs-40')'
Meta[properties={examplesTable=, base=RELOH, context=PROCESSOS, grupoInstancias=AdmCD, narrative=Narrative[inOrderTo=,asA=,iWantTo=,soThat=], prcs-10=, title=Elaborar um atendimento para o pedido realizado, issue=prcs-10, description=, skip=, givenStories=, tag=component:Processos - RELOH, path=stories/processos/atendimento_cliente_recibo_troca_pedido_loja_financiado_sem_reversao.story}] excluded by filter 'groovy: (issue == 'rgs-35' || issue == 'rgs-36' || issue == 'rgs-37' || issue == 'rgs-38' || issue == 'rgs-39' || issue == 'rgs-40')'
Meta[properties={examplesTable=, base=RELOH, context=PROCESSOS, grupoInstancias=Pedidos, narrative=Narrative[inOrderTo=,asA=,iWantTo=,soThat=], prcs-10=, title=Elaborar um pedido utilizando o recibo de troca, issue=prcs-10, description=, skip=, givenStories=, tag=component:Processos - RELOH, path=stories/processos/atendimento_cliente_recibo_troca_pedido_loja_financiado_sem_reversao.story}] excluded by filter 'groovy: (issue == 'rgs-35' || issue == 'rgs-36' || issue == 'rgs-37' || issue == 'rgs-38' || issue == 'rgs-39' || issue == 'rgs-40')'
Meta[properties={examplesTable=, base=RELOH, context=PROCESSOS, grupoInstancias=Caixa, narrative=Narrative[inOrderTo=,asA=,iWantTo=,soThat=], prcs-10=, title=Efetua o recebimento do pedido feito com recibo de troca, issue=prcs-10, description=, skip=, givenStories=, tag=component:Regressão - RELOH, path=stories/processos/atendimento_cliente_recibo_troca_pedido_loja_financiado_sem_reversao.story}] excluded by filter 'groovy: (issue == 'rgs-35' || issue == 'rgs-36' || issue == 'rgs-37' || issue == 'rgs-38' || issue == 'rgs-39' || issue == 'rgs-40')'
Meta[properties={examplesTable=, base=RELOH, context=PROCESSOS, grupoInstancias=AdmCD, narrative=Narrative[inOrderTo=,asA=,iWantTo=,soThat=], prcs-10=, title=Cria a carga para associar ao controle de faturamento, issue=prcs-10, description=, skip=, givenStories=, tag=component:Processos - RELOH, path=stories/processos/atendimento_cliente_recibo_troca_pedido_loja_financiado_sem_reversao.story}] excluded by filter 'groovy: (issue == 'rgs-35' || issue == 'rgs-36' || issue == 'rgs-37' || issue == 'rgs-38' || issue == 'rgs-39' || issue == 'rgs-40')'
Meta[properties={examplesTable=, base=RELOH, context=PROCESSOS, grupoInstancias=AdmCD, narrative=Narrative[inOrderTo=,asA=,iWantTo=,soThat=], prcs-10=, title=Cria a nota de transferencia do CD 47 para o CD 221, issue=prcs-10, description=, skip=, givenStories=, tag=component:Processos - RELOH, path=stories/processos/atendimento_cliente_recibo_troca_pedido_loja_financiado_sem_reversao.story}] excluded by filter 'groovy: (issue == 'rgs-35' || issue == 'rgs-36' || issue == 'rgs-37' || issue == 'rgs-38' || issue == 'rgs-39' || issue == 'rgs-40')'
Meta[properties={examplesTable=, base=RELOH, context=PROCESSOS, grupoInstancias=AdmCD, narrative=Narrative[inOrderTo=,asA=,iWantTo=,soThat=], prcs-10=, title=Processa a nota de transferencia a nota no CD 221, issue=prcs-10, description=, skip=, givenStories=, tag=component:Processos - RELOH, path=stories/processos/atendimento_cliente_recibo_troca_pedido_loja_financiado_sem_reversao.story}] excluded by filter 'groovy: (issue == 'rgs-35' || issue == 'rgs-36' || issue == 'rgs-37' || issue == 'rgs-38' || issue == 'rgs-39' || issue == 'rgs-40')'
Meta[properties={examplesTable=, base=RELOH, context=PROCESSOS, grupoInstancias=AdmCD, narrative=Narrative[inOrderTo=,asA=,iWantTo=,soThat=], prcs-10=, title=Fatura a nota de transferencia a nota no CD 221, issue=prcs-10, description=, skip=, givenStories=, tag=component:Processos - RELOH, path=stories/processos/atendimento_cliente_recibo_troca_pedido_loja_financiado_sem_reversao.story}] excluded by filter 'groovy: (issue == 'rgs-35' || issue == 'rgs-36' || issue == 'rgs-37' || issue == 'rgs-38' || issue == 'rgs-39' || issue == 'rgs-40')'
Meta[properties={examplesTable=, base=RELOH, context=PROCESSOS, grupoInstancias=AdmCD, narrative=Narrative[inOrderTo=,asA=,iWantTo=,soThat=], prcs-10=, title=Realiza o Recolhimento de Produto, issue=prcs-10, description=, skip=, givenStories=, tag=component:Processos - RELOH, path=stories/processos/atendimento_cliente_recibo_troca_pedido_loja_financiado_sem_reversao.story}] excluded by filter 'groovy: (issue == 'rgs-35' || issue == 'rgs-36' || issue == 'rgs-37' || issue == 'rgs-38' || issue == 'rgs-39' || issue == 'rgs-40')'
Story name for stories/processos/atendimento_cliente_recibo_troca_pedido_loja_financiado_sem_reversao.story => TestTag{name='Processos/Atendimento cliente recibo troca pedido loja financiado sem reversao', type='story'}
Story name for stories/processos/atendimento_cliente_recibo_troca_pedido_loja_financiado_sem_reversao.story => TestTag{name='Processos/Atendimento cliente recibo troca pedido loja financiado sem reversao', type='story'}
Story name for stories/processos/atendimento_cliente_recibo_troca_pedido_loja_financiado_sem_reversao.story => TestTag{name='Processos/Atendimento cliente recibo troca pedido loja financiado sem reversao', type='story'}
Story name for stories/processos/atendimento_cliente_recibo_troca_pedido_loja_financiado_sem_reversao.story => TestTag{name='Processos/Atendimento cliente recibo troca pedido loja financiado sem reversao', type='story'}
Story name for stories/processos/atendimento_cliente_recibo_troca_pedido_loja_financiado_sem_reversao.story => TestTag{name='Processos/Atendimento cliente recibo troca pedido loja financiado sem reversao', type='story'}
Story name for stories/processos/atendimento_cliente_recibo_troca_pedido_loja_financiado_sem_reversao.story => TestTag{name='Processos/Atendimento cliente recibo troca pedido loja financiado sem reversao', type='story'}
Story name for stories/processos/atendimento_cliente_recibo_troca_pedido_loja_financiado_sem_reversao.story => TestTag{name='Processos/Atendimento cliente recibo troca pedido loja financiado sem reversao', type='story'}
Story name for stories/processos/atendimento_cliente_recibo_troca_pedido_loja_financiado_sem_reversao.story => TestTag{name='Processos/Atendimento cliente recibo troca pedido loja financiado sem reversao', type='story'}
Story name for stories/processos/atendimento_cliente_recibo_troca_pedido_loja_financiado_sem_reversao.story => TestTag{name='Processos/Atendimento cliente recibo troca pedido loja financiado sem reversao', type='story'}
Story name for stories/processos/atendimento_cliente_recibo_troca_pedido_loja_financiado_sem_reversao.story => TestTag{name='Processos/Atendimento cliente recibo troca pedido loja financiado sem reversao', type='story'}
Story name for stories/processos/atendimento_cliente_recibo_troca_pedido_loja_financiado_sem_reversao.story => TestTag{name='Processos/Atendimento cliente recibo troca pedido loja financiado sem reversao', type='story'}
Story name for stories/processos/atendimento_cliente_recibo_troca_pedido_loja_financiado_sem_reversao.story => TestTag{name='Processos/Atendimento cliente recibo troca pedido loja financiado sem reversao', type='story'}
Story name for stories/processos/atendimento_cliente_recibo_troca_pedido_loja_financiado_sem_reversao.story => TestTag{name='Processos/Atendimento cliente recibo troca pedido loja financiado sem reversao', type='story'}
Story name for stories/processos/atendimento_cliente_recibo_troca_pedido_loja_financiado_sem_reversao.story => TestTag{name='Processos/Atendimento cliente recibo troca pedido loja financiado sem reversao', type='story'}
Story name for stories/processos/atendimento_cliente_recibo_troca_pedido_loja_financiado_sem_reversao.story => TestTag{name='Processos/Atendimento cliente recibo troca pedido loja financiado sem reversao', type='story'}
Story name for stories/processos/atendimento_cliente_recibo_troca_pedido_loja_financiado_sem_reversao.story => TestTag{name='Processos/Atendimento cliente recibo troca pedido loja financiado sem reversao', type='story'}
Story name for stories/processos/atendimento_cliente_recibo_troca_pedido_loja_financiado_sem_reversao.story => TestTag{name='Processos/Atendimento cliente recibo troca pedido loja financiado sem reversao', type='story'}
Story name for stories/processos/atendimento_cliente_recibo_troca_pedido_loja_financiado_sem_reversao.story => TestTag{name='Processos/Atendimento cliente recibo troca pedido loja financiado sem reversao', type='story'}
Story name for stories/processos/atendimento_cliente_recibo_troca_pedido_loja_financiado_sem_reversao.story => TestTag{name='Processos/Atendimento cliente recibo troca pedido loja financiado sem reversao', type='story'}
Story name for stories/processos/atendimento_cliente_recibo_troca_pedido_loja_financiado_sem_reversao.story => TestTag{name='Processos/Atendimento cliente recibo troca pedido loja financiado sem reversao', type='story'}
Story name for stories/processos/atendimento_cliente_recibo_troca_pedido_loja_financiado_sem_reversao.story => TestTag{name='Processos/Atendimento cliente recibo troca pedido loja financiado sem reversao', type='story'}
Story name for stories/processos/atendimento_cliente_recibo_troca_pedido_loja_financiado_sem_reversao.story => TestTag{name='Processos/Atendimento cliente recibo troca pedido loja financiado sem reversao', type='story'}
1 stories excluded by filter: groovy: (issue == 'rgs-35' || issue == 'rgs-36' || issue == 'rgs-37' || issue == 'rgs-38' || issue == 'rgs-39' || issue == 'rgs-40')


(AfterStories)

Generating reports view to '/home/pedro/Documentos/Automação/testes-automatizados/mv-lojas-bdd/target/jbehave' using formats '[stats, console, html, xml, serenityreporter]' and view properties '{decorateNonHtml=true}'
Reports view generated with 0 stories (of which 0 pending) containing 0 scenarios (of which 0 pending)
Processing system properties {}
Using controls EmbedderControls[batch=false,skip=false,generateViewAfterStories=true,ignoreFailureInStories=false,ignoreFailureInView=true,verboseFailures=false,verboseFiltering=false,storyTimeouts=10000,threads=1,failOnStoryTimeout=false]
Meta[properties={narrative=Narrative[inOrderTo=,asA=,iWantTo=,soThat=], description=, path=stories/notas_fiscais/nota_retorno_remessa_em_comodato_outras_saidas.story}] excluded by filter 'groovy: (issue == 'rgs-35' || issue == 'rgs-36' || issue == 'rgs-37' || issue == 'rgs-38' || issue == 'rgs-39' || issue == 'rgs-40')'
Meta[properties={examplesTable=, nf-48=, base=RELOH, context=NOTAS_FISCAIS, grupoInstancias=AdmCD, narrative=Narrative[inOrderTo=,asA=,iWantTo=,soThat=], title=Emite Nota Fiscal Avulsa Tipo 601 RETORNO REMESSA EM COMODATO  OUTROS/SAIDAS, issue=nf-48, description=, givenStories=, tag=component:Processos - RELOH, path=stories/notas_fiscais/nota_retorno_remessa_em_comodato_outras_saidas.story}] excluded by filter 'groovy: (issue == 'rgs-35' || issue == 'rgs-36' || issue == 'rgs-37' || issue == 'rgs-38' || issue == 'rgs-39' || issue == 'rgs-40')'

(BeforeStories)

Meta[properties={narrative=Narrative[inOrderTo=,asA=,iWantTo=,soThat=], description=, path=stories/notas_fiscais/nota_retorno_remessa_em_comodato_outras_saidas.story}] excluded by filter 'groovy: (issue == 'rgs-35' || issue == 'rgs-36' || issue == 'rgs-37' || issue == 'rgs-38' || issue == 'rgs-39' || issue == 'rgs-40')'
Meta[properties={examplesTable=, nf-48=, base=RELOH, context=NOTAS_FISCAIS, grupoInstancias=AdmCD, narrative=Narrative[inOrderTo=,asA=,iWantTo=,soThat=], title=Emite Nota Fiscal Avulsa Tipo 601 RETORNO REMESSA EM COMODATO  OUTROS/SAIDAS, issue=nf-48, description=, givenStories=, tag=component:Processos - RELOH, path=stories/notas_fiscais/nota_retorno_remessa_em_comodato_outras_saidas.story}] excluded by filter 'groovy: (issue == 'rgs-35' || issue == 'rgs-36' || issue == 'rgs-37' || issue == 'rgs-38' || issue == 'rgs-39' || issue == 'rgs-40')'
1 stories excluded by filter: groovy: (issue == 'rgs-35' || issue == 'rgs-36' || issue == 'rgs-37' || issue == 'rgs-38' || issue == 'rgs-39' || issue == 'rgs-40')


(AfterStories)

Generating reports view to '/home/pedro/Documentos/Automação/testes-automatizados/mv-lojas-bdd/target/jbehave' using formats '[stats, console, html, xml, serenityreporter]' and view properties '{decorateNonHtml=true}'
Reports view generated with 0 stories (of which 0 pending) containing 0 scenarios (of which 0 pending)
Processing system properties {}
Using controls EmbedderControls[batch=false,skip=false,generateViewAfterStories=true,ignoreFailureInStories=false,ignoreFailureInView=true,verboseFailures=false,verboseFiltering=false,storyTimeouts=10000,threads=1,failOnStoryTimeout=false]
Meta[properties={narrative=Narrative[inOrderTo=,asA=,iWantTo=,soThat=], description=, path=stories/notas_fiscais/edicao_nota_fiscal_venda.story}] excluded by filter 'groovy: (issue == 'rgs-35' || issue == 'rgs-36' || issue == 'rgs-37' || issue == 'rgs-38' || issue == 'rgs-39' || issue == 'rgs-40')'
Meta[properties={examplesTable=, base=RELOH, context=NOTAS_FISCAIS, grupoInstancias=Pedidos, narrative=Narrative[inOrderTo=,asA=,iWantTo=,soThat=], title=Nota fiscal de venda ao final do processo 10	VENDA NOTA FISCAL - UF2010, nf-57=, issue=nf-57, description=, givenStories=, tag=component:Smoke testing - RELOH, path=stories/notas_fiscais/edicao_nota_fiscal_venda.story}] excluded by filter 'groovy: (issue == 'rgs-35' || issue == 'rgs-36' || issue == 'rgs-37' || issue == 'rgs-38' || issue == 'rgs-39' || issue == 'rgs-40')'
Meta[properties={examplesTable=, base=RELOH, context=NOTAS_FISCAIS, grupoInstancias=Caixa, narrative=Narrative[inOrderTo=,asA=,iWantTo=,soThat=], title=Efetua o recebimento do pedido, nf-57=, issue=nf-57, description=, givenStories=, tag=component:Regressão - RELOH, path=stories/notas_fiscais/edicao_nota_fiscal_venda.story}] excluded by filter 'groovy: (issue == 'rgs-35' || issue == 'rgs-36' || issue == 'rgs-37' || issue == 'rgs-38' || issue == 'rgs-39' || issue == 'rgs-40')'
Meta[properties={examplesTable=, base=RELOH, context=NOTAS_FISCAIS, grupoInstancias=AdmCD, narrative=Narrative[inOrderTo=,asA=,iWantTo=,soThat=], title=Fatura o pedido recebido, nf-57=, issue=nf-57, description=, givenStories=, tag=component:Processos - RELOH, path=stories/notas_fiscais/edicao_nota_fiscal_venda.story}] excluded by filter 'groovy: (issue == 'rgs-35' || issue == 'rgs-36' || issue == 'rgs-37' || issue == 'rgs-38' || issue == 'rgs-39' || issue == 'rgs-40')'
Meta[properties={examplesTable=, base=RELOH, context=NOTAS_FISCAIS, grupoInstancias=AdmCD, narrative=Narrative[inOrderTo=,asA=,iWantTo=,soThat=], title=Realiza a consulta da nota fiscal, nf-57=, issue=nf-57, description=, givenStories=, tag=component:Processos - RELOH, path=stories/notas_fiscais/edicao_nota_fiscal_venda.story}] excluded by filter 'groovy: (issue == 'rgs-35' || issue == 'rgs-36' || issue == 'rgs-37' || issue == 'rgs-38' || issue == 'rgs-39' || issue == 'rgs-40')'

(BeforeStories)

Meta[properties={narrative=Narrative[inOrderTo=,asA=,iWantTo=,soThat=], description=, path=stories/notas_fiscais/edicao_nota_fiscal_venda.story}] excluded by filter 'groovy: (issue == 'rgs-35' || issue == 'rgs-36' || issue == 'rgs-37' || issue == 'rgs-38' || issue == 'rgs-39' || issue == 'rgs-40')'
Meta[properties={examplesTable=, base=RELOH, context=NOTAS_FISCAIS, grupoInstancias=Pedidos, narrative=Narrative[inOrderTo=,asA=,iWantTo=,soThat=], title=Nota fiscal de venda ao final do processo 10	VENDA NOTA FISCAL - UF2010, nf-57=, issue=nf-57, description=, givenStories=, tag=component:Smoke testing - RELOH, path=stories/notas_fiscais/edicao_nota_fiscal_venda.story}] excluded by filter 'groovy: (issue == 'rgs-35' || issue == 'rgs-36' || issue == 'rgs-37' || issue == 'rgs-38' || issue == 'rgs-39' || issue == 'rgs-40')'
Meta[properties={examplesTable=, base=RELOH, context=NOTAS_FISCAIS, grupoInstancias=Caixa, narrative=Narrative[inOrderTo=,asA=,iWantTo=,soThat=], title=Efetua o recebimento do pedido, nf-57=, issue=nf-57, description=, givenStories=, tag=component:Regressão - RELOH, path=stories/notas_fiscais/edicao_nota_fiscal_venda.story}] excluded by filter 'groovy: (issue == 'rgs-35' || issue == 'rgs-36' || issue == 'rgs-37' || issue == 'rgs-38' || issue == 'rgs-39' || issue == 'rgs-40')'
Meta[properties={examplesTable=, base=RELOH, context=NOTAS_FISCAIS, grupoInstancias=AdmCD, narrative=Narrative[inOrderTo=,asA=,iWantTo=,soThat=], title=Fatura o pedido recebido, nf-57=, issue=nf-57, description=, givenStories=, tag=component:Processos - RELOH, path=stories/notas_fiscais/edicao_nota_fiscal_venda.story}] excluded by filter 'groovy: (issue == 'rgs-35' || issue == 'rgs-36' || issue == 'rgs-37' || issue == 'rgs-38' || issue == 'rgs-39' || issue == 'rgs-40')'
Meta[properties={examplesTable=, base=RELOH, context=NOTAS_FISCAIS, grupoInstancias=AdmCD, narrative=Narrative[inOrderTo=,asA=,iWantTo=,soThat=], title=Realiza a consulta da nota fiscal, nf-57=, issue=nf-57, description=, givenStories=, tag=component:Processos - RELOH, path=stories/notas_fiscais/edicao_nota_fiscal_venda.story}] excluded by filter 'groovy: (issue == 'rgs-35' || issue == 'rgs-36' || issue == 'rgs-37' || issue == 'rgs-38' || issue == 'rgs-39' || issue == 'rgs-40')'
1 stories excluded by filter: groovy: (issue == 'rgs-35' || issue == 'rgs-36' || issue == 'rgs-37' || issue == 'rgs-38' || issue == 'rgs-39' || issue == 'rgs-40')


(AfterStories)

Generating reports view to '/home/pedro/Documentos/Automação/testes-automatizados/mv-lojas-bdd/target/jbehave' using formats '[stats, console, html, xml, serenityreporter]' and view properties '{decorateNonHtml=true}'
Reports view generated with 0 stories (of which 0 pending) containing 0 scenarios (of which 0 pending)
Processing system properties {}
Using controls EmbedderControls[batch=false,skip=false,generateViewAfterStories=true,ignoreFailureInStories=false,ignoreFailureInView=true,verboseFailures=false,verboseFiltering=false,storyTimeouts=10000,threads=1,failOnStoryTimeout=false]
Meta[properties={narrative=Narrative[inOrderTo=,asA=,iWantTo=,soThat=], description=, path=stories/pedido/pedido_servico_antivirus_hero48.story}] excluded by filter 'groovy: (issue == 'rgs-35' || issue == 'rgs-36' || issue == 'rgs-37' || issue == 'rgs-38' || issue == 'rgs-39' || issue == 'rgs-40')'
Meta[properties={examplesTable=, base=RELOH, context=PEDIDOS, grupoInstancias=Pedidos, rgs-48=, narrative=Narrative[inOrderTo=,asA=,iWantTo=,soThat=], title=Elaborar um pedido a vista com DEPOSITO/RETIRADA OUTRA LOJA COM RESERVA DEPOSITO, issue=rgs-48, description=, givenStories=, tag=component:Regressão - RELOH, path=stories/pedido/pedido_servico_antivirus_hero48.story}] excluded by filter 'groovy: (issue == 'rgs-35' || issue == 'rgs-36' || issue == 'rgs-37' || issue == 'rgs-38' || issue == 'rgs-39' || issue == 'rgs-40')'
Meta[properties={examplesTable=, base=RELOH, context=PEDIDOS, grupoInstancias=Pedidos, rgs-48=, narrative=Narrative[inOrderTo=,asA=,iWantTo=,soThat=], title=Efetua a reabertura do pedido feito, issue=rgs-48, description=, givenStories=, tag=component:Regressão - RELOH, path=stories/pedido/pedido_servico_antivirus_hero48.story}] excluded by filter 'groovy: (issue == 'rgs-35' || issue == 'rgs-36' || issue == 'rgs-37' || issue == 'rgs-38' || issue == 'rgs-39' || issue == 'rgs-40')'
Meta[properties={examplesTable=, base=RELOH, context=PEDIDOS, grupoInstancias=Caixa, rgs-48=, narrative=Narrative[inOrderTo=,asA=,iWantTo=,soThat=], title=Efetua o recebimento do pedido, issue=rgs-48, description=, givenStories=, tag=component:Regressão - RELOH, path=stories/pedido/pedido_servico_antivirus_hero48.story}] excluded by filter 'groovy: (issue == 'rgs-35' || issue == 'rgs-36' || issue == 'rgs-37' || issue == 'rgs-38' || issue == 'rgs-39' || issue == 'rgs-40')'
Meta[properties={examplesTable=, base=RELOH, context=PEDIDOS, grupoInstancias=Pedidos, rgs-48=, narrative=Narrative[inOrderTo=,asA=,iWantTo=,soThat=], title=Imprimir termo de adesão do antivirus hero, issue=rgs-48, description=, givenStories=, tag=component:Regressão - RELOH, path=stories/pedido/pedido_servico_antivirus_hero48.story}] excluded by filter 'groovy: (issue == 'rgs-35' || issue == 'rgs-36' || issue == 'rgs-37' || issue == 'rgs-38' || issue == 'rgs-39' || issue == 'rgs-40')'

(BeforeStories)

Meta[properties={narrative=Narrative[inOrderTo=,asA=,iWantTo=,soThat=], description=, path=stories/pedido/pedido_servico_antivirus_hero48.story}] excluded by filter 'groovy: (issue == 'rgs-35' || issue == 'rgs-36' || issue == 'rgs-37' || issue == 'rgs-38' || issue == 'rgs-39' || issue == 'rgs-40')'
Meta[properties={examplesTable=, base=RELOH, context=PEDIDOS, grupoInstancias=Pedidos, rgs-48=, narrative=Narrative[inOrderTo=,asA=,iWantTo=,soThat=], title=Elaborar um pedido a vista com DEPOSITO/RETIRADA OUTRA LOJA COM RESERVA DEPOSITO, issue=rgs-48, description=, givenStories=, tag=component:Regressão - RELOH, path=stories/pedido/pedido_servico_antivirus_hero48.story}] excluded by filter 'groovy: (issue == 'rgs-35' || issue == 'rgs-36' || issue == 'rgs-37' || issue == 'rgs-38' || issue == 'rgs-39' || issue == 'rgs-40')'
Meta[properties={examplesTable=, base=RELOH, context=PEDIDOS, grupoInstancias=Pedidos, rgs-48=, narrative=Narrative[inOrderTo=,asA=,iWantTo=,soThat=], title=Efetua a reabertura do pedido feito, issue=rgs-48, description=, givenStories=, tag=component:Regressão - RELOH, path=stories/pedido/pedido_servico_antivirus_hero48.story}] excluded by filter 'groovy: (issue == 'rgs-35' || issue == 'rgs-36' || issue == 'rgs-37' || issue == 'rgs-38' || issue == 'rgs-39' || issue == 'rgs-40')'
Meta[properties={examplesTable=, base=RELOH, context=PEDIDOS, grupoInstancias=Caixa, rgs-48=, narrative=Narrative[inOrderTo=,asA=,iWantTo=,soThat=], title=Efetua o recebimento do pedido, issue=rgs-48, description=, givenStories=, tag=component:Regressão - RELOH, path=stories/pedido/pedido_servico_antivirus_hero48.story}] excluded by filter 'groovy: (issue == 'rgs-35' || issue == 'rgs-36' || issue == 'rgs-37' || issue == 'rgs-38' || issue == 'rgs-39' || issue == 'rgs-40')'
Meta[properties={examplesTable=, base=RELOH, context=PEDIDOS, grupoInstancias=Pedidos, rgs-48=, narrative=Narrative[inOrderTo=,asA=,iWantTo=,soThat=], title=Imprimir termo de adesão do antivirus hero, issue=rgs-48, description=, givenStories=, tag=component:Regressão - RELOH, path=stories/pedido/pedido_servico_antivirus_hero48.story}] excluded by filter 'groovy: (issue == 'rgs-35' || issue == 'rgs-36' || issue == 'rgs-37' || issue == 'rgs-38' || issue == 'rgs-39' || issue == 'rgs-40')'
1 stories excluded by filter: groovy: (issue == 'rgs-35' || issue == 'rgs-36' || issue == 'rgs-37' || issue == 'rgs-38' || issue == 'rgs-39' || issue == 'rgs-40')


(AfterStories)

Generating reports view to '/home/pedro/Documentos/Automação/testes-automatizados/mv-lojas-bdd/target/jbehave' using formats '[stats, console, html, xml, serenityreporter]' and view properties '{decorateNonHtml=true}'
Reports view generated with 0 stories (of which 0 pending) containing 0 scenarios (of which 0 pending)
Processing system properties {}
Using controls EmbedderControls[batch=false,skip=false,generateViewAfterStories=true,ignoreFailureInStories=false,ignoreFailureInView=true,verboseFailures=false,verboseFiltering=false,storyTimeouts=10000,threads=1,failOnStoryTimeout=false]
Meta[properties={narrative=Narrative[inOrderTo=,asA=,iWantTo=,soThat=], description=, path=stories/cadastros/cadastro_grupo_acesso_aprovacao.story}] excluded by filter 'groovy: (issue == 'rgs-35' || issue == 'rgs-36' || issue == 'rgs-37' || issue == 'rgs-38' || issue == 'rgs-39' || issue == 'rgs-40')'
Meta[properties={examplesTable=, base=RELOH, context=CADASTROS, grupoInstancias=AdmCD, cad-10=, narrative=Narrative[inOrderTo=,asA=,iWantTo=,soThat=], title=Cadastrar um grupo de acesso- UC006 - Fluxo Principal, issue=cad-10, description=, skip=, givenStories=, tag=component:Regressao - RELOH, path=stories/cadastros/cadastro_grupo_acesso_aprovacao.story}] excluded by filter 'groovy: (issue == 'rgs-35' || issue == 'rgs-36' || issue == 'rgs-37' || issue == 'rgs-38' || issue == 'rgs-39' || issue == 'rgs-40')'
Meta[properties={examplesTable=, base=RELOH, context=CADASTROS, grupoInstancias=AdmCD, cad-10=, narrative=Narrative[inOrderTo=,asA=,iWantTo=,soThat=], title=Pesquisar/Editar um grupo de acesso, issue=cad-10, description=, skip=, givenStories=, tag=component:Regressao - RELOH, path=stories/cadastros/cadastro_grupo_acesso_aprovacao.story}] excluded by filter 'groovy: (issue == 'rgs-35' || issue == 'rgs-36' || issue == 'rgs-37' || issue == 'rgs-38' || issue == 'rgs-39' || issue == 'rgs-40')'

(BeforeStories)

Meta[properties={narrative=Narrative[inOrderTo=,asA=,iWantTo=,soThat=], description=, path=stories/cadastros/cadastro_grupo_acesso_aprovacao.story}] excluded by filter 'groovy: (issue == 'rgs-35' || issue == 'rgs-36' || issue == 'rgs-37' || issue == 'rgs-38' || issue == 'rgs-39' || issue == 'rgs-40')'
Meta[properties={examplesTable=, base=RELOH, context=CADASTROS, grupoInstancias=AdmCD, cad-10=, narrative=Narrative[inOrderTo=,asA=,iWantTo=,soThat=], title=Cadastrar um grupo de acesso- UC006 - Fluxo Principal, issue=cad-10, description=, skip=, givenStories=, tag=component:Regressao - RELOH, path=stories/cadastros/cadastro_grupo_acesso_aprovacao.story}] excluded by filter 'groovy: (issue == 'rgs-35' || issue == 'rgs-36' || issue == 'rgs-37' || issue == 'rgs-38' || issue == 'rgs-39' || issue == 'rgs-40')'
Meta[properties={examplesTable=, base=RELOH, context=CADASTROS, grupoInstancias=AdmCD, cad-10=, narrative=Narrative[inOrderTo=,asA=,iWantTo=,soThat=], title=Pesquisar/Editar um grupo de acesso, issue=cad-10, description=, skip=, givenStories=, tag=component:Regressao - RELOH, path=stories/cadastros/cadastro_grupo_acesso_aprovacao.story}] excluded by filter 'groovy: (issue == 'rgs-35' || issue == 'rgs-36' || issue == 'rgs-37' || issue == 'rgs-38' || issue == 'rgs-39' || issue == 'rgs-40')'
Story name for stories/cadastros/cadastro_grupo_acesso_aprovacao.story => TestTag{name='Cadastros/Cadastro grupo acesso aprovacao', type='story'}
Story name for stories/cadastros/cadastro_grupo_acesso_aprovacao.story => TestTag{name='Cadastros/Cadastro grupo acesso aprovacao', type='story'}
Story name for stories/cadastros/cadastro_grupo_acesso_aprovacao.story => TestTag{name='Cadastros/Cadastro grupo acesso aprovacao', type='story'}
Story name for stories/cadastros/cadastro_grupo_acesso_aprovacao.story => TestTag{name='Cadastros/Cadastro grupo acesso aprovacao', type='story'}
1 stories excluded by filter: groovy: (issue == 'rgs-35' || issue == 'rgs-36' || issue == 'rgs-37' || issue == 'rgs-38' || issue == 'rgs-39' || issue == 'rgs-40')


(AfterStories)

Generating reports view to '/home/pedro/Documentos/Automação/testes-automatizados/mv-lojas-bdd/target/jbehave' using formats '[stats, console, html, xml, serenityreporter]' and view properties '{decorateNonHtml=true}'
Reports view generated with 0 stories (of which 0 pending) containing 0 scenarios (of which 0 pending)
Processing system properties {}
Using controls EmbedderControls[batch=false,skip=false,generateViewAfterStories=true,ignoreFailureInStories=false,ignoreFailureInView=true,verboseFailures=false,verboseFiltering=false,storyTimeouts=10000,threads=1,failOnStoryTimeout=false]
Meta[properties={narrative=Narrative[inOrderTo=,asA=,iWantTo=,soThat=], description=, path=stories/notas_fiscais/nota_remessa_em_bonif_doacao_ou_brinde.story}] excluded by filter 'groovy: (issue == 'rgs-35' || issue == 'rgs-36' || issue == 'rgs-37' || issue == 'rgs-38' || issue == 'rgs-39' || issue == 'rgs-40')'
Meta[properties={examplesTable=, base=RELOH, context=NOTAS_FISCAIS, grupoInstancias=AdmCD, nf-39=, narrative=Narrative[inOrderTo=,asA=,iWantTo=,soThat=], title=Emite Nota Fiscal Avulsa Tipo 221 REMESSA EM BONIF  DOACAO OU BRINDE DE ATIVO IMOBILIZADO, issue=nf-39, description=, givenStories=, tag=component:Processos - RELOH, path=stories/notas_fiscais/nota_remessa_em_bonif_doacao_ou_brinde.story}] excluded by filter 'groovy: (issue == 'rgs-35' || issue == 'rgs-36' || issue == 'rgs-37' || issue == 'rgs-38' || issue == 'rgs-39' || issue == 'rgs-40')'

(BeforeStories)

Meta[properties={narrative=Narrative[inOrderTo=,asA=,iWantTo=,soThat=], description=, path=stories/notas_fiscais/nota_remessa_em_bonif_doacao_ou_brinde.story}] excluded by filter 'groovy: (issue == 'rgs-35' || issue == 'rgs-36' || issue == 'rgs-37' || issue == 'rgs-38' || issue == 'rgs-39' || issue == 'rgs-40')'
Meta[properties={examplesTable=, base=RELOH, context=NOTAS_FISCAIS, grupoInstancias=AdmCD, nf-39=, narrative=Narrative[inOrderTo=,asA=,iWantTo=,soThat=], title=Emite Nota Fiscal Avulsa Tipo 221 REMESSA EM BONIF  DOACAO OU BRINDE DE ATIVO IMOBILIZADO, issue=nf-39, description=, givenStories=, tag=component:Processos - RELOH, path=stories/notas_fiscais/nota_remessa_em_bonif_doacao_ou_brinde.story}] excluded by filter 'groovy: (issue == 'rgs-35' || issue == 'rgs-36' || issue == 'rgs-37' || issue == 'rgs-38' || issue == 'rgs-39' || issue == 'rgs-40')'
1 stories excluded by filter: groovy: (issue == 'rgs-35' || issue == 'rgs-36' || issue == 'rgs-37' || issue == 'rgs-38' || issue == 'rgs-39' || issue == 'rgs-40')


(AfterStories)

Generating reports view to '/home/pedro/Documentos/Automação/testes-automatizados/mv-lojas-bdd/target/jbehave' using formats '[stats, console, html, xml, serenityreporter]' and view properties '{decorateNonHtml=true}'
Reports view generated with 0 stories (of which 0 pending) containing 0 scenarios (of which 0 pending)
Processing system properties {}
Using controls EmbedderControls[batch=false,skip=false,generateViewAfterStories=true,ignoreFailureInStories=false,ignoreFailureInView=true,verboseFailures=false,verboseFiltering=false,storyTimeouts=10000,threads=1,failOnStoryTimeout=false]
Meta[properties={narrative=Narrative[inOrderTo=,asA=,iWantTo=,soThat=], description=, path=stories/pedido/pedido_tipo_venda_cartao_mvshop22.story}] excluded by filter 'groovy: (issue == 'rgs-35' || issue == 'rgs-36' || issue == 'rgs-37' || issue == 'rgs-38' || issue == 'rgs-39' || issue == 'rgs-40')'
Meta[properties={examplesTable=, base=RELOH, context=PEDIDOS, grupoInstancias=Pedidos, rgs-22=, narrative=Narrative[inOrderTo=,asA=,iWantTo=,soThat=], title=Elaborar um pedido a vista com DEPOSITO/RETIRADA OUTRA LOJA COM RESERVA DEPOSITO, issue=rgs-22, description=, givenStories=, tag=component:Regressão - RELOH, path=stories/pedido/pedido_tipo_venda_cartao_mvshop22.story}] excluded by filter 'groovy: (issue == 'rgs-35' || issue == 'rgs-36' || issue == 'rgs-37' || issue == 'rgs-38' || issue == 'rgs-39' || issue == 'rgs-40')'
Meta[properties={examplesTable=, base=RELOH, context=PEDIDOS, grupoInstancias=Pedidos, rgs-22=, narrative=Narrative[inOrderTo=,asA=,iWantTo=,soThat=], title=Efetua a reabertura do pedido feito, issue=rgs-22, description=, givenStories=, tag=component:Regressão - RELOH, path=stories/pedido/pedido_tipo_venda_cartao_mvshop22.story}] excluded by filter 'groovy: (issue == 'rgs-35' || issue == 'rgs-36' || issue == 'rgs-37' || issue == 'rgs-38' || issue == 'rgs-39' || issue == 'rgs-40')'

(BeforeStories)

Meta[properties={narrative=Narrative[inOrderTo=,asA=,iWantTo=,soThat=], description=, path=stories/pedido/pedido_tipo_venda_cartao_mvshop22.story}] excluded by filter 'groovy: (issue == 'rgs-35' || issue == 'rgs-36' || issue == 'rgs-37' || issue == 'rgs-38' || issue == 'rgs-39' || issue == 'rgs-40')'
Meta[properties={examplesTable=, base=RELOH, context=PEDIDOS, grupoInstancias=Pedidos, rgs-22=, narrative=Narrative[inOrderTo=,asA=,iWantTo=,soThat=], title=Elaborar um pedido a vista com DEPOSITO/RETIRADA OUTRA LOJA COM RESERVA DEPOSITO, issue=rgs-22, description=, givenStories=, tag=component:Regressão - RELOH, path=stories/pedido/pedido_tipo_venda_cartao_mvshop22.story}] excluded by filter 'groovy: (issue == 'rgs-35' || issue == 'rgs-36' || issue == 'rgs-37' || issue == 'rgs-38' || issue == 'rgs-39' || issue == 'rgs-40')'
Meta[properties={examplesTable=, base=RELOH, context=PEDIDOS, grupoInstancias=Pedidos, rgs-22=, narrative=Narrative[inOrderTo=,asA=,iWantTo=,soThat=], title=Efetua a reabertura do pedido feito, issue=rgs-22, description=, givenStories=, tag=component:Regressão - RELOH, path=stories/pedido/pedido_tipo_venda_cartao_mvshop22.story}] excluded by filter 'groovy: (issue == 'rgs-35' || issue == 'rgs-36' || issue == 'rgs-37' || issue == 'rgs-38' || issue == 'rgs-39' || issue == 'rgs-40')'
1 stories excluded by filter: groovy: (issue == 'rgs-35' || issue == 'rgs-36' || issue == 'rgs-37' || issue == 'rgs-38' || issue == 'rgs-39' || issue == 'rgs-40')


(AfterStories)

Generating reports view to '/home/pedro/Documentos/Automação/testes-automatizados/mv-lojas-bdd/target/jbehave' using formats '[stats, console, html, xml, serenityreporter]' and view properties '{decorateNonHtml=true}'
Reports view generated with 0 stories (of which 0 pending) containing 0 scenarios (of which 0 pending)
Processing system properties {}
Using controls EmbedderControls[batch=false,skip=false,generateViewAfterStories=true,ignoreFailureInStories=false,ignoreFailureInView=true,verboseFailures=false,verboseFiltering=false,storyTimeouts=10000,threads=1,failOnStoryTimeout=false]
Meta[properties={narrative=Narrative[inOrderTo=,asA=,iWantTo=,soThat=], description=, path=stories/pedido/calculo_reverso11.story}] excluded by filter 'groovy: (issue == 'rgs-35' || issue == 'rgs-36' || issue == 'rgs-37' || issue == 'rgs-38' || issue == 'rgs-39' || issue == 'rgs-40')'
Meta[properties={examplesTable=, base=RELOH, context=PROCESSOS_VALIDACAO, grupoInstancias=Pedidos, rgs-69=, narrative=Narrative[inOrderTo=,asA=,iWantTo=,soThat=], title=Elaborar um pedido carne com empenho em loja/normal, issue=rgs-69, description=, givenStories=, tag=component:Processos Ambiente Validacao - RELO, path=stories/pedido/calculo_reverso11.story}] excluded by filter 'groovy: (issue == 'rgs-35' || issue == 'rgs-36' || issue == 'rgs-37' || issue == 'rgs-38' || issue == 'rgs-39' || issue == 'rgs-40')'
Meta[properties={examplesTable=, base=RELOH, context=PROCESSOS_VALIDACAO, grupoInstancias=Pedidos, rgs-69=, narrative=Narrative[inOrderTo=,asA=,iWantTo=,soThat=], title=Cancelar pedido, issue=rgs-69, description=, givenStories=, tag=component:Processos Ambiente Validacao - RELO, path=stories/pedido/calculo_reverso11.story}] excluded by filter 'groovy: (issue == 'rgs-35' || issue == 'rgs-36' || issue == 'rgs-37' || issue == 'rgs-38' || issue == 'rgs-39' || issue == 'rgs-40')'

(BeforeStories)

Meta[properties={narrative=Narrative[inOrderTo=,asA=,iWantTo=,soThat=], description=, path=stories/pedido/calculo_reverso11.story}] excluded by filter 'groovy: (issue == 'rgs-35' || issue == 'rgs-36' || issue == 'rgs-37' || issue == 'rgs-38' || issue == 'rgs-39' || issue == 'rgs-40')'
Meta[properties={examplesTable=, base=RELOH, context=PROCESSOS_VALIDACAO, grupoInstancias=Pedidos, rgs-69=, narrative=Narrative[inOrderTo=,asA=,iWantTo=,soThat=], title=Elaborar um pedido carne com empenho em loja/normal, issue=rgs-69, description=, givenStories=, tag=component:Processos Ambiente Validacao - RELO, path=stories/pedido/calculo_reverso11.story}] excluded by filter 'groovy: (issue == 'rgs-35' || issue == 'rgs-36' || issue == 'rgs-37' || issue == 'rgs-38' || issue == 'rgs-39' || issue == 'rgs-40')'
Meta[properties={examplesTable=, base=RELOH, context=PROCESSOS_VALIDACAO, grupoInstancias=Pedidos, rgs-69=, narrative=Narrative[inOrderTo=,asA=,iWantTo=,soThat=], title=Cancelar pedido, issue=rgs-69, description=, givenStories=, tag=component:Processos Ambiente Validacao - RELO, path=stories/pedido/calculo_reverso11.story}] excluded by filter 'groovy: (issue == 'rgs-35' || issue == 'rgs-36' || issue == 'rgs-37' || issue == 'rgs-38' || issue == 'rgs-39' || issue == 'rgs-40')'
1 stories excluded by filter: groovy: (issue == 'rgs-35' || issue == 'rgs-36' || issue == 'rgs-37' || issue == 'rgs-38' || issue == 'rgs-39' || issue == 'rgs-40')


(AfterStories)

Generating reports view to '/home/pedro/Documentos/Automação/testes-automatizados/mv-lojas-bdd/target/jbehave' using formats '[stats, console, html, xml, serenityreporter]' and view properties '{decorateNonHtml=true}'
Reports view generated with 0 stories (of which 0 pending) containing 0 scenarios (of which 0 pending)
Processing system properties {}
Using controls EmbedderControls[batch=false,skip=false,generateViewAfterStories=true,ignoreFailureInStories=false,ignoreFailureInView=true,verboseFailures=false,verboseFiltering=false,storyTimeouts=10000,threads=1,failOnStoryTimeout=false]
Meta[properties={narrative=Narrative[inOrderTo=,asA=,iWantTo=,soThat=], description=, path=stories/cadastros/cadastro_motivo_atendimento.story}] excluded by filter 'groovy: (issue == 'rgs-35' || issue == 'rgs-36' || issue == 'rgs-37' || issue == 'rgs-38' || issue == 'rgs-39' || issue == 'rgs-40')'
Meta[properties={examplesTable=, base=RELOH, context=CADASTROS, grupoInstancias=AdmCD, cad-13=, narrative=Narrative[inOrderTo=,asA=,iWantTo=,soThat=], title=Cadastrar motivos de atendimento - UC014, issue=cad-13, description=, skip=, givenStories=, tag=component:Regressao - RELOH, path=stories/cadastros/cadastro_motivo_atendimento.story}] excluded by filter 'groovy: (issue == 'rgs-35' || issue == 'rgs-36' || issue == 'rgs-37' || issue == 'rgs-38' || issue == 'rgs-39' || issue == 'rgs-40')'
Meta[properties={examplesTable=, base=RELOH, context=CADASTROS, grupoInstancias=AdmCD, cad-13=, narrative=Narrative[inOrderTo=,asA=,iWantTo=,soThat=], title=Cadastrar motivos de atendimento jah existente, issue=cad-13, description=, skip=, givenStories=, tag=component:Regressao - RELOH, path=stories/cadastros/cadastro_motivo_atendimento.story}] excluded by filter 'groovy: (issue == 'rgs-35' || issue == 'rgs-36' || issue == 'rgs-37' || issue == 'rgs-38' || issue == 'rgs-39' || issue == 'rgs-40')'
Meta[properties={examplesTable=, base=RELOH, context=CADASTROS, grupoInstancias=AdmCD, cad-13=, narrative=Narrative[inOrderTo=,asA=,iWantTo=,soThat=], title=Pesquisar/Editar motivo de atendimento, issue=cad-13, description=, skip=, givenStories=, tag=component:Regressao - RELOH, path=stories/cadastros/cadastro_motivo_atendimento.story}] excluded by filter 'groovy: (issue == 'rgs-35' || issue == 'rgs-36' || issue == 'rgs-37' || issue == 'rgs-38' || issue == 'rgs-39' || issue == 'rgs-40')'
Meta[properties={examplesTable=, base=RELOH, context=CADASTROS, grupoInstancias=AdmCD, cad-13=, narrative=Narrative[inOrderTo=,asA=,iWantTo=,soThat=], title=Pesquisar/Excluir motivo de atendimento, issue=cad-13, description=, skip=, givenStories=, tag=component:Regressao - RELOH, path=stories/cadastros/cadastro_motivo_atendimento.story}] excluded by filter 'groovy: (issue == 'rgs-35' || issue == 'rgs-36' || issue == 'rgs-37' || issue == 'rgs-38' || issue == 'rgs-39' || issue == 'rgs-40')'

(BeforeStories)

Meta[properties={narrative=Narrative[inOrderTo=,asA=,iWantTo=,soThat=], description=, path=stories/cadastros/cadastro_motivo_atendimento.story}] excluded by filter 'groovy: (issue == 'rgs-35' || issue == 'rgs-36' || issue == 'rgs-37' || issue == 'rgs-38' || issue == 'rgs-39' || issue == 'rgs-40')'
Meta[properties={examplesTable=, base=RELOH, context=CADASTROS, grupoInstancias=AdmCD, cad-13=, narrative=Narrative[inOrderTo=,asA=,iWantTo=,soThat=], title=Cadastrar motivos de atendimento - UC014, issue=cad-13, description=, skip=, givenStories=, tag=component:Regressao - RELOH, path=stories/cadastros/cadastro_motivo_atendimento.story}] excluded by filter 'groovy: (issue == 'rgs-35' || issue == 'rgs-36' || issue == 'rgs-37' || issue == 'rgs-38' || issue == 'rgs-39' || issue == 'rgs-40')'
Meta[properties={examplesTable=, base=RELOH, context=CADASTROS, grupoInstancias=AdmCD, cad-13=, narrative=Narrative[inOrderTo=,asA=,iWantTo=,soThat=], title=Cadastrar motivos de atendimento jah existente, issue=cad-13, description=, skip=, givenStories=, tag=component:Regressao - RELOH, path=stories/cadastros/cadastro_motivo_atendimento.story}] excluded by filter 'groovy: (issue == 'rgs-35' || issue == 'rgs-36' || issue == 'rgs-37' || issue == 'rgs-38' || issue == 'rgs-39' || issue == 'rgs-40')'
Meta[properties={examplesTable=, base=RELOH, context=CADASTROS, grupoInstancias=AdmCD, cad-13=, narrative=Narrative[inOrderTo=,asA=,iWantTo=,soThat=], title=Pesquisar/Editar motivo de atendimento, issue=cad-13, description=, skip=, givenStories=, tag=component:Regressao - RELOH, path=stories/cadastros/cadastro_motivo_atendimento.story}] excluded by filter 'groovy: (issue == 'rgs-35' || issue == 'rgs-36' || issue == 'rgs-37' || issue == 'rgs-38' || issue == 'rgs-39' || issue == 'rgs-40')'
Meta[properties={examplesTable=, base=RELOH, context=CADASTROS, grupoInstancias=AdmCD, cad-13=, narrative=Narrative[inOrderTo=,asA=,iWantTo=,soThat=], title=Pesquisar/Excluir motivo de atendimento, issue=cad-13, description=, skip=, givenStories=, tag=component:Regressao - RELOH, path=stories/cadastros/cadastro_motivo_atendimento.story}] excluded by filter 'groovy: (issue == 'rgs-35' || issue == 'rgs-36' || issue == 'rgs-37' || issue == 'rgs-38' || issue == 'rgs-39' || issue == 'rgs-40')'
1 stories excluded by filter: groovy: (issue == 'rgs-35' || issue == 'rgs-36' || issue == 'rgs-37' || issue == 'rgs-38' || issue == 'rgs-39' || issue == 'rgs-40')

Story name for stories/cadastros/cadastro_motivo_atendimento.story => TestTag{name='Cadastros/Cadastro motivo atendimento', type='story'}
Story name for stories/cadastros/cadastro_motivo_atendimento.story => TestTag{name='Cadastros/Cadastro motivo atendimento', type='story'}
Story name for stories/cadastros/cadastro_motivo_atendimento.story => TestTag{name='Cadastros/Cadastro motivo atendimento', type='story'}
Story name for stories/cadastros/cadastro_motivo_atendimento.story => TestTag{name='Cadastros/Cadastro motivo atendimento', type='story'}
Story name for stories/cadastros/cadastro_motivo_atendimento.story => TestTag{name='Cadastros/Cadastro motivo atendimento', type='story'}
Story name for stories/cadastros/cadastro_motivo_atendimento.story => TestTag{name='Cadastros/Cadastro motivo atendimento', type='story'}
Story name for stories/cadastros/cadastro_motivo_atendimento.story => TestTag{name='Cadastros/Cadastro motivo atendimento', type='story'}
Story name for stories/cadastros/cadastro_motivo_atendimento.story => TestTag{name='Cadastros/Cadastro motivo atendimento', type='story'}

(AfterStories)

Generating reports view to '/home/pedro/Documentos/Automação/testes-automatizados/mv-lojas-bdd/target/jbehave' using formats '[stats, console, html, xml, serenityreporter]' and view properties '{decorateNonHtml=true}'
Reports view generated with 0 stories (of which 0 pending) containing 0 scenarios (of which 0 pending)
Processing system properties {}
Using controls EmbedderControls[batch=false,skip=false,generateViewAfterStories=true,ignoreFailureInStories=false,ignoreFailureInView=true,verboseFailures=false,verboseFiltering=false,storyTimeouts=10000,threads=1,failOnStoryTimeout=false]
Meta[properties={narrative=Narrative[inOrderTo=,asA=,iWantTo=,soThat=], description=, path=stories/notas_fiscais/nota_remessa_venda_fora_est.story}] excluded by filter 'groovy: (issue == 'rgs-35' || issue == 'rgs-36' || issue == 'rgs-37' || issue == 'rgs-38' || issue == 'rgs-39' || issue == 'rgs-40')'
Meta[properties={examplesTable=, base=RELOH, context=NOTAS_FISCAIS, grupoInstancias=AdmCD, nf-10=, narrative=Narrative[inOrderTo=,asA=,iWantTo=,soThat=], title=Emite Nota Fiscal Avulsa Tipo 51 - REM.PARA VENDA FORA DO ESTAB. S/EST S/ICMS - UF2260, issue=nf-10, description=, givenStories=, tag=component:Processos - RELOH, path=stories/notas_fiscais/nota_remessa_venda_fora_est.story}] excluded by filter 'groovy: (issue == 'rgs-35' || issue == 'rgs-36' || issue == 'rgs-37' || issue == 'rgs-38' || issue == 'rgs-39' || issue == 'rgs-40')'
Meta[properties={examplesTable=, base=RELOH, context=NOTAS_FISCAIS, grupoInstancias=AdmCD, nf-10=, narrative=Narrative[inOrderTo=,asA=,iWantTo=,soThat=], title=Emite Nota Fiscal Avulsa Tipo 151 - RET REMSSA VENDA FORA DO ESTABEL. - S/ICMS S/EST - UF1395, issue=nf-10, description=, givenStories=, tag=component:Processos - RELOH, path=stories/notas_fiscais/nota_remessa_venda_fora_est.story}] excluded by filter 'groovy: (issue == 'rgs-35' || issue == 'rgs-36' || issue == 'rgs-37' || issue == 'rgs-38' || issue == 'rgs-39' || issue == 'rgs-40')'

(BeforeStories)

Meta[properties={narrative=Narrative[inOrderTo=,asA=,iWantTo=,soThat=], description=, path=stories/notas_fiscais/nota_remessa_venda_fora_est.story}] excluded by filter 'groovy: (issue == 'rgs-35' || issue == 'rgs-36' || issue == 'rgs-37' || issue == 'rgs-38' || issue == 'rgs-39' || issue == 'rgs-40')'
Meta[properties={examplesTable=, base=RELOH, context=NOTAS_FISCAIS, grupoInstancias=AdmCD, nf-10=, narrative=Narrative[inOrderTo=,asA=,iWantTo=,soThat=], title=Emite Nota Fiscal Avulsa Tipo 51 - REM.PARA VENDA FORA DO ESTAB. S/EST S/ICMS - UF2260, issue=nf-10, description=, givenStories=, tag=component:Processos - RELOH, path=stories/notas_fiscais/nota_remessa_venda_fora_est.story}] excluded by filter 'groovy: (issue == 'rgs-35' || issue == 'rgs-36' || issue == 'rgs-37' || issue == 'rgs-38' || issue == 'rgs-39' || issue == 'rgs-40')'
Meta[properties={examplesTable=, base=RELOH, context=NOTAS_FISCAIS, grupoInstancias=AdmCD, nf-10=, narrative=Narrative[inOrderTo=,asA=,iWantTo=,soThat=], title=Emite Nota Fiscal Avulsa Tipo 151 - RET REMSSA VENDA FORA DO ESTABEL. - S/ICMS S/EST - UF1395, issue=nf-10, description=, givenStories=, tag=component:Processos - RELOH, path=stories/notas_fiscais/nota_remessa_venda_fora_est.story}] excluded by filter 'groovy: (issue == 'rgs-35' || issue == 'rgs-36' || issue == 'rgs-37' || issue == 'rgs-38' || issue == 'rgs-39' || issue == 'rgs-40')'
1 stories excluded by filter: groovy: (issue == 'rgs-35' || issue == 'rgs-36' || issue == 'rgs-37' || issue == 'rgs-38' || issue == 'rgs-39' || issue == 'rgs-40')


(AfterStories)

Generating reports view to '/home/pedro/Documentos/Automação/testes-automatizados/mv-lojas-bdd/target/jbehave' using formats '[stats, console, html, xml, serenityreporter]' and view properties '{decorateNonHtml=true}'
Reports view generated with 0 stories (of which 0 pending) containing 0 scenarios (of which 0 pending)
Processing system properties {}
Using controls EmbedderControls[batch=false,skip=false,generateViewAfterStories=true,ignoreFailureInStories=false,ignoreFailureInView=true,verboseFailures=false,verboseFiltering=false,storyTimeouts=10000,threads=1,failOnStoryTimeout=false]
Meta[properties={narrative=Narrative[inOrderTo=,asA=,iWantTo=,soThat=], description=, path=stories/pedido/calculo_reverso8.story}] excluded by filter 'groovy: (issue == 'rgs-35' || issue == 'rgs-36' || issue == 'rgs-37' || issue == 'rgs-38' || issue == 'rgs-39' || issue == 'rgs-40')'
Meta[properties={examplesTable=, base=RELOH, context=PROCESSOS_VALIDACAO, grupoInstancias=Pedidos, narrative=Narrative[inOrderTo=,asA=,iWantTo=,soThat=], rgs-66=, title=Elaborar um pedido carne com empenho em loja/normal, issue=rgs-66, description=, givenStories=, tag=component:Processos Ambiente Validacao - RELO, path=stories/pedido/calculo_reverso8.story}] excluded by filter 'groovy: (issue == 'rgs-35' || issue == 'rgs-36' || issue == 'rgs-37' || issue == 'rgs-38' || issue == 'rgs-39' || issue == 'rgs-40')'
Meta[properties={examplesTable=, base=RELOH, context=PROCESSOS_VALIDACAO, grupoInstancias=Pedidos, narrative=Narrative[inOrderTo=,asA=,iWantTo=,soThat=], rgs-66=, title=Cancelar pedido, issue=rgs-66, description=, givenStories=, tag=component:Processos Ambiente Validacao - RELO, path=stories/pedido/calculo_reverso8.story}] excluded by filter 'groovy: (issue == 'rgs-35' || issue == 'rgs-36' || issue == 'rgs-37' || issue == 'rgs-38' || issue == 'rgs-39' || issue == 'rgs-40')'

(BeforeStories)

Meta[properties={narrative=Narrative[inOrderTo=,asA=,iWantTo=,soThat=], description=, path=stories/pedido/calculo_reverso8.story}] excluded by filter 'groovy: (issue == 'rgs-35' || issue == 'rgs-36' || issue == 'rgs-37' || issue == 'rgs-38' || issue == 'rgs-39' || issue == 'rgs-40')'
Meta[properties={examplesTable=, base=RELOH, context=PROCESSOS_VALIDACAO, grupoInstancias=Pedidos, narrative=Narrative[inOrderTo=,asA=,iWantTo=,soThat=], rgs-66=, title=Elaborar um pedido carne com empenho em loja/normal, issue=rgs-66, description=, givenStories=, tag=component:Processos Ambiente Validacao - RELO, path=stories/pedido/calculo_reverso8.story}] excluded by filter 'groovy: (issue == 'rgs-35' || issue == 'rgs-36' || issue == 'rgs-37' || issue == 'rgs-38' || issue == 'rgs-39' || issue == 'rgs-40')'
Meta[properties={examplesTable=, base=RELOH, context=PROCESSOS_VALIDACAO, grupoInstancias=Pedidos, narrative=Narrative[inOrderTo=,asA=,iWantTo=,soThat=], rgs-66=, title=Cancelar pedido, issue=rgs-66, description=, givenStories=, tag=component:Processos Ambiente Validacao - RELO, path=stories/pedido/calculo_reverso8.story}] excluded by filter 'groovy: (issue == 'rgs-35' || issue == 'rgs-36' || issue == 'rgs-37' || issue == 'rgs-38' || issue == 'rgs-39' || issue == 'rgs-40')'
1 stories excluded by filter: groovy: (issue == 'rgs-35' || issue == 'rgs-36' || issue == 'rgs-37' || issue == 'rgs-38' || issue == 'rgs-39' || issue == 'rgs-40')


(AfterStories)

Generating reports view to '/home/pedro/Documentos/Automação/testes-automatizados/mv-lojas-bdd/target/jbehave' using formats '[stats, console, html, xml, serenityreporter]' and view properties '{decorateNonHtml=true}'
Reports view generated with 0 stories (of which 0 pending) containing 0 scenarios (of which 0 pending)
Processing system properties {}
Using controls EmbedderControls[batch=false,skip=false,generateViewAfterStories=true,ignoreFailureInStories=false,ignoreFailureInView=true,verboseFailures=false,verboseFiltering=false,storyTimeouts=10000,threads=1,failOnStoryTimeout=false]
Meta[properties={narrative=Narrative[inOrderTo=,asA=,iWantTo=,soThat=], description=, path=stories/cadastros/edicao_cadastro_cliente_pj.story}] excluded by filter 'groovy: (issue == 'rgs-35' || issue == 'rgs-36' || issue == 'rgs-37' || issue == 'rgs-38' || issue == 'rgs-39' || issue == 'rgs-40')'
Meta[properties={examplesTable=, base=RELOH, context=CADASTROS, grupoInstancias=Pedidos, cad-21=, narrative=Narrative[inOrderTo=,asA=,iWantTo=,soThat=], title=editar o cadastro de um cliente Pessoa Jurídica, perfil crediário próprio, issue=cad-21, description=, givenStories=, tag=component:Regressao - RELOH, path=stories/cadastros/edicao_cadastro_cliente_pj.story}] excluded by filter 'groovy: (issue == 'rgs-35' || issue == 'rgs-36' || issue == 'rgs-37' || issue == 'rgs-38' || issue == 'rgs-39' || issue == 'rgs-40')'

(BeforeStories)

Meta[properties={narrative=Narrative[inOrderTo=,asA=,iWantTo=,soThat=], description=, path=stories/cadastros/edicao_cadastro_cliente_pj.story}] excluded by filter 'groovy: (issue == 'rgs-35' || issue == 'rgs-36' || issue == 'rgs-37' || issue == 'rgs-38' || issue == 'rgs-39' || issue == 'rgs-40')'
Meta[properties={examplesTable=, base=RELOH, context=CADASTROS, grupoInstancias=Pedidos, cad-21=, narrative=Narrative[inOrderTo=,asA=,iWantTo=,soThat=], title=editar o cadastro de um cliente Pessoa Jurídica, perfil crediário próprio, issue=cad-21, description=, givenStories=, tag=component:Regressao - RELOH, path=stories/cadastros/edicao_cadastro_cliente_pj.story}] excluded by filter 'groovy: (issue == 'rgs-35' || issue == 'rgs-36' || issue == 'rgs-37' || issue == 'rgs-38' || issue == 'rgs-39' || issue == 'rgs-40')'
1 stories excluded by filter: groovy: (issue == 'rgs-35' || issue == 'rgs-36' || issue == 'rgs-37' || issue == 'rgs-38' || issue == 'rgs-39' || issue == 'rgs-40')


(AfterStories)

Generating reports view to '/home/pedro/Documentos/Automação/testes-automatizados/mv-lojas-bdd/target/jbehave' using formats '[stats, console, html, xml, serenityreporter]' and view properties '{decorateNonHtml=true}'
Reports view generated with 0 stories (of which 0 pending) containing 0 scenarios (of which 0 pending)
Processing system properties {}
Using controls EmbedderControls[batch=false,skip=false,generateViewAfterStories=true,ignoreFailureInStories=false,ignoreFailureInView=true,verboseFailures=false,verboseFiltering=false,storyTimeouts=10000,threads=1,failOnStoryTimeout=false]
Meta[properties={narrative=Narrative[inOrderTo=,asA=,iWantTo=,soThat=], description=, path=stories/avulsos/pedido_dinheiro_empenho_loja_normal4.story}] excluded by filter 'groovy: (issue == 'rgs-35' || issue == 'rgs-36' || issue == 'rgs-37' || issue == 'rgs-38' || issue == 'rgs-39' || issue == 'rgs-40')'
Meta[properties={examplesTable=, base=RELOH, context=AVULSOS, grupoInstancias=Pedidos, narrative=Narrative[inOrderTo=,asA=,iWantTo=,soThat=], title=Elaborar um pedido a vista com empenho em loja/normal, issue=avl-09, description=, avl-09=, givenStories=, tag=component:Smoke testing - RELOH, path=stories/avulsos/pedido_dinheiro_empenho_loja_normal4.story}] excluded by filter 'groovy: (issue == 'rgs-35' || issue == 'rgs-36' || issue == 'rgs-37' || issue == 'rgs-38' || issue == 'rgs-39' || issue == 'rgs-40')'

(BeforeStories)

Meta[properties={narrative=Narrative[inOrderTo=,asA=,iWantTo=,soThat=], description=, path=stories/avulsos/pedido_dinheiro_empenho_loja_normal4.story}] excluded by filter 'groovy: (issue == 'rgs-35' || issue == 'rgs-36' || issue == 'rgs-37' || issue == 'rgs-38' || issue == 'rgs-39' || issue == 'rgs-40')'
Meta[properties={examplesTable=, base=RELOH, context=AVULSOS, grupoInstancias=Pedidos, narrative=Narrative[inOrderTo=,asA=,iWantTo=,soThat=], title=Elaborar um pedido a vista com empenho em loja/normal, issue=avl-09, description=, avl-09=, givenStories=, tag=component:Smoke testing - RELOH, path=stories/avulsos/pedido_dinheiro_empenho_loja_normal4.story}] excluded by filter 'groovy: (issue == 'rgs-35' || issue == 'rgs-36' || issue == 'rgs-37' || issue == 'rgs-38' || issue == 'rgs-39' || issue == 'rgs-40')'
1 stories excluded by filter: groovy: (issue == 'rgs-35' || issue == 'rgs-36' || issue == 'rgs-37' || issue == 'rgs-38' || issue == 'rgs-39' || issue == 'rgs-40')


(AfterStories)

Generating reports view to '/home/pedro/Documentos/Automação/testes-automatizados/mv-lojas-bdd/target/jbehave' using formats '[stats, console, html, xml, serenityreporter]' and view properties '{decorateNonHtml=true}'
Reports view generated with 0 stories (of which 0 pending) containing 0 scenarios (of which 0 pending)
Processing system properties {}
Using controls EmbedderControls[batch=false,skip=false,generateViewAfterStories=true,ignoreFailureInStories=false,ignoreFailureInView=true,verboseFailures=false,verboseFiltering=false,storyTimeouts=10000,threads=1,failOnStoryTimeout=false]
Meta[properties={narrative=Narrative[inOrderTo=,asA=,iWantTo=,soThat=], description=, path=stories/pedido/calculo_reverso.story}] excluded by filter 'groovy: (issue == 'rgs-35' || issue == 'rgs-36' || issue == 'rgs-37' || issue == 'rgs-38' || issue == 'rgs-39' || issue == 'rgs-40')'
Meta[properties={examplesTable=, base=RELOH, context=PEDIDOS, grupoInstancias=Pedidos, narrative=Narrative[inOrderTo=,asA=,iWantTo=,soThat=], title=Elaborar um pedido carne com empenho em loja/normal, issue=rgs-59, rgs-59=, description=, givenStories=, tag=component:Processos - RELOH, path=stories/pedido/calculo_reverso.story}] excluded by filter 'groovy: (issue == 'rgs-35' || issue == 'rgs-36' || issue == 'rgs-37' || issue == 'rgs-38' || issue == 'rgs-39' || issue == 'rgs-40')'

(BeforeStories)

Meta[properties={narrative=Narrative[inOrderTo=,asA=,iWantTo=,soThat=], description=, path=stories/pedido/calculo_reverso.story}] excluded by filter 'groovy: (issue == 'rgs-35' || issue == 'rgs-36' || issue == 'rgs-37' || issue == 'rgs-38' || issue == 'rgs-39' || issue == 'rgs-40')'
Meta[properties={examplesTable=, base=RELOH, context=PEDIDOS, grupoInstancias=Pedidos, narrative=Narrative[inOrderTo=,asA=,iWantTo=,soThat=], title=Elaborar um pedido carne com empenho em loja/normal, issue=rgs-59, rgs-59=, description=, givenStories=, tag=component:Processos - RELOH, path=stories/pedido/calculo_reverso.story}] excluded by filter 'groovy: (issue == 'rgs-35' || issue == 'rgs-36' || issue == 'rgs-37' || issue == 'rgs-38' || issue == 'rgs-39' || issue == 'rgs-40')'
1 stories excluded by filter: groovy: (issue == 'rgs-35' || issue == 'rgs-36' || issue == 'rgs-37' || issue == 'rgs-38' || issue == 'rgs-39' || issue == 'rgs-40')


(AfterStories)

Generating reports view to '/home/pedro/Documentos/Automação/testes-automatizados/mv-lojas-bdd/target/jbehave' using formats '[stats, console, html, xml, serenityreporter]' and view properties '{decorateNonHtml=true}'
Reports view generated with 0 stories (of which 0 pending) containing 0 scenarios (of which 0 pending)
Processing system properties {}
Using controls EmbedderControls[batch=false,skip=false,generateViewAfterStories=true,ignoreFailureInStories=false,ignoreFailureInView=true,verboseFailures=false,verboseFiltering=false,storyTimeouts=10000,threads=1,failOnStoryTimeout=false]
Meta[properties={narrative=Narrative[inOrderTo=,asA=,iWantTo=,soThat=], description=, path=stories/pedido/pedido_tipo_venda_deposito_em_conta26.story}] excluded by filter 'groovy: (issue == 'rgs-35' || issue == 'rgs-36' || issue == 'rgs-37' || issue == 'rgs-38' || issue == 'rgs-39' || issue == 'rgs-40')'
Meta[properties={rgs-26=, examplesTable=, base=RELOH, context=PEDIDOS, grupoInstancias=Pedidos, narrative=Narrative[inOrderTo=,asA=,iWantTo=,soThat=], title=Elaborar um pedido a vista com DEPOSITO/RETIRADA OUTRA LOJA COM RESERVA DEPOSITO, issue=rgs-26, description=, givenStories=, tag=component:Regressão - RELOH, path=stories/pedido/pedido_tipo_venda_deposito_em_conta26.story}] excluded by filter 'groovy: (issue == 'rgs-35' || issue == 'rgs-36' || issue == 'rgs-37' || issue == 'rgs-38' || issue == 'rgs-39' || issue == 'rgs-40')'
Meta[properties={rgs-26=, examplesTable=, base=RELOH, context=PEDIDOS, grupoInstancias=Pedidos, narrative=Narrative[inOrderTo=,asA=,iWantTo=,soThat=], title=Efetua a reabertura do pedido feito, issue=rgs-26, description=, givenStories=, tag=component:Regressão - RELOH, path=stories/pedido/pedido_tipo_venda_deposito_em_conta26.story}] excluded by filter 'groovy: (issue == 'rgs-35' || issue == 'rgs-36' || issue == 'rgs-37' || issue == 'rgs-38' || issue == 'rgs-39' || issue == 'rgs-40')'

(BeforeStories)

Meta[properties={narrative=Narrative[inOrderTo=,asA=,iWantTo=,soThat=], description=, path=stories/pedido/pedido_tipo_venda_deposito_em_conta26.story}] excluded by filter 'groovy: (issue == 'rgs-35' || issue == 'rgs-36' || issue == 'rgs-37' || issue == 'rgs-38' || issue == 'rgs-39' || issue == 'rgs-40')'
Meta[properties={rgs-26=, examplesTable=, base=RELOH, context=PEDIDOS, grupoInstancias=Pedidos, narrative=Narrative[inOrderTo=,asA=,iWantTo=,soThat=], title=Elaborar um pedido a vista com DEPOSITO/RETIRADA OUTRA LOJA COM RESERVA DEPOSITO, issue=rgs-26, description=, givenStories=, tag=component:Regressão - RELOH, path=stories/pedido/pedido_tipo_venda_deposito_em_conta26.story}] excluded by filter 'groovy: (issue == 'rgs-35' || issue == 'rgs-36' || issue == 'rgs-37' || issue == 'rgs-38' || issue == 'rgs-39' || issue == 'rgs-40')'
Meta[properties={rgs-26=, examplesTable=, base=RELOH, context=PEDIDOS, grupoInstancias=Pedidos, narrative=Narrative[inOrderTo=,asA=,iWantTo=,soThat=], title=Efetua a reabertura do pedido feito, issue=rgs-26, description=, givenStories=, tag=component:Regressão - RELOH, path=stories/pedido/pedido_tipo_venda_deposito_em_conta26.story}] excluded by filter 'groovy: (issue == 'rgs-35' || issue == 'rgs-36' || issue == 'rgs-37' || issue == 'rgs-38' || issue == 'rgs-39' || issue == 'rgs-40')'
1 stories excluded by filter: groovy: (issue == 'rgs-35' || issue == 'rgs-36' || issue == 'rgs-37' || issue == 'rgs-38' || issue == 'rgs-39' || issue == 'rgs-40')


(AfterStories)

Generating reports view to '/home/pedro/Documentos/Automação/testes-automatizados/mv-lojas-bdd/target/jbehave' using formats '[stats, console, html, xml, serenityreporter]' and view properties '{decorateNonHtml=true}'
Reports view generated with 0 stories (of which 0 pending) containing 0 scenarios (of which 0 pending)
Processing system properties {}
Using controls EmbedderControls[batch=false,skip=false,generateViewAfterStories=true,ignoreFailureInStories=false,ignoreFailureInView=true,verboseFailures=false,verboseFiltering=false,storyTimeouts=10000,threads=1,failOnStoryTimeout=false]
Meta[properties={narrative=Narrative[inOrderTo=,asA=,iWantTo=,soThat=], description=, path=stories/pedido/pedido_pessoa_juridica.story}] excluded by filter 'groovy: (issue == 'rgs-35' || issue == 'rgs-36' || issue == 'rgs-37' || issue == 'rgs-38' || issue == 'rgs-39' || issue == 'rgs-40')'
Meta[properties={examplesTable=, base=RELOH, context=SMOKE_TESTING, grupoInstancias=Pedidos, smk-09=, narrative=Narrative[inOrderTo=,asA=,iWantTo=,soThat=], title=Elaborar um pedido com tipo de venda pessoa jurídica, issue=smk-09, description=, givenStories=, tag=component:Smoke testing - RELOH, path=stories/pedido/pedido_pessoa_juridica.story}] excluded by filter 'groovy: (issue == 'rgs-35' || issue == 'rgs-36' || issue == 'rgs-37' || issue == 'rgs-38' || issue == 'rgs-39' || issue == 'rgs-40')'

(BeforeStories)

Meta[properties={narrative=Narrative[inOrderTo=,asA=,iWantTo=,soThat=], description=, path=stories/pedido/pedido_pessoa_juridica.story}] excluded by filter 'groovy: (issue == 'rgs-35' || issue == 'rgs-36' || issue == 'rgs-37' || issue == 'rgs-38' || issue == 'rgs-39' || issue == 'rgs-40')'
Meta[properties={examplesTable=, base=RELOH, context=SMOKE_TESTING, grupoInstancias=Pedidos, smk-09=, narrative=Narrative[inOrderTo=,asA=,iWantTo=,soThat=], title=Elaborar um pedido com tipo de venda pessoa jurídica, issue=smk-09, description=, givenStories=, tag=component:Smoke testing - RELOH, path=stories/pedido/pedido_pessoa_juridica.story}] excluded by filter 'groovy: (issue == 'rgs-35' || issue == 'rgs-36' || issue == 'rgs-37' || issue == 'rgs-38' || issue == 'rgs-39' || issue == 'rgs-40')'
1 stories excluded by filter: groovy: (issue == 'rgs-35' || issue == 'rgs-36' || issue == 'rgs-37' || issue == 'rgs-38' || issue == 'rgs-39' || issue == 'rgs-40')


(AfterStories)

Generating reports view to '/home/pedro/Documentos/Automação/testes-automatizados/mv-lojas-bdd/target/jbehave' using formats '[stats, console, html, xml, serenityreporter]' and view properties '{decorateNonHtml=true}'
Reports view generated with 0 stories (of which 0 pending) containing 0 scenarios (of which 0 pending)
Processing system properties {}
Using controls EmbedderControls[batch=false,skip=false,generateViewAfterStories=true,ignoreFailureInStories=false,ignoreFailureInView=true,verboseFailures=false,verboseFiltering=false,storyTimeouts=10000,threads=1,failOnStoryTimeout=false]
Meta[properties={narrative=Narrative[inOrderTo=,asA=,iWantTo=,soThat=], description=, path=stories/pedido/calculo_reverso11_mvs.story}] excluded by filter 'groovy: (issue == 'rgs-35' || issue == 'rgs-36' || issue == 'rgs-37' || issue == 'rgs-38' || issue == 'rgs-39' || issue == 'rgs-40')'
Meta[properties={examplesTable=, base=MVSH, context=PROCESSOS_VALIDACAO, grupoInstancias=Pedidos, narrative=Narrative[inOrderTo=,asA=,iWantTo=,soThat=], title=Elaborar um pedido carne com empenho em loja/normal, issue=rgs-86, description=, rgs-86=, givenStories=, tag=component:Processos Ambiente Validacao - MVS, path=stories/pedido/calculo_reverso11_mvs.story}] excluded by filter 'groovy: (issue == 'rgs-35' || issue == 'rgs-36' || issue == 'rgs-37' || issue == 'rgs-38' || issue == 'rgs-39' || issue == 'rgs-40')'
Meta[properties={examplesTable=, base=MVSH, context=PROCESSOS_VALIDACAO, grupoInstancias=Pedidos, narrative=Narrative[inOrderTo=,asA=,iWantTo=,soThat=], title=Cancelar pedido, issue=rgs-86, description=, rgs-86=, givenStories=, tag=component:Processos Ambiente Validacao - MVS, path=stories/pedido/calculo_reverso11_mvs.story}] excluded by filter 'groovy: (issue == 'rgs-35' || issue == 'rgs-36' || issue == 'rgs-37' || issue == 'rgs-38' || issue == 'rgs-39' || issue == 'rgs-40')'

(BeforeStories)

Meta[properties={narrative=Narrative[inOrderTo=,asA=,iWantTo=,soThat=], description=, path=stories/pedido/calculo_reverso11_mvs.story}] excluded by filter 'groovy: (issue == 'rgs-35' || issue == 'rgs-36' || issue == 'rgs-37' || issue == 'rgs-38' || issue == 'rgs-39' || issue == 'rgs-40')'
Meta[properties={examplesTable=, base=MVSH, context=PROCESSOS_VALIDACAO, grupoInstancias=Pedidos, narrative=Narrative[inOrderTo=,asA=,iWantTo=,soThat=], title=Elaborar um pedido carne com empenho em loja/normal, issue=rgs-86, description=, rgs-86=, givenStories=, tag=component:Processos Ambiente Validacao - MVS, path=stories/pedido/calculo_reverso11_mvs.story}] excluded by filter 'groovy: (issue == 'rgs-35' || issue == 'rgs-36' || issue == 'rgs-37' || issue == 'rgs-38' || issue == 'rgs-39' || issue == 'rgs-40')'
Meta[properties={examplesTable=, base=MVSH, context=PROCESSOS_VALIDACAO, grupoInstancias=Pedidos, narrative=Narrative[inOrderTo=,asA=,iWantTo=,soThat=], title=Cancelar pedido, issue=rgs-86, description=, rgs-86=, givenStories=, tag=component:Processos Ambiente Validacao - MVS, path=stories/pedido/calculo_reverso11_mvs.story}] excluded by filter 'groovy: (issue == 'rgs-35' || issue == 'rgs-36' || issue == 'rgs-37' || issue == 'rgs-38' || issue == 'rgs-39' || issue == 'rgs-40')'
1 stories excluded by filter: groovy: (issue == 'rgs-35' || issue == 'rgs-36' || issue == 'rgs-37' || issue == 'rgs-38' || issue == 'rgs-39' || issue == 'rgs-40')


(AfterStories)

Generating reports view to '/home/pedro/Documentos/Automação/testes-automatizados/mv-lojas-bdd/target/jbehave' using formats '[stats, console, html, xml, serenityreporter]' and view properties '{decorateNonHtml=true}'
Reports view generated with 0 stories (of which 0 pending) containing 0 scenarios (of which 0 pending)
Processing system properties {}
Using controls EmbedderControls[batch=false,skip=false,generateViewAfterStories=true,ignoreFailureInStories=false,ignoreFailureInView=true,verboseFailures=false,verboseFiltering=false,storyTimeouts=10000,threads=1,failOnStoryTimeout=false]
Meta[properties={narrative=Narrative[inOrderTo=,asA=,iWantTo=,soThat=], description=, path=stories/pedido/calculo_reverso17.story}] excluded by filter 'groovy: (issue == 'rgs-35' || issue == 'rgs-36' || issue == 'rgs-37' || issue == 'rgs-38' || issue == 'rgs-39' || issue == 'rgs-40')'
Meta[properties={examplesTable=, base=RELOH, rgs-82=, context=PROCESSOS_VALIDACAO, grupoInstancias=Pedidos, narrative=Narrative[inOrderTo=,asA=,iWantTo=,soThat=], title=Elaborar um pedido carne com empenho em loja/normal, issue=rgs-82, description=, givenStories=, tag=component:Processos - RELOH, path=stories/pedido/calculo_reverso17.story}] excluded by filter 'groovy: (issue == 'rgs-35' || issue == 'rgs-36' || issue == 'rgs-37' || issue == 'rgs-38' || issue == 'rgs-39' || issue == 'rgs-40')'

(BeforeStories)

Meta[properties={narrative=Narrative[inOrderTo=,asA=,iWantTo=,soThat=], description=, path=stories/pedido/calculo_reverso17.story}] excluded by filter 'groovy: (issue == 'rgs-35' || issue == 'rgs-36' || issue == 'rgs-37' || issue == 'rgs-38' || issue == 'rgs-39' || issue == 'rgs-40')'
Meta[properties={examplesTable=, base=RELOH, rgs-82=, context=PROCESSOS_VALIDACAO, grupoInstancias=Pedidos, narrative=Narrative[inOrderTo=,asA=,iWantTo=,soThat=], title=Elaborar um pedido carne com empenho em loja/normal, issue=rgs-82, description=, givenStories=, tag=component:Processos - RELOH, path=stories/pedido/calculo_reverso17.story}] excluded by filter 'groovy: (issue == 'rgs-35' || issue == 'rgs-36' || issue == 'rgs-37' || issue == 'rgs-38' || issue == 'rgs-39' || issue == 'rgs-40')'
1 stories excluded by filter: groovy: (issue == 'rgs-35' || issue == 'rgs-36' || issue == 'rgs-37' || issue == 'rgs-38' || issue == 'rgs-39' || issue == 'rgs-40')


(AfterStories)

Generating reports view to '/home/pedro/Documentos/Automação/testes-automatizados/mv-lojas-bdd/target/jbehave' using formats '[stats, console, html, xml, serenityreporter]' and view properties '{decorateNonHtml=true}'
Reports view generated with 0 stories (of which 0 pending) containing 0 scenarios (of which 0 pending)
Processing system properties {}
Using controls EmbedderControls[batch=false,skip=false,generateViewAfterStories=true,ignoreFailureInStories=false,ignoreFailureInView=true,verboseFailures=false,verboseFiltering=false,storyTimeouts=10000,threads=1,failOnStoryTimeout=false]
Meta[properties={narrative=Narrative[inOrderTo=,asA=,iWantTo=,soThat=], description=, path=stories/notas_fiscais/nota_estoque_credito_icms.story}] excluded by filter 'groovy: (issue == 'rgs-35' || issue == 'rgs-36' || issue == 'rgs-37' || issue == 'rgs-38' || issue == 'rgs-39' || issue == 'rgs-40')'
Meta[properties={examplesTable=, base=RELOH, context=NOTAS_FISCAIS, grupoInstancias=AdmCD, narrative=Narrative[inOrderTo=,asA=,iWantTo=,soThat=], title=Emite Nota Fiscal Avulsa Tipo 840 ESTORNO CREDITO DE ICMS, issue=nf-54, description=, nf-54=, givenStories=, tag=component:Processos - RELOH, path=stories/notas_fiscais/nota_estoque_credito_icms.story}] excluded by filter 'groovy: (issue == 'rgs-35' || issue == 'rgs-36' || issue == 'rgs-37' || issue == 'rgs-38' || issue == 'rgs-39' || issue == 'rgs-40')'

(BeforeStories)

Meta[properties={narrative=Narrative[inOrderTo=,asA=,iWantTo=,soThat=], description=, path=stories/notas_fiscais/nota_estoque_credito_icms.story}] excluded by filter 'groovy: (issue == 'rgs-35' || issue == 'rgs-36' || issue == 'rgs-37' || issue == 'rgs-38' || issue == 'rgs-39' || issue == 'rgs-40')'
Meta[properties={examplesTable=, base=RELOH, context=NOTAS_FISCAIS, grupoInstancias=AdmCD, narrative=Narrative[inOrderTo=,asA=,iWantTo=,soThat=], title=Emite Nota Fiscal Avulsa Tipo 840 ESTORNO CREDITO DE ICMS, issue=nf-54, description=, nf-54=, givenStories=, tag=component:Processos - RELOH, path=stories/notas_fiscais/nota_estoque_credito_icms.story}] excluded by filter 'groovy: (issue == 'rgs-35' || issue == 'rgs-36' || issue == 'rgs-37' || issue == 'rgs-38' || issue == 'rgs-39' || issue == 'rgs-40')'
1 stories excluded by filter: groovy: (issue == 'rgs-35' || issue == 'rgs-36' || issue == 'rgs-37' || issue == 'rgs-38' || issue == 'rgs-39' || issue == 'rgs-40')


(AfterStories)

Generating reports view to '/home/pedro/Documentos/Automação/testes-automatizados/mv-lojas-bdd/target/jbehave' using formats '[stats, console, html, xml, serenityreporter]' and view properties '{decorateNonHtml=true}'
Reports view generated with 0 stories (of which 0 pending) containing 0 scenarios (of which 0 pending)
Processing system properties {}
Using controls EmbedderControls[batch=false,skip=false,generateViewAfterStories=true,ignoreFailureInStories=false,ignoreFailureInView=true,verboseFailures=false,verboseFiltering=false,storyTimeouts=10000,threads=1,failOnStoryTimeout=false]
Meta[properties={narrative=Narrative[inOrderTo=,asA=,iWantTo=,soThat=], description=, path=stories/notas_fiscais/nota_compra_ativo_imobilizado.story}] excluded by filter 'groovy: (issue == 'rgs-35' || issue == 'rgs-36' || issue == 'rgs-37' || issue == 'rgs-38' || issue == 'rgs-39' || issue == 'rgs-40')'
Meta[properties={examplesTable=, base=RELOH, context=NOTAS_FISCAIS, grupoInstancias=AdmCD, nf-17=, narrative=Narrative[inOrderTo=,asA=,iWantTo=,soThat=], title=Emite Nota Fiscal Avulsa Tipo 233 COMPRA DE ATIVO IMOBILIZADO, issue=nf-17, description=, givenStories=, tag=component:Processos - RELOH, path=stories/notas_fiscais/nota_compra_ativo_imobilizado.story}] excluded by filter 'groovy: (issue == 'rgs-35' || issue == 'rgs-36' || issue == 'rgs-37' || issue == 'rgs-38' || issue == 'rgs-39' || issue == 'rgs-40')'

(BeforeStories)

Meta[properties={narrative=Narrative[inOrderTo=,asA=,iWantTo=,soThat=], description=, path=stories/notas_fiscais/nota_compra_ativo_imobilizado.story}] excluded by filter 'groovy: (issue == 'rgs-35' || issue == 'rgs-36' || issue == 'rgs-37' || issue == 'rgs-38' || issue == 'rgs-39' || issue == 'rgs-40')'
Meta[properties={examplesTable=, base=RELOH, context=NOTAS_FISCAIS, grupoInstancias=AdmCD, nf-17=, narrative=Narrative[inOrderTo=,asA=,iWantTo=,soThat=], title=Emite Nota Fiscal Avulsa Tipo 233 COMPRA DE ATIVO IMOBILIZADO, issue=nf-17, description=, givenStories=, tag=component:Processos - RELOH, path=stories/notas_fiscais/nota_compra_ativo_imobilizado.story}] excluded by filter 'groovy: (issue == 'rgs-35' || issue == 'rgs-36' || issue == 'rgs-37' || issue == 'rgs-38' || issue == 'rgs-39' || issue == 'rgs-40')'
1 stories excluded by filter: groovy: (issue == 'rgs-35' || issue == 'rgs-36' || issue == 'rgs-37' || issue == 'rgs-38' || issue == 'rgs-39' || issue == 'rgs-40')


(AfterStories)

Generating reports view to '/home/pedro/Documentos/Automação/testes-automatizados/mv-lojas-bdd/target/jbehave' using formats '[stats, console, html, xml, serenityreporter]' and view properties '{decorateNonHtml=true}'
Reports view generated with 0 stories (of which 0 pending) containing 0 scenarios (of which 0 pending)
Processing system properties {}
Using controls EmbedderControls[batch=false,skip=false,generateViewAfterStories=true,ignoreFailureInStories=false,ignoreFailureInView=true,verboseFailures=false,verboseFiltering=false,storyTimeouts=10000,threads=1,failOnStoryTimeout=false]
Meta[properties={narrative=Narrative[inOrderTo=,asA=,iWantTo=,soThat=], description=, path=stories/pedido/pedido_tipo_venda_pessoa_juridica14.story}] excluded by filter 'groovy: (issue == 'rgs-35' || issue == 'rgs-36' || issue == 'rgs-37' || issue == 'rgs-38' || issue == 'rgs-39' || issue == 'rgs-40')'
Meta[properties={examplesTable=, base=RELOH, context=PEDIDOS, grupoInstancias=Pedidos, rgs-14=, narrative=Narrative[inOrderTo=,asA=,iWantTo=,soThat=], title=Elaborar um pedido a vista com DEPOSITO/RETIRADA OUTRA LOJA COM RESERVA DEPOSITO, issue=rgs-14, description=, givenStories=, tag=component:Regressão - RELOH, path=stories/pedido/pedido_tipo_venda_pessoa_juridica14.story}] excluded by filter 'groovy: (issue == 'rgs-35' || issue == 'rgs-36' || issue == 'rgs-37' || issue == 'rgs-38' || issue == 'rgs-39' || issue == 'rgs-40')'
Meta[properties={examplesTable=, base=RELOH, context=PEDIDOS, grupoInstancias=Pedidos, rgs-14=, narrative=Narrative[inOrderTo=,asA=,iWantTo=,soThat=], title=Efetua a reabertura do pedido feito, issue=rgs-14, description=, givenStories=, tag=component:Regressão - RELOH, path=stories/pedido/pedido_tipo_venda_pessoa_juridica14.story}] excluded by filter 'groovy: (issue == 'rgs-35' || issue == 'rgs-36' || issue == 'rgs-37' || issue == 'rgs-38' || issue == 'rgs-39' || issue == 'rgs-40')'

(BeforeStories)

Meta[properties={narrative=Narrative[inOrderTo=,asA=,iWantTo=,soThat=], description=, path=stories/pedido/pedido_tipo_venda_pessoa_juridica14.story}] excluded by filter 'groovy: (issue == 'rgs-35' || issue == 'rgs-36' || issue == 'rgs-37' || issue == 'rgs-38' || issue == 'rgs-39' || issue == 'rgs-40')'
Meta[properties={examplesTable=, base=RELOH, context=PEDIDOS, grupoInstancias=Pedidos, rgs-14=, narrative=Narrative[inOrderTo=,asA=,iWantTo=,soThat=], title=Elaborar um pedido a vista com DEPOSITO/RETIRADA OUTRA LOJA COM RESERVA DEPOSITO, issue=rgs-14, description=, givenStories=, tag=component:Regressão - RELOH, path=stories/pedido/pedido_tipo_venda_pessoa_juridica14.story}] excluded by filter 'groovy: (issue == 'rgs-35' || issue == 'rgs-36' || issue == 'rgs-37' || issue == 'rgs-38' || issue == 'rgs-39' || issue == 'rgs-40')'
Meta[properties={examplesTable=, base=RELOH, context=PEDIDOS, grupoInstancias=Pedidos, rgs-14=, narrative=Narrative[inOrderTo=,asA=,iWantTo=,soThat=], title=Efetua a reabertura do pedido feito, issue=rgs-14, description=, givenStories=, tag=component:Regressão - RELOH, path=stories/pedido/pedido_tipo_venda_pessoa_juridica14.story}] excluded by filter 'groovy: (issue == 'rgs-35' || issue == 'rgs-36' || issue == 'rgs-37' || issue == 'rgs-38' || issue == 'rgs-39' || issue == 'rgs-40')'
1 stories excluded by filter: groovy: (issue == 'rgs-35' || issue == 'rgs-36' || issue == 'rgs-37' || issue == 'rgs-38' || issue == 'rgs-39' || issue == 'rgs-40')


(AfterStories)

Generating reports view to '/home/pedro/Documentos/Automação/testes-automatizados/mv-lojas-bdd/target/jbehave' using formats '[stats, console, html, xml, serenityreporter]' and view properties '{decorateNonHtml=true}'
Reports view generated with 0 stories (of which 0 pending) containing 0 scenarios (of which 0 pending)
Processing system properties {}
Using controls EmbedderControls[batch=false,skip=false,generateViewAfterStories=true,ignoreFailureInStories=false,ignoreFailureInView=true,verboseFailures=false,verboseFiltering=false,storyTimeouts=10000,threads=1,failOnStoryTimeout=false]
Meta[properties={narrative=Narrative[inOrderTo=,asA=,iWantTo=,soThat=], description=, path=stories/pedido/pedido_avista_siv_produto57.story}] excluded by filter 'groovy: (issue == 'rgs-35' || issue == 'rgs-36' || issue == 'rgs-37' || issue == 'rgs-38' || issue == 'rgs-39' || issue == 'rgs-40')'
Meta[properties={examplesTable=, base=RELOH, context=PEDIDOS, grupoInstancias=Pedidos, narrative=Narrative[inOrderTo=,asA=,iWantTo=,soThat=], title=Elaborar um pedido a vista com kit, promoção e que tenha serviço vinculado obrigatorio, issue=rgs-57, description=, rgs-57=, givenStories=, tag=component:Regressão - RELOH, path=stories/pedido/pedido_avista_siv_produto57.story}] excluded by filter 'groovy: (issue == 'rgs-35' || issue == 'rgs-36' || issue == 'rgs-37' || issue == 'rgs-38' || issue == 'rgs-39' || issue == 'rgs-40')'

(BeforeStories)

Meta[properties={narrative=Narrative[inOrderTo=,asA=,iWantTo=,soThat=], description=, path=stories/pedido/pedido_avista_siv_produto57.story}] excluded by filter 'groovy: (issue == 'rgs-35' || issue == 'rgs-36' || issue == 'rgs-37' || issue == 'rgs-38' || issue == 'rgs-39' || issue == 'rgs-40')'
Meta[properties={examplesTable=, base=RELOH, context=PEDIDOS, grupoInstancias=Pedidos, narrative=Narrative[inOrderTo=,asA=,iWantTo=,soThat=], title=Elaborar um pedido a vista com kit, promoção e que tenha serviço vinculado obrigatorio, issue=rgs-57, description=, rgs-57=, givenStories=, tag=component:Regressão - RELOH, path=stories/pedido/pedido_avista_siv_produto57.story}] excluded by filter 'groovy: (issue == 'rgs-35' || issue == 'rgs-36' || issue == 'rgs-37' || issue == 'rgs-38' || issue == 'rgs-39' || issue == 'rgs-40')'
1 stories excluded by filter: groovy: (issue == 'rgs-35' || issue == 'rgs-36' || issue == 'rgs-37' || issue == 'rgs-38' || issue == 'rgs-39' || issue == 'rgs-40')


(AfterStories)

Generating reports view to '/home/pedro/Documentos/Automação/testes-automatizados/mv-lojas-bdd/target/jbehave' using formats '[stats, console, html, xml, serenityreporter]' and view properties '{decorateNonHtml=true}'
Reports view generated with 0 stories (of which 0 pending) containing 0 scenarios (of which 0 pending)
Processing system properties {}
Using controls EmbedderControls[batch=false,skip=false,generateViewAfterStories=true,ignoreFailureInStories=false,ignoreFailureInView=true,verboseFailures=false,verboseFiltering=false,storyTimeouts=10000,threads=1,failOnStoryTimeout=false]
Meta[properties={narrative=Narrative[inOrderTo=,asA=,iWantTo=,soThat=], description=, path=stories/cadastros/cadastro_cliente_pj_crediarioproprio.story}] excluded by filter 'groovy: (issue == 'rgs-35' || issue == 'rgs-36' || issue == 'rgs-37' || issue == 'rgs-38' || issue == 'rgs-39' || issue == 'rgs-40')'
Meta[properties={examplesTable=, base=RELOH, context=CADASTROS, grupoInstancias=Pedidos, cad-19=, narrative=Narrative[inOrderTo=,asA=,iWantTo=,soThat=], title=cadastrar um novo cliente Pessoa Jurídica, perfil crediario proprio, issue=cad-19, description=, givenStories=, tag=component:Regressao - RELOH, path=stories/cadastros/cadastro_cliente_pj_crediarioproprio.story}] excluded by filter 'groovy: (issue == 'rgs-35' || issue == 'rgs-36' || issue == 'rgs-37' || issue == 'rgs-38' || issue == 'rgs-39' || issue == 'rgs-40')'

(BeforeStories)

Meta[properties={narrative=Narrative[inOrderTo=,asA=,iWantTo=,soThat=], description=, path=stories/cadastros/cadastro_cliente_pj_crediarioproprio.story}] excluded by filter 'groovy: (issue == 'rgs-35' || issue == 'rgs-36' || issue == 'rgs-37' || issue == 'rgs-38' || issue == 'rgs-39' || issue == 'rgs-40')'
Meta[properties={examplesTable=, base=RELOH, context=CADASTROS, grupoInstancias=Pedidos, cad-19=, narrative=Narrative[inOrderTo=,asA=,iWantTo=,soThat=], title=cadastrar um novo cliente Pessoa Jurídica, perfil crediario proprio, issue=cad-19, description=, givenStories=, tag=component:Regressao - RELOH, path=stories/cadastros/cadastro_cliente_pj_crediarioproprio.story}] excluded by filter 'groovy: (issue == 'rgs-35' || issue == 'rgs-36' || issue == 'rgs-37' || issue == 'rgs-38' || issue == 'rgs-39' || issue == 'rgs-40')'
1 stories excluded by filter: groovy: (issue == 'rgs-35' || issue == 'rgs-36' || issue == 'rgs-37' || issue == 'rgs-38' || issue == 'rgs-39' || issue == 'rgs-40')


(AfterStories)

Generating reports view to '/home/pedro/Documentos/Automação/testes-automatizados/mv-lojas-bdd/target/jbehave' using formats '[stats, console, html, xml, serenityreporter]' and view properties '{decorateNonHtml=true}'
Reports view generated with 0 stories (of which 0 pending) containing 0 scenarios (of which 0 pending)
Processing system properties {}
Using controls EmbedderControls[batch=false,skip=false,generateViewAfterStories=true,ignoreFailureInStories=false,ignoreFailureInView=true,verboseFailures=false,verboseFiltering=false,storyTimeouts=10000,threads=1,failOnStoryTimeout=false]
Meta[properties={narrative=Narrative[inOrderTo=,asA=,iWantTo=,soThat=], description=, path=stories/pedido/pedido_tipo_venda_avista2.story}] excluded by filter 'groovy: (issue == 'rgs-35' || issue == 'rgs-36' || issue == 'rgs-37' || issue == 'rgs-38' || issue == 'rgs-39' || issue == 'rgs-40')'
Meta[properties={examplesTable=, base=RELOH, context=PEDIDOS, grupoInstancias=Pedidos, narrative=Narrative[inOrderTo=,asA=,iWantTo=,soThat=], title=Elaborar um pedido a vista com DEPOSITO/AGENDADA CLIENTE, issue=rgs-02, description=, rgs-02=, givenStories=, tag=component:Regressão - RELOH, path=stories/pedido/pedido_tipo_venda_avista2.story}] excluded by filter 'groovy: (issue == 'rgs-35' || issue == 'rgs-36' || issue == 'rgs-37' || issue == 'rgs-38' || issue == 'rgs-39' || issue == 'rgs-40')'
Meta[properties={examplesTable=, base=RELOH, context=PEDIDOS, grupoInstancias=Pedidos, narrative=Narrative[inOrderTo=,asA=,iWantTo=,soThat=], title=Efetua o reempenho do pedido feito, issue=rgs-02, description=, rgs-02=, givenStories=, tag=component:Regressão - RELOH, path=stories/pedido/pedido_tipo_venda_avista2.story}] excluded by filter 'groovy: (issue == 'rgs-35' || issue == 'rgs-36' || issue == 'rgs-37' || issue == 'rgs-38' || issue == 'rgs-39' || issue == 'rgs-40')'

(BeforeStories)

Meta[properties={narrative=Narrative[inOrderTo=,asA=,iWantTo=,soThat=], description=, path=stories/pedido/pedido_tipo_venda_avista2.story}] excluded by filter 'groovy: (issue == 'rgs-35' || issue == 'rgs-36' || issue == 'rgs-37' || issue == 'rgs-38' || issue == 'rgs-39' || issue == 'rgs-40')'
Meta[properties={examplesTable=, base=RELOH, context=PEDIDOS, grupoInstancias=Pedidos, narrative=Narrative[inOrderTo=,asA=,iWantTo=,soThat=], title=Elaborar um pedido a vista com DEPOSITO/AGENDADA CLIENTE, issue=rgs-02, description=, rgs-02=, givenStories=, tag=component:Regressão - RELOH, path=stories/pedido/pedido_tipo_venda_avista2.story}] excluded by filter 'groovy: (issue == 'rgs-35' || issue == 'rgs-36' || issue == 'rgs-37' || issue == 'rgs-38' || issue == 'rgs-39' || issue == 'rgs-40')'
Meta[properties={examplesTable=, base=RELOH, context=PEDIDOS, grupoInstancias=Pedidos, narrative=Narrative[inOrderTo=,asA=,iWantTo=,soThat=], title=Efetua o reempenho do pedido feito, issue=rgs-02, description=, rgs-02=, givenStories=, tag=component:Regressão - RELOH, path=stories/pedido/pedido_tipo_venda_avista2.story}] excluded by filter 'groovy: (issue == 'rgs-35' || issue == 'rgs-36' || issue == 'rgs-37' || issue == 'rgs-38' || issue == 'rgs-39' || issue == 'rgs-40')'
1 stories excluded by filter: groovy: (issue == 'rgs-35' || issue == 'rgs-36' || issue == 'rgs-37' || issue == 'rgs-38' || issue == 'rgs-39' || issue == 'rgs-40')


(AfterStories)

Generating reports view to '/home/pedro/Documentos/Automação/testes-automatizados/mv-lojas-bdd/target/jbehave' using formats '[stats, console, html, xml, serenityreporter]' and view properties '{decorateNonHtml=true}'
Reports view generated with 0 stories (of which 0 pending) containing 0 scenarios (of which 0 pending)
Processing system properties {}
Using controls EmbedderControls[batch=false,skip=false,generateViewAfterStories=true,ignoreFailureInStories=false,ignoreFailureInView=true,verboseFailures=false,verboseFiltering=false,storyTimeouts=10000,threads=1,failOnStoryTimeout=false]
Meta[properties={narrative=Narrative[inOrderTo=,asA=,iWantTo=,soThat=], description=, path=stories/pedido/pedido_garantia_antivirus_hero43.story}] excluded by filter 'groovy: (issue == 'rgs-35' || issue == 'rgs-36' || issue == 'rgs-37' || issue == 'rgs-38' || issue == 'rgs-39' || issue == 'rgs-40')'
Meta[properties={examplesTable=, base=RELOH, context=PEDIDOS, grupoInstancias=Pedidos, rgs-43=, narrative=Narrative[inOrderTo=,asA=,iWantTo=,soThat=], title=Elaborar um pedido a vista com DEPOSITO/RETIRADA OUTRA LOJA COM RESERVA DEPOSITO, issue=rgs-43, description=, givenStories=, tag=component:Regressão - RELOH, path=stories/pedido/pedido_garantia_antivirus_hero43.story}] excluded by filter 'groovy: (issue == 'rgs-35' || issue == 'rgs-36' || issue == 'rgs-37' || issue == 'rgs-38' || issue == 'rgs-39' || issue == 'rgs-40')'
Meta[properties={examplesTable=, base=RELOH, context=PEDIDOS, grupoInstancias=Pedidos, rgs-43=, narrative=Narrative[inOrderTo=,asA=,iWantTo=,soThat=], title=Efetua a reabertura do pedido feito, issue=rgs-43, description=, givenStories=, tag=component:Regressão - RELOH, path=stories/pedido/pedido_garantia_antivirus_hero43.story}] excluded by filter 'groovy: (issue == 'rgs-35' || issue == 'rgs-36' || issue == 'rgs-37' || issue == 'rgs-38' || issue == 'rgs-39' || issue == 'rgs-40')'

(BeforeStories)

Meta[properties={narrative=Narrative[inOrderTo=,asA=,iWantTo=,soThat=], description=, path=stories/pedido/pedido_garantia_antivirus_hero43.story}] excluded by filter 'groovy: (issue == 'rgs-35' || issue == 'rgs-36' || issue == 'rgs-37' || issue == 'rgs-38' || issue == 'rgs-39' || issue == 'rgs-40')'
Meta[properties={examplesTable=, base=RELOH, context=PEDIDOS, grupoInstancias=Pedidos, rgs-43=, narrative=Narrative[inOrderTo=,asA=,iWantTo=,soThat=], title=Elaborar um pedido a vista com DEPOSITO/RETIRADA OUTRA LOJA COM RESERVA DEPOSITO, issue=rgs-43, description=, givenStories=, tag=component:Regressão - RELOH, path=stories/pedido/pedido_garantia_antivirus_hero43.story}] excluded by filter 'groovy: (issue == 'rgs-35' || issue == 'rgs-36' || issue == 'rgs-37' || issue == 'rgs-38' || issue == 'rgs-39' || issue == 'rgs-40')'
Meta[properties={examplesTable=, base=RELOH, context=PEDIDOS, grupoInstancias=Pedidos, rgs-43=, narrative=Narrative[inOrderTo=,asA=,iWantTo=,soThat=], title=Efetua a reabertura do pedido feito, issue=rgs-43, description=, givenStories=, tag=component:Regressão - RELOH, path=stories/pedido/pedido_garantia_antivirus_hero43.story}] excluded by filter 'groovy: (issue == 'rgs-35' || issue == 'rgs-36' || issue == 'rgs-37' || issue == 'rgs-38' || issue == 'rgs-39' || issue == 'rgs-40')'
1 stories excluded by filter: groovy: (issue == 'rgs-35' || issue == 'rgs-36' || issue == 'rgs-37' || issue == 'rgs-38' || issue == 'rgs-39' || issue == 'rgs-40')


(AfterStories)

Generating reports view to '/home/pedro/Documentos/Automação/testes-automatizados/mv-lojas-bdd/target/jbehave' using formats '[stats, console, html, xml, serenityreporter]' and view properties '{decorateNonHtml=true}'
Reports view generated with 0 stories (of which 0 pending) containing 0 scenarios (of which 0 pending)
Processing system properties {}
Using controls EmbedderControls[batch=false,skip=false,generateViewAfterStories=true,ignoreFailureInStories=false,ignoreFailureInView=true,verboseFailures=false,verboseFiltering=false,storyTimeouts=10000,threads=1,failOnStoryTimeout=false]
Meta[properties={narrative=Narrative[inOrderTo=,asA=,iWantTo=,soThat=], description=, path=stories/notas_fiscais/nota_fiscal_acompanhamento_nfce.story}] excluded by filter 'groovy: (issue == 'rgs-35' || issue == 'rgs-36' || issue == 'rgs-37' || issue == 'rgs-38' || issue == 'rgs-39' || issue == 'rgs-40')'
Meta[properties={examplesTable=, base=MVSH, context=NOTAS_FISCAIS, grupoInstancias=AdmCD, nf-08=, narrative=Narrative[inOrderTo=,asA=,iWantTo=,soThat=], title=Nota fiscal de venda ao final do processo 29	NOTA FISCAL ACOMPANHAMENTO NFCE S/ICMS-UF2330 - CENÁRIO - CLIENTE CONSUMIDOR, issue=nf-08, description=, givenStories=, tag=component:Smoke testing - MVSH, path=stories/notas_fiscais/nota_fiscal_acompanhamento_nfce.story}] excluded by filter 'groovy: (issue == 'rgs-35' || issue == 'rgs-36' || issue == 'rgs-37' || issue == 'rgs-38' || issue == 'rgs-39' || issue == 'rgs-40')'
Meta[properties={examplesTable=, base=MVSH, context=NOTAS_FISCAIS, grupoInstancias=AdmCD, nf-08=, narrative=Narrative[inOrderTo=,asA=,iWantTo=,soThat=], title=Emite Nota Fiscal Avulsa Tipo 29	NOTA FISCAL ACOMPANHAMENTO NFCE S/ICMS-UF2330 - CENÁRIO - CLIENTE COM CPF, issue=nf-08, description=, givenStories=, tag=component:Processos - MVSH, path=stories/notas_fiscais/nota_fiscal_acompanhamento_nfce.story}] excluded by filter 'groovy: (issue == 'rgs-35' || issue == 'rgs-36' || issue == 'rgs-37' || issue == 'rgs-38' || issue == 'rgs-39' || issue == 'rgs-40')'

(BeforeStories)

Meta[properties={narrative=Narrative[inOrderTo=,asA=,iWantTo=,soThat=], description=, path=stories/notas_fiscais/nota_fiscal_acompanhamento_nfce.story}] excluded by filter 'groovy: (issue == 'rgs-35' || issue == 'rgs-36' || issue == 'rgs-37' || issue == 'rgs-38' || issue == 'rgs-39' || issue == 'rgs-40')'
Meta[properties={examplesTable=, base=MVSH, context=NOTAS_FISCAIS, grupoInstancias=AdmCD, nf-08=, narrative=Narrative[inOrderTo=,asA=,iWantTo=,soThat=], title=Nota fiscal de venda ao final do processo 29	NOTA FISCAL ACOMPANHAMENTO NFCE S/ICMS-UF2330 - CENÁRIO - CLIENTE CONSUMIDOR, issue=nf-08, description=, givenStories=, tag=component:Smoke testing - MVSH, path=stories/notas_fiscais/nota_fiscal_acompanhamento_nfce.story}] excluded by filter 'groovy: (issue == 'rgs-35' || issue == 'rgs-36' || issue == 'rgs-37' || issue == 'rgs-38' || issue == 'rgs-39' || issue == 'rgs-40')'
Meta[properties={examplesTable=, base=MVSH, context=NOTAS_FISCAIS, grupoInstancias=AdmCD, nf-08=, narrative=Narrative[inOrderTo=,asA=,iWantTo=,soThat=], title=Emite Nota Fiscal Avulsa Tipo 29	NOTA FISCAL ACOMPANHAMENTO NFCE S/ICMS-UF2330 - CENÁRIO - CLIENTE COM CPF, issue=nf-08, description=, givenStories=, tag=component:Processos - MVSH, path=stories/notas_fiscais/nota_fiscal_acompanhamento_nfce.story}] excluded by filter 'groovy: (issue == 'rgs-35' || issue == 'rgs-36' || issue == 'rgs-37' || issue == 'rgs-38' || issue == 'rgs-39' || issue == 'rgs-40')'
1 stories excluded by filter: groovy: (issue == 'rgs-35' || issue == 'rgs-36' || issue == 'rgs-37' || issue == 'rgs-38' || issue == 'rgs-39' || issue == 'rgs-40')


(AfterStories)

Generating reports view to '/home/pedro/Documentos/Automação/testes-automatizados/mv-lojas-bdd/target/jbehave' using formats '[stats, console, html, xml, serenityreporter]' and view properties '{decorateNonHtml=true}'
Reports view generated with 0 stories (of which 0 pending) containing 0 scenarios (of which 0 pending)
Processing system properties {}
Using controls EmbedderControls[batch=false,skip=false,generateViewAfterStories=true,ignoreFailureInStories=false,ignoreFailureInView=true,verboseFailures=false,verboseFiltering=false,storyTimeouts=10000,threads=1,failOnStoryTimeout=false]
Meta[properties={narrative=Narrative[inOrderTo=,asA=,iWantTo=,soThat=], description=, path=stories/pedido/pedido_kit_com_promocao40.story}] excluded by filter 'groovy: (issue == 'rgs-35' || issue == 'rgs-36' || issue == 'rgs-37' || issue == 'rgs-38' || issue == 'rgs-39' || issue == 'rgs-40')'

(BeforeStories)

Meta[properties={narrative=Narrative[inOrderTo=,asA=,iWantTo=,soThat=], description=, path=stories/pedido/pedido_kit_com_promocao40.story}] excluded by filter 'groovy: (issue == 'rgs-35' || issue == 'rgs-36' || issue == 'rgs-37' || issue == 'rgs-38' || issue == 'rgs-39' || issue == 'rgs-40')'
Running story stories/pedido/pedido_kit_com_promocao40.story

(stories/pedido/pedido_kit_com_promocao40.story)
Story name for stories/pedido/pedido_kit_com_promocao40.story => TestTag{name='Pedido/Pedido kit com promocao40', type='story'}
Story name for stories/pedido/pedido_kit_com_promocao40.story => TestTag{name='Pedido/Pedido kit com promocao40', type='story'}
Scenario: Elaborar um pedido de KIT com promoção e empenho em DEPOSITO/NORMAL pagamento a vista
Meta:
@base RELOH
@context PEDIDOS
@grupoInstancias Pedidos
@issue rgs-40
@rgs-40 
@tag component:Regressão - RELOH

Using timeout for story pedido_kit_com_promocao40.story of 10000 secs.
Meu profile setado!! S2
Separator = ;
DECLARE    BEGIN 	 update mv_item_kit set qtde_produto = 1, ind_permite_venda_avulsa = 1, flag_item_principal = 'N', ind_permite_promocao_item = 1 where nro_produto in (139757) and nro_kit = 2300; update mv_item_kit set qtde_produto = 1, ind_permite_venda_avulsa = 0, flag_item_principal = 'N', ind_permite_promocao_item = 1 where nro_produto in (139755,139765) and nro_kit = 2300;  END; 
Given Eu executo o script de reset pedido_kit_com_promocao40.sql
meta: {grupoInstancias=Pedidos, rgs-40=, issue=rgs-40, context=PEDIDOS, tag=component:Regressão - RELOH, base=RELOH}
GrupoInstâncias: Pedidos
Base: RELOH
urlPadrao: http://10.30.232.18:8080/lojas/seguranca?action=login
And Eu acesso a instancia padrao
When Eu faco login na loja 291 com usuario 69930 e senha 1
And Eu pesquiso o cpf 37778670550
And Eu clico no botao 'Elaborar Pedido'
And Eu seleciono o tipo de venda 1 - A VISTA
And Eu clico no botao adicionar produto
And Eu pesquiso o produto 139756
And Eu seleciono a promocao de valor 1.000,00 (FAILED)
(org.openqa.selenium.ElementClickInterceptedException: Element <input class="ace radio-seleciona-promocao" name="form-field-radio-promocao" type="radio"> is not clickable at point (522,238.71665954589844) because another element <div class="blockUI blockOverlay"> obscures it
Build info: version: '3.12.0', revision: '7c6e0b3', time: '2018-05-08T14:04:26.12Z'
System info: host: 'WS-SBDEV-851', ip: '127.0.1.1', os.name: 'Linux', os.arch: 'amd64', os.version: '4.8.0-53-generic', java.version: '1.8.0_162'
Driver info: org.openqa.selenium.remote.RemoteWebDriver
Capabilities {acceptInsecureCerts: true, browserName: firefox, browserVersion: 59.0.2, javascriptEnabled: true, moz:accessibilityChecks: false, moz:headless: false, moz:processID: 27889, moz:profile: /tmp/rust_mozprofile.Ax733f..., moz:useNonSpecCompliantPointerOrigin: false, moz:webdriverClick: true, pageLoadStrategy: normal, platform: LINUX, platformName: LINUX, platformVersion: 4.8.0-53-generic, rotatable: false, timeouts: {implicit: 0, pageLoad: 300000, script: 30000}}
Session ID: a33f7dd8-cd1b-446a-914a-d9211af297e1)
And Eu clico no botao Selecionar Produto (NOT PERFORMED)
And Eu clico no icone detalhes do produto 139756 (NOT PERFORMED)
And Eu seleciono o local de empenho DEPOSITO (NOT PERFORMED)
And Eu seleciono a opcao de entrega AGENDADA (NOT PERFORMED)
And Eu informo a flag entrega como SIM (NOT PERFORMED)
And Eu clico no botao Agendada (NOT PERFORMED)
And Eu seleciono uma data disponivel (NOT PERFORMED)
And Eu clico no botao Reservar (NOT PERFORMED)
And Eu clico na aba Planilha (NOT PERFORMED)
And Eu clico no botao Adicionar Forma Pagamento (NOT PERFORMED)
And Eu seleciono o 1 º tipo de pagamento V (NOT PERFORMED)
And Eu seleciono a 1 ª forma de pagamento Cartao Visa Electron (NOT PERFORMED)
Then Eu clico no botao Salvar (NOT PERFORMED)
And Eu clico no botao Ok do modal (NOT PERFORMED)
And Eu clico no botao Fechamento Total (NOT PERFORMED)
And Eu valido o status do pedido 30 - Ag. Receb. ou em Analise p/Troca Minha Casa Melhor (NOT PERFORMED)
!-- And Eu salvo o pedido do teste @rgs-40 no relatorio

org.openqa.selenium.ElementClickInterceptedException: Element <input class="ace radio-seleciona-promocao" name="form-field-radio-promocao" type="radio"> is not clickable at point (522,238.71665954589844) because another element <div class="blockUI blockOverlay"> obscures it
Build info: version: '3.12.0', revision: '7c6e0b3', time: '2018-05-08T14:04:26.12Z'
System info: host: 'WS-SBDEV-851', ip: '127.0.1.1', os.name: 'Linux', os.arch: 'amd64', os.version: '4.8.0-53-generic', java.version: '1.8.0_162'
Driver info: org.openqa.selenium.remote.RemoteWebDriver
Capabilities {acceptInsecureCerts: true, browserName: firefox, browserVersion: 59.0.2, javascriptEnabled: true, moz:accessibilityChecks: false, moz:headless: false, moz:processID: 27889, moz:profile: /tmp/rust_mozprofile.Ax733f..., moz:useNonSpecCompliantPointerOrigin: false, moz:webdriverClick: true, pageLoadStrategy: normal, platform: LINUX, platformName: LINUX, platformVersion: 4.8.0-53-generic, rotatable: false, timeouts: {implicit: 0, pageLoad: 300000, script: 30000}}
Session ID: a33f7dd8-cd1b-446a-914a-d9211af297e1
	(reflection-construct)
	at org.openqa.selenium.remote.http.W3CHttpResponseCodec.createException(W3CHttpResponseCodec.java:187)
	at org.openqa.selenium.remote.http.W3CHttpResponseCodec.decode(W3CHttpResponseCodec.java:122)
	at org.openqa.selenium.remote.http.W3CHttpResponseCodec.decode(W3CHttpResponseCodec.java:49)
	at org.openqa.selenium.remote.HttpCommandExecutor.execute(HttpCommandExecutor.java:158)
	at org.openqa.selenium.remote.RemoteWebDriver.execute(RemoteWebDriver.java:543)
	at org.openqa.selenium.remote.RemoteWebElement.execute(RemoteWebElement.java:276)
	at org.openqa.selenium.remote.RemoteWebElement.click(RemoteWebElement.java:83)
	at net.serenitybdd.core.pages.WebElementFacadeImpl.click(WebElementFacadeImpl.java:981)
	at br.com.mv.pages.ConsultaPromocaoModal.selecionarPromocao(ConsultaPromocaoModal.java:56)
	at br.com.mv.steps.ConsultaProdutoSteps.euSelecionoAPromocao(ConsultaProdutoSteps.java:97)
	(reflection-invoke)
	at org.jbehave.core.steps.StepCreator$ParametrisedStep.perform(StepCreator.java:733)
	at org.jbehave.core.embedder.PerformableTree$FineSoFar.run(PerformableTree.java:346)
...


(AfterStories)

Generating reports view to '/home/pedro/Documentos/Automação/testes-automatizados/mv-lojas-bdd/target/jbehave' using formats '[stats, console, html, xml, serenityreporter]' and view properties '{decorateNonHtml=true}'
Reports view generated with 2 stories (of which 0 pending) containing 1 scenarios (of which 0 pending)
Failures in reports view: 1 scenarios failed
]]></system-out>
    <system-err><![CDATA[[main] INFO net.serenitybdd.core.Serenity - &amp#27;[96m&amp#27;[36m

-------------------------------------------------------------------------------------
     _______. _______ .______       _______ .__   __.  __  .___________.____    ____ 
    /       ||   ____||   _  \     |   ____||  \ |  | |  | |           |\   \  /   / 
   |   (----`|  |__   |  |_)  |    |  |__   |   \|  | |  | `---|  |----` \   \/   /  
    \   \    |   __|  |      /     |   __|  |  . `  | |  |     |  |       \_    _/   
.----)   |   |  |____ |  |\  \----.|  |____ |  |\   | |  |     |  |         |  |     
|_______/    |_______|| _| `._____||_______||__| \__| |__|     |__|         |__|    
                                                                                     
 News and tutorials at http://www.serenity-bdd.info                                  
 Documentation at https://wakaleo.gitbooks.io/the-serenity-book/content/             
 Join the Serenity Community on Rocket Chat at https://serenity-bdd.rocket.chat      
 Serenity BDD Support and Training at http://serenity-bdd.info/#/trainingandsupport  
 Learn Serenity BDD online at http://serenity-dojo.com                               
-------------------------------------------------------------------------------------
&amp#27;[0m&amp#27;[0m
[main] INFO net.serenitybdd.core.Serenity - Test Suite Started: Atendimento cliente recibo troca pedido loja financiado sem reversao
[main] INFO net.serenitybdd.core.Serenity - 
 _____ _____ ____ _____   ____ _____  _    ____ _____ _____ ____  
|_   _| ____/ ___|_   _| / ___|_   _|/ \  |  _ \_   _| ____|  _ \ 
  | | |  _| \___ \ | |   \___ \ | | / _ \ | |_) || | |  _| | | | |
  | | | |___ ___) || |    ___) || |/ ___ \|  _ < | | | |___| |_| |
  |_| |_____|____/ |_|   |____/ |_/_/   \_\_| \_\|_| |_____|____/ 
                                                                  

TEST STARTED: Elaborar um pedido a vista com empenho em loja/normal
-------------------------------------------------------------------(stories/processos/atendimento_cliente_recibo_troca_pedido_loja_financiado_sem_reversao.story;Elaborar um pedido a vista com empenho em loja/normal)
[main] INFO net.serenitybdd.core.Serenity - &amp#27;[33mTEST SKIPPED&amp#27;[0m
[main] INFO net.serenitybdd.core.Serenity - &amp#27;[33mTEST SKIPPED&amp#27;[0m
[main] INFO net.serenitybdd.core.Serenity - &amp#27;[33mTEST SKIPPED&amp#27;[0m
[main] INFO net.serenitybdd.core.Serenity - 
 _____ _____ ____ _____   ____ _____  _    ____ _____ _____ ____  
|_   _| ____/ ___|_   _| / ___|_   _|/ \  |  _ \_   _| ____|  _ \ 
  | | |  _| \___ \ | |   \___ \ | | / _ \ | |_) || | |  _| | | | |
  | | | |___ ___) || |    ___) || |/ ___ \|  _ < | | | |___| |_| |
  |_| |_____|____/ |_|   |____/ |_/_/   \_\_| \_\|_| |_____|____/ 
                                                                  

TEST STARTED: Efetua o recebimento do pedido
-------------------------------------------------------------------(stories/processos/atendimento_cliente_recibo_troca_pedido_loja_financiado_sem_reversao.story;Efetua o recebimento do pedido)
[main] INFO net.serenitybdd.core.Serenity - &amp#27;[33mTEST SKIPPED&amp#27;[0m
[main] INFO net.serenitybdd.core.Serenity - &amp#27;[33mTEST SKIPPED&amp#27;[0m
[main] INFO net.serenitybdd.core.Serenity - &amp#27;[33mTEST SKIPPED&amp#27;[0m
[main] INFO net.serenitybdd.core.Serenity - 
 _____ _____ ____ _____   ____ _____  _    ____ _____ _____ ____  
|_   _| ____/ ___|_   _| / ___|_   _|/ \  |  _ \_   _| ____|  _ \ 
  | | |  _| \___ \ | |   \___ \ | | / _ \ | |_) || | |  _| | | | |
  | | | |___ ___) || |    ___) || |/ ___ \|  _ < | | | |___| |_| |
  |_| |_____|____/ |_|   |____/ |_/_/   \_\_| \_\|_| |_____|____/ 
                                                                  

TEST STARTED: Fatura o pedido recebido
-------------------------------------------------------------------(stories/processos/atendimento_cliente_recibo_troca_pedido_loja_financiado_sem_reversao.story;Fatura o pedido recebido)
[main] INFO net.serenitybdd.core.Serenity - &amp#27;[33mTEST SKIPPED&amp#27;[0m
[main] INFO net.serenitybdd.core.Serenity - &amp#27;[33mTEST SKIPPED&amp#27;[0m
[main] INFO net.serenitybdd.core.Serenity - &amp#27;[33mTEST SKIPPED&amp#27;[0m
[main] INFO net.serenitybdd.core.Serenity - 
 _____ _____ ____ _____   ____ _____  _    ____ _____ _____ ____  
|_   _| ____/ ___|_   _| / ___|_   _|/ \  |  _ \_   _| ____|  _ \ 
  | | |  _| \___ \ | |   \___ \ | | / _ \ | |_) || | |  _| | | | |
  | | | |___ ___) || |    ___) || |/ ___ \|  _ < | | | |___| |_| |
  |_| |_____|____/ |_|   |____/ |_/_/   \_\_| \_\|_| |_____|____/ 
                                                                  

TEST STARTED: Elaborar um atendimento para o pedido realizado
-------------------------------------------------------------------(stories/processos/atendimento_cliente_recibo_troca_pedido_loja_financiado_sem_reversao.story;Elaborar um atendimento para o pedido realizado)
[main] INFO net.serenitybdd.core.Serenity - &amp#27;[33mTEST SKIPPED&amp#27;[0m
[main] INFO net.serenitybdd.core.Serenity - &amp#27;[33mTEST SKIPPED&amp#27;[0m
[main] INFO net.serenitybdd.core.Serenity - &amp#27;[33mTEST SKIPPED&amp#27;[0m
[main] INFO net.serenitybdd.core.Serenity - 
 _____ _____ ____ _____   ____ _____  _    ____ _____ _____ ____  
|_   _| ____/ ___|_   _| / ___|_   _|/ \  |  _ \_   _| ____|  _ \ 
  | | |  _| \___ \ | |   \___ \ | | / _ \ | |_) || | |  _| | | | |
  | | | |___ ___) || |    ___) || |/ ___ \|  _ < | | | |___| |_| |
  |_| |_____|____/ |_|   |____/ |_/_/   \_\_| \_\|_| |_____|____/ 
                                                                  

TEST STARTED: Elaborar um pedido utilizando o recibo de troca
-------------------------------------------------------------------(stories/processos/atendimento_cliente_recibo_troca_pedido_loja_financiado_sem_reversao.story;Elaborar um pedido utilizando o recibo de troca)
[main] INFO net.serenitybdd.core.Serenity - &amp#27;[33mTEST SKIPPED&amp#27;[0m
[main] INFO net.serenitybdd.core.Serenity - &amp#27;[33mTEST SKIPPED&amp#27;[0m
[main] INFO net.serenitybdd.core.Serenity - &amp#27;[33mTEST SKIPPED&amp#27;[0m
[main] INFO net.serenitybdd.core.Serenity - 
 _____ _____ ____ _____   ____ _____  _    ____ _____ _____ ____  
|_   _| ____/ ___|_   _| / ___|_   _|/ \  |  _ \_   _| ____|  _ \ 
  | | |  _| \___ \ | |   \___ \ | | / _ \ | |_) || | |  _| | | | |
  | | | |___ ___) || |    ___) || |/ ___ \|  _ < | | | |___| |_| |
  |_| |_____|____/ |_|   |____/ |_/_/   \_\_| \_\|_| |_____|____/ 
                                                                  

TEST STARTED: Efetua o recebimento do pedido feito com recibo de troca
-------------------------------------------------------------------(stories/processos/atendimento_cliente_recibo_troca_pedido_loja_financiado_sem_reversao.story;Efetua o recebimento do pedido feito com recibo de troca)
[main] INFO net.serenitybdd.core.Serenity - &amp#27;[33mTEST SKIPPED&amp#27;[0m
[main] INFO net.serenitybdd.core.Serenity - &amp#27;[33mTEST SKIPPED&amp#27;[0m
[main] INFO net.serenitybdd.core.Serenity - &amp#27;[33mTEST SKIPPED&amp#27;[0m
[main] INFO net.serenitybdd.core.Serenity - 
 _____ _____ ____ _____   ____ _____  _    ____ _____ _____ ____  
|_   _| ____/ ___|_   _| / ___|_   _|/ \  |  _ \_   _| ____|  _ \ 
  | | |  _| \___ \ | |   \___ \ | | / _ \ | |_) || | |  _| | | | |
  | | | |___ ___) || |    ___) || |/ ___ \|  _ < | | | |___| |_| |
  |_| |_____|____/ |_|   |____/ |_/_/   \_\_| \_\|_| |_____|____/ 
                                                                  

TEST STARTED: Cria a carga para associar ao controle de faturamento
-------------------------------------------------------------------(stories/processos/atendimento_cliente_recibo_troca_pedido_loja_financiado_sem_reversao.story;Cria a carga para associar ao controle de faturamento)
[main] INFO net.serenitybdd.core.Serenity - &amp#27;[33mTEST SKIPPED&amp#27;[0m
[main] INFO net.serenitybdd.core.Serenity - &amp#27;[33mTEST SKIPPED&amp#27;[0m
[main] INFO net.serenitybdd.core.Serenity - &amp#27;[33mTEST SKIPPED&amp#27;[0m
[main] INFO net.serenitybdd.core.Serenity - 
 _____ _____ ____ _____   ____ _____  _    ____ _____ _____ ____  
|_   _| ____/ ___|_   _| / ___|_   _|/ \  |  _ \_   _| ____|  _ \ 
  | | |  _| \___ \ | |   \___ \ | | / _ \ | |_) || | |  _| | | | |
  | | | |___ ___) || |    ___) || |/ ___ \|  _ < | | | |___| |_| |
  |_| |_____|____/ |_|   |____/ |_/_/   \_\_| \_\|_| |_____|____/ 
                                                                  

TEST STARTED: Cria a nota de transferencia do CD 47 para o CD 221
-------------------------------------------------------------------(stories/processos/atendimento_cliente_recibo_troca_pedido_loja_financiado_sem_reversao.story;Cria a nota de transferencia do CD 47 para o CD 221)
[main] INFO net.serenitybdd.core.Serenity - &amp#27;[33mTEST SKIPPED&amp#27;[0m
[main] INFO net.serenitybdd.core.Serenity - &amp#27;[33mTEST SKIPPED&amp#27;[0m
[main] INFO net.serenitybdd.core.Serenity - &amp#27;[33mTEST SKIPPED&amp#27;[0m
[main] INFO net.serenitybdd.core.Serenity - 
 _____ _____ ____ _____   ____ _____  _    ____ _____ _____ ____  
|_   _| ____/ ___|_   _| / ___|_   _|/ \  |  _ \_   _| ____|  _ \ 
  | | |  _| \___ \ | |   \___ \ | | / _ \ | |_) || | |  _| | | | |
  | | | |___ ___) || |    ___) || |/ ___ \|  _ < | | | |___| |_| |
  |_| |_____|____/ |_|   |____/ |_/_/   \_\_| \_\|_| |_____|____/ 
                                                                  

TEST STARTED: Processa a nota de transferencia a nota no CD 221
-------------------------------------------------------------------(stories/processos/atendimento_cliente_recibo_troca_pedido_loja_financiado_sem_reversao.story;Processa a nota de transferencia a nota no CD 221)
[main] INFO net.serenitybdd.core.Serenity - &amp#27;[33mTEST SKIPPED&amp#27;[0m
[main] INFO net.serenitybdd.core.Serenity - &amp#27;[33mTEST SKIPPED&amp#27;[0m
[main] INFO net.serenitybdd.core.Serenity - &amp#27;[33mTEST SKIPPED&amp#27;[0m
[main] INFO net.serenitybdd.core.Serenity - 
 _____ _____ ____ _____   ____ _____  _    ____ _____ _____ ____  
|_   _| ____/ ___|_   _| / ___|_   _|/ \  |  _ \_   _| ____|  _ \ 
  | | |  _| \___ \ | |   \___ \ | | / _ \ | |_) || | |  _| | | | |
  | | | |___ ___) || |    ___) || |/ ___ \|  _ < | | | |___| |_| |
  |_| |_____|____/ |_|   |____/ |_/_/   \_\_| \_\|_| |_____|____/ 
                                                                  

TEST STARTED: Fatura a nota de transferencia a nota no CD 221
-------------------------------------------------------------------(stories/processos/atendimento_cliente_recibo_troca_pedido_loja_financiado_sem_reversao.story;Fatura a nota de transferencia a nota no CD 221)
[main] INFO net.serenitybdd.core.Serenity - &amp#27;[33mTEST SKIPPED&amp#27;[0m
[main] INFO net.serenitybdd.core.Serenity - &amp#27;[33mTEST SKIPPED&amp#27;[0m
[main] INFO net.serenitybdd.core.Serenity - &amp#27;[33mTEST SKIPPED&amp#27;[0m
[main] INFO net.serenitybdd.core.Serenity - 
 _____ _____ ____ _____   ____ _____  _    ____ _____ _____ ____  
|_   _| ____/ ___|_   _| / ___|_   _|/ \  |  _ \_   _| ____|  _ \ 
  | | |  _| \___ \ | |   \___ \ | | / _ \ | |_) || | |  _| | | | |
  | | | |___ ___) || |    ___) || |/ ___ \|  _ < | | | |___| |_| |
  |_| |_____|____/ |_|   |____/ |_/_/   \_\_| \_\|_| |_____|____/ 
                                                                  

TEST STARTED: Realiza o Recolhimento de Produto
-------------------------------------------------------------------(stories/processos/atendimento_cliente_recibo_troca_pedido_loja_financiado_sem_reversao.story;Realiza o Recolhimento de Produto)
[main] INFO net.serenitybdd.core.Serenity - &amp#27;[33mTEST SKIPPED&amp#27;[0m
[main] INFO net.serenitybdd.core.Serenity - &amp#27;[33mTEST SKIPPED&amp#27;[0m
[main] INFO net.serenitybdd.core.Serenity - &amp#27;[33mTEST SKIPPED&amp#27;[0m
[pool-2-thread-1] INFO net.thucydides.core.reports.json.JSONTestOutcomeReporter - Generating JSON report for Elaborar um pedido a vista com empenho em loja/normal to file /home/pedro/Documentos/Automação/testes-automatizados/mv-lojas-bdd/target/site/serenity/8337bba77dc6464050a177306032426c1ba36268143881279740c8478d13b4fe.json (using temp file /home/pedro/Documentos/Automação/testes-automatizados/mv-lojas-bdd/target/site/serenity/8337bba77dc6464050a177306032426c1ba36268143881279740c8478d13b4fe.jsone869ba50-37f6-4a8c-b039-7b2bf0c1658e)
[pool-2-thread-4] INFO net.thucydides.core.reports.json.JSONTestOutcomeReporter - Generating JSON report for Elaborar um atendimento para o pedido realizado to file /home/pedro/Documentos/Automação/testes-automatizados/mv-lojas-bdd/target/site/serenity/015b093b2c8da40e8863a5076ab320e32eb5e6ebcb3d31fee87d4d337273fb39.json (using temp file /home/pedro/Documentos/Automação/testes-automatizados/mv-lojas-bdd/target/site/serenity/015b093b2c8da40e8863a5076ab320e32eb5e6ebcb3d31fee87d4d337273fb39.json094950f9-6bfc-4ed4-a323-ee6c70420fca)
[pool-2-thread-3] INFO net.thucydides.core.reports.json.JSONTestOutcomeReporter - Generating JSON report for Fatura o pedido recebido to file /home/pedro/Documentos/Automação/testes-automatizados/mv-lojas-bdd/target/site/serenity/a414e026a073a3a8c2a2650aa165a5e523d1b9e2643dfe99a0c4a1bc4b367e12.json (using temp file /home/pedro/Documentos/Automação/testes-automatizados/mv-lojas-bdd/target/site/serenity/a414e026a073a3a8c2a2650aa165a5e523d1b9e2643dfe99a0c4a1bc4b367e12.json3cb6348c-ded7-4223-b87a-b0007f23d713)
[pool-2-thread-2] INFO net.thucydides.core.reports.json.JSONTestOutcomeReporter - Generating JSON report for Efetua o recebimento do pedido to file /home/pedro/Documentos/Automação/testes-automatizados/mv-lojas-bdd/target/site/serenity/eeff6b7bae90c48fc7f40e768935494a23d9bf1d74d72b75ece85d0754618cee.json (using temp file /home/pedro/Documentos/Automação/testes-automatizados/mv-lojas-bdd/target/site/serenity/eeff6b7bae90c48fc7f40e768935494a23d9bf1d74d72b75ece85d0754618cee.json4165e2ea-a7fe-44af-9202-f0c0f388bb1c)
[pool-2-thread-3] INFO net.thucydides.core.reports.json.JSONTestOutcomeReporter - Generating JSON report for Elaborar um pedido utilizando o recibo de troca to file /home/pedro/Documentos/Automação/testes-automatizados/mv-lojas-bdd/target/site/serenity/e82f1a70be30547caedae470f53a806b11b24e3d14a15ce1f85215bc5f200c83.json (using temp file /home/pedro/Documentos/Automação/testes-automatizados/mv-lojas-bdd/target/site/serenity/e82f1a70be30547caedae470f53a806b11b24e3d14a15ce1f85215bc5f200c83.json430ceac2-95bf-441b-a06b-62cf3583cc77)
[pool-2-thread-1] INFO net.thucydides.core.reports.json.JSONTestOutcomeReporter - Generating JSON report for Efetua o recebimento do pedido feito com recibo de troca to file /home/pedro/Documentos/Automação/testes-automatizados/mv-lojas-bdd/target/site/serenity/9579a9e956438a8301d31e95b89a8cfca1f807e2bbb66e4fd96b097093b1dc8e.json (using temp file /home/pedro/Documentos/Automação/testes-automatizados/mv-lojas-bdd/target/site/serenity/9579a9e956438a8301d31e95b89a8cfca1f807e2bbb66e4fd96b097093b1dc8e.jsone93b014a-7bd1-4bea-8571-30c619538eba)
[pool-2-thread-2] INFO net.thucydides.core.reports.json.JSONTestOutcomeReporter - Generating JSON report for Cria a carga para associar ao controle de faturamento to file /home/pedro/Documentos/Automação/testes-automatizados/mv-lojas-bdd/target/site/serenity/1492bfdc93043726b020272d71dc68bd32e34414c19491390bfaa00d42f87b49.json (using temp file /home/pedro/Documentos/Automação/testes-automatizados/mv-lojas-bdd/target/site/serenity/1492bfdc93043726b020272d71dc68bd32e34414c19491390bfaa00d42f87b49.json0e5b29cc-2999-486a-a83c-2d4b0f7d48da)
[pool-2-thread-1] INFO net.thucydides.core.reports.json.JSONTestOutcomeReporter - Generating JSON report for Cria a nota de transferencia do CD 47 para o CD 221 to file /home/pedro/Documentos/Automação/testes-automatizados/mv-lojas-bdd/target/site/serenity/d767952b3784f5dba94ca5f2c1d995364c21c77f450d2aa3e8ef94f457b63e65.json (using temp file /home/pedro/Documentos/Automação/testes-automatizados/mv-lojas-bdd/target/site/serenity/d767952b3784f5dba94ca5f2c1d995364c21c77f450d2aa3e8ef94f457b63e65.json8000e72c-eb12-42db-bb25-8966d9cd24fa)
[pool-2-thread-2] INFO net.thucydides.core.reports.json.JSONTestOutcomeReporter - Generating JSON report for Processa a nota de transferencia a nota no CD 221 to file /home/pedro/Documentos/Automação/testes-automatizados/mv-lojas-bdd/target/site/serenity/2b056e3f96290bcb617420122f9184302b0dff9a5647d0a5cc51b1c2602226ec.json (using temp file /home/pedro/Documentos/Automação/testes-automatizados/mv-lojas-bdd/target/site/serenity/2b056e3f96290bcb617420122f9184302b0dff9a5647d0a5cc51b1c2602226ec.jsonab0761da-83af-4815-9778-07cd5786921e)
[pool-2-thread-4] INFO net.thucydides.core.reports.json.JSONTestOutcomeReporter - Generating JSON report for Realiza o Recolhimento de Produto to file /home/pedro/Documentos/Automação/testes-automatizados/mv-lojas-bdd/target/site/serenity/4ec2be5bd419da985901024f46ff79afd9453b145116068019b8eced7daf4d3e.json (using temp file /home/pedro/Documentos/Automação/testes-automatizados/mv-lojas-bdd/target/site/serenity/4ec2be5bd419da985901024f46ff79afd9453b145116068019b8eced7daf4d3e.jsone6ccd562-a468-45a9-8729-70c93fd490ad)
[pool-2-thread-3] INFO net.thucydides.core.reports.json.JSONTestOutcomeReporter - Generating JSON report for Fatura a nota de transferencia a nota no CD 221 to file /home/pedro/Documentos/Automação/testes-automatizados/mv-lojas-bdd/target/site/serenity/d76b4110dbf787bc523a0aa059abec1f90371bff76a02997f7313537c93b9e2e.json (using temp file /home/pedro/Documentos/Automação/testes-automatizados/mv-lojas-bdd/target/site/serenity/d76b4110dbf787bc523a0aa059abec1f90371bff76a02997f7313537c93b9e2e.json59dfe7cb-e24c-4730-bce9-9de63e6b029c)
[main] INFO net.serenitybdd.core.Serenity - Test Suite Started: Cadastro grupo acesso aprovacao
[main] INFO net.serenitybdd.core.Serenity - 
 _____ _____ ____ _____   ____ _____  _    ____ _____ _____ ____  
|_   _| ____/ ___|_   _| / ___|_   _|/ \  |  _ \_   _| ____|  _ \ 
  | | |  _| \___ \ | |   \___ \ | | / _ \ | |_) || | |  _| | | | |
  | | | |___ ___) || |    ___) || |/ ___ \|  _ < | | | |___| |_| |
  |_| |_____|____/ |_|   |____/ |_/_/   \_\_| \_\|_| |_____|____/ 
                                                                  

TEST STARTED: Cadastrar um grupo de acesso- UC006 - Fluxo Principal
-------------------------------------------------------------------(stories/cadastros/cadastro_grupo_acesso_aprovacao.story;Cadastrar um grupo de acesso- UC006 - Fluxo Principal)
[main] INFO net.serenitybdd.core.Serenity - &amp#27;[33mTEST SKIPPED&amp#27;[0m
[main] INFO net.serenitybdd.core.Serenity - &amp#27;[33mTEST SKIPPED&amp#27;[0m
[main] INFO net.serenitybdd.core.Serenity - &amp#27;[33mTEST SKIPPED&amp#27;[0m
[main] INFO net.serenitybdd.core.Serenity - 
 _____ _____ ____ _____   ____ _____  _    ____ _____ _____ ____  
|_   _| ____/ ___|_   _| / ___|_   _|/ \  |  _ \_   _| ____|  _ \ 
  | | |  _| \___ \ | |   \___ \ | | / _ \ | |_) || | |  _| | | | |
  | | | |___ ___) || |    ___) || |/ ___ \|  _ < | | | |___| |_| |
  |_| |_____|____/ |_|   |____/ |_/_/   \_\_| \_\|_| |_____|____/ 
                                                                  

TEST STARTED: Pesquisar/Editar um grupo de acesso
-------------------------------------------------------------------(stories/cadastros/cadastro_grupo_acesso_aprovacao.story;Pesquisar/Editar um grupo de acesso)
[main] INFO net.serenitybdd.core.Serenity - &amp#27;[33mTEST SKIPPED&amp#27;[0m
[main] INFO net.serenitybdd.core.Serenity - &amp#27;[33mTEST SKIPPED&amp#27;[0m
[main] INFO net.serenitybdd.core.Serenity - &amp#27;[33mTEST SKIPPED&amp#27;[0m
[pool-16-thread-1] INFO net.thucydides.core.reports.json.JSONTestOutcomeReporter - Generating JSON report for Cadastrar um grupo de acesso- UC006 - Fluxo Principal to file /home/pedro/Documentos/Automação/testes-automatizados/mv-lojas-bdd/target/site/serenity/8c6f5f5c6441686f4a0b47d9582ec6f6a17d4232001fc1e67bb523c811799d22.json (using temp file /home/pedro/Documentos/Automação/testes-automatizados/mv-lojas-bdd/target/site/serenity/8c6f5f5c6441686f4a0b47d9582ec6f6a17d4232001fc1e67bb523c811799d22.json9b913680-b301-46e1-9bf2-92ca4999946b)
[pool-16-thread-2] INFO net.thucydides.core.reports.json.JSONTestOutcomeReporter - Generating JSON report for Pesquisar/Editar um grupo de acesso to file /home/pedro/Documentos/Automação/testes-automatizados/mv-lojas-bdd/target/site/serenity/ae41d85ee1557d64fec4702b9f8bb73b4699fa933a720c9e601ca6642c9b0e40.json (using temp file /home/pedro/Documentos/Automação/testes-automatizados/mv-lojas-bdd/target/site/serenity/ae41d85ee1557d64fec4702b9f8bb73b4699fa933a720c9e601ca6642c9b0e40.jsonf970d133-f7b6-4f3b-bc38-9a4dc4625ccc)
[main] INFO net.serenitybdd.core.Serenity - Test Suite Started: Cadastro motivo atendimento
[main] INFO net.serenitybdd.core.Serenity - 
 _____ _____ ____ _____   ____ _____  _    ____ _____ _____ ____  
|_   _| ____/ ___|_   _| / ___|_   _|/ \  |  _ \_   _| ____|  _ \ 
  | | |  _| \___ \ | |   \___ \ | | / _ \ | |_) || | |  _| | | | |
  | | | |___ ___) || |    ___) || |/ ___ \|  _ < | | | |___| |_| |
  |_| |_____|____/ |_|   |____/ |_/_/   \_\_| \_\|_| |_____|____/ 
                                                                  

TEST STARTED: Cadastrar motivos de atendimento - UC014
-------------------------------------------------------------------(stories/cadastros/cadastro_motivo_atendimento.story;Cadastrar motivos de atendimento - UC014)
[main] INFO net.serenitybdd.core.Serenity - &amp#27;[33mTEST SKIPPED&amp#27;[0m
[main] INFO net.serenitybdd.core.Serenity - &amp#27;[33mTEST SKIPPED&amp#27;[0m
[main] INFO net.serenitybdd.core.Serenity - &amp#27;[33mTEST SKIPPED&amp#27;[0m
[main] INFO net.serenitybdd.core.Serenity - 
 _____ _____ ____ _____   ____ _____  _    ____ _____ _____ ____  
|_   _| ____/ ___|_   _| / ___|_   _|/ \  |  _ \_   _| ____|  _ \ 
  | | |  _| \___ \ | |   \___ \ | | / _ \ | |_) || | |  _| | | | |
  | | | |___ ___) || |    ___) || |/ ___ \|  _ < | | | |___| |_| |
  |_| |_____|____/ |_|   |____/ |_/_/   \_\_| \_\|_| |_____|____/ 
                                                                  

TEST STARTED: Cadastrar motivos de atendimento jah existente
-------------------------------------------------------------------(stories/cadastros/cadastro_motivo_atendimento.story;Cadastrar motivos de atendimento jah existente)
[main] INFO net.serenitybdd.core.Serenity - &amp#27;[33mTEST SKIPPED&amp#27;[0m
[main] INFO net.serenitybdd.core.Serenity - &amp#27;[33mTEST SKIPPED&amp#27;[0m
[main] INFO net.serenitybdd.core.Serenity - &amp#27;[33mTEST SKIPPED&amp#27;[0m
[main] INFO net.serenitybdd.core.Serenity - 
 _____ _____ ____ _____   ____ _____  _    ____ _____ _____ ____  
|_   _| ____/ ___|_   _| / ___|_   _|/ \  |  _ \_   _| ____|  _ \ 
  | | |  _| \___ \ | |   \___ \ | | / _ \ | |_) || | |  _| | | | |
  | | | |___ ___) || |    ___) || |/ ___ \|  _ < | | | |___| |_| |
  |_| |_____|____/ |_|   |____/ |_/_/   \_\_| \_\|_| |_____|____/ 
                                                                  

TEST STARTED: Pesquisar/Editar motivo de atendimento
-------------------------------------------------------------------(stories/cadastros/cadastro_motivo_atendimento.story;Pesquisar/Editar motivo de atendimento)
[main] INFO net.serenitybdd.core.Serenity - &amp#27;[33mTEST SKIPPED&amp#27;[0m
[main] INFO net.serenitybdd.core.Serenity - &amp#27;[33mTEST SKIPPED&amp#27;[0m
[main] INFO net.serenitybdd.core.Serenity - &amp#27;[33mTEST SKIPPED&amp#27;[0m
[main] INFO net.serenitybdd.core.Serenity - 
 _____ _____ ____ _____   ____ _____  _    ____ _____ _____ ____  
|_   _| ____/ ___|_   _| / ___|_   _|/ \  |  _ \_   _| ____|  _ \ 
  | | |  _| \___ \ | |   \___ \ | | / _ \ | |_) || | |  _| | | | |
  | | | |___ ___) || |    ___) || |/ ___ \|  _ < | | | |___| |_| |
  |_| |_____|____/ |_|   |____/ |_/_/   \_\_| \_\|_| |_____|____/ 
                                                                  

TEST STARTED: Pesquisar/Excluir motivo de atendimento
-------------------------------------------------------------------(stories/cadastros/cadastro_motivo_atendimento.story;Pesquisar/Excluir motivo de atendimento)
[main] INFO net.serenitybdd.core.Serenity - &amp#27;[33mTEST SKIPPED&amp#27;[0m
[main] INFO net.serenitybdd.core.Serenity - &amp#27;[33mTEST SKIPPED&amp#27;[0m
[main] INFO net.serenitybdd.core.Serenity - &amp#27;[33mTEST SKIPPED&amp#27;[0m
[pool-30-thread-1] INFO net.thucydides.core.reports.json.JSONTestOutcomeReporter - Generating JSON report for Cadastrar motivos de atendimento - UC014 to file /home/pedro/Documentos/Automação/testes-automatizados/mv-lojas-bdd/target/site/serenity/67dc48ddb0c5cc82b670052707bcda45f339c8d0e915f863cb85b11991fc253e.json (using temp file /home/pedro/Documentos/Automação/testes-automatizados/mv-lojas-bdd/target/site/serenity/67dc48ddb0c5cc82b670052707bcda45f339c8d0e915f863cb85b11991fc253e.json47e82dc4-b047-470d-905f-ac4e835258b3)
[pool-30-thread-2] INFO net.thucydides.core.reports.json.JSONTestOutcomeReporter - Generating JSON report for Cadastrar motivos de atendimento jah existente to file /home/pedro/Documentos/Automação/testes-automatizados/mv-lojas-bdd/target/site/serenity/4ab82e73513ad75765b5193e1ed5464545e56212846c262095c4a45cc9905479.json (using temp file /home/pedro/Documentos/Automação/testes-automatizados/mv-lojas-bdd/target/site/serenity/4ab82e73513ad75765b5193e1ed5464545e56212846c262095c4a45cc9905479.jsonfb472d0c-ed3c-4a6b-9168-399b3a78525f)
[pool-30-thread-3] INFO net.thucydides.core.reports.json.JSONTestOutcomeReporter - Generating JSON report for Pesquisar/Editar motivo de atendimento to file /home/pedro/Documentos/Automação/testes-automatizados/mv-lojas-bdd/target/site/serenity/47f2c0155368014ddf1100d68083a94297dd49239934c85471d35c01d0a76172.json (using temp file /home/pedro/Documentos/Automação/testes-automatizados/mv-lojas-bdd/target/site/serenity/47f2c0155368014ddf1100d68083a94297dd49239934c85471d35c01d0a76172.jsone35cd419-17f8-4908-a5ae-af63e3366462)
[pool-30-thread-4] INFO net.thucydides.core.reports.json.JSONTestOutcomeReporter - Generating JSON report for Pesquisar/Excluir motivo de atendimento to file /home/pedro/Documentos/Automação/testes-automatizados/mv-lojas-bdd/target/site/serenity/cc69b5c5c721beb1be8e6928d49d4048e4cfba9047f2ab81658f8c50e0c91030.json (using temp file /home/pedro/Documentos/Automação/testes-automatizados/mv-lojas-bdd/target/site/serenity/cc69b5c5c721beb1be8e6928d49d4048e4cfba9047f2ab81658f8c50e0c91030.json7c54cf72-d5df-4a29-8ba0-4961d13d4e5b)
[pool-85-thread-1] INFO net.serenitybdd.jbehave.embedders.monitors.ReportingEmbedderMonitor - 849235819story running with path stories/pedido/pedido_kit_com_promocao40.story
[pool-85-thread-1] ERROR net.serenitybdd.jbehave.embedders.monitors.ReportingEmbedderMonitor - can not find any story by path stories/pedido/pedido_kit_com_promocao40.story
[pool-85-thread-1] INFO net.serenitybdd.core.Serenity - Test Suite Started: Pedido kit com promocao40
[pool-85-thread-1] INFO net.serenitybdd.core.Serenity - 
 _____ _____ ____ _____   ____ _____  _    ____ _____ _____ ____  
|_   _| ____/ ___|_   _| / ___|_   _|/ \  |  _ \_   _| ____|  _ \ 
  | | |  _| \___ \ | |   \___ \ | | / _ \ | |_) || | |  _| | | | |
  | | | |___ ___) || |    ___) || |/ ___ \|  _ < | | | |___| |_| |
  |_| |_____|____/ |_|   |____/ |_/_/   \_\_| \_\|_| |_____|____/ 
                                                                  

TEST STARTED: Elaborar um pedido de KIT com promoção e empenho em DEPOSITO/NORMAL pagamento a vista
-------------------------------------------------------------------(stories/pedido/pedido_kit_com_promocao40.story;Elaborar um pedido de KIT com promoção e empenho em DEPOSITO/NORMAL pagamento a vista)
ago 24, 2018 2:25:50 PM org.openqa.selenium.remote.DesiredCapabilities firefox
INFORMAÇÕES: Using `new FirefoxOptions()` is preferred to `DesiredCapabilities.firefox()`
ago 24, 2018 2:25:50 PM org.openqa.selenium.remote.DesiredCapabilities firefox
INFORMAÇÕES: Using `new FirefoxOptions()` is preferred to `DesiredCapabilities.firefox()`
1535131550650	geckodriver	INFO	geckodriver 0.20.1
1535131550657	geckodriver	INFO	Listening on 127.0.0.1:23931
1535131551801	mozrunner::runner	INFO	Running command: "/usr/bin/firefox" "-marionette" "-profile" "/tmp/rust_mozprofile.Ax733fnHKYsN"
1535131553426	addons.manager	DEBUG	Application has been upgraded
1535131553626	addons.manager	DEBUG	Loaded provider scope for resource://gre/modules/addons/XPIProvider.jsm: ["XPIProvider", "XPIInternal"]
1535131553628	addons.manager	DEBUG	Loaded provider scope for resource://gre/modules/LightweightThemeManager.jsm: ["LightweightThemeManager"]
1535131554006	addons.manager	DEBUG	Loaded provider scope for resource://gre/modules/addons/GMPProvider.jsm
1535131554010	addons.manager	DEBUG	Loaded provider scope for resource://gre/modules/addons/PluginProvider.jsm
1535131554010	addons.manager	DEBUG	Starting provider: XPIProvider
1535131554012	addons.xpi	DEBUG	startup
1535131554012	addons.xpi	INFO	SystemAddonInstallLocation directory is missing
1535131554012	addons.xpi	INFO	Removing all system add-on upgrades.
1535131554014	addons.xpi	DEBUG	checkForChanges
1535131554014	addons.xpi	DEBUG	Loaded add-on state: ${}
1535131554060	addons.xpi	INFO	Mapping activity-stream@mozilla.org to /usr/lib/firefox/browser/features/activity-stream@mozilla.org.xpi
1535131554060	addons.xpi	INFO	Mapping aushelper@mozilla.org to /usr/lib/firefox/browser/features/aushelper@mozilla.org.xpi
1535131554060	addons.xpi	INFO	Mapping firefox@getpocket.com to /usr/lib/firefox/browser/features/firefox@getpocket.com.xpi
1535131554062	addons.xpi	INFO	Mapping followonsearch@mozilla.com to /usr/lib/firefox/browser/features/followonsearch@mozilla.com.xpi
1535131554062	addons.xpi	INFO	Mapping formautofill@mozilla.org to /usr/lib/firefox/browser/features/formautofill@mozilla.org.xpi
1535131554062	addons.xpi	INFO	Mapping onboarding@mozilla.org to /usr/lib/firefox/browser/features/onboarding@mozilla.org.xpi
1535131554062	addons.xpi	INFO	Mapping screenshots@mozilla.org to /usr/lib/firefox/browser/features/screenshots@mozilla.org.xpi
1535131554062	addons.xpi	INFO	Mapping shield-recipe-client@mozilla.org to /usr/lib/firefox/browser/features/shield-recipe-client@mozilla.org.xpi
1535131554062	addons.xpi	INFO	Mapping webcompat@mozilla.org to /usr/lib/firefox/browser/features/webcompat@mozilla.org.xpi
1535131554064	addons.xpi	DEBUG	New add-on activity-stream@mozilla.org in app-system-defaults
1535131554066	addons.xpi	DEBUG	New add-on aushelper@mozilla.org in app-system-defaults
1535131554066	addons.xpi	DEBUG	New add-on firefox@getpocket.com in app-system-defaults
1535131554066	addons.xpi	DEBUG	New add-on followonsearch@mozilla.com in app-system-defaults
1535131554068	addons.xpi	DEBUG	New add-on formautofill@mozilla.org in app-system-defaults
1535131554068	addons.xpi	DEBUG	New add-on onboarding@mozilla.org in app-system-defaults
1535131554068	addons.xpi	DEBUG	New add-on screenshots@mozilla.org in app-system-defaults
1535131554068	addons.xpi	DEBUG	New add-on shield-recipe-client@mozilla.org in app-system-defaults
1535131554070	addons.xpi	DEBUG	New add-on webcompat@mozilla.org in app-system-defaults
1535131554098	addons.xpi	INFO	Mapping langpack-en-ZA@firefox.mozilla.org to /usr/lib/firefox/browser/extensions/langpack-en-ZA@firefox.mozilla.org.xpi
1535131554100	addons.xpi	INFO	Mapping langpack-en-GB@firefox.mozilla.org to /usr/lib/firefox/browser/extensions/langpack-en-GB@firefox.mozilla.org.xpi
1535131554100	addons.xpi	INFO	Mapping {972ce4c6-7e08-4474-a285-3208198ce6fd} to /usr/lib/firefox/browser/extensions/{972ce4c6-7e08-4474-a285-3208198ce6fd}.xpi
1535131554100	addons.xpi	DEBUG	New add-on langpack-en-ZA@firefox.mozilla.org in app-global
1535131554100	addons.xpi	DEBUG	New add-on langpack-en-GB@firefox.mozilla.org in app-global
1535131554104	addons.xpi	DEBUG	New add-on {972ce4c6-7e08-4474-a285-3208198ce6fd} in app-global
1535131554104	addons.xpi	DEBUG	getInstallState changed: true, state: {}
1535131554106	addons.xpi	INFO	SystemAddonInstallLocation directory is missing
1535131554110	addons.xpi-utils	DEBUG	Opening XPI database /tmp/rust_mozprofile.Ax733fnHKYsN/extensions.json
1535131554112	addons.xpi-utils	DEBUG	New add-on activity-stream@mozilla.org installed in app-system-defaults
*** Blocklist::_loadBlocklistFromFile: blocklist is disabled
1535131554236	addons.xpi-utils	DEBUG	New add-on aushelper@mozilla.org installed in app-system-defaults
1535131554244	addons.xpi-utils	DEBUG	New add-on firefox@getpocket.com installed in app-system-defaults
1535131554294	addons.xpi-utils	DEBUG	New add-on followonsearch@mozilla.com installed in app-system-defaults
1535131554300	addons.xpi-utils	DEBUG	New add-on formautofill@mozilla.org installed in app-system-defaults
1535131554346	addons.xpi-utils	DEBUG	New add-on onboarding@mozilla.org installed in app-system-defaults
1535131554366	addons.xpi-utils	DEBUG	New add-on screenshots@mozilla.org installed in app-system-defaults
1535131554374	addons.xpi-utils	DEBUG	New add-on shield-recipe-client@mozilla.org installed in app-system-defaults
1535131554424	addons.xpi-utils	DEBUG	New add-on webcompat@mozilla.org installed in app-system-defaults
1535131554428	addons.xpi-utils	DEBUG	New add-on langpack-en-ZA@firefox.mozilla.org installed in app-global
1535131554962	addons.xpi-utils	DEBUG	New add-on langpack-en-GB@firefox.mozilla.org installed in app-global
1535131554984	addons.xpi-utils	DEBUG	New add-on {972ce4c6-7e08-4474-a285-3208198ce6fd} installed in app-global
1535131554992	addons.manager	DEBUG	Registering startup change 'installed' for activity-stream@mozilla.org
1535131555012	addons.xpi	DEBUG	Loading bootstrap scope from /usr/lib/firefox/browser/features/activity-stream@mozilla.org.xpi
1535131555014	addons.xpi	DEBUG	Calling bootstrap method install on activity-stream@mozilla.org version 2018.02.17.0026-173e2795
1535131555014	addons.xpi-utils	DEBUG	Make addon app-system-defaults:activity-stream@mozilla.org visible
1535131555016	addons.xpi	DEBUG	Updating XPIState for {"id":"activity-stream@mozilla.org","syncGUID":"{766efc66-551b-48eb-8fc3-68753ec21aa6}","location":"app-system-defaults","version":"2018.02.17.0026-173e2795","type":"extension","internalName":null,"updateURL":null,"updateKey":null,"optionsURL":null,"optionsType":null,"aboutURL":null,"defaultLocale":{"name":"Activity Stream","description":"A rich visual history feed and a reimagined home page make it easier than ever to find exactly what you're looking for in Firefox.","creator":null,"homepageURL":null},"visible":true,"active":false,"userDisabled":false,"appDisabled":false,"installDate":1522183948000,"updateDate":1522183948000,"applyBackgroundUpdates":1,"bootstrap":true,"path":"/usr/lib/firefox/browser/features/activity-stream@mozilla.org.xpi","skinnable":false,"size":2766941,"sourceURI":null,"releaseNotesURI":null,"softDisabled":false,"foreignInstall":false,"hasBinaryComponents":false,"strictCompatibility":false,"locales":[],"targetApplications":[{"id":"{ec8030f7-c20a-464f-9b0e-13a3a9e97384}","minVersion":"59.0.2","maxVersion":"59.*"}],"targetPlatforms":[],"multiprocessCompatible":true,"seen":true,"dependencies":[],"hasEmbeddedWebExtension":false,"mpcOptedOut":false,"userPermissions":null,"icons":{},"iconURL":null,"icon64URL":null,"blocklistState":0,"blocklistURL":null,"startupData":null}
1535131555032	addons.manager	DEBUG	Registering startup change 'installed' for aushelper@mozilla.org
1535131555032	addons.xpi	DEBUG	Loading bootstrap scope from /usr/lib/firefox/browser/features/aushelper@mozilla.org.xpi
1535131555034	addons.xpi	DEBUG	Calling bootstrap method install on aushelper@mozilla.org version 2.0
1535131555036	addons.xpi-utils	DEBUG	Make addon app-system-defaults:aushelper@mozilla.org visible
1535131555036	addons.xpi	DEBUG	Updating XPIState for {"id":"aushelper@mozilla.org","syncGUID":"{d4ef639f-2547-473a-98f7-ef35328e5615}","location":"app-system-defaults","version":"2.0","type":"extension","internalName":null,"updateURL":null,"updateKey":null,"optionsURL":null,"optionsType":null,"aboutURL":null,"defaultLocale":{"name":"Application Update Service Helper","description":"Sets value(s) in the update url based on custom checks.","creator":null,"homepageURL":null},"visible":true,"active":false,"userDisabled":false,"appDisabled":false,"installDate":1522183948000,"updateDate":1522183948000,"applyBackgroundUpdates":1,"bootstrap":true,"path":"/usr/lib/firefox/browser/features/aushelper@mozilla.org.xpi","skinnable":false,"size":8488,"sourceURI":null,"releaseNotesURI":null,"softDisabled":false,"foreignInstall":false,"hasBinaryComponents":false,"strictCompatibility":false,"locales":[],"targetApplications":[{"id":"{ec8030f7-c20a-464f-9b0e-13a3a9e97384}","minVersion":"59.0.2","maxVersion":"59.*"}],"targetPlatforms":[],"multiprocessCompatible":true,"seen":true,"dependencies":[],"hasEmbeddedWebExtension":false,"mpcOptedOut":false,"userPermissions":null,"icons":{},"iconURL":null,"icon64URL":null,"blocklistState":0,"blocklistURL":null,"startupData":null}
1535131555036	addons.manager	DEBUG	Registering startup change 'installed' for firefox@getpocket.com
1535131555038	addons.xpi	DEBUG	Loading bootstrap scope from /usr/lib/firefox/browser/features/firefox@getpocket.com.xpi
1535131555056	addons.xpi	DEBUG	Calling bootstrap method install on firefox@getpocket.com version 1.0.5
1535131555056	addons.xpi-utils	DEBUG	Make addon app-system-defaults:firefox@getpocket.com visible
1535131555056	addons.xpi	DEBUG	Updating XPIState for {"id":"firefox@getpocket.com","syncGUID":"{19f64d1c-d803-4654-bb11-a5f08d29a494}","location":"app-system-defaults","version":"1.0.5","type":"extension","internalName":null,"updateURL":null,"updateKey":null,"optionsURL":null,"optionsType":null,"aboutURL":null,"defaultLocale":{"name":"Pocket","description":"When you find something you want to view later, put it in Pocket.","creator":null,"homepageURL":null},"visible":true,"active":false,"userDisabled":false,"appDisabled":false,"installDate":1522183948000,"updateDate":1522183948000,"applyBackgroundUpdates":1,"bootstrap":true,"path":"/usr/lib/firefox/browser/features/firefox@getpocket.com.xpi","skinnable":false,"size":909105,"sourceURI":null,"releaseNotesURI":null,"softDisabled":false,"foreignInstall":false,"hasBinaryComponents":false,"strictCompatibility":false,"locales":[],"targetApplications":[{"id":"{ec8030f7-c20a-464f-9b0e-13a3a9e97384}","minVersion":"59.0.2","maxVersion":"59.*"}],"targetPlatforms":[],"multiprocessCompatible":true,"seen":true,"dependencies":[],"hasEmbeddedWebExtension":false,"mpcOptedOut":false,"userPermissions":null,"icons":{},"iconURL":null,"icon64URL":null,"blocklistState":0,"blocklistURL":null,"startupData":null}
1535131555056	addons.manager	DEBUG	Registering startup change 'installed' for followonsearch@mozilla.com
1535131555058	addons.xpi	DEBUG	Loading bootstrap scope from /usr/lib/firefox/browser/features/followonsearch@mozilla.com.xpi
1535131555060	addons.xpi	DEBUG	Calling bootstrap method install on followonsearch@mozilla.com version 0.9.6
1535131555060	addons.xpi-utils	DEBUG	Make addon app-system-defaults:followonsearch@mozilla.com visible
1535131555060	addons.xpi	DEBUG	Updating XPIState for {"id":"followonsearch@mozilla.com","syncGUID":"{e8d142dc-fc8b-43fc-9b32-a87144ca56ac}","location":"app-system-defaults","version":"0.9.6","type":"extension","internalName":null,"updateURL":null,"updateKey":null,"optionsURL":null,"optionsType":null,"aboutURL":null,"defaultLocale":{"name":"Follow-on Search Telemetry","description":null,"creator":null,"homepageURL":null},"visible":true,"active":false,"userDisabled":false,"appDisabled":false,"installDate":1522183948000,"updateDate":1522183948000,"applyBackgroundUpdates":1,"bootstrap":true,"path":"/usr/lib/firefox/browser/features/followonsearch@mozilla.com.xpi","skinnable":false,"size":18625,"sourceURI":null,"releaseNotesURI":null,"softDisabled":false,"foreignInstall":false,"hasBinaryComponents":false,"strictCompatibility":false,"locales":[],"targetApplications":[{"id":"{ec8030f7-c20a-464f-9b0e-13a3a9e97384}","minVersion":"52.0","maxVersion":"66.*"}],"targetPlatforms":[],"multiprocessCompatible":true,"seen":true,"dependencies":[],"hasEmbeddedWebExtension":false,"mpcOptedOut":false,"userPermissions":null,"icons":{},"iconURL":null,"icon64URL":null,"blocklistState":0,"blocklistURL":null,"startupData":null}
1535131555060	addons.manager	DEBUG	Registering startup change 'installed' for formautofill@mozilla.org
1535131555062	addons.xpi	DEBUG	Loading bootstrap scope from /usr/lib/firefox/browser/features/formautofill@mozilla.org.xpi
1535131555064	addons.xpi	DEBUG	Calling bootstrap method install on formautofill@mozilla.org version 1.0
1535131555064	addons.xpi-utils	DEBUG	Make addon app-system-defaults:formautofill@mozilla.org visible
1535131555064	addons.xpi	DEBUG	Updating XPIState for {"id":"formautofill@mozilla.org","syncGUID":"{739a7595-68f3-40b5-b143-5ed266c012a1}","location":"app-system-defaults","version":"1.0","type":"extension","internalName":null,"updateURL":null,"updateKey":null,"optionsURL":null,"optionsType":null,"aboutURL":null,"defaultLocale":{"name":"Form Autofill","description":"Autofill forms with saved profiles","creator":null,"homepageURL":null},"visible":true,"active":false,"userDisabled":false,"appDisabled":false,"installDate":1522183948000,"updateDate":1522183948000,"applyBackgroundUpdates":1,"bootstrap":true,"path":"/usr/lib/firefox/browser/features/formautofill@mozilla.org.xpi","skinnable":false,"size":457638,"sourceURI":null,"releaseNotesURI":null,"softDisabled":false,"foreignInstall":false,"hasBinaryComponents":false,"strictCompatibility":false,"locales":[],"targetApplications":[{"id":"{ec8030f7-c20a-464f-9b0e-13a3a9e97384}","minVersion":"59.0.2","maxVersion":"59.*"}],"targetPlatforms":[],"multiprocessCompatible":true,"seen":true,"dependencies":[],"hasEmbeddedWebExtension":false,"mpcOptedOut":false,"userPermissions":null,"icons":{},"iconURL":null,"icon64URL":null,"blocklistState":0,"blocklistURL":null,"startupData":null}
1535131555064	addons.manager	DEBUG	Registering startup change 'installed' for onboarding@mozilla.org
1535131555066	addons.xpi	DEBUG	Loading bootstrap scope from /usr/lib/firefox/browser/features/onboarding@mozilla.org.xpi
1535131555070	addons.xpi	DEBUG	Calling bootstrap method install on onboarding@mozilla.org version 1.0
1535131555070	addons.xpi-utils	DEBUG	Make addon app-system-defaults:onboarding@mozilla.org visible
1535131555070	addons.xpi	DEBUG	Updating XPIState for {"id":"onboarding@mozilla.org","syncGUID":"{cdfc2094-81bc-4a17-a47f-090c9025f756}","location":"app-system-defaults","version":"1.0","type":"extension","internalName":null,"updateURL":null,"updateKey":null,"optionsURL":null,"optionsType":null,"aboutURL":null,"defaultLocale":{"name":"Photon onboarding","description":"Photon onboarding","creator":null,"homepageURL":null},"visible":true,"active":false,"userDisabled":false,"appDisabled":false,"installDate":1522183948000,"updateDate":1522183948000,"applyBackgroundUpdates":1,"bootstrap":true,"path":"/usr/lib/firefox/browser/features/onboarding@mozilla.org.xpi","skinnable":false,"size":566884,"sourceURI":null,"releaseNotesURI":null,"softDisabled":false,"foreignInstall":false,"hasBinaryComponents":false,"strictCompatibility":false,"locales":[],"targetApplications":[{"id":"{ec8030f7-c20a-464f-9b0e-13a3a9e97384}","minVersion":"59.0.2","maxVersion":"59.*"}],"targetPlatforms":[],"multiprocessCompatible":true,"seen":true,"dependencies":[],"hasEmbeddedWebExtension":false,"mpcOptedOut":false,"userPermissions":null,"icons":{},"iconURL":null,"icon64URL":null,"blocklistState":0,"blocklistURL":null,"startupData":null}
1535131555070	addons.manager	DEBUG	Registering startup change 'installed' for screenshots@mozilla.org
1535131555070	addons.xpi	DEBUG	Loading bootstrap scope from /usr/lib/firefox/browser/features/screenshots@mozilla.org.xpi
1535131555074	addons.xpi	DEBUG	Calling bootstrap method install on screenshots@mozilla.org version 25.0.0
1535131555074	addons.xpi-utils	DEBUG	Make addon app-system-defaults:screenshots@mozilla.org visible
1535131555074	addons.xpi	DEBUG	Updating XPIState for {"id":"screenshots@mozilla.org","syncGUID":"{2f156a25-e689-442a-a45f-d1ad26791c5c}","location":"app-system-defaults","version":"25.0.0","type":"extension","internalName":null,"updateURL":null,"updateKey":null,"optionsURL":null,"optionsType":null,"aboutURL":null,"defaultLocale":{"name":"Firefox Screenshots","description":null,"creator":null,"homepageURL":"https://screenshots.firefox.com/"},"visible":true,"active":false,"userDisabled":false,"appDisabled":false,"installDate":1522183948000,"updateDate":1522183948000,"applyBackgroundUpdates":1,"bootstrap":true,"path":"/usr/lib/firefox/browser/features/screenshots@mozilla.org.xpi","skinnable":false,"size":994512,"sourceURI":null,"releaseNotesURI":null,"softDisabled":false,"foreignInstall":false,"hasBinaryComponents":false,"strictCompatibility":false,"locales":[],"targetApplications":[{"id":"{ec8030f7-c20a-464f-9b0e-13a3a9e97384}","minVersion":"57.0a1","maxVersion":"*"}],"targetPlatforms":[],"multiprocessCompatible":true,"seen":true,"dependencies":[],"hasEmbeddedWebExtension":false,"mpcOptedOut":false,"userPermissions":null,"icons":{},"iconURL":null,"icon64URL":null,"blocklistState":0,"blocklistURL":null,"startupData":null}
1535131555074	addons.manager	DEBUG	Registering startup change 'installed' for shield-recipe-client@mozilla.org
1535131555082	addons.xpi	DEBUG	Loading bootstrap scope from /usr/lib/firefox/browser/features/shield-recipe-client@mozilla.org.xpi
1535131555084	addons.xpi	DEBUG	Calling bootstrap method install on shield-recipe-client@mozilla.org version 80
1535131555086	addons.xpi-utils	DEBUG	Make addon app-system-defaults:shield-recipe-client@mozilla.org visible
1535131555086	addons.xpi	DEBUG	Updating XPIState for {"id":"shield-recipe-client@mozilla.org","syncGUID":"{4230c274-12c6-4575-93c8-c82b536b0302}","location":"app-system-defaults","version":"80","type":"extension","internalName":null,"updateURL":null,"updateKey":null,"optionsURL":null,"optionsType":null,"aboutURL":null,"defaultLocale":{"name":"Shield Recipe Client","description":"Client to download and run recipes for SHIELD, Heartbeat, etc.","creator":null,"homepageURL":null},"visible":true,"active":false,"userDisabled":false,"appDisabled":false,"installDate":1522183948000,"updateDate":1522183948000,"applyBackgroundUpdates":1,"bootstrap":true,"path":"/usr/lib/firefox/browser/features/shield-recipe-client@mozilla.org.xpi","skinnable":false,"size":365969,"sourceURI":null,"releaseNotesURI":null,"softDisabled":false,"foreignInstall":false,"hasBinaryComponents":false,"strictCompatibility":false,"locales":[],"targetApplications":[{"id":"{ec8030f7-c20a-464f-9b0e-13a3a9e97384}","minVersion":"59.0.2","maxVersion":"59.*"}],"targetPlatforms":[],"multiprocessCompatible":true,"seen":true,"dependencies":[],"hasEmbeddedWebExtension":false,"mpcOptedOut":false,"userPermissions":null,"icons":{},"iconURL":null,"icon64URL":null,"blocklistState":0,"blocklistURL":null,"startupData":null}
1535131555086	addons.manager	DEBUG	Registering startup change 'installed' for webcompat@mozilla.org
1535131555086	addons.xpi	DEBUG	Loading bootstrap scope from /usr/lib/firefox/browser/features/webcompat@mozilla.org.xpi
1535131555088	addons.xpi	DEBUG	Calling bootstrap method install on webcompat@mozilla.org version 1.1
1535131555088	addons.xpi-utils	DEBUG	Make addon app-system-defaults:webcompat@mozilla.org visible
1535131555090	addons.xpi	DEBUG	Updating XPIState for {"id":"webcompat@mozilla.org","syncGUID":"{2f01735d-d4ae-4aea-b359-c71c6256462e}","location":"app-system-defaults","version":"1.1","type":"extension","internalName":null,"updateURL":null,"updateKey":null,"optionsURL":null,"optionsType":null,"aboutURL":null,"defaultLocale":{"name":"Web Compat","description":"Urgent post-release fixes for web compatibility.","creator":null,"homepageURL":null},"visible":true,"active":false,"userDisabled":false,"appDisabled":false,"installDate":1522183948000,"updateDate":1522183948000,"applyBackgroundUpdates":1,"bootstrap":true,"path":"/usr/lib/firefox/browser/features/webcompat@mozilla.org.xpi","skinnable":false,"size":9268,"sourceURI":null,"releaseNotesURI":null,"softDisabled":false,"foreignInstall":false,"hasBinaryComponents":false,"strictCompatibility":false,"locales":[],"targetApplications":[{"id":"{ec8030f7-c20a-464f-9b0e-13a3a9e97384}","minVersion":"59.0.2","maxVersion":"59.*"}],"targetPlatforms":[],"multiprocessCompatible":true,"seen":true,"dependencies":[],"hasEmbeddedWebExtension":false,"mpcOptedOut":false,"userPermissions":null,"icons":{},"iconURL":null,"icon64URL":null,"blocklistState":0,"blocklistURL":null,"startupData":null}
1535131555090	addons.manager	DEBUG	Registering startup change 'installed' for langpack-en-ZA@firefox.mozilla.org
1535131555090	addons.manager	DEBUG	Registering startup change 'installed' for langpack-en-ZA@firefox.mozilla.org
1535131555090	addons.xpi	DEBUG	Loading bootstrap scope from /usr/lib/firefox/browser/extensions/langpack-en-ZA@firefox.mozilla.org.xpi
1535131555090	addons.xpi	DEBUG	Calling bootstrap method install on langpack-en-ZA@firefox.mozilla.org version 59.0.2
1535131555092	addons.xpi-utils	DEBUG	Make addon app-global:langpack-en-ZA@firefox.mozilla.org visible
1535131555092	addons.xpi	DEBUG	Updating XPIState for {"id":"langpack-en-ZA@firefox.mozilla.org","syncGUID":"{73ad48ca-d0be-4494-a5f4-bc11d28f7ebb}","location":"app-global","version":"59.0.2","type":"webextension-langpack","internalName":null,"updateURL":null,"updateKey":null,"optionsURL":null,"optionsType":null,"optionsBrowserStyle":true,"aboutURL":null,"defaultLocale":{"name":"English (South Africa) Language Pack","description":"Language pack for Firefox for en-ZA","creator":"Translate.org.za (contributors: Translate.org.za, Dwayne Bailey)","developers":null,"translators":null,"contributors":null},"visible":true,"active":false,"userDisabled":false,"appDisabled":false,"installDate":1522184308000,"updateDate":1522184308000,"applyBackgroundUpdates":1,"bootstrap":true,"path":"/usr/lib/firefox/browser/extensions/langpack-en-ZA@firefox.mozilla.org.xpi","skinnable":false,"size":1206572,"sourceURI":null,"releaseNotesURI":null,"softDisabled":false,"foreignInstall":true,"hasBinaryComponents":false,"strictCompatibility":true,"locales":[],"targetApplications":[{"id":"toolkit@mozilla.org","minVersion":"59.0.2","maxVersion":"59.*"}],"targetPlatforms":[],"multiprocessCompatible":true,"seen":true,"dependencies":[],"hasEmbeddedWebExtension":false,"userPermissions":null,"icons":{},"iconURL":null,"icon64URL":null,"blocklistState":0,"blocklistURL":null,"startupData":{"chromeEntries":[["locale","necko","en-ZA","chrome/en-ZA/locale/en-ZA/necko/"],["locale","pdf.js","en-ZA","browser/chrome/en-ZA/locale/pdfviewer/"],["locale","global","en-ZA","chrome/en-ZA/locale/en-ZA/global/"],["locale","onboarding","en-ZA","browser/features/onboarding@mozilla.org/en-ZA/locale/en-ZA/"],["locale","devtools","en-ZA","browser/chrome/en-ZA/locale/en-ZA/devtools/client/"],["locale","pipnss","en-ZA","chrome/en-ZA/locale/en-ZA/pipnss/"],["locale","devtools-shim","en-ZA","browser/chrome/en-ZA/locale/en-ZA/devtools/shim/"],["locale","alerts","en-ZA","chrome/en-ZA/locale/en-ZA/alerts/"],["locale","branding","en-ZA","browser/chrome/en-ZA/locale/branding/"],["locale","autoconfig","en-ZA","chrome/en-ZA/locale/en-ZA/autoconfig/"],["locale","devtools-shared","en-ZA","browser/chrome/en-ZA/locale/en-ZA/devtools/shared/"],["locale","global-platform","en-ZA","chrome/en-ZA/locale/en-ZA/global-platform/unix/"],["locale","browser-region","en-ZA","browser/chrome/en-ZA/locale/browser-region/"],["locale","mozapps","en-ZA","chrome/en-ZA/locale/en-ZA/mozapps/"],["locale","pluginproblem","en-ZA","chrome/en-ZA/locale/en-ZA/pluginproblem/"],["locale","formautofill","en-ZA","browser/features/formautofill@mozilla.org/en-ZA/locale/en-ZA/"],["locale","weave","en-ZA","chrome/en-ZA/locale/en-ZA/services/"],["locale","pocket","en-ZA","browser/features/firefox@getpocket.com/en-ZA/locale/en-ZA/"],["locale","places","en-ZA","chrome/en-ZA/locale/en-ZA/places/"],["locale","passwordmgr","en-ZA","chrome/en-ZA/locale/en-ZA/passwordmgr/"],["locale","pippki","en-ZA","chrome/en-ZA/locale/en-ZA/pippki/"],["locale","browser","en-ZA","browser/chrome/en-ZA/locale/browser/"]]}}
1535131555092	addons.manager	DEBUG	Registering startup change 'installed' for langpack-en-GB@firefox.mozilla.org
1535131555094	addons.manager	DEBUG	Registering startup change 'installed' for langpack-en-GB@firefox.mozilla.org
1535131555094	addons.xpi	DEBUG	Loading bootstrap scope from /usr/lib/firefox/browser/extensions/langpack-en-GB@firefox.mozilla.org.xpi
1535131555094	addons.xpi	DEBUG	Calling bootstrap method install on langpack-en-GB@firefox.mozilla.org version 59.0.2
1535131555096	addons.xpi-utils	DEBUG	Make addon app-global:langpack-en-GB@firefox.mozilla.org visible
1535131555096	addons.xpi	DEBUG	Updating XPIState for {"id":"langpack-en-GB@firefox.mozilla.org","syncGUID":"{47ccbf50-af52-43fd-94c5-c45f0f1bdb51}","location":"app-global","version":"59.0.2","type":"webextension-langpack","internalName":null,"updateURL":null,"updateKey":null,"optionsURL":null,"optionsType":null,"optionsBrowserStyle":true,"aboutURL":null,"defaultLocale":{"name":"English (GB) Language Pack","description":"Language pack for Firefox for en-GB","creator":"Mark Tyndall (contributors: David Bartlett, Constantine Murenin, Ian Neal)","developers":null,"translators":null,"contributors":null},"visible":true,"active":false,"userDisabled":false,"appDisabled":false,"installDate":1522184308000,"updateDate":1522184308000,"applyBackgroundUpdates":1,"bootstrap":true,"path":"/usr/lib/firefox/browser/extensions/langpack-en-GB@firefox.mozilla.org.xpi","skinnable":false,"size":1229648,"sourceURI":null,"releaseNotesURI":null,"softDisabled":false,"foreignInstall":true,"hasBinaryComponents":false,"strictCompatibility":true,"locales":[],"targetApplications":[{"id":"toolkit@mozilla.org","minVersion":"59.0.2","maxVersion":"59.*"}],"targetPlatforms":[],"multiprocessCompatible":true,"seen":true,"dependencies":[],"hasEmbeddedWebExtension":false,"userPermissions":null,"icons":{},"iconURL":null,"icon64URL":null,"blocklistState":0,"blocklistURL":null,"startupData":{"chromeEntries":[["locale","necko","en-GB","chrome/en-GB/locale/en-GB/necko/"],["locale","pdf.js","en-GB","browser/chrome/en-GB/locale/pdfviewer/"],["locale","global","en-GB","chrome/en-GB/locale/en-GB/global/"],["locale","onboarding","en-GB","browser/features/onboarding@mozilla.org/en-GB/locale/en-GB/"],["locale","devtools","en-GB","browser/chrome/en-GB/locale/en-GB/devtools/client/"],["locale","pipnss","en-GB","chrome/en-GB/locale/en-GB/pipnss/"],["locale","devtools-shim","en-GB","browser/chrome/en-GB/locale/en-GB/devtools/shim/"],["locale","alerts","en-GB","chrome/en-GB/locale/en-GB/alerts/"],["locale","branding","en-GB","browser/chrome/en-GB/locale/branding/"],["locale","autoconfig","en-GB","chrome/en-GB/locale/en-GB/autoconfig/"],["locale","devtools-shared","en-GB","browser/chrome/en-GB/locale/en-GB/devtools/shared/"],["locale","global-platform","en-GB","chrome/en-GB/locale/en-GB/global-platform/unix/"],["locale","browser-region","en-GB","browser/chrome/en-GB/locale/browser-region/"],["locale","mozapps","en-GB","chrome/en-GB/locale/en-GB/mozapps/"],["locale","pluginproblem","en-GB","chrome/en-GB/locale/en-GB/pluginproblem/"],["locale","formautofill","en-GB","browser/features/formautofill@mozilla.org/en-GB/locale/en-GB/"],["locale","weave","en-GB","chrome/en-GB/locale/en-GB/services/"],["locale","pocket","en-GB","browser/features/firefox@getpocket.com/en-GB/locale/en-GB/"],["locale","places","en-GB","chrome/en-GB/locale/en-GB/places/"],["locale","passwordmgr","en-GB","chrome/en-GB/locale/en-GB/passwordmgr/"],["locale","pippki","en-GB","chrome/en-GB/locale/en-GB/pippki/"],["locale","browser","en-GB","browser/chrome/en-GB/locale/browser/"]]}}
1535131555098	addons.xpi-utils	DEBUG	Make addon app-global:{972ce4c6-7e08-4474-a285-3208198ce6fd} visible
1535131555098	addons.xpi	DEBUG	Updating XPIState for {"id":"{972ce4c6-7e08-4474-a285-3208198ce6fd}","syncGUID":"{6c96f3c7-dc8e-4d80-acb1-aecac655f9e2}","location":"app-global","version":"59.0.2","type":"theme","internalName":"classic/1.0","updateURL":null,"updateKey":null,"optionsURL":null,"optionsType":null,"optionsBrowserStyle":null,"aboutURL":null,"defaultLocale":{"name":"Default","description":"The default theme.","creator":"Mozilla","homepageURL":null,"contributors":["Mozilla Contributors"]},"visible":true,"active":false,"userDisabled":false,"appDisabled":false,"installDate":1522183948000,"updateDate":1522183948000,"applyBackgroundUpdates":1,"path":"/usr/lib/firefox/browser/extensions/{972ce4c6-7e08-4474-a285-3208198ce6fd}.xpi","skinnable":true,"size":1907,"sourceURI":null,"releaseNotesURI":null,"softDisabled":false,"foreignInstall":false,"hasBinaryComponents":false,"strictCompatibility":true,"locales":[],"targetApplications":[{"id":"{ec8030f7-c20a-464f-9b0e-13a3a9e97384}","minVersion":"59.0.2","maxVersion":"59.0.2"}],"targetPlatforms":[],"seen":true,"dependencies":[],"hasEmbeddedWebExtension":false,"userPermissions":null,"icons":{},"iconURL":"chrome://browser/content/default-theme-icon.svg","icon64URL":null,"blocklistState":0,"blocklistURL":null,"startupData":null}
1535131555098	addons.xpi	DEBUG	Updating XPIState for {"id":"activity-stream@mozilla.org","syncGUID":"{766efc66-551b-48eb-8fc3-68753ec21aa6}","location":"app-system-defaults","version":"2018.02.17.0026-173e2795","type":"extension","internalName":null,"updateURL":null,"updateKey":null,"optionsURL":null,"optionsType":null,"aboutURL":null,"defaultLocale":{"name":"Activity Stream","description":"A rich visual history feed and a reimagined home page make it easier than ever to find exactly what you're looking for in Firefox.","creator":null,"homepageURL":null},"visible":true,"active":true,"userDisabled":false,"appDisabled":false,"installDate":1522183948000,"updateDate":1522183948000,"applyBackgroundUpdates":1,"bootstrap":true,"path":"/usr/lib/firefox/browser/features/activity-stream@mozilla.org.xpi","skinnable":false,"size":2766941,"sourceURI":null,"releaseNotesURI":null,"softDisabled":false,"foreignInstall":false,"hasBinaryComponents":false,"strictCompatibility":false,"locales":[],"targetApplications":[{"id":"{ec8030f7-c20a-464f-9b0e-13a3a9e97384}","minVersion":"59.0.2","maxVersion":"59.*"}],"targetPlatforms":[],"multiprocessCompatible":true,"seen":true,"dependencies":[],"hasEmbeddedWebExtension":false,"mpcOptedOut":false,"userPermissions":null,"icons":{},"iconURL":null,"icon64URL":null,"blocklistState":0,"blocklistURL":null,"startupData":null}
1535131555098	addons.xpi	DEBUG	Updating XPIState for {"id":"aushelper@mozilla.org","syncGUID":"{d4ef639f-2547-473a-98f7-ef35328e5615}","location":"app-system-defaults","version":"2.0","type":"extension","internalName":null,"updateURL":null,"updateKey":null,"optionsURL":null,"optionsType":null,"aboutURL":null,"defaultLocale":{"name":"Application Update Service Helper","description":"Sets value(s) in the update url based on custom checks.","creator":null,"homepageURL":null},"visible":true,"active":true,"userDisabled":false,"appDisabled":false,"installDate":1522183948000,"updateDate":1522183948000,"applyBackgroundUpdates":1,"bootstrap":true,"path":"/usr/lib/firefox/browser/features/aushelper@mozilla.org.xpi","skinnable":false,"size":8488,"sourceURI":null,"releaseNotesURI":null,"softDisabled":false,"foreignInstall":false,"hasBinaryComponents":false,"strictCompatibility":false,"locales":[],"targetApplications":[{"id":"{ec8030f7-c20a-464f-9b0e-13a3a9e97384}","minVersion":"59.0.2","maxVersion":"59.*"}],"targetPlatforms":[],"multiprocessCompatible":true,"seen":true,"dependencies":[],"hasEmbeddedWebExtension":false,"mpcOptedOut":false,"userPermissions":null,"icons":{},"iconURL":null,"icon64URL":null,"blocklistState":0,"blocklistURL":null,"startupData":null}
1535131555098	addons.xpi	DEBUG	Updating XPIState for {"id":"firefox@getpocket.com","syncGUID":"{19f64d1c-d803-4654-bb11-a5f08d29a494}","location":"app-system-defaults","version":"1.0.5","type":"extension","internalName":null,"updateURL":null,"updateKey":null,"optionsURL":null,"optionsType":null,"aboutURL":null,"defaultLocale":{"name":"Pocket","description":"When you find something you want to view later, put it in Pocket.","creator":null,"homepageURL":null},"visible":true,"active":true,"userDisabled":false,"appDisabled":false,"installDate":1522183948000,"updateDate":1522183948000,"applyBackgroundUpdates":1,"bootstrap":true,"path":"/usr/lib/firefox/browser/features/firefox@getpocket.com.xpi","skinnable":false,"size":909105,"sourceURI":null,"releaseNotesURI":null,"softDisabled":false,"foreignInstall":false,"hasBinaryComponents":false,"strictCompatibility":false,"locales":[],"targetApplications":[{"id":"{ec8030f7-c20a-464f-9b0e-13a3a9e97384}","minVersion":"59.0.2","maxVersion":"59.*"}],"targetPlatforms":[],"multiprocessCompatible":true,"seen":true,"dependencies":[],"hasEmbeddedWebExtension":false,"mpcOptedOut":false,"userPermissions":null,"icons":{},"iconURL":null,"icon64URL":null,"blocklistState":0,"blocklistURL":null,"startupData":null}
1535131555100	addons.xpi	DEBUG	Updating XPIState for {"id":"followonsearch@mozilla.com","syncGUID":"{e8d142dc-fc8b-43fc-9b32-a87144ca56ac}","location":"app-system-defaults","version":"0.9.6","type":"extension","internalName":null,"updateURL":null,"updateKey":null,"optionsURL":null,"optionsType":null,"aboutURL":null,"defaultLocale":{"name":"Follow-on Search Telemetry","description":null,"creator":null,"homepageURL":null},"visible":true,"active":true,"userDisabled":false,"appDisabled":false,"installDate":1522183948000,"updateDate":1522183948000,"applyBackgroundUpdates":1,"bootstrap":true,"path":"/usr/lib/firefox/browser/features/followonsearch@mozilla.com.xpi","skinnable":false,"size":18625,"sourceURI":null,"releaseNotesURI":null,"softDisabled":false,"foreignInstall":false,"hasBinaryComponents":false,"strictCompatibility":false,"locales":[],"targetApplications":[{"id":"{ec8030f7-c20a-464f-9b0e-13a3a9e97384}","minVersion":"52.0","maxVersion":"66.*"}],"targetPlatforms":[],"multiprocessCompatible":true,"seen":true,"dependencies":[],"hasEmbeddedWebExtension":false,"mpcOptedOut":false,"userPermissions":null,"icons":{},"iconURL":null,"icon64URL":null,"blocklistState":0,"blocklistURL":null,"startupData":null}
1535131555100	addons.xpi	DEBUG	Updating XPIState for {"id":"formautofill@mozilla.org","syncGUID":"{739a7595-68f3-40b5-b143-5ed266c012a1}","location":"app-system-defaults","version":"1.0","type":"extension","internalName":null,"updateURL":null,"updateKey":null,"optionsURL":null,"optionsType":null,"aboutURL":null,"defaultLocale":{"name":"Form Autofill","description":"Autofill forms with saved profiles","creator":null,"homepageURL":null},"visible":true,"active":true,"userDisabled":false,"appDisabled":false,"installDate":1522183948000,"updateDate":1522183948000,"applyBackgroundUpdates":1,"bootstrap":true,"path":"/usr/lib/firefox/browser/features/formautofill@mozilla.org.xpi","skinnable":false,"size":457638,"sourceURI":null,"releaseNotesURI":null,"softDisabled":false,"foreignInstall":false,"hasBinaryComponents":false,"strictCompatibility":false,"locales":[],"targetApplications":[{"id":"{ec8030f7-c20a-464f-9b0e-13a3a9e97384}","minVersion":"59.0.2","maxVersion":"59.*"}],"targetPlatforms":[],"multiprocessCompatible":true,"seen":true,"dependencies":[],"hasEmbeddedWebExtension":false,"mpcOptedOut":false,"userPermissions":null,"icons":{},"iconURL":null,"icon64URL":null,"blocklistState":0,"blocklistURL":null,"startupData":null}
1535131555100	addons.xpi	DEBUG	Updating XPIState for {"id":"onboarding@mozilla.org","syncGUID":"{cdfc2094-81bc-4a17-a47f-090c9025f756}","location":"app-system-defaults","version":"1.0","type":"extension","internalName":null,"updateURL":null,"updateKey":null,"optionsURL":null,"optionsType":null,"aboutURL":null,"defaultLocale":{"name":"Photon onboarding","description":"Photon onboarding","creator":null,"homepageURL":null},"visible":true,"active":true,"userDisabled":false,"appDisabled":false,"installDate":1522183948000,"updateDate":1522183948000,"applyBackgroundUpdates":1,"bootstrap":true,"path":"/usr/lib/firefox/browser/features/onboarding@mozilla.org.xpi","skinnable":false,"size":566884,"sourceURI":null,"releaseNotesURI":null,"softDisabled":false,"foreignInstall":false,"hasBinaryComponents":false,"strictCompatibility":false,"locales":[],"targetApplications":[{"id":"{ec8030f7-c20a-464f-9b0e-13a3a9e97384}","minVersion":"59.0.2","maxVersion":"59.*"}],"targetPlatforms":[],"multiprocessCompatible":true,"seen":true,"dependencies":[],"hasEmbeddedWebExtension":false,"mpcOptedOut":false,"userPermissions":null,"icons":{},"iconURL":null,"icon64URL":null,"blocklistState":0,"blocklistURL":null,"startupData":null}
1535131555100	addons.xpi	DEBUG	Updating XPIState for {"id":"screenshots@mozilla.org","syncGUID":"{2f156a25-e689-442a-a45f-d1ad26791c5c}","location":"app-system-defaults","version":"25.0.0","type":"extension","internalName":null,"updateURL":null,"updateKey":null,"optionsURL":null,"optionsType":null,"aboutURL":null,"defaultLocale":{"name":"Firefox Screenshots","description":null,"creator":null,"homepageURL":"https://screenshots.firefox.com/"},"visible":true,"active":true,"userDisabled":false,"appDisabled":false,"installDate":1522183948000,"updateDate":1522183948000,"applyBackgroundUpdates":1,"bootstrap":true,"path":"/usr/lib/firefox/browser/features/screenshots@mozilla.org.xpi","skinnable":false,"size":994512,"sourceURI":null,"releaseNotesURI":null,"softDisabled":false,"foreignInstall":false,"hasBinaryComponents":false,"strictCompatibility":false,"locales":[],"targetApplications":[{"id":"{ec8030f7-c20a-464f-9b0e-13a3a9e97384}","minVersion":"57.0a1","maxVersion":"*"}],"targetPlatforms":[],"multiprocessCompatible":true,"seen":true,"dependencies":[],"hasEmbeddedWebExtension":false,"mpcOptedOut":false,"userPermissions":null,"icons":{},"iconURL":null,"icon64URL":null,"blocklistState":0,"blocklistURL":null,"startupData":null}
1535131555100	addons.xpi	DEBUG	Updating XPIState for {"id":"shield-recipe-client@mozilla.org","syncGUID":"{4230c274-12c6-4575-93c8-c82b536b0302}","location":"app-system-defaults","version":"80","type":"extension","internalName":null,"updateURL":null,"updateKey":null,"optionsURL":null,"optionsType":null,"aboutURL":null,"defaultLocale":{"name":"Shield Recipe Client","description":"Client to download and run recipes for SHIELD, Heartbeat, etc.","creator":null,"homepageURL":null},"visible":true,"active":true,"userDisabled":false,"appDisabled":false,"installDate":1522183948000,"updateDate":1522183948000,"applyBackgroundUpdates":1,"bootstrap":true,"path":"/usr/lib/firefox/browser/features/shield-recipe-client@mozilla.org.xpi","skinnable":false,"size":365969,"sourceURI":null,"releaseNotesURI":null,"softDisabled":false,"foreignInstall":false,"hasBinaryComponents":false,"strictCompatibility":false,"locales":[],"targetApplications":[{"id":"{ec8030f7-c20a-464f-9b0e-13a3a9e97384}","minVersion":"59.0.2","maxVersion":"59.*"}],"targetPlatforms":[],"multiprocessCompatible":true,"seen":true,"dependencies":[],"hasEmbeddedWebExtension":false,"mpcOptedOut":false,"userPermissions":null,"icons":{},"iconURL":null,"icon64URL":null,"blocklistState":0,"blocklistURL":null,"startupData":null}
1535131555100	addons.xpi	DEBUG	Updating XPIState for {"id":"webcompat@mozilla.org","syncGUID":"{2f01735d-d4ae-4aea-b359-c71c6256462e}","location":"app-system-defaults","version":"1.1","type":"extension","internalName":null,"updateURL":null,"updateKey":null,"optionsURL":null,"optionsType":null,"aboutURL":null,"defaultLocale":{"name":"Web Compat","description":"Urgent post-release fixes for web compatibility.","creator":null,"homepageURL":null},"visible":true,"active":true,"userDisabled":false,"appDisabled":false,"installDate":1522183948000,"updateDate":1522183948000,"applyBackgroundUpdates":1,"bootstrap":true,"path":"/usr/lib/firefox/browser/features/webcompat@mozilla.org.xpi","skinnable":false,"size":9268,"sourceURI":null,"releaseNotesURI":null,"softDisabled":false,"foreignInstall":false,"hasBinaryComponents":false,"strictCompatibility":false,"locales":[],"targetApplications":[{"id":"{ec8030f7-c20a-464f-9b0e-13a3a9e97384}","minVersion":"59.0.2","maxVersion":"59.*"}],"targetPlatforms":[],"multiprocessCompatible":true,"seen":true,"dependencies":[],"hasEmbeddedWebExtension":false,"mpcOptedOut":false,"userPermissions":null,"icons":{},"iconURL":null,"icon64URL":null,"blocklistState":0,"blocklistURL":null,"startupData":null}
1535131555100	addons.xpi	DEBUG	Updating XPIState for {"id":"langpack-en-ZA@firefox.mozilla.org","syncGUID":"{73ad48ca-d0be-4494-a5f4-bc11d28f7ebb}","location":"app-global","version":"59.0.2","type":"webextension-langpack","internalName":null,"updateURL":null,"updateKey":null,"optionsURL":null,"optionsType":null,"optionsBrowserStyle":true,"aboutURL":null,"defaultLocale":{"name":"English (South Africa) Language Pack","description":"Language pack for Firefox for en-ZA","creator":"Translate.org.za (contributors: Translate.org.za, Dwayne Bailey)","developers":null,"translators":null,"contributors":null},"visible":true,"active":true,"userDisabled":false,"appDisabled":false,"installDate":1522184308000,"updateDate":1522184308000,"applyBackgroundUpdates":1,"bootstrap":true,"path":"/usr/lib/firefox/browser/extensions/langpack-en-ZA@firefox.mozilla.org.xpi","skinnable":false,"size":1206572,"sourceURI":null,"releaseNotesURI":null,"softDisabled":false,"foreignInstall":true,"hasBinaryComponents":false,"strictCompatibility":true,"locales":[],"targetApplications":[{"id":"toolkit@mozilla.org","minVersion":"59.0.2","maxVersion":"59.*"}],"targetPlatforms":[],"multiprocessCompatible":true,"seen":true,"dependencies":[],"hasEmbeddedWebExtension":false,"userPermissions":null,"icons":{},"iconURL":null,"icon64URL":null,"blocklistState":0,"blocklistURL":null,"startupData":{"chromeEntries":[["locale","necko","en-ZA","chrome/en-ZA/locale/en-ZA/necko/"],["locale","pdf.js","en-ZA","browser/chrome/en-ZA/locale/pdfviewer/"],["locale","global","en-ZA","chrome/en-ZA/locale/en-ZA/global/"],["locale","onboarding","en-ZA","browser/features/onboarding@mozilla.org/en-ZA/locale/en-ZA/"],["locale","devtools","en-ZA","browser/chrome/en-ZA/locale/en-ZA/devtools/client/"],["locale","pipnss","en-ZA","chrome/en-ZA/locale/en-ZA/pipnss/"],["locale","devtools-shim","en-ZA","browser/chrome/en-ZA/locale/en-ZA/devtools/shim/"],["locale","alerts","en-ZA","chrome/en-ZA/locale/en-ZA/alerts/"],["locale","branding","en-ZA","browser/chrome/en-ZA/locale/branding/"],["locale","autoconfig","en-ZA","chrome/en-ZA/locale/en-ZA/autoconfig/"],["locale","devtools-shared","en-ZA","browser/chrome/en-ZA/locale/en-ZA/devtools/shared/"],["locale","global-platform","en-ZA","chrome/en-ZA/locale/en-ZA/global-platform/unix/"],["locale","browser-region","en-ZA","browser/chrome/en-ZA/locale/browser-region/"],["locale","mozapps","en-ZA","chrome/en-ZA/locale/en-ZA/mozapps/"],["locale","pluginproblem","en-ZA","chrome/en-ZA/locale/en-ZA/pluginproblem/"],["locale","formautofill","en-ZA","browser/features/formautofill@mozilla.org/en-ZA/locale/en-ZA/"],["locale","weave","en-ZA","chrome/en-ZA/locale/en-ZA/services/"],["locale","pocket","en-ZA","browser/features/firefox@getpocket.com/en-ZA/locale/en-ZA/"],["locale","places","en-ZA","chrome/en-ZA/locale/en-ZA/places/"],["locale","passwordmgr","en-ZA","chrome/en-ZA/locale/en-ZA/passwordmgr/"],["locale","pippki","en-ZA","chrome/en-ZA/locale/en-ZA/pippki/"],["locale","browser","en-ZA","browser/chrome/en-ZA/locale/browser/"]]}}
1535131555100	addons.xpi	DEBUG	Updating XPIState for {"id":"langpack-en-GB@firefox.mozilla.org","syncGUID":"{47ccbf50-af52-43fd-94c5-c45f0f1bdb51}","location":"app-global","version":"59.0.2","type":"webextension-langpack","internalName":null,"updateURL":null,"updateKey":null,"optionsURL":null,"optionsType":null,"optionsBrowserStyle":true,"aboutURL":null,"defaultLocale":{"name":"English (GB) Language Pack","description":"Language pack for Firefox for en-GB","creator":"Mark Tyndall (contributors: David Bartlett, Constantine Murenin, Ian Neal)","developers":null,"translators":null,"contributors":null},"visible":true,"active":true,"userDisabled":false,"appDisabled":false,"installDate":1522184308000,"updateDate":1522184308000,"applyBackgroundUpdates":1,"bootstrap":true,"path":"/usr/lib/firefox/browser/extensions/langpack-en-GB@firefox.mozilla.org.xpi","skinnable":false,"size":1229648,"sourceURI":null,"releaseNotesURI":null,"softDisabled":false,"foreignInstall":true,"hasBinaryComponents":false,"strictCompatibility":true,"locales":[],"targetApplications":[{"id":"toolkit@mozilla.org","minVersion":"59.0.2","maxVersion":"59.*"}],"targetPlatforms":[],"multiprocessCompatible":true,"seen":true,"dependencies":[],"hasEmbeddedWebExtension":false,"userPermissions":null,"icons":{},"iconURL":null,"icon64URL":null,"blocklistState":0,"blocklistURL":null,"startupData":{"chromeEntries":[["locale","necko","en-GB","chrome/en-GB/locale/en-GB/necko/"],["locale","pdf.js","en-GB","browser/chrome/en-GB/locale/pdfviewer/"],["locale","global","en-GB","chrome/en-GB/locale/en-GB/global/"],["locale","onboarding","en-GB","browser/features/onboarding@mozilla.org/en-GB/locale/en-GB/"],["locale","devtools","en-GB","browser/chrome/en-GB/locale/en-GB/devtools/client/"],["locale","pipnss","en-GB","chrome/en-GB/locale/en-GB/pipnss/"],["locale","devtools-shim","en-GB","browser/chrome/en-GB/locale/en-GB/devtools/shim/"],["locale","alerts","en-GB","chrome/en-GB/locale/en-GB/alerts/"],["locale","branding","en-GB","browser/chrome/en-GB/locale/branding/"],["locale","autoconfig","en-GB","chrome/en-GB/locale/en-GB/autoconfig/"],["locale","devtools-shared","en-GB","browser/chrome/en-GB/locale/en-GB/devtools/shared/"],["locale","global-platform","en-GB","chrome/en-GB/locale/en-GB/global-platform/unix/"],["locale","browser-region","en-GB","browser/chrome/en-GB/locale/browser-region/"],["locale","mozapps","en-GB","chrome/en-GB/locale/en-GB/mozapps/"],["locale","pluginproblem","en-GB","chrome/en-GB/locale/en-GB/pluginproblem/"],["locale","formautofill","en-GB","browser/features/formautofill@mozilla.org/en-GB/locale/en-GB/"],["locale","weave","en-GB","chrome/en-GB/locale/en-GB/services/"],["locale","pocket","en-GB","browser/features/firefox@getpocket.com/en-GB/locale/en-GB/"],["locale","places","en-GB","chrome/en-GB/locale/en-GB/places/"],["locale","passwordmgr","en-GB","chrome/en-GB/locale/en-GB/passwordmgr/"],["locale","pippki","en-GB","chrome/en-GB/locale/en-GB/pippki/"],["locale","browser","en-GB","browser/chrome/en-GB/locale/browser/"]]}}
1535131555100	addons.xpi	DEBUG	Updating XPIState for {"id":"{972ce4c6-7e08-4474-a285-3208198ce6fd}","syncGUID":"{6c96f3c7-dc8e-4d80-acb1-aecac655f9e2}","location":"app-global","version":"59.0.2","type":"theme","internalName":"classic/1.0","updateURL":null,"updateKey":null,"optionsURL":null,"optionsType":null,"optionsBrowserStyle":null,"aboutURL":null,"defaultLocale":{"name":"Default","description":"The default theme.","creator":"Mozilla","homepageURL":null,"contributors":["Mozilla Contributors"]},"visible":true,"active":true,"userDisabled":false,"appDisabled":false,"installDate":1522183948000,"updateDate":1522183948000,"applyBackgroundUpdates":1,"path":"/usr/lib/firefox/browser/extensions/{972ce4c6-7e08-4474-a285-3208198ce6fd}.xpi","skinnable":true,"size":1907,"sourceURI":null,"releaseNotesURI":null,"softDisabled":false,"foreignInstall":false,"hasBinaryComponents":false,"strictCompatibility":true,"locales":[],"targetApplications":[{"id":"{ec8030f7-c20a-464f-9b0e-13a3a9e97384}","minVersion":"59.0.2","maxVersion":"59.0.2"}],"targetPlatforms":[],"seen":true,"dependencies":[],"hasEmbeddedWebExtension":false,"userPermissions":null,"icons":{},"iconURL":"chrome://browser/content/default-theme-icon.svg","icon64URL":null,"blocklistState":0,"blocklistURL":null,"startupData":null}
1535131555100	addons.xpi	DEBUG	Updating database with changes to installed add-ons
1535131555100	addons.xpi-utils	DEBUG	Updating add-on states
1535131555108	addons.xpi	DEBUG	Registering manifest for /usr/lib/firefox/browser/features/activity-stream@mozilla.org.xpi
1535131555108	addons.xpi	DEBUG	Calling bootstrap method startup on activity-stream@mozilla.org version 2018.02.17.0026-173e2795
1535131555110	addons.xpi	DEBUG	Registering manifest for /usr/lib/firefox/browser/features/aushelper@mozilla.org.xpi
1535131555110	addons.xpi	DEBUG	Calling bootstrap method startup on aushelper@mozilla.org version 2.0
1535131555110	addons.xpi	DEBUG	Registering manifest for /usr/lib/firefox/browser/features/firefox@getpocket.com.xpi
1535131555110	addons.xpi	DEBUG	Calling bootstrap method startup on firefox@getpocket.com version 1.0.5
1535131555156	addons.xpi	DEBUG	Registering manifest for /usr/lib/firefox/browser/features/followonsearch@mozilla.com.xpi
1535131555156	addons.xpi	DEBUG	Calling bootstrap method startup on followonsearch@mozilla.com version 0.9.6
1535131555156	addons.xpi	DEBUG	Registering manifest for /usr/lib/firefox/browser/features/formautofill@mozilla.org.xpi
1535131555156	addons.xpi	DEBUG	Calling bootstrap method startup on formautofill@mozilla.org version 1.0
1535131555158	addons.xpi	DEBUG	Calling bootstrap method startup on langpack-en-GB@firefox.mozilla.org version 59.0.2
1535131555158	addons.xpi	DEBUG	Calling bootstrap method startup on langpack-en-ZA@firefox.mozilla.org version 59.0.2
1535131555158	addons.xpi	DEBUG	Registering manifest for /usr/lib/firefox/browser/features/onboarding@mozilla.org.xpi
1535131555160	addons.xpi	DEBUG	Calling bootstrap method startup on onboarding@mozilla.org version 1.0
1535131555160	addons.xpi	DEBUG	Registering manifest for /usr/lib/firefox/browser/features/screenshots@mozilla.org.xpi
1535131555160	addons.xpi	DEBUG	Calling bootstrap method startup on screenshots@mozilla.org version 25.0.0
1535131555160	addons.xpi	DEBUG	Registering manifest for /usr/lib/firefox/browser/features/shield-recipe-client@mozilla.org.xpi
1535131555162	addons.xpi	DEBUG	Calling bootstrap method startup on shield-recipe-client@mozilla.org version 80
1535131555180	addons.xpi	DEBUG	Registering manifest for /usr/lib/firefox/browser/features/webcompat@mozilla.org.xpi
1535131555180	addons.xpi	DEBUG	Calling bootstrap method startup on webcompat@mozilla.org version 1.1
1535131555182	addons.manager	DEBUG	Registering shutdown blocker for XPIProvider
1535131555182	addons.manager	DEBUG	Provider finished startup: XPIProvider
1535131555182	addons.manager	DEBUG	Starting provider: LightweightThemeManager
1535131555182	addons.manager	DEBUG	Registering shutdown blocker for LightweightThemeManager
1535131555182	addons.manager	DEBUG	Provider finished startup: LightweightThemeManager
1535131555182	addons.manager	DEBUG	Starting provider: GMPProvider
1535131555200	addons.manager	DEBUG	Registering shutdown blocker for GMPProvider
1535131555200	addons.manager	DEBUG	Provider finished startup: GMPProvider
1535131555200	addons.manager	DEBUG	Starting provider: PluginProvider
1535131555200	addons.manager	DEBUG	Registering shutdown blocker for PluginProvider
1535131555202	addons.manager	DEBUG	Provider finished startup: PluginProvider
1535131555202	addons.manager	DEBUG	Completed startup sequence
1535131556088	Marionette	INFO	Enabled via --marionette
1535131557184	addons.manager	DEBUG	Starting provider: PreviousExperimentProvider
1535131557184	addons.manager	DEBUG	Registering shutdown blocker for PreviousExperimentProvider
1535131557184	addons.manager	DEBUG	Provider finished startup: PreviousExperimentProvider
1535131561048	addons.xpi-utils	DEBUG	XPI Database saved, setting schema version preference to 24
1535131563482	addons.xpi	INFO	Mapping activity-stream@mozilla.org to /usr/lib/firefox/browser/features/activity-stream@mozilla.org.xpi
1535131563482	addons.xpi	INFO	Mapping aushelper@mozilla.org to /usr/lib/firefox/browser/features/aushelper@mozilla.org.xpi
1535131563482	addons.xpi	INFO	Mapping firefox@getpocket.com to /usr/lib/firefox/browser/features/firefox@getpocket.com.xpi
1535131563482	addons.xpi	INFO	Mapping followonsearch@mozilla.com to /usr/lib/firefox/browser/features/followonsearch@mozilla.com.xpi
1535131563482	addons.xpi	INFO	Mapping formautofill@mozilla.org to /usr/lib/firefox/browser/features/formautofill@mozilla.org.xpi
1535131563482	addons.xpi	INFO	Mapping onboarding@mozilla.org to /usr/lib/firefox/browser/features/onboarding@mozilla.org.xpi
1535131563482	addons.xpi	INFO	Mapping screenshots@mozilla.org to /usr/lib/firefox/browser/features/screenshots@mozilla.org.xpi
1535131563484	addons.xpi	INFO	Mapping shield-recipe-client@mozilla.org to /usr/lib/firefox/browser/features/shield-recipe-client@mozilla.org.xpi
1535131563484	addons.xpi	INFO	Mapping webcompat@mozilla.org to /usr/lib/firefox/browser/features/webcompat@mozilla.org.xpi
1535131563484	addons.xpi	DEBUG	Existing add-on activity-stream@mozilla.org in app-system-defaults
1535131563484	addons.xpi	DEBUG	Existing add-on aushelper@mozilla.org in app-system-defaults
1535131563484	addons.xpi	DEBUG	Existing add-on firefox@getpocket.com in app-system-defaults
1535131563484	addons.xpi	DEBUG	Existing add-on followonsearch@mozilla.com in app-system-defaults
1535131563484	addons.xpi	DEBUG	Existing add-on formautofill@mozilla.org in app-system-defaults
1535131563484	addons.xpi	DEBUG	Existing add-on onboarding@mozilla.org in app-system-defaults
1535131563486	addons.xpi	DEBUG	Existing add-on screenshots@mozilla.org in app-system-defaults
1535131563486	addons.xpi	DEBUG	Existing add-on shield-recipe-client@mozilla.org in app-system-defaults
1535131563486	addons.xpi	DEBUG	Existing add-on webcompat@mozilla.org in app-system-defaults
1535131563486	addons.xpi	INFO	Mapping langpack-en-ZA@firefox.mozilla.org to /usr/lib/firefox/browser/extensions/langpack-en-ZA@firefox.mozilla.org.xpi
1535131563486	addons.xpi	INFO	Mapping langpack-en-GB@firefox.mozilla.org to /usr/lib/firefox/browser/extensions/langpack-en-GB@firefox.mozilla.org.xpi
1535131563486	addons.xpi	INFO	Mapping {972ce4c6-7e08-4474-a285-3208198ce6fd} to /usr/lib/firefox/browser/extensions/{972ce4c6-7e08-4474-a285-3208198ce6fd}.xpi
1535131563486	addons.xpi	DEBUG	Existing add-on langpack-en-ZA@firefox.mozilla.org in app-global
1535131563486	addons.xpi	DEBUG	Existing add-on langpack-en-GB@firefox.mozilla.org in app-global
1535131563488	addons.xpi	DEBUG	Existing add-on {972ce4c6-7e08-4474-a285-3208198ce6fd} in app-global
1535131563488	addons.xpi	DEBUG	getInstallState changed: false, state: {}
1535131563978	Marionette	INFO	Listening on port 39779
1535131564576	Marionette	WARN	TLS certificate errors will be ignored for this session
ago 24, 2018 2:26:05 PM org.openqa.selenium.remote.ProtocolHandshake createSession
INFORMAÇÕES: Detected dialect: W3C

(firefox:27889): GLib-GObject-WARNING **: /build/glib2.0-prJhLS/glib2.0-2.48.2/./gobject/gsignal.c:3486: signal name 'selection_changed' is invalid for instance '0x7f064d0daf10' of type 'MaiAtkType139'

(firefox:27889): GLib-GObject-WARNING **: /build/glib2.0-prJhLS/glib2.0-2.48.2/./gobject/gsignal.c:3486: signal name 'selection_changed' is invalid for instance '0x7f064d19cce0' of type 'MaiAtkType139'

(firefox:27889): GLib-GObject-WARNING **: /build/glib2.0-prJhLS/glib2.0-2.48.2/./gobject/gsignal.c:3486: signal name 'selection_changed' is invalid for instance '0x7f064d1e6fb0' of type 'MaiAtkType139'

(/usr/lib/firefox/firefox:27940): dconf-WARNING **: Unable to open /var/lib/snapd/desktop/dconf/profile/user: Permission denied

(firefox:27889): GLib-GObject-WARNING **: /build/glib2.0-prJhLS/glib2.0-2.48.2/./gobject/gsignal.c:3486: signal name 'selection_changed' is invalid for instance '0x7f064d51b6f0' of type 'MaiAtkType139'
1535131582320	addons.productaddons	INFO	sending request to: https://aus5.mozilla.org/update/3/GMP/59.0.2/20180327185825/Linux_x86_64-gcc3/null/release-cck- âmintâ/Linux%204.8.0-53-generic%20(GTK%203.18.9%2Clibpulse%208.0.0)/mint/1.0/update.xml
1535131584416	addons.productaddons	INFO	Completed downloading document
1535131585918	addons.productaddons	INFO	downloadXHR File download. status=200
1535131585922	addons.productaddons	INFO	Downloaded file will be saved to /tmp/tmpaddon-3a6eeb

(firefox:27889): GLib-GObject-WARNING **: /build/glib2.0-prJhLS/glib2.0-2.48.2/./gobject/gsignal.c:3486: signal name 'selection_changed' is invalid for instance '0x7f064d5f4600' of type 'MaiAtkType139'

(firefox:27889): GLib-GObject-WARNING **: /build/glib2.0-prJhLS/glib2.0-2.48.2/./gobject/gsignal.c:3486: signal name 'selection_changed' is invalid for instance '0x7f064d5f4600' of type 'MaiAtkType139'

(firefox:27889): GLib-GObject-WARNING **: /build/glib2.0-prJhLS/glib2.0-2.48.2/./gobject/gsignal.c:3486: signal name 'load_complete' is invalid for instance '0x7f06513a0150' of type 'MaiAtkType13b'

(firefox:27889): GLib-GObject-WARNING **: /build/glib2.0-prJhLS/glib2.0-2.48.2/./gobject/gsignal.c:3486: signal name 'selection_changed' is invalid for instance '0x7f06513a0150' of type 'MaiAtkType13b'

(firefox:27889): GLib-GObject-WARNING **: /build/glib2.0-prJhLS/glib2.0-2.48.2/./gobject/gsignal.c:3486: signal name 'selection_changed' is invalid for instance '0x7f064f0d1420' of type 'MaiAtkType139'

(firefox:27889): GLib-GObject-WARNING **: /build/glib2.0-prJhLS/glib2.0-2.48.2/./gobject/gsignal.c:3486: signal name 'selection_changed' is invalid for instance '0x7f064f0d1420' of type 'MaiAtkType139'

(firefox:27889): GLib-GObject-WARNING **: /build/glib2.0-prJhLS/glib2.0-2.48.2/./gobject/gsignal.c:3486: signal name 'load_complete' is invalid for instance '0x7f065b32a100' of type 'MaiAtkType13b'

(firefox:27889): GLib-GObject-WARNING **: /build/glib2.0-prJhLS/glib2.0-2.48.2/./gobject/gsignal.c:3486: signal name 'selection_changed' is invalid for instance '0x7f065b32a100' of type 'MaiAtkType13b'

(firefox:27889): GLib-GObject-WARNING **: /build/glib2.0-prJhLS/glib2.0-2.48.2/./gobject/gsignal.c:3486: signal name 'selection_changed' is invalid for instance '0x7f065b32a880' of type 'MaiAtkType139'

(firefox:27889): GLib-GObject-WARNING **: /build/glib2.0-prJhLS/glib2.0-2.48.2/./gobject/gsignal.c:3486: signal name 'load_complete' is invalid for instance '0x7f065d3fe560' of type 'MaiAtkType13b'

(firefox:27889): GLib-GObject-WARNING **: /build/glib2.0-prJhLS/glib2.0-2.48.2/./gobject/gsignal.c:3486: signal name 'selection_changed' is invalid for instance '0x7f064d8d8790' of type 'MaiAtkType139'
1535131620998	addons.xpi	DEBUG	Calling bootstrap method shutdown on webcompat@mozilla.org version 1.1
1535131620998	addons.xpi	DEBUG	Calling bootstrap method shutdown on shield-recipe-client@mozilla.org version 80
1535131621000	addons.xpi	DEBUG	Calling bootstrap method shutdown on screenshots@mozilla.org version 25.0.0
1535131621010	addons.xpi	DEBUG	Calling bootstrap method shutdown on onboarding@mozilla.org version 1.0
1535131621012	addons.xpi	DEBUG	Calling bootstrap method shutdown on langpack-en-ZA@firefox.mozilla.org version 59.0.2
1535131621066	addons.xpi	DEBUG	Calling bootstrap method shutdown on langpack-en-GB@firefox.mozilla.org version 59.0.2
1535131621070	addons.xpi	DEBUG	Calling bootstrap method shutdown on formautofill@mozilla.org version 1.0
1535131621070	addons.xpi	DEBUG	Calling bootstrap method shutdown on followonsearch@mozilla.com version 0.9.6
1535131621070	addons.xpi	DEBUG	Calling bootstrap method shutdown on firefox@getpocket.com version 1.0.5
1535131621072	addons.xpi	DEBUG	Calling bootstrap method shutdown on aushelper@mozilla.org version 2.0
1535131621072	addons.xpi	DEBUG	Calling bootstrap method shutdown on activity-stream@mozilla.org version 2018.02.17.0026-173e2795
1535131621202	addons.manager	DEBUG	shutdown
1535131621202	addons.manager	DEBUG	Calling shutdown blocker for XPIProvider
1535131621202	addons.xpi	DEBUG	shutdown
1535131621202	addons.xpi-utils	DEBUG	shutdown
1535131621202	addons.manager	DEBUG	Calling shutdown blocker for LightweightThemeManager
1535131621204	addons.manager	DEBUG	Calling shutdown blocker for GMPProvider
1535131621204	addons.manager	DEBUG	Calling shutdown blocker for PluginProvider
1535131621204	addons.manager	DEBUG	Calling shutdown blocker for PreviousExperimentProvider
1535131621210	addons.manager	DEBUG	Async provider shutdown done
[pool-85-thread-1] ERROR net.serenitybdd.core.Serenity - &amp#27;[91m
           __  _____ _____ ____ _____   _____ _    ___ _     _____ ____  
  _       / / |_   _| ____/ ___|_   _| |  ___/ \  |_ _| |   | ____|  _ \ 
 (_)_____| |    | | |  _| \___ \ | |   | |_ / _ \  | || |   |  _| | | | |
  _|_____| |    | | | |___ ___) || |   |  _/ ___ \ | || |___| |___| |_| |
 (_)     | |    |_| |_____|____/ |_|   |_|/_/   \_\___|_____|_____|____/ 
          \_\                                                            

TEST FAILED WITH ERROR: Elaborar um pedido de KIT com promoção e empenho em DEPOSITO/NORMAL pagamento a vista
---------------------------------------------------------------------&amp#27;[0m
[pool-85-thread-1] ERROR net.serenitybdd.core.Serenity - &amp#27;[91mTEST FAILED AT STEP And Eu seleciono a promocao de valor ｟1.000,00｠&amp#27;[0m
[pool-85-thread-1] ERROR net.serenitybdd.core.Serenity - Element <input class="ace radio-seleciona-promocao" name="form-field-radio-promocao" type="radio"> is not clickable at point (522,238.71665954589844) because another element <div class="blockUI blockOverlay"> obscures it
[pool-86-thread-1] INFO net.thucydides.core.reports.json.JSONTestOutcomeReporter - Generating JSON report for Elaborar um pedido de KIT com promoção e empenho em DEPOSITO/NORMAL pagamento a vista to file /home/pedro/Documentos/Automação/testes-automatizados/mv-lojas-bdd/target/site/serenity/e79df21396dd4ee8e183dbf3db45fee4884eb7d5adb2266a65c625d1fdfcc321.json (using temp file /home/pedro/Documentos/Automação/testes-automatizados/mv-lojas-bdd/target/site/serenity/e79df21396dd4ee8e183dbf3db45fee4884eb7d5adb2266a65c625d1fdfcc321.json24b8aa8f-e083-45c8-bb44-a9eb837ef99a)
]]></system-err>
  </testcase>
</testsuite>