<?xml version="1.0" encoding="UTF-8"?>
<testsuite name="br.com.mv.test.PedidoKitRemoveSemEstoque36" time="195.071" tests="1" errors="1" skipped="0" failures="0">
  <properties>
    <property name="java.runtime.name" value="OpenJDK Runtime Environment"/>
    <property name="sun.boot.library.path" value="/usr/lib/jvm/java-8-openjdk-amd64/jre/lib/amd64"/>
    <property name="java.vm.version" value="25.162-b12"/>
    <property name="java.vm.vendor" value="Oracle Corporation"/>
    <property name="maven.multiModuleProjectDirectory" value="/home/pedro/Documentos/Automação/testes-automatizados/mv-lojas-bdd"/>
    <property name="java.vendor.url" value="http://java.oracle.com/"/>
    <property name="path.separator" value=":"/>
    <property name="guice.disable.misplaced.annotation.check" value="true"/>
    <property name="java.vm.name" value="OpenJDK 64-Bit Server VM"/>
    <property name="file.encoding.pkg" value="sun.io"/>
    <property name="user.country" value="BR"/>
    <property name="sun.java.launcher" value="SUN_STANDARD"/>
    <property name="sun.os.patch.level" value="unknown"/>
    <property name="java.vm.specification.name" value="Java Virtual Machine Specification"/>
    <property name="user.dir" value="/home/pedro/Documentos/Automação/testes-automatizados/mv-lojas-bdd"/>
    <property name="java.runtime.version" value="1.8.0_162-8u162-b12-0ubuntu0.16.04.2-b12"/>
    <property name="java.awt.graphicsenv" value="sun.awt.X11GraphicsEnvironment"/>
    <property name="java.endorsed.dirs" value="/usr/lib/jvm/java-8-openjdk-amd64/jre/lib/endorsed"/>
    <property name="os.arch" value="amd64"/>
    <property name="java.io.tmpdir" value="/tmp"/>
    <property name="line.separator" value="&#10;"/>
    <property name="java.vm.specification.vendor" value="Oracle Corporation"/>
    <property name="os.name" value="Linux"/>
    <property name="classworlds.conf" value="/home/pedro/Documentos/workspaces/workspace-treinamento/treinamento/pedro/.metadata/.plugins/org.eclipse.m2e.launching/launches/m2conf4424884547866480067.tmp"/>
    <property name="sun.jnu.encoding" value="UTF-8"/>
    <property name="java.library.path" value="/usr/java/packages/lib/amd64:/usr/lib/x86_64-linux-gnu/jni:/lib/x86_64-linux-gnu:/usr/lib/x86_64-linux-gnu:/usr/lib/jni:/lib:/usr/lib"/>
    <property name="java.specification.name" value="Java Platform API Specification"/>
    <property name="java.class.version" value="52.0"/>
    <property name="sun.management.compiler" value="HotSpot 64-Bit Tiered Compilers"/>
    <property name="os.version" value="4.8.0-53-generic"/>
    <property name="user.home" value="/home/pedro"/>
    <property name="user.timezone" value="America/Sao_Paulo"/>
    <property name="java.awt.printerjob" value="sun.print.PSPrinterJob"/>
    <property name="file.encoding" value="UTF-8"/>
    <property name="java.specification.version" value="1.8"/>
    <property name="metafilter" value="groovy: (issue == &apos;rgs-35&apos; || issue == &apos;rgs-36&apos; || issue == &apos;rgs-37&apos; || issue == &apos;rgs-38&apos; || issue == &apos;rgs-39&apos; || issue == &apos;rgs-40&apos;)"/>
    <property name="user.name" value="pedro"/>
    <property name="java.class.path" value="/home/pedro/.p2/pool/plugins/org.eclipse.m2e.maven.runtime_1.8.2.20171007-0216/jars/plexus-classworlds-2.5.2.jar"/>
    <property name="java.vm.specification.version" value="1.8"/>
    <property name="sun.arch.data.model" value="64"/>
    <property name="java.home" value="/usr/lib/jvm/java-8-openjdk-amd64/jre"/>
    <property name="sun.java.command" value="org.codehaus.plexus.classworlds.launcher.Launcher -B clean verify -Dmetafilter=groovy: (issue == &apos;rgs-35&apos; || issue == &apos;rgs-36&apos; || issue == &apos;rgs-37&apos; || issue == &apos;rgs-38&apos; || issue == &apos;rgs-39&apos; || issue == &apos;rgs-40&apos;)"/>
    <property name="java.specification.vendor" value="Oracle Corporation"/>
    <property name="user.language" value="pt"/>
    <property name="awt.toolkit" value="sun.awt.X11.XToolkit"/>
    <property name="java.vm.info" value="mixed mode"/>
    <property name="java.version" value="1.8.0_162"/>
    <property name="java.ext.dirs" value="/usr/lib/jvm/java-8-openjdk-amd64/jre/lib/ext:/usr/java/packages/lib/ext"/>
    <property name="securerandom.source" value="file:/dev/./urandom"/>
    <property name="sun.boot.class.path" value="/usr/lib/jvm/java-8-openjdk-amd64/jre/lib/resources.jar:/usr/lib/jvm/java-8-openjdk-amd64/jre/lib/rt.jar:/usr/lib/jvm/java-8-openjdk-amd64/jre/lib/sunrsasign.jar:/usr/lib/jvm/java-8-openjdk-amd64/jre/lib/jsse.jar:/usr/lib/jvm/java-8-openjdk-amd64/jre/lib/jce.jar:/usr/lib/jvm/java-8-openjdk-amd64/jre/lib/charsets.jar:/usr/lib/jvm/java-8-openjdk-amd64/jre/lib/jfr.jar:/usr/lib/jvm/java-8-openjdk-amd64/jre/classes"/>
    <property name="java.vendor" value="Oracle Corporation"/>
    <property name="maven.home" value="/home/pedro/Documentos/Automação/testes-automatizados/mv-lojas-bdd/EMBEDDED"/>
    <property name="file.separator" value="/"/>
    <property name="java.vendor.url.bug" value="http://bugreport.sun.com/bugreport/"/>
    <property name="sun.cpu.endian" value="little"/>
    <property name="sun.io.unicode.encoding" value="UnicodeLittle"/>
    <property name="sun.desktop" value="gnome"/>
    <property name="sun.cpu.isalist" value=""/>
  </properties>
  <testcase name="br.com.mv.test.PedidoKitRemoveSemEstoque36" classname="org.apache.maven.surefire.junit4.JUnit4Provider" time="195.071">
    <error message="org.jbehave.core.embedder.Embedder$RunningStoriesFailed: Failures in running stories: &#10;org.jbehave.core.embedder.PerformableTree$SomethingHappened@10840de4: net.serenitybdd.core.exceptions.SerenityManagedException: O status do pedido está incorreto." type="java.lang.RuntimeException">java.lang.RuntimeException: org.jbehave.core.embedder.Embedder$RunningStoriesFailed: Failures in running stories: 
org.jbehave.core.embedder.PerformableTree$SomethingHappened@10840de4: net.serenitybdd.core.exceptions.SerenityManagedException: O status do pedido está incorreto.
	at org.jbehave.core.embedder.Embedder$ThrowingRunningStoriesFailed.handleFailures(Embedder.java:553)
	at org.jbehave.core.embedder.Embedder.handleFailures(Embedder.java:238)
	at org.jbehave.core.embedder.Embedder.runStoriesAsPaths(Embedder.java:216)
	at net.serenitybdd.jbehave.embedders.ExtendedEmbedder.runStoriesAsPaths(ExtendedEmbedder.java:60)
	at net.serenitybdd.jbehave.runners.SerenityReportingRunner.run(SerenityReportingRunner.java:168)
	at org.apache.maven.surefire.junit4.JUnit4Provider.execute(JUnit4Provider.java:283)
	at org.apache.maven.surefire.junit4.JUnit4Provider.executeWithRerun(JUnit4Provider.java:173)
	at org.apache.maven.surefire.junit4.JUnit4Provider.executeTestSet(JUnit4Provider.java:153)
	at org.apache.maven.surefire.junit4.JUnit4Provider.invoke(JUnit4Provider.java:128)
</error>
    <system-out><![CDATA[Processing system properties {}
Using controls EmbedderControls[batch=false,skip=false,generateViewAfterStories=true,ignoreFailureInStories=false,ignoreFailureInView=true,verboseFailures=false,verboseFiltering=false,storyTimeouts=10000,threads=1,failOnStoryTimeout=false]
Meta[properties={narrative=Narrative[inOrderTo=,asA=,iWantTo=,soThat=], description=, path=stories/pedido/calculo_reverso6.story}] excluded by filter 'groovy: (issue == 'rgs-35' || issue == 'rgs-36' || issue == 'rgs-37' || issue == 'rgs-38' || issue == 'rgs-39' || issue == 'rgs-40')'
Meta[properties={examplesTable=, base=RELOH, context=PEDIDOS, grupoInstancias=Pedidos, narrative=Narrative[inOrderTo=,asA=,iWantTo=,soThat=], rgs-64=, title=Elaborar um pedido carne com empenho em loja/normal, issue=rgs-64, description=, givenStories=, tag=component:Processos - RELOH, path=stories/pedido/calculo_reverso6.story}] excluded by filter 'groovy: (issue == 'rgs-35' || issue == 'rgs-36' || issue == 'rgs-37' || issue == 'rgs-38' || issue == 'rgs-39' || issue == 'rgs-40')'

(BeforeStories)

Meta[properties={narrative=Narrative[inOrderTo=,asA=,iWantTo=,soThat=], description=, path=stories/pedido/calculo_reverso6.story}] excluded by filter 'groovy: (issue == 'rgs-35' || issue == 'rgs-36' || issue == 'rgs-37' || issue == 'rgs-38' || issue == 'rgs-39' || issue == 'rgs-40')'
Meta[properties={examplesTable=, base=RELOH, context=PEDIDOS, grupoInstancias=Pedidos, narrative=Narrative[inOrderTo=,asA=,iWantTo=,soThat=], rgs-64=, title=Elaborar um pedido carne com empenho em loja/normal, issue=rgs-64, description=, givenStories=, tag=component:Processos - RELOH, path=stories/pedido/calculo_reverso6.story}] excluded by filter 'groovy: (issue == 'rgs-35' || issue == 'rgs-36' || issue == 'rgs-37' || issue == 'rgs-38' || issue == 'rgs-39' || issue == 'rgs-40')'
1 stories excluded by filter: groovy: (issue == 'rgs-35' || issue == 'rgs-36' || issue == 'rgs-37' || issue == 'rgs-38' || issue == 'rgs-39' || issue == 'rgs-40')


(AfterStories)

Generating reports view to '/home/pedro/Documentos/Automação/testes-automatizados/mv-lojas-bdd/target/jbehave' using formats '[stats, console, html, xml, serenityreporter]' and view properties '{decorateNonHtml=true}'
Reports view generated with 2 stories (of which 0 pending) containing 1 scenarios (of which 0 pending)
Failures in reports view: 1 scenarios failed
Processing system properties {}
Using controls EmbedderControls[batch=false,skip=false,generateViewAfterStories=true,ignoreFailureInStories=false,ignoreFailureInView=true,verboseFailures=false,verboseFiltering=false,storyTimeouts=10000,threads=1,failOnStoryTimeout=false]
Meta[properties={narrative=Narrative[inOrderTo=,asA=,iWantTo=,soThat=], description=, path=stories/processos/atendimento_cliente_recibo_troca_pedido_deposito_ag_faturamento.story}] excluded by filter 'groovy: (issue == 'rgs-35' || issue == 'rgs-36' || issue == 'rgs-37' || issue == 'rgs-38' || issue == 'rgs-39' || issue == 'rgs-40')'
Meta[properties={examplesTable=, base=RELOH, context=PROCESSOS, grupoInstancias=Pedidos, narrative=Narrative[inOrderTo=,asA=,iWantTo=,soThat=], prcs-07=, title=Elaborar um pedido a vista com empenho em loja/normal, issue=prcs-07, description=, skip=, givenStories=, tag=component:Processos - RELOH, path=stories/processos/atendimento_cliente_recibo_troca_pedido_deposito_ag_faturamento.story}] excluded by filter 'groovy: (issue == 'rgs-35' || issue == 'rgs-36' || issue == 'rgs-37' || issue == 'rgs-38' || issue == 'rgs-39' || issue == 'rgs-40')'
Meta[properties={examplesTable=, base=RELOH, context=PROCESSOS, grupoInstancias=Caixa, narrative=Narrative[inOrderTo=,asA=,iWantTo=,soThat=], prcs-07=, title=Efetua o recebimento do pedido, issue=prcs-07, description=, skip=, givenStories=, tag=component:Regressão - RELOH, path=stories/processos/atendimento_cliente_recibo_troca_pedido_deposito_ag_faturamento.story}] excluded by filter 'groovy: (issue == 'rgs-35' || issue == 'rgs-36' || issue == 'rgs-37' || issue == 'rgs-38' || issue == 'rgs-39' || issue == 'rgs-40')'
Meta[properties={examplesTable=, base=RELOH, context=PROCESSOS, grupoInstancias=AdmCD, narrative=Narrative[inOrderTo=,asA=,iWantTo=,soThat=], prcs-07=, title=Elaborar um atendimento para o pedido realizado, issue=prcs-07, description=, skip=, givenStories=, tag=component:Processos - RELOH, path=stories/processos/atendimento_cliente_recibo_troca_pedido_deposito_ag_faturamento.story}] excluded by filter 'groovy: (issue == 'rgs-35' || issue == 'rgs-36' || issue == 'rgs-37' || issue == 'rgs-38' || issue == 'rgs-39' || issue == 'rgs-40')'
Meta[properties={examplesTable=, base=RELOH, context=PROCESSOS, grupoInstancias=Pedidos, narrative=Narrative[inOrderTo=,asA=,iWantTo=,soThat=], prcs-07=, title=Elaborar um pedido utilizando o recibo de troca, issue=prcs-07, description=, skip=, givenStories=, tag=component:Processos - RELOH, path=stories/processos/atendimento_cliente_recibo_troca_pedido_deposito_ag_faturamento.story}] excluded by filter 'groovy: (issue == 'rgs-35' || issue == 'rgs-36' || issue == 'rgs-37' || issue == 'rgs-38' || issue == 'rgs-39' || issue == 'rgs-40')'
Meta[properties={examplesTable=, base=RELOH, context=PROCESSOS, grupoInstancias=Caixa, narrative=Narrative[inOrderTo=,asA=,iWantTo=,soThat=], prcs-07=, title=Efetua o recebimento do pedido feito com recibo de troca, issue=prcs-07, description=, skip=, givenStories=, tag=component:Regressão - RELOH, path=stories/processos/atendimento_cliente_recibo_troca_pedido_deposito_ag_faturamento.story}] excluded by filter 'groovy: (issue == 'rgs-35' || issue == 'rgs-36' || issue == 'rgs-37' || issue == 'rgs-38' || issue == 'rgs-39' || issue == 'rgs-40')'

(BeforeStories)

Meta[properties={narrative=Narrative[inOrderTo=,asA=,iWantTo=,soThat=], description=, path=stories/processos/atendimento_cliente_recibo_troca_pedido_deposito_ag_faturamento.story}] excluded by filter 'groovy: (issue == 'rgs-35' || issue == 'rgs-36' || issue == 'rgs-37' || issue == 'rgs-38' || issue == 'rgs-39' || issue == 'rgs-40')'
Meta[properties={examplesTable=, base=RELOH, context=PROCESSOS, grupoInstancias=Pedidos, narrative=Narrative[inOrderTo=,asA=,iWantTo=,soThat=], prcs-07=, title=Elaborar um pedido a vista com empenho em loja/normal, issue=prcs-07, description=, skip=, givenStories=, tag=component:Processos - RELOH, path=stories/processos/atendimento_cliente_recibo_troca_pedido_deposito_ag_faturamento.story}] excluded by filter 'groovy: (issue == 'rgs-35' || issue == 'rgs-36' || issue == 'rgs-37' || issue == 'rgs-38' || issue == 'rgs-39' || issue == 'rgs-40')'
Meta[properties={examplesTable=, base=RELOH, context=PROCESSOS, grupoInstancias=Caixa, narrative=Narrative[inOrderTo=,asA=,iWantTo=,soThat=], prcs-07=, title=Efetua o recebimento do pedido, issue=prcs-07, description=, skip=, givenStories=, tag=component:Regressão - RELOH, path=stories/processos/atendimento_cliente_recibo_troca_pedido_deposito_ag_faturamento.story}] excluded by filter 'groovy: (issue == 'rgs-35' || issue == 'rgs-36' || issue == 'rgs-37' || issue == 'rgs-38' || issue == 'rgs-39' || issue == 'rgs-40')'
Meta[properties={examplesTable=, base=RELOH, context=PROCESSOS, grupoInstancias=AdmCD, narrative=Narrative[inOrderTo=,asA=,iWantTo=,soThat=], prcs-07=, title=Elaborar um atendimento para o pedido realizado, issue=prcs-07, description=, skip=, givenStories=, tag=component:Processos - RELOH, path=stories/processos/atendimento_cliente_recibo_troca_pedido_deposito_ag_faturamento.story}] excluded by filter 'groovy: (issue == 'rgs-35' || issue == 'rgs-36' || issue == 'rgs-37' || issue == 'rgs-38' || issue == 'rgs-39' || issue == 'rgs-40')'
Meta[properties={examplesTable=, base=RELOH, context=PROCESSOS, grupoInstancias=Pedidos, narrative=Narrative[inOrderTo=,asA=,iWantTo=,soThat=], prcs-07=, title=Elaborar um pedido utilizando o recibo de troca, issue=prcs-07, description=, skip=, givenStories=, tag=component:Processos - RELOH, path=stories/processos/atendimento_cliente_recibo_troca_pedido_deposito_ag_faturamento.story}] excluded by filter 'groovy: (issue == 'rgs-35' || issue == 'rgs-36' || issue == 'rgs-37' || issue == 'rgs-38' || issue == 'rgs-39' || issue == 'rgs-40')'
Meta[properties={examplesTable=, base=RELOH, context=PROCESSOS, grupoInstancias=Caixa, narrative=Narrative[inOrderTo=,asA=,iWantTo=,soThat=], prcs-07=, title=Efetua o recebimento do pedido feito com recibo de troca, issue=prcs-07, description=, skip=, givenStories=, tag=component:Regressão - RELOH, path=stories/processos/atendimento_cliente_recibo_troca_pedido_deposito_ag_faturamento.story}] excluded by filter 'groovy: (issue == 'rgs-35' || issue == 'rgs-36' || issue == 'rgs-37' || issue == 'rgs-38' || issue == 'rgs-39' || issue == 'rgs-40')'
1 stories excluded by filter: groovy: (issue == 'rgs-35' || issue == 'rgs-36' || issue == 'rgs-37' || issue == 'rgs-38' || issue == 'rgs-39' || issue == 'rgs-40')

Story name for stories/processos/atendimento_cliente_recibo_troca_pedido_deposito_ag_faturamento.story => TestTag{name='Processos/Atendimento cliente recibo troca pedido deposito ag faturamento', type='story'}
Story name for stories/processos/atendimento_cliente_recibo_troca_pedido_deposito_ag_faturamento.story => TestTag{name='Processos/Atendimento cliente recibo troca pedido deposito ag faturamento', type='story'}
Story name for stories/processos/atendimento_cliente_recibo_troca_pedido_deposito_ag_faturamento.story => TestTag{name='Processos/Atendimento cliente recibo troca pedido deposito ag faturamento', type='story'}
Story name for stories/processos/atendimento_cliente_recibo_troca_pedido_deposito_ag_faturamento.story => TestTag{name='Processos/Atendimento cliente recibo troca pedido deposito ag faturamento', type='story'}
Story name for stories/processos/atendimento_cliente_recibo_troca_pedido_deposito_ag_faturamento.story => TestTag{name='Processos/Atendimento cliente recibo troca pedido deposito ag faturamento', type='story'}
Story name for stories/processos/atendimento_cliente_recibo_troca_pedido_deposito_ag_faturamento.story => TestTag{name='Processos/Atendimento cliente recibo troca pedido deposito ag faturamento', type='story'}
Story name for stories/processos/atendimento_cliente_recibo_troca_pedido_deposito_ag_faturamento.story => TestTag{name='Processos/Atendimento cliente recibo troca pedido deposito ag faturamento', type='story'}
Story name for stories/processos/atendimento_cliente_recibo_troca_pedido_deposito_ag_faturamento.story => TestTag{name='Processos/Atendimento cliente recibo troca pedido deposito ag faturamento', type='story'}
Story name for stories/processos/atendimento_cliente_recibo_troca_pedido_deposito_ag_faturamento.story => TestTag{name='Processos/Atendimento cliente recibo troca pedido deposito ag faturamento', type='story'}
Story name for stories/processos/atendimento_cliente_recibo_troca_pedido_deposito_ag_faturamento.story => TestTag{name='Processos/Atendimento cliente recibo troca pedido deposito ag faturamento', type='story'}

(AfterStories)

Generating reports view to '/home/pedro/Documentos/Automação/testes-automatizados/mv-lojas-bdd/target/jbehave' using formats '[stats, console, html, xml, serenityreporter]' and view properties '{decorateNonHtml=true}'
Reports view generated with 2 stories (of which 0 pending) containing 1 scenarios (of which 0 pending)
Failures in reports view: 1 scenarios failed
Processing system properties {}
Using controls EmbedderControls[batch=false,skip=false,generateViewAfterStories=true,ignoreFailureInStories=false,ignoreFailureInView=true,verboseFailures=false,verboseFiltering=false,storyTimeouts=10000,threads=1,failOnStoryTimeout=false]
Meta[properties={narrative=Narrative[inOrderTo=,asA=,iWantTo=,soThat=], description=, path=stories/processos/atendimento_cliente_troca_simplificada_loja.story}] excluded by filter 'groovy: (issue == 'rgs-35' || issue == 'rgs-36' || issue == 'rgs-37' || issue == 'rgs-38' || issue == 'rgs-39' || issue == 'rgs-40')'
Meta[properties={examplesTable=, base=RELOH, context=PROCESSOS, grupoInstancias=Pedidos, narrative=Narrative[inOrderTo=,asA=,iWantTo=,soThat=], title=Elaborar um pedido a vista com empenho em loja/normal, issue=prcs-03, description=, skip=, prcs-03=, givenStories=, tag=component:Processos - RELOH, path=stories/processos/atendimento_cliente_troca_simplificada_loja.story}] excluded by filter 'groovy: (issue == 'rgs-35' || issue == 'rgs-36' || issue == 'rgs-37' || issue == 'rgs-38' || issue == 'rgs-39' || issue == 'rgs-40')'
Meta[properties={examplesTable=, base=RELOH, context=PROCESSOS, grupoInstancias=Caixa, narrative=Narrative[inOrderTo=,asA=,iWantTo=,soThat=], title=Efetua o recebimento do pedido, issue=prcs-03, description=, skip=, prcs-03=, givenStories=, tag=component:Regressão - RELOH, path=stories/processos/atendimento_cliente_troca_simplificada_loja.story}] excluded by filter 'groovy: (issue == 'rgs-35' || issue == 'rgs-36' || issue == 'rgs-37' || issue == 'rgs-38' || issue == 'rgs-39' || issue == 'rgs-40')'
Meta[properties={examplesTable=, base=RELOH, context=PROCESSOS, grupoInstancias=AdmCD, narrative=Narrative[inOrderTo=,asA=,iWantTo=,soThat=], title=Fatura o pedido recebido, issue=prcs-03, description=, skip=, prcs-03=, givenStories=, tag=component:Processos - RELOH, path=stories/processos/atendimento_cliente_troca_simplificada_loja.story}] excluded by filter 'groovy: (issue == 'rgs-35' || issue == 'rgs-36' || issue == 'rgs-37' || issue == 'rgs-38' || issue == 'rgs-39' || issue == 'rgs-40')'
Meta[properties={examplesTable=, base=RELOH, context=PROCESSOS, grupoInstancias=AdmCD, narrative=Narrative[inOrderTo=,asA=,iWantTo=,soThat=], title=Elaborar um atendimento para o pedido realizado, issue=prcs-03, description=, skip=, prcs-03=, givenStories=, tag=component:Processos - RELOH, path=stories/processos/atendimento_cliente_troca_simplificada_loja.story}] excluded by filter 'groovy: (issue == 'rgs-35' || issue == 'rgs-36' || issue == 'rgs-37' || issue == 'rgs-38' || issue == 'rgs-39' || issue == 'rgs-40')'
Meta[properties={examplesTable=, base=RELOH, context=PROCESSOS, grupoInstancias=AdmCD, narrative=Narrative[inOrderTo=,asA=,iWantTo=,soThat=], title=Fatura o pedido criado na troca simplificada, issue=prcs-03, description=, skip=, prcs-03=, givenStories=, tag=component:Processos - RELOH, path=stories/processos/atendimento_cliente_troca_simplificada_loja.story}] excluded by filter 'groovy: (issue == 'rgs-35' || issue == 'rgs-36' || issue == 'rgs-37' || issue == 'rgs-38' || issue == 'rgs-39' || issue == 'rgs-40')'
Meta[properties={examplesTable=, base=RELOH, context=PROCESSOS, grupoInstancias=AdmCD, narrative=Narrative[inOrderTo=,asA=,iWantTo=,soThat=], title=Realiza o Recolhimento de Produto, issue=prcs-03, description=, skip=, prcs-03=, givenStories=, tag=component:Processos - RELOH, path=stories/processos/atendimento_cliente_troca_simplificada_loja.story}] excluded by filter 'groovy: (issue == 'rgs-35' || issue == 'rgs-36' || issue == 'rgs-37' || issue == 'rgs-38' || issue == 'rgs-39' || issue == 'rgs-40')'

(BeforeStories)

Meta[properties={narrative=Narrative[inOrderTo=,asA=,iWantTo=,soThat=], description=, path=stories/processos/atendimento_cliente_troca_simplificada_loja.story}] excluded by filter 'groovy: (issue == 'rgs-35' || issue == 'rgs-36' || issue == 'rgs-37' || issue == 'rgs-38' || issue == 'rgs-39' || issue == 'rgs-40')'
Meta[properties={examplesTable=, base=RELOH, context=PROCESSOS, grupoInstancias=Pedidos, narrative=Narrative[inOrderTo=,asA=,iWantTo=,soThat=], title=Elaborar um pedido a vista com empenho em loja/normal, issue=prcs-03, description=, skip=, prcs-03=, givenStories=, tag=component:Processos - RELOH, path=stories/processos/atendimento_cliente_troca_simplificada_loja.story}] excluded by filter 'groovy: (issue == 'rgs-35' || issue == 'rgs-36' || issue == 'rgs-37' || issue == 'rgs-38' || issue == 'rgs-39' || issue == 'rgs-40')'
Meta[properties={examplesTable=, base=RELOH, context=PROCESSOS, grupoInstancias=Caixa, narrative=Narrative[inOrderTo=,asA=,iWantTo=,soThat=], title=Efetua o recebimento do pedido, issue=prcs-03, description=, skip=, prcs-03=, givenStories=, tag=component:Regressão - RELOH, path=stories/processos/atendimento_cliente_troca_simplificada_loja.story}] excluded by filter 'groovy: (issue == 'rgs-35' || issue == 'rgs-36' || issue == 'rgs-37' || issue == 'rgs-38' || issue == 'rgs-39' || issue == 'rgs-40')'
Meta[properties={examplesTable=, base=RELOH, context=PROCESSOS, grupoInstancias=AdmCD, narrative=Narrative[inOrderTo=,asA=,iWantTo=,soThat=], title=Fatura o pedido recebido, issue=prcs-03, description=, skip=, prcs-03=, givenStories=, tag=component:Processos - RELOH, path=stories/processos/atendimento_cliente_troca_simplificada_loja.story}] excluded by filter 'groovy: (issue == 'rgs-35' || issue == 'rgs-36' || issue == 'rgs-37' || issue == 'rgs-38' || issue == 'rgs-39' || issue == 'rgs-40')'
Meta[properties={examplesTable=, base=RELOH, context=PROCESSOS, grupoInstancias=AdmCD, narrative=Narrative[inOrderTo=,asA=,iWantTo=,soThat=], title=Elaborar um atendimento para o pedido realizado, issue=prcs-03, description=, skip=, prcs-03=, givenStories=, tag=component:Processos - RELOH, path=stories/processos/atendimento_cliente_troca_simplificada_loja.story}] excluded by filter 'groovy: (issue == 'rgs-35' || issue == 'rgs-36' || issue == 'rgs-37' || issue == 'rgs-38' || issue == 'rgs-39' || issue == 'rgs-40')'
Meta[properties={examplesTable=, base=RELOH, context=PROCESSOS, grupoInstancias=AdmCD, narrative=Narrative[inOrderTo=,asA=,iWantTo=,soThat=], title=Fatura o pedido criado na troca simplificada, issue=prcs-03, description=, skip=, prcs-03=, givenStories=, tag=component:Processos - RELOH, path=stories/processos/atendimento_cliente_troca_simplificada_loja.story}] excluded by filter 'groovy: (issue == 'rgs-35' || issue == 'rgs-36' || issue == 'rgs-37' || issue == 'rgs-38' || issue == 'rgs-39' || issue == 'rgs-40')'
Meta[properties={examplesTable=, base=RELOH, context=PROCESSOS, grupoInstancias=AdmCD, narrative=Narrative[inOrderTo=,asA=,iWantTo=,soThat=], title=Realiza o Recolhimento de Produto, issue=prcs-03, description=, skip=, prcs-03=, givenStories=, tag=component:Processos - RELOH, path=stories/processos/atendimento_cliente_troca_simplificada_loja.story}] excluded by filter 'groovy: (issue == 'rgs-35' || issue == 'rgs-36' || issue == 'rgs-37' || issue == 'rgs-38' || issue == 'rgs-39' || issue == 'rgs-40')'
1 stories excluded by filter: groovy: (issue == 'rgs-35' || issue == 'rgs-36' || issue == 'rgs-37' || issue == 'rgs-38' || issue == 'rgs-39' || issue == 'rgs-40')

Story name for stories/processos/atendimento_cliente_troca_simplificada_loja.story => TestTag{name='Processos/Atendimento cliente troca simplificada loja', type='story'}
Story name for stories/processos/atendimento_cliente_troca_simplificada_loja.story => TestTag{name='Processos/Atendimento cliente troca simplificada loja', type='story'}
Story name for stories/processos/atendimento_cliente_troca_simplificada_loja.story => TestTag{name='Processos/Atendimento cliente troca simplificada loja', type='story'}
Story name for stories/processos/atendimento_cliente_troca_simplificada_loja.story => TestTag{name='Processos/Atendimento cliente troca simplificada loja', type='story'}
Story name for stories/processos/atendimento_cliente_troca_simplificada_loja.story => TestTag{name='Processos/Atendimento cliente troca simplificada loja', type='story'}
Story name for stories/processos/atendimento_cliente_troca_simplificada_loja.story => TestTag{name='Processos/Atendimento cliente troca simplificada loja', type='story'}
Story name for stories/processos/atendimento_cliente_troca_simplificada_loja.story => TestTag{name='Processos/Atendimento cliente troca simplificada loja', type='story'}
Story name for stories/processos/atendimento_cliente_troca_simplificada_loja.story => TestTag{name='Processos/Atendimento cliente troca simplificada loja', type='story'}
Story name for stories/processos/atendimento_cliente_troca_simplificada_loja.story => TestTag{name='Processos/Atendimento cliente troca simplificada loja', type='story'}
Story name for stories/processos/atendimento_cliente_troca_simplificada_loja.story => TestTag{name='Processos/Atendimento cliente troca simplificada loja', type='story'}
Story name for stories/processos/atendimento_cliente_troca_simplificada_loja.story => TestTag{name='Processos/Atendimento cliente troca simplificada loja', type='story'}
Story name for stories/processos/atendimento_cliente_troca_simplificada_loja.story => TestTag{name='Processos/Atendimento cliente troca simplificada loja', type='story'}

(AfterStories)

Generating reports view to '/home/pedro/Documentos/Automação/testes-automatizados/mv-lojas-bdd/target/jbehave' using formats '[stats, console, html, xml, serenityreporter]' and view properties '{decorateNonHtml=true}'
Reports view generated with 2 stories (of which 0 pending) containing 1 scenarios (of which 0 pending)
Failures in reports view: 1 scenarios failed
Processing system properties {}
Using controls EmbedderControls[batch=false,skip=false,generateViewAfterStories=true,ignoreFailureInStories=false,ignoreFailureInView=true,verboseFailures=false,verboseFiltering=false,storyTimeouts=10000,threads=1,failOnStoryTimeout=false]
Meta[properties={narrative=Narrative[inOrderTo=,asA=,iWantTo=,soThat=], description=, path=stories/pedido/pedido_tipo_venda_pessoa_juridica11.story}] excluded by filter 'groovy: (issue == 'rgs-35' || issue == 'rgs-36' || issue == 'rgs-37' || issue == 'rgs-38' || issue == 'rgs-39' || issue == 'rgs-40')'
Meta[properties={examplesTable=, base=RELOH, context=PEDIDOS, grupoInstancias=Pedidos, rgs-11=, narrative=Narrative[inOrderTo=,asA=,iWantTo=,soThat=], title=Elaborar um pedido a vista com DEPOSITO/RETIRADA OUTRA LOJA COM RESERVA DEPOSITO, issue=rgs-11, description=, givenStories=, tag=component:Regressão - RELOH, path=stories/pedido/pedido_tipo_venda_pessoa_juridica11.story}] excluded by filter 'groovy: (issue == 'rgs-35' || issue == 'rgs-36' || issue == 'rgs-37' || issue == 'rgs-38' || issue == 'rgs-39' || issue == 'rgs-40')'
Meta[properties={examplesTable=, base=RELOH, context=PEDIDOS, grupoInstancias=Pedidos, rgs-11=, narrative=Narrative[inOrderTo=,asA=,iWantTo=,soThat=], title=Efetua a reabertura do pedido feito, issue=rgs-11, description=, givenStories=, tag=component:Regressão - RELOH, path=stories/pedido/pedido_tipo_venda_pessoa_juridica11.story}] excluded by filter 'groovy: (issue == 'rgs-35' || issue == 'rgs-36' || issue == 'rgs-37' || issue == 'rgs-38' || issue == 'rgs-39' || issue == 'rgs-40')'

(BeforeStories)

Meta[properties={narrative=Narrative[inOrderTo=,asA=,iWantTo=,soThat=], description=, path=stories/pedido/pedido_tipo_venda_pessoa_juridica11.story}] excluded by filter 'groovy: (issue == 'rgs-35' || issue == 'rgs-36' || issue == 'rgs-37' || issue == 'rgs-38' || issue == 'rgs-39' || issue == 'rgs-40')'
Meta[properties={examplesTable=, base=RELOH, context=PEDIDOS, grupoInstancias=Pedidos, rgs-11=, narrative=Narrative[inOrderTo=,asA=,iWantTo=,soThat=], title=Elaborar um pedido a vista com DEPOSITO/RETIRADA OUTRA LOJA COM RESERVA DEPOSITO, issue=rgs-11, description=, givenStories=, tag=component:Regressão - RELOH, path=stories/pedido/pedido_tipo_venda_pessoa_juridica11.story}] excluded by filter 'groovy: (issue == 'rgs-35' || issue == 'rgs-36' || issue == 'rgs-37' || issue == 'rgs-38' || issue == 'rgs-39' || issue == 'rgs-40')'
Meta[properties={examplesTable=, base=RELOH, context=PEDIDOS, grupoInstancias=Pedidos, rgs-11=, narrative=Narrative[inOrderTo=,asA=,iWantTo=,soThat=], title=Efetua a reabertura do pedido feito, issue=rgs-11, description=, givenStories=, tag=component:Regressão - RELOH, path=stories/pedido/pedido_tipo_venda_pessoa_juridica11.story}] excluded by filter 'groovy: (issue == 'rgs-35' || issue == 'rgs-36' || issue == 'rgs-37' || issue == 'rgs-38' || issue == 'rgs-39' || issue == 'rgs-40')'
1 stories excluded by filter: groovy: (issue == 'rgs-35' || issue == 'rgs-36' || issue == 'rgs-37' || issue == 'rgs-38' || issue == 'rgs-39' || issue == 'rgs-40')


(AfterStories)

Generating reports view to '/home/pedro/Documentos/Automação/testes-automatizados/mv-lojas-bdd/target/jbehave' using formats '[stats, console, html, xml, serenityreporter]' and view properties '{decorateNonHtml=true}'
Reports view generated with 2 stories (of which 0 pending) containing 1 scenarios (of which 0 pending)
Failures in reports view: 1 scenarios failed
Processing system properties {}
Using controls EmbedderControls[batch=false,skip=false,generateViewAfterStories=true,ignoreFailureInStories=false,ignoreFailureInView=true,verboseFailures=false,verboseFiltering=false,storyTimeouts=10000,threads=1,failOnStoryTimeout=false]
Meta[properties={narrative=Narrative[inOrderTo=,asA=,iWantTo=,soThat=], description=, path=stories/processos/troca_com_reversao.story}] excluded by filter 'groovy: (issue == 'rgs-35' || issue == 'rgs-36' || issue == 'rgs-37' || issue == 'rgs-38' || issue == 'rgs-39' || issue == 'rgs-40')'
Meta[properties={examplesTable=, base=RELOH, context=PROCESSOS, grupoInstancias=Pedidos, trkdev-12=, narrative=Narrative[inOrderTo=,asA=,iWantTo=,soThat=], title=Elaborar um pedido a vista, issue=trkdev-12, description=, givenStories=, path=stories/processos/troca_com_reversao.story, tag=component:Regressão - RELOH}] excluded by filter 'groovy: (issue == 'rgs-35' || issue == 'rgs-36' || issue == 'rgs-37' || issue == 'rgs-38' || issue == 'rgs-39' || issue == 'rgs-40')'
Meta[properties={examplesTable=, base=RELOH, context=PROCESSOS, grupoInstancias=Caixa, trkdev-12=, narrative=Narrative[inOrderTo=,asA=,iWantTo=,soThat=], title=Efetua o recebimento do pedido, issue=trkdev-12, description=, givenStories=, path=stories/processos/troca_com_reversao.story, tag=component:Regressão - RELOH}] excluded by filter 'groovy: (issue == 'rgs-35' || issue == 'rgs-36' || issue == 'rgs-37' || issue == 'rgs-38' || issue == 'rgs-39' || issue == 'rgs-40')'
Meta[properties={examplesTable=, base=RELOH, context=PROCESSOS, grupoInstancias=AdmCD, trkdev-12=, narrative=Narrative[inOrderTo=,asA=,iWantTo=,soThat=], title=Elaboração de Pré-recibo, issue=trkdev-12, description=, givenStories=, path=stories/processos/troca_com_reversao.story, tag=component:Regressão - RELOH}] excluded by filter 'groovy: (issue == 'rgs-35' || issue == 'rgs-36' || issue == 'rgs-37' || issue == 'rgs-38' || issue == 'rgs-39' || issue == 'rgs-40')'
Meta[properties={examplesTable=, base=RELOH, context=PROCESSOS, grupoInstancias=AdmCD, trkdev-12=, narrative=Narrative[inOrderTo=,asA=,iWantTo=,soThat=], title=Emissao Nota Fiscal Avulsa, issue=trkdev-12, description=, givenStories=, path=stories/processos/troca_com_reversao.story, tag=component:Regressão - RELOH}] excluded by filter 'groovy: (issue == 'rgs-35' || issue == 'rgs-36' || issue == 'rgs-37' || issue == 'rgs-38' || issue == 'rgs-39' || issue == 'rgs-40')'
Meta[properties={examplesTable=, base=RELOH, context=PROCESSOS, grupoInstancias=AdmCD, trkdev-12=, narrative=Narrative[inOrderTo=,asA=,iWantTo=,soThat=], title=Controle de Devolução de Produtos, issue=trkdev-12, description=, givenStories=, path=stories/processos/troca_com_reversao.story, tag=component:Regressão - RELOH}] excluded by filter 'groovy: (issue == 'rgs-35' || issue == 'rgs-36' || issue == 'rgs-37' || issue == 'rgs-38' || issue == 'rgs-39' || issue == 'rgs-40')'

(BeforeStories)

Meta[properties={narrative=Narrative[inOrderTo=,asA=,iWantTo=,soThat=], description=, path=stories/processos/troca_com_reversao.story}] excluded by filter 'groovy: (issue == 'rgs-35' || issue == 'rgs-36' || issue == 'rgs-37' || issue == 'rgs-38' || issue == 'rgs-39' || issue == 'rgs-40')'
Meta[properties={examplesTable=, base=RELOH, context=PROCESSOS, grupoInstancias=Pedidos, trkdev-12=, narrative=Narrative[inOrderTo=,asA=,iWantTo=,soThat=], title=Elaborar um pedido a vista, issue=trkdev-12, description=, givenStories=, path=stories/processos/troca_com_reversao.story, tag=component:Regressão - RELOH}] excluded by filter 'groovy: (issue == 'rgs-35' || issue == 'rgs-36' || issue == 'rgs-37' || issue == 'rgs-38' || issue == 'rgs-39' || issue == 'rgs-40')'
Meta[properties={examplesTable=, base=RELOH, context=PROCESSOS, grupoInstancias=Caixa, trkdev-12=, narrative=Narrative[inOrderTo=,asA=,iWantTo=,soThat=], title=Efetua o recebimento do pedido, issue=trkdev-12, description=, givenStories=, path=stories/processos/troca_com_reversao.story, tag=component:Regressão - RELOH}] excluded by filter 'groovy: (issue == 'rgs-35' || issue == 'rgs-36' || issue == 'rgs-37' || issue == 'rgs-38' || issue == 'rgs-39' || issue == 'rgs-40')'
Meta[properties={examplesTable=, base=RELOH, context=PROCESSOS, grupoInstancias=AdmCD, trkdev-12=, narrative=Narrative[inOrderTo=,asA=,iWantTo=,soThat=], title=Elaboração de Pré-recibo, issue=trkdev-12, description=, givenStories=, path=stories/processos/troca_com_reversao.story, tag=component:Regressão - RELOH}] excluded by filter 'groovy: (issue == 'rgs-35' || issue == 'rgs-36' || issue == 'rgs-37' || issue == 'rgs-38' || issue == 'rgs-39' || issue == 'rgs-40')'
Meta[properties={examplesTable=, base=RELOH, context=PROCESSOS, grupoInstancias=AdmCD, trkdev-12=, narrative=Narrative[inOrderTo=,asA=,iWantTo=,soThat=], title=Emissao Nota Fiscal Avulsa, issue=trkdev-12, description=, givenStories=, path=stories/processos/troca_com_reversao.story, tag=component:Regressão - RELOH}] excluded by filter 'groovy: (issue == 'rgs-35' || issue == 'rgs-36' || issue == 'rgs-37' || issue == 'rgs-38' || issue == 'rgs-39' || issue == 'rgs-40')'
Meta[properties={examplesTable=, base=RELOH, context=PROCESSOS, grupoInstancias=AdmCD, trkdev-12=, narrative=Narrative[inOrderTo=,asA=,iWantTo=,soThat=], title=Controle de Devolução de Produtos, issue=trkdev-12, description=, givenStories=, path=stories/processos/troca_com_reversao.story, tag=component:Regressão - RELOH}] excluded by filter 'groovy: (issue == 'rgs-35' || issue == 'rgs-36' || issue == 'rgs-37' || issue == 'rgs-38' || issue == 'rgs-39' || issue == 'rgs-40')'
1 stories excluded by filter: groovy: (issue == 'rgs-35' || issue == 'rgs-36' || issue == 'rgs-37' || issue == 'rgs-38' || issue == 'rgs-39' || issue == 'rgs-40')


(AfterStories)

Generating reports view to '/home/pedro/Documentos/Automação/testes-automatizados/mv-lojas-bdd/target/jbehave' using formats '[stats, console, html, xml, serenityreporter]' and view properties '{decorateNonHtml=true}'
Reports view generated with 2 stories (of which 0 pending) containing 1 scenarios (of which 0 pending)
Failures in reports view: 1 scenarios failed
Processing system properties {}
Using controls EmbedderControls[batch=false,skip=false,generateViewAfterStories=true,ignoreFailureInStories=false,ignoreFailureInView=true,verboseFailures=false,verboseFiltering=false,storyTimeouts=10000,threads=1,failOnStoryTimeout=false]
Meta[properties={narrative=Narrative[inOrderTo=,asA=,iWantTo=,soThat=], description=, path=stories/pedido/calculo_reverso4.story}] excluded by filter 'groovy: (issue == 'rgs-35' || issue == 'rgs-36' || issue == 'rgs-37' || issue == 'rgs-38' || issue == 'rgs-39' || issue == 'rgs-40')'
Meta[properties={examplesTable=, base=RELOH, context=PEDIDOS, grupoInstancias=Pedidos, narrative=Narrative[inOrderTo=,asA=,iWantTo=,soThat=], title=Elaborar um pedido carne com empenho em loja/normal, issue=rgs-62, rgs-62=, description=, givenStories=, tag=component:Processos - RELOH, path=stories/pedido/calculo_reverso4.story}] excluded by filter 'groovy: (issue == 'rgs-35' || issue == 'rgs-36' || issue == 'rgs-37' || issue == 'rgs-38' || issue == 'rgs-39' || issue == 'rgs-40')'

(BeforeStories)

Meta[properties={narrative=Narrative[inOrderTo=,asA=,iWantTo=,soThat=], description=, path=stories/pedido/calculo_reverso4.story}] excluded by filter 'groovy: (issue == 'rgs-35' || issue == 'rgs-36' || issue == 'rgs-37' || issue == 'rgs-38' || issue == 'rgs-39' || issue == 'rgs-40')'
Meta[properties={examplesTable=, base=RELOH, context=PEDIDOS, grupoInstancias=Pedidos, narrative=Narrative[inOrderTo=,asA=,iWantTo=,soThat=], title=Elaborar um pedido carne com empenho em loja/normal, issue=rgs-62, rgs-62=, description=, givenStories=, tag=component:Processos - RELOH, path=stories/pedido/calculo_reverso4.story}] excluded by filter 'groovy: (issue == 'rgs-35' || issue == 'rgs-36' || issue == 'rgs-37' || issue == 'rgs-38' || issue == 'rgs-39' || issue == 'rgs-40')'
1 stories excluded by filter: groovy: (issue == 'rgs-35' || issue == 'rgs-36' || issue == 'rgs-37' || issue == 'rgs-38' || issue == 'rgs-39' || issue == 'rgs-40')


(AfterStories)

Generating reports view to '/home/pedro/Documentos/Automação/testes-automatizados/mv-lojas-bdd/target/jbehave' using formats '[stats, console, html, xml, serenityreporter]' and view properties '{decorateNonHtml=true}'
Reports view generated with 2 stories (of which 0 pending) containing 1 scenarios (of which 0 pending)
Failures in reports view: 1 scenarios failed
Processing system properties {}
Using controls EmbedderControls[batch=false,skip=false,generateViewAfterStories=true,ignoreFailureInStories=false,ignoreFailureInView=true,verboseFailures=false,verboseFiltering=false,storyTimeouts=10000,threads=1,failOnStoryTimeout=false]
Meta[properties={narrative=Narrative[inOrderTo=,asA=,iWantTo=,soThat=], description=, path=stories/notas_fiscais/nota_remessa_descarte.story}] excluded by filter 'groovy: (issue == 'rgs-35' || issue == 'rgs-36' || issue == 'rgs-37' || issue == 'rgs-38' || issue == 'rgs-39' || issue == 'rgs-40')'
Meta[properties={examplesTable=, base=RELOH, context=NOTAS_FISCAIS, grupoInstancias=AdmCD, narrative=Narrative[inOrderTo=,asA=,iWantTo=,soThat=], title=Emite Nota Fiscal Avulsa Tipo 875 REMESSA PARA DESCARTE  UF 2131, issue=nf-56, nf-56=, description=, givenStories=, tag=component:Processos - RELOH, path=stories/notas_fiscais/nota_remessa_descarte.story}] excluded by filter 'groovy: (issue == 'rgs-35' || issue == 'rgs-36' || issue == 'rgs-37' || issue == 'rgs-38' || issue == 'rgs-39' || issue == 'rgs-40')'

(BeforeStories)

Meta[properties={narrative=Narrative[inOrderTo=,asA=,iWantTo=,soThat=], description=, path=stories/notas_fiscais/nota_remessa_descarte.story}] excluded by filter 'groovy: (issue == 'rgs-35' || issue == 'rgs-36' || issue == 'rgs-37' || issue == 'rgs-38' || issue == 'rgs-39' || issue == 'rgs-40')'
Meta[properties={examplesTable=, base=RELOH, context=NOTAS_FISCAIS, grupoInstancias=AdmCD, narrative=Narrative[inOrderTo=,asA=,iWantTo=,soThat=], title=Emite Nota Fiscal Avulsa Tipo 875 REMESSA PARA DESCARTE  UF 2131, issue=nf-56, nf-56=, description=, givenStories=, tag=component:Processos - RELOH, path=stories/notas_fiscais/nota_remessa_descarte.story}] excluded by filter 'groovy: (issue == 'rgs-35' || issue == 'rgs-36' || issue == 'rgs-37' || issue == 'rgs-38' || issue == 'rgs-39' || issue == 'rgs-40')'
1 stories excluded by filter: groovy: (issue == 'rgs-35' || issue == 'rgs-36' || issue == 'rgs-37' || issue == 'rgs-38' || issue == 'rgs-39' || issue == 'rgs-40')


(AfterStories)

Generating reports view to '/home/pedro/Documentos/Automação/testes-automatizados/mv-lojas-bdd/target/jbehave' using formats '[stats, console, html, xml, serenityreporter]' and view properties '{decorateNonHtml=true}'
Reports view generated with 2 stories (of which 0 pending) containing 1 scenarios (of which 0 pending)
Failures in reports view: 1 scenarios failed
Processing system properties {}
Using controls EmbedderControls[batch=false,skip=false,generateViewAfterStories=true,ignoreFailureInStories=false,ignoreFailureInView=true,verboseFailures=false,verboseFiltering=false,storyTimeouts=10000,threads=1,failOnStoryTimeout=false]
Meta[properties={narrative=Narrative[inOrderTo=,asA=,iWantTo=,soThat=], description=, path=stories/relatorios/relatorio_devolucao_troca.story}] excluded by filter 'groovy: (issue == 'rgs-35' || issue == 'rgs-36' || issue == 'rgs-37' || issue == 'rgs-38' || issue == 'rgs-39' || issue == 'rgs-40')'
Meta[properties={examplesTable=, base=RELOH, context=RELATORIOS, grupoInstancias=AdmCD, narrative=Narrative[inOrderTo=,asA=,iWantTo=,soThat=], title=Gerar relatorio devolucao/troca, issue=rel-04, rel-04=, description=, givenStories=, tag=component:Regressao - RELOH, path=stories/relatorios/relatorio_devolucao_troca.story}] excluded by filter 'groovy: (issue == 'rgs-35' || issue == 'rgs-36' || issue == 'rgs-37' || issue == 'rgs-38' || issue == 'rgs-39' || issue == 'rgs-40')'

(BeforeStories)

Meta[properties={narrative=Narrative[inOrderTo=,asA=,iWantTo=,soThat=], description=, path=stories/relatorios/relatorio_devolucao_troca.story}] excluded by filter 'groovy: (issue == 'rgs-35' || issue == 'rgs-36' || issue == 'rgs-37' || issue == 'rgs-38' || issue == 'rgs-39' || issue == 'rgs-40')'
Meta[properties={examplesTable=, base=RELOH, context=RELATORIOS, grupoInstancias=AdmCD, narrative=Narrative[inOrderTo=,asA=,iWantTo=,soThat=], title=Gerar relatorio devolucao/troca, issue=rel-04, rel-04=, description=, givenStories=, tag=component:Regressao - RELOH, path=stories/relatorios/relatorio_devolucao_troca.story}] excluded by filter 'groovy: (issue == 'rgs-35' || issue == 'rgs-36' || issue == 'rgs-37' || issue == 'rgs-38' || issue == 'rgs-39' || issue == 'rgs-40')'
1 stories excluded by filter: groovy: (issue == 'rgs-35' || issue == 'rgs-36' || issue == 'rgs-37' || issue == 'rgs-38' || issue == 'rgs-39' || issue == 'rgs-40')


(AfterStories)

Generating reports view to '/home/pedro/Documentos/Automação/testes-automatizados/mv-lojas-bdd/target/jbehave' using formats '[stats, console, html, xml, serenityreporter]' and view properties '{decorateNonHtml=true}'
Reports view generated with 2 stories (of which 0 pending) containing 1 scenarios (of which 0 pending)
Failures in reports view: 1 scenarios failed
Processing system properties {}
Using controls EmbedderControls[batch=false,skip=false,generateViewAfterStories=true,ignoreFailureInStories=false,ignoreFailureInView=true,verboseFailures=false,verboseFiltering=false,storyTimeouts=10000,threads=1,failOnStoryTimeout=false]
Meta[properties={narrative=Narrative[inOrderTo=,asA=,iWantTo=,soThat=], description=, path=stories/pedido/pedido_tipo_venda_avista3.story}] excluded by filter 'groovy: (issue == 'rgs-35' || issue == 'rgs-36' || issue == 'rgs-37' || issue == 'rgs-38' || issue == 'rgs-39' || issue == 'rgs-40')'
Meta[properties={examplesTable=, base=RELOH, context=PEDIDOS, grupoInstancias=Pedidos, narrative=Narrative[inOrderTo=,asA=,iWantTo=,soThat=], title=Elaborar um pedido a vista com dois produtos DEPOSITO/RETIRADA OUTRA LOJA COM RESERVA DEPOSITO, issue=rgs-03, description=, rgs-03=, givenStories=, tag=component:Regressão - RELOH, path=stories/pedido/pedido_tipo_venda_avista3.story}] excluded by filter 'groovy: (issue == 'rgs-35' || issue == 'rgs-36' || issue == 'rgs-37' || issue == 'rgs-38' || issue == 'rgs-39' || issue == 'rgs-40')'
Meta[properties={examplesTable=, base=RELOH, context=PEDIDOS, grupoInstancias=Pedidos, narrative=Narrative[inOrderTo=,asA=,iWantTo=,soThat=], title=Efetua o reempenho do pedido feito, issue=rgs-03, description=, rgs-03=, givenStories=, tag=component:Regressão - RELOH, path=stories/pedido/pedido_tipo_venda_avista3.story}] excluded by filter 'groovy: (issue == 'rgs-35' || issue == 'rgs-36' || issue == 'rgs-37' || issue == 'rgs-38' || issue == 'rgs-39' || issue == 'rgs-40')'

(BeforeStories)

Meta[properties={narrative=Narrative[inOrderTo=,asA=,iWantTo=,soThat=], description=, path=stories/pedido/pedido_tipo_venda_avista3.story}] excluded by filter 'groovy: (issue == 'rgs-35' || issue == 'rgs-36' || issue == 'rgs-37' || issue == 'rgs-38' || issue == 'rgs-39' || issue == 'rgs-40')'
Meta[properties={examplesTable=, base=RELOH, context=PEDIDOS, grupoInstancias=Pedidos, narrative=Narrative[inOrderTo=,asA=,iWantTo=,soThat=], title=Elaborar um pedido a vista com dois produtos DEPOSITO/RETIRADA OUTRA LOJA COM RESERVA DEPOSITO, issue=rgs-03, description=, rgs-03=, givenStories=, tag=component:Regressão - RELOH, path=stories/pedido/pedido_tipo_venda_avista3.story}] excluded by filter 'groovy: (issue == 'rgs-35' || issue == 'rgs-36' || issue == 'rgs-37' || issue == 'rgs-38' || issue == 'rgs-39' || issue == 'rgs-40')'
Meta[properties={examplesTable=, base=RELOH, context=PEDIDOS, grupoInstancias=Pedidos, narrative=Narrative[inOrderTo=,asA=,iWantTo=,soThat=], title=Efetua o reempenho do pedido feito, issue=rgs-03, description=, rgs-03=, givenStories=, tag=component:Regressão - RELOH, path=stories/pedido/pedido_tipo_venda_avista3.story}] excluded by filter 'groovy: (issue == 'rgs-35' || issue == 'rgs-36' || issue == 'rgs-37' || issue == 'rgs-38' || issue == 'rgs-39' || issue == 'rgs-40')'
1 stories excluded by filter: groovy: (issue == 'rgs-35' || issue == 'rgs-36' || issue == 'rgs-37' || issue == 'rgs-38' || issue == 'rgs-39' || issue == 'rgs-40')


(AfterStories)

Generating reports view to '/home/pedro/Documentos/Automação/testes-automatizados/mv-lojas-bdd/target/jbehave' using formats '[stats, console, html, xml, serenityreporter]' and view properties '{decorateNonHtml=true}'
Reports view generated with 2 stories (of which 0 pending) containing 1 scenarios (of which 0 pending)
Failures in reports view: 1 scenarios failed
Processing system properties {}
Using controls EmbedderControls[batch=false,skip=false,generateViewAfterStories=true,ignoreFailureInStories=false,ignoreFailureInView=true,verboseFailures=false,verboseFiltering=false,storyTimeouts=10000,threads=1,failOnStoryTimeout=false]
Meta[properties={narrative=Narrative[inOrderTo=,asA=,iWantTo=,soThat=], description=, path=stories/processos/atendimento_cliente_recibo_troca_pedido_deposito_faturado.story}] excluded by filter 'groovy: (issue == 'rgs-35' || issue == 'rgs-36' || issue == 'rgs-37' || issue == 'rgs-38' || issue == 'rgs-39' || issue == 'rgs-40')'
Meta[properties={examplesTable=, base=RELOH, context=PROCESSOS, grupoInstancias=Pedidos, narrative=Narrative[inOrderTo=,asA=,iWantTo=,soThat=], prcs-08=, title=Elaborar um pedido a vista com empenho em loja/normal, issue=prcs-08, description=, skip=, givenStories=, tag=component:Processos - RELOH, path=stories/processos/atendimento_cliente_recibo_troca_pedido_deposito_faturado.story}] excluded by filter 'groovy: (issue == 'rgs-35' || issue == 'rgs-36' || issue == 'rgs-37' || issue == 'rgs-38' || issue == 'rgs-39' || issue == 'rgs-40')'
Meta[properties={examplesTable=, base=RELOH, context=PROCESSOS, grupoInstancias=Caixa, narrative=Narrative[inOrderTo=,asA=,iWantTo=,soThat=], prcs-08=, title=Efetua o recebimento do pedido, issue=prcs-08, description=, skip=, givenStories=, tag=component:Regressão - RELOH, path=stories/processos/atendimento_cliente_recibo_troca_pedido_deposito_faturado.story}] excluded by filter 'groovy: (issue == 'rgs-35' || issue == 'rgs-36' || issue == 'rgs-37' || issue == 'rgs-38' || issue == 'rgs-39' || issue == 'rgs-40')'
Meta[properties={examplesTable=, base=RELOH, context=PROCESSOS, grupoInstancias=AdmCD, narrative=Narrative[inOrderTo=,asA=,iWantTo=,soThat=], prcs-08=, title=Cria a carga para associar ao controle de faturamento, issue=prcs-08, description=, skip=, givenStories=, tag=component:Processos - RELOH, path=stories/processos/atendimento_cliente_recibo_troca_pedido_deposito_faturado.story}] excluded by filter 'groovy: (issue == 'rgs-35' || issue == 'rgs-36' || issue == 'rgs-37' || issue == 'rgs-38' || issue == 'rgs-39' || issue == 'rgs-40')'
Meta[properties={examplesTable=, base=RELOH, context=PROCESSOS, grupoInstancias=AdmCD, narrative=Narrative[inOrderTo=,asA=,iWantTo=,soThat=], prcs-08=, title=Cria a nota de transferencia do CD 47 para o CD 221, issue=prcs-08, description=, skip=, givenStories=, tag=component:Processos - RELOH, path=stories/processos/atendimento_cliente_recibo_troca_pedido_deposito_faturado.story}] excluded by filter 'groovy: (issue == 'rgs-35' || issue == 'rgs-36' || issue == 'rgs-37' || issue == 'rgs-38' || issue == 'rgs-39' || issue == 'rgs-40')'
Meta[properties={examplesTable=, base=RELOH, context=PROCESSOS, grupoInstancias=AdmCD, narrative=Narrative[inOrderTo=,asA=,iWantTo=,soThat=], prcs-08=, title=Processa a nota de transferencia a nota no CD 221, issue=prcs-08, description=, skip=, givenStories=, tag=component:Processos - RELOH, path=stories/processos/atendimento_cliente_recibo_troca_pedido_deposito_faturado.story}] excluded by filter 'groovy: (issue == 'rgs-35' || issue == 'rgs-36' || issue == 'rgs-37' || issue == 'rgs-38' || issue == 'rgs-39' || issue == 'rgs-40')'
Meta[properties={examplesTable=, base=RELOH, context=PROCESSOS, grupoInstancias=AdmCD, narrative=Narrative[inOrderTo=,asA=,iWantTo=,soThat=], prcs-08=, title=Fatura a nota de transferencia a nota no CD 221, issue=prcs-08, description=, skip=, givenStories=, tag=component:Processos - RELOH, path=stories/processos/atendimento_cliente_recibo_troca_pedido_deposito_faturado.story}] excluded by filter 'groovy: (issue == 'rgs-35' || issue == 'rgs-36' || issue == 'rgs-37' || issue == 'rgs-38' || issue == 'rgs-39' || issue == 'rgs-40')'
Meta[properties={examplesTable=, base=RELOH, context=PROCESSOS, grupoInstancias=AdmCD, narrative=Narrative[inOrderTo=,asA=,iWantTo=,soThat=], prcs-08=, title=Elaborar um atendimento para o pedido realizado, issue=prcs-08, description=, skip=, givenStories=, tag=component:Processos - RELOH, path=stories/processos/atendimento_cliente_recibo_troca_pedido_deposito_faturado.story}] excluded by filter 'groovy: (issue == 'rgs-35' || issue == 'rgs-36' || issue == 'rgs-37' || issue == 'rgs-38' || issue == 'rgs-39' || issue == 'rgs-40')'
Meta[properties={examplesTable=, base=RELOH, context=PROCESSOS, grupoInstancias=AdmCD, narrative=Narrative[inOrderTo=,asA=,iWantTo=,soThat=], title=Cria a carga para associar ao controle de faturamento, issue=prcs-05, prcs-05=, description=, skip=, givenStories=, tag=component:Processos - RELOH, path=stories/processos/atendimento_cliente_recibo_troca_pedido_deposito_faturado.story}] excluded by filter 'groovy: (issue == 'rgs-35' || issue == 'rgs-36' || issue == 'rgs-37' || issue == 'rgs-38' || issue == 'rgs-39' || issue == 'rgs-40')'
Meta[properties={examplesTable=, base=RELOH, context=PROCESSOS, grupoInstancias=AdmCD, narrative=Narrative[inOrderTo=,asA=,iWantTo=,soThat=], title=Cria a nota de transferencia do CD 47 para o CD 221, issue=prcs-05, prcs-05=, description=, skip=, givenStories=, tag=component:Processos - RELOH, path=stories/processos/atendimento_cliente_recibo_troca_pedido_deposito_faturado.story}] excluded by filter 'groovy: (issue == 'rgs-35' || issue == 'rgs-36' || issue == 'rgs-37' || issue == 'rgs-38' || issue == 'rgs-39' || issue == 'rgs-40')'
Meta[properties={examplesTable=, base=RELOH, context=PROCESSOS, grupoInstancias=AdmCD, narrative=Narrative[inOrderTo=,asA=,iWantTo=,soThat=], title=Processa a nota de transferencia a nota no CD 221, issue=prcs-05, prcs-05=, description=, skip=, givenStories=, tag=component:Processos - RELOH, path=stories/processos/atendimento_cliente_recibo_troca_pedido_deposito_faturado.story}] excluded by filter 'groovy: (issue == 'rgs-35' || issue == 'rgs-36' || issue == 'rgs-37' || issue == 'rgs-38' || issue == 'rgs-39' || issue == 'rgs-40')'
Meta[properties={examplesTable=, base=RELOH, context=PROCESSOS, grupoInstancias=AdmCD, narrative=Narrative[inOrderTo=,asA=,iWantTo=,soThat=], title=Fatura a nota de transferencia a nota no CD 221, issue=prcs-05, prcs-05=, description=, skip=, givenStories=, tag=component:Processos - RELOH, path=stories/processos/atendimento_cliente_recibo_troca_pedido_deposito_faturado.story}] excluded by filter 'groovy: (issue == 'rgs-35' || issue == 'rgs-36' || issue == 'rgs-37' || issue == 'rgs-38' || issue == 'rgs-39' || issue == 'rgs-40')'
Meta[properties={examplesTable=, base=RELOH, context=PROCESSOS, grupoInstancias=AdmCD, narrative=Narrative[inOrderTo=,asA=,iWantTo=,soThat=], title=Realiza o Recolhimento de Produto, issue=prcs-05, prcs-05=, description=, skip=, givenStories=, tag=component:Processos - RELOH, path=stories/processos/atendimento_cliente_recibo_troca_pedido_deposito_faturado.story}] excluded by filter 'groovy: (issue == 'rgs-35' || issue == 'rgs-36' || issue == 'rgs-37' || issue == 'rgs-38' || issue == 'rgs-39' || issue == 'rgs-40')'
Meta[properties={examplesTable=, base=RELOH, context=PROCESSOS, grupoInstancias=Pedidos, narrative=Narrative[inOrderTo=,asA=,iWantTo=,soThat=], title=Elaborar um pedido utilizando o recibo de troca, issue=prcs-04, prcs-04=, description=, skip=, givenStories=, tag=component:Processos - RELOH, path=stories/processos/atendimento_cliente_recibo_troca_pedido_deposito_faturado.story}] excluded by filter 'groovy: (issue == 'rgs-35' || issue == 'rgs-36' || issue == 'rgs-37' || issue == 'rgs-38' || issue == 'rgs-39' || issue == 'rgs-40')'
Meta[properties={examplesTable=, base=RELOH, context=PROCESSOS, grupoInstancias=Caixa, narrative=Narrative[inOrderTo=,asA=,iWantTo=,soThat=], title=Efetua o recebimento do pedido feito com recibo de troca, issue=prcs-04, prcs-04=, description=, skip=, givenStories=, tag=component:Regressão - RELOH, path=stories/processos/atendimento_cliente_recibo_troca_pedido_deposito_faturado.story}] excluded by filter 'groovy: (issue == 'rgs-35' || issue == 'rgs-36' || issue == 'rgs-37' || issue == 'rgs-38' || issue == 'rgs-39' || issue == 'rgs-40')'

(BeforeStories)

Meta[properties={narrative=Narrative[inOrderTo=,asA=,iWantTo=,soThat=], description=, path=stories/processos/atendimento_cliente_recibo_troca_pedido_deposito_faturado.story}] excluded by filter 'groovy: (issue == 'rgs-35' || issue == 'rgs-36' || issue == 'rgs-37' || issue == 'rgs-38' || issue == 'rgs-39' || issue == 'rgs-40')'
Meta[properties={examplesTable=, base=RELOH, context=PROCESSOS, grupoInstancias=Pedidos, narrative=Narrative[inOrderTo=,asA=,iWantTo=,soThat=], prcs-08=, title=Elaborar um pedido a vista com empenho em loja/normal, issue=prcs-08, description=, skip=, givenStories=, tag=component:Processos - RELOH, path=stories/processos/atendimento_cliente_recibo_troca_pedido_deposito_faturado.story}] excluded by filter 'groovy: (issue == 'rgs-35' || issue == 'rgs-36' || issue == 'rgs-37' || issue == 'rgs-38' || issue == 'rgs-39' || issue == 'rgs-40')'
Meta[properties={examplesTable=, base=RELOH, context=PROCESSOS, grupoInstancias=Caixa, narrative=Narrative[inOrderTo=,asA=,iWantTo=,soThat=], prcs-08=, title=Efetua o recebimento do pedido, issue=prcs-08, description=, skip=, givenStories=, tag=component:Regressão - RELOH, path=stories/processos/atendimento_cliente_recibo_troca_pedido_deposito_faturado.story}] excluded by filter 'groovy: (issue == 'rgs-35' || issue == 'rgs-36' || issue == 'rgs-37' || issue == 'rgs-38' || issue == 'rgs-39' || issue == 'rgs-40')'
Meta[properties={examplesTable=, base=RELOH, context=PROCESSOS, grupoInstancias=AdmCD, narrative=Narrative[inOrderTo=,asA=,iWantTo=,soThat=], prcs-08=, title=Cria a carga para associar ao controle de faturamento, issue=prcs-08, description=, skip=, givenStories=, tag=component:Processos - RELOH, path=stories/processos/atendimento_cliente_recibo_troca_pedido_deposito_faturado.story}] excluded by filter 'groovy: (issue == 'rgs-35' || issue == 'rgs-36' || issue == 'rgs-37' || issue == 'rgs-38' || issue == 'rgs-39' || issue == 'rgs-40')'
Meta[properties={examplesTable=, base=RELOH, context=PROCESSOS, grupoInstancias=AdmCD, narrative=Narrative[inOrderTo=,asA=,iWantTo=,soThat=], prcs-08=, title=Cria a nota de transferencia do CD 47 para o CD 221, issue=prcs-08, description=, skip=, givenStories=, tag=component:Processos - RELOH, path=stories/processos/atendimento_cliente_recibo_troca_pedido_deposito_faturado.story}] excluded by filter 'groovy: (issue == 'rgs-35' || issue == 'rgs-36' || issue == 'rgs-37' || issue == 'rgs-38' || issue == 'rgs-39' || issue == 'rgs-40')'
Meta[properties={examplesTable=, base=RELOH, context=PROCESSOS, grupoInstancias=AdmCD, narrative=Narrative[inOrderTo=,asA=,iWantTo=,soThat=], prcs-08=, title=Processa a nota de transferencia a nota no CD 221, issue=prcs-08, description=, skip=, givenStories=, tag=component:Processos - RELOH, path=stories/processos/atendimento_cliente_recibo_troca_pedido_deposito_faturado.story}] excluded by filter 'groovy: (issue == 'rgs-35' || issue == 'rgs-36' || issue == 'rgs-37' || issue == 'rgs-38' || issue == 'rgs-39' || issue == 'rgs-40')'
Meta[properties={examplesTable=, base=RELOH, context=PROCESSOS, grupoInstancias=AdmCD, narrative=Narrative[inOrderTo=,asA=,iWantTo=,soThat=], prcs-08=, title=Fatura a nota de transferencia a nota no CD 221, issue=prcs-08, description=, skip=, givenStories=, tag=component:Processos - RELOH, path=stories/processos/atendimento_cliente_recibo_troca_pedido_deposito_faturado.story}] excluded by filter 'groovy: (issue == 'rgs-35' || issue == 'rgs-36' || issue == 'rgs-37' || issue == 'rgs-38' || issue == 'rgs-39' || issue == 'rgs-40')'
Meta[properties={examplesTable=, base=RELOH, context=PROCESSOS, grupoInstancias=AdmCD, narrative=Narrative[inOrderTo=,asA=,iWantTo=,soThat=], prcs-08=, title=Elaborar um atendimento para o pedido realizado, issue=prcs-08, description=, skip=, givenStories=, tag=component:Processos - RELOH, path=stories/processos/atendimento_cliente_recibo_troca_pedido_deposito_faturado.story}] excluded by filter 'groovy: (issue == 'rgs-35' || issue == 'rgs-36' || issue == 'rgs-37' || issue == 'rgs-38' || issue == 'rgs-39' || issue == 'rgs-40')'
Meta[properties={examplesTable=, base=RELOH, context=PROCESSOS, grupoInstancias=AdmCD, narrative=Narrative[inOrderTo=,asA=,iWantTo=,soThat=], title=Cria a carga para associar ao controle de faturamento, issue=prcs-05, prcs-05=, description=, skip=, givenStories=, tag=component:Processos - RELOH, path=stories/processos/atendimento_cliente_recibo_troca_pedido_deposito_faturado.story}] excluded by filter 'groovy: (issue == 'rgs-35' || issue == 'rgs-36' || issue == 'rgs-37' || issue == 'rgs-38' || issue == 'rgs-39' || issue == 'rgs-40')'
Meta[properties={examplesTable=, base=RELOH, context=PROCESSOS, grupoInstancias=AdmCD, narrative=Narrative[inOrderTo=,asA=,iWantTo=,soThat=], title=Cria a nota de transferencia do CD 47 para o CD 221, issue=prcs-05, prcs-05=, description=, skip=, givenStories=, tag=component:Processos - RELOH, path=stories/processos/atendimento_cliente_recibo_troca_pedido_deposito_faturado.story}] excluded by filter 'groovy: (issue == 'rgs-35' || issue == 'rgs-36' || issue == 'rgs-37' || issue == 'rgs-38' || issue == 'rgs-39' || issue == 'rgs-40')'
Meta[properties={examplesTable=, base=RELOH, context=PROCESSOS, grupoInstancias=AdmCD, narrative=Narrative[inOrderTo=,asA=,iWantTo=,soThat=], title=Processa a nota de transferencia a nota no CD 221, issue=prcs-05, prcs-05=, description=, skip=, givenStories=, tag=component:Processos - RELOH, path=stories/processos/atendimento_cliente_recibo_troca_pedido_deposito_faturado.story}] excluded by filter 'groovy: (issue == 'rgs-35' || issue == 'rgs-36' || issue == 'rgs-37' || issue == 'rgs-38' || issue == 'rgs-39' || issue == 'rgs-40')'
Meta[properties={examplesTable=, base=RELOH, context=PROCESSOS, grupoInstancias=AdmCD, narrative=Narrative[inOrderTo=,asA=,iWantTo=,soThat=], title=Fatura a nota de transferencia a nota no CD 221, issue=prcs-05, prcs-05=, description=, skip=, givenStories=, tag=component:Processos - RELOH, path=stories/processos/atendimento_cliente_recibo_troca_pedido_deposito_faturado.story}] excluded by filter 'groovy: (issue == 'rgs-35' || issue == 'rgs-36' || issue == 'rgs-37' || issue == 'rgs-38' || issue == 'rgs-39' || issue == 'rgs-40')'
Meta[properties={examplesTable=, base=RELOH, context=PROCESSOS, grupoInstancias=AdmCD, narrative=Narrative[inOrderTo=,asA=,iWantTo=,soThat=], title=Realiza o Recolhimento de Produto, issue=prcs-05, prcs-05=, description=, skip=, givenStories=, tag=component:Processos - RELOH, path=stories/processos/atendimento_cliente_recibo_troca_pedido_deposito_faturado.story}] excluded by filter 'groovy: (issue == 'rgs-35' || issue == 'rgs-36' || issue == 'rgs-37' || issue == 'rgs-38' || issue == 'rgs-39' || issue == 'rgs-40')'
Meta[properties={examplesTable=, base=RELOH, context=PROCESSOS, grupoInstancias=Pedidos, narrative=Narrative[inOrderTo=,asA=,iWantTo=,soThat=], title=Elaborar um pedido utilizando o recibo de troca, issue=prcs-04, prcs-04=, description=, skip=, givenStories=, tag=component:Processos - RELOH, path=stories/processos/atendimento_cliente_recibo_troca_pedido_deposito_faturado.story}] excluded by filter 'groovy: (issue == 'rgs-35' || issue == 'rgs-36' || issue == 'rgs-37' || issue == 'rgs-38' || issue == 'rgs-39' || issue == 'rgs-40')'
Meta[properties={examplesTable=, base=RELOH, context=PROCESSOS, grupoInstancias=Caixa, narrative=Narrative[inOrderTo=,asA=,iWantTo=,soThat=], title=Efetua o recebimento do pedido feito com recibo de troca, issue=prcs-04, prcs-04=, description=, skip=, givenStories=, tag=component:Regressão - RELOH, path=stories/processos/atendimento_cliente_recibo_troca_pedido_deposito_faturado.story}] excluded by filter 'groovy: (issue == 'rgs-35' || issue == 'rgs-36' || issue == 'rgs-37' || issue == 'rgs-38' || issue == 'rgs-39' || issue == 'rgs-40')'
1 stories excluded by filter: groovy: (issue == 'rgs-35' || issue == 'rgs-36' || issue == 'rgs-37' || issue == 'rgs-38' || issue == 'rgs-39' || issue == 'rgs-40')

Story name for stories/processos/atendimento_cliente_recibo_troca_pedido_deposito_faturado.story => TestTag{name='Processos/Atendimento cliente recibo troca pedido deposito faturado', type='story'}
Story name for stories/processos/atendimento_cliente_recibo_troca_pedido_deposito_faturado.story => TestTag{name='Processos/Atendimento cliente recibo troca pedido deposito faturado', type='story'}
Story name for stories/processos/atendimento_cliente_recibo_troca_pedido_deposito_faturado.story => TestTag{name='Processos/Atendimento cliente recibo troca pedido deposito faturado', type='story'}
Story name for stories/processos/atendimento_cliente_recibo_troca_pedido_deposito_faturado.story => TestTag{name='Processos/Atendimento cliente recibo troca pedido deposito faturado', type='story'}
Story name for stories/processos/atendimento_cliente_recibo_troca_pedido_deposito_faturado.story => TestTag{name='Processos/Atendimento cliente recibo troca pedido deposito faturado', type='story'}
Story name for stories/processos/atendimento_cliente_recibo_troca_pedido_deposito_faturado.story => TestTag{name='Processos/Atendimento cliente recibo troca pedido deposito faturado', type='story'}
Story name for stories/processos/atendimento_cliente_recibo_troca_pedido_deposito_faturado.story => TestTag{name='Processos/Atendimento cliente recibo troca pedido deposito faturado', type='story'}
Story name for stories/processos/atendimento_cliente_recibo_troca_pedido_deposito_faturado.story => TestTag{name='Processos/Atendimento cliente recibo troca pedido deposito faturado', type='story'}
Story name for stories/processos/atendimento_cliente_recibo_troca_pedido_deposito_faturado.story => TestTag{name='Processos/Atendimento cliente recibo troca pedido deposito faturado', type='story'}
Story name for stories/processos/atendimento_cliente_recibo_troca_pedido_deposito_faturado.story => TestTag{name='Processos/Atendimento cliente recibo troca pedido deposito faturado', type='story'}
Story name for stories/processos/atendimento_cliente_recibo_troca_pedido_deposito_faturado.story => TestTag{name='Processos/Atendimento cliente recibo troca pedido deposito faturado', type='story'}
Story name for stories/processos/atendimento_cliente_recibo_troca_pedido_deposito_faturado.story => TestTag{name='Processos/Atendimento cliente recibo troca pedido deposito faturado', type='story'}
Story name for stories/processos/atendimento_cliente_recibo_troca_pedido_deposito_faturado.story => TestTag{name='Processos/Atendimento cliente recibo troca pedido deposito faturado', type='story'}
Story name for stories/processos/atendimento_cliente_recibo_troca_pedido_deposito_faturado.story => TestTag{name='Processos/Atendimento cliente recibo troca pedido deposito faturado', type='story'}
Story name for stories/processos/atendimento_cliente_recibo_troca_pedido_deposito_faturado.story => TestTag{name='Processos/Atendimento cliente recibo troca pedido deposito faturado', type='story'}
Story name for stories/processos/atendimento_cliente_recibo_troca_pedido_deposito_faturado.story => TestTag{name='Processos/Atendimento cliente recibo troca pedido deposito faturado', type='story'}
Story name for stories/processos/atendimento_cliente_recibo_troca_pedido_deposito_faturado.story => TestTag{name='Processos/Atendimento cliente recibo troca pedido deposito faturado', type='story'}
Story name for stories/processos/atendimento_cliente_recibo_troca_pedido_deposito_faturado.story => TestTag{name='Processos/Atendimento cliente recibo troca pedido deposito faturado', type='story'}
Story name for stories/processos/atendimento_cliente_recibo_troca_pedido_deposito_faturado.story => TestTag{name='Processos/Atendimento cliente recibo troca pedido deposito faturado', type='story'}
Story name for stories/processos/atendimento_cliente_recibo_troca_pedido_deposito_faturado.story => TestTag{name='Processos/Atendimento cliente recibo troca pedido deposito faturado', type='story'}
Story name for stories/processos/atendimento_cliente_recibo_troca_pedido_deposito_faturado.story => TestTag{name='Processos/Atendimento cliente recibo troca pedido deposito faturado', type='story'}
Story name for stories/processos/atendimento_cliente_recibo_troca_pedido_deposito_faturado.story => TestTag{name='Processos/Atendimento cliente recibo troca pedido deposito faturado', type='story'}
Story name for stories/processos/atendimento_cliente_recibo_troca_pedido_deposito_faturado.story => TestTag{name='Processos/Atendimento cliente recibo troca pedido deposito faturado', type='story'}
Story name for stories/processos/atendimento_cliente_recibo_troca_pedido_deposito_faturado.story => TestTag{name='Processos/Atendimento cliente recibo troca pedido deposito faturado', type='story'}
Story name for stories/processos/atendimento_cliente_recibo_troca_pedido_deposito_faturado.story => TestTag{name='Processos/Atendimento cliente recibo troca pedido deposito faturado', type='story'}
Story name for stories/processos/atendimento_cliente_recibo_troca_pedido_deposito_faturado.story => TestTag{name='Processos/Atendimento cliente recibo troca pedido deposito faturado', type='story'}
Story name for stories/processos/atendimento_cliente_recibo_troca_pedido_deposito_faturado.story => TestTag{name='Processos/Atendimento cliente recibo troca pedido deposito faturado', type='story'}
Story name for stories/processos/atendimento_cliente_recibo_troca_pedido_deposito_faturado.story => TestTag{name='Processos/Atendimento cliente recibo troca pedido deposito faturado', type='story'}

(AfterStories)

Generating reports view to '/home/pedro/Documentos/Automação/testes-automatizados/mv-lojas-bdd/target/jbehave' using formats '[stats, console, html, xml, serenityreporter]' and view properties '{decorateNonHtml=true}'
Reports view generated with 2 stories (of which 0 pending) containing 1 scenarios (of which 0 pending)
Failures in reports view: 1 scenarios failed
Processing system properties {}
Using controls EmbedderControls[batch=false,skip=false,generateViewAfterStories=true,ignoreFailureInStories=false,ignoreFailureInView=true,verboseFailures=false,verboseFiltering=false,storyTimeouts=10000,threads=1,failOnStoryTimeout=false]
Meta[properties={narrative=Narrative[inOrderTo=,asA=,iWantTo=,soThat=], description=, path=stories/notas_fiscais/nota_devolucao_compras_comercializacao.story}] excluded by filter 'groovy: (issue == 'rgs-35' || issue == 'rgs-36' || issue == 'rgs-37' || issue == 'rgs-38' || issue == 'rgs-39' || issue == 'rgs-40')'
Meta[properties={examplesTable=, base=RELOH, context=NOTAS_FISCAIS, grupoInstancias=AdmCD, nf-14=, narrative=Narrative[inOrderTo=,asA=,iWantTo=,soThat=], title=Emite Nota Fiscal Avulsa Tipo 244 - DEVOL.DE COMPRAS P/COMERCIALIZACAO (FORNEC.C/ARMAZ.GERAL) - UF2140, issue=nf-14, description=, givenStories=, tag=component:Processos - RELOH, path=stories/notas_fiscais/nota_devolucao_compras_comercializacao.story}] excluded by filter 'groovy: (issue == 'rgs-35' || issue == 'rgs-36' || issue == 'rgs-37' || issue == 'rgs-38' || issue == 'rgs-39' || issue == 'rgs-40')'

(BeforeStories)

Meta[properties={narrative=Narrative[inOrderTo=,asA=,iWantTo=,soThat=], description=, path=stories/notas_fiscais/nota_devolucao_compras_comercializacao.story}] excluded by filter 'groovy: (issue == 'rgs-35' || issue == 'rgs-36' || issue == 'rgs-37' || issue == 'rgs-38' || issue == 'rgs-39' || issue == 'rgs-40')'
Meta[properties={examplesTable=, base=RELOH, context=NOTAS_FISCAIS, grupoInstancias=AdmCD, nf-14=, narrative=Narrative[inOrderTo=,asA=,iWantTo=,soThat=], title=Emite Nota Fiscal Avulsa Tipo 244 - DEVOL.DE COMPRAS P/COMERCIALIZACAO (FORNEC.C/ARMAZ.GERAL) - UF2140, issue=nf-14, description=, givenStories=, tag=component:Processos - RELOH, path=stories/notas_fiscais/nota_devolucao_compras_comercializacao.story}] excluded by filter 'groovy: (issue == 'rgs-35' || issue == 'rgs-36' || issue == 'rgs-37' || issue == 'rgs-38' || issue == 'rgs-39' || issue == 'rgs-40')'
1 stories excluded by filter: groovy: (issue == 'rgs-35' || issue == 'rgs-36' || issue == 'rgs-37' || issue == 'rgs-38' || issue == 'rgs-39' || issue == 'rgs-40')


(AfterStories)

Generating reports view to '/home/pedro/Documentos/Automação/testes-automatizados/mv-lojas-bdd/target/jbehave' using formats '[stats, console, html, xml, serenityreporter]' and view properties '{decorateNonHtml=true}'
Reports view generated with 2 stories (of which 0 pending) containing 1 scenarios (of which 0 pending)
Failures in reports view: 1 scenarios failed
Processing system properties {}
Using controls EmbedderControls[batch=false,skip=false,generateViewAfterStories=true,ignoreFailureInStories=false,ignoreFailureInView=true,verboseFailures=false,verboseFiltering=false,storyTimeouts=10000,threads=1,failOnStoryTimeout=false]
Meta[properties={narrative=Narrative[inOrderTo=,asA=,iWantTo=,soThat=], description=, path=stories/pedido/pedido_tipo_venda_carne_losango19.story}] excluded by filter 'groovy: (issue == 'rgs-35' || issue == 'rgs-36' || issue == 'rgs-37' || issue == 'rgs-38' || issue == 'rgs-39' || issue == 'rgs-40')'
Meta[properties={examplesTable=, base=RELOH, context=PEDIDOS, grupoInstancias=Pedidos, rgs-19=, narrative=Narrative[inOrderTo=,asA=,iWantTo=,soThat=], title=Elaborar um pedido a vista com DEPOSITO/RETIRADA OUTRA LOJA COM RESERVA DEPOSITO, issue=rgs-19, description=, givenStories=, path=stories/pedido/pedido_tipo_venda_carne_losango19.story, tag=component:Regressão - RELOH}] excluded by filter 'groovy: (issue == 'rgs-35' || issue == 'rgs-36' || issue == 'rgs-37' || issue == 'rgs-38' || issue == 'rgs-39' || issue == 'rgs-40')'
Meta[properties={examplesTable=, base=RELOH, context=PEDIDOS, grupoInstancias=Pedidos, rgs-19=, narrative=Narrative[inOrderTo=,asA=,iWantTo=,soThat=], title=Efetua a reabertura do pedido feito, issue=rgs-19, description=, givenStories=, path=stories/pedido/pedido_tipo_venda_carne_losango19.story, tag=component:Regressão - RELOH}] excluded by filter 'groovy: (issue == 'rgs-35' || issue == 'rgs-36' || issue == 'rgs-37' || issue == 'rgs-38' || issue == 'rgs-39' || issue == 'rgs-40')'

(BeforeStories)

Meta[properties={narrative=Narrative[inOrderTo=,asA=,iWantTo=,soThat=], description=, path=stories/pedido/pedido_tipo_venda_carne_losango19.story}] excluded by filter 'groovy: (issue == 'rgs-35' || issue == 'rgs-36' || issue == 'rgs-37' || issue == 'rgs-38' || issue == 'rgs-39' || issue == 'rgs-40')'
Meta[properties={examplesTable=, base=RELOH, context=PEDIDOS, grupoInstancias=Pedidos, rgs-19=, narrative=Narrative[inOrderTo=,asA=,iWantTo=,soThat=], title=Elaborar um pedido a vista com DEPOSITO/RETIRADA OUTRA LOJA COM RESERVA DEPOSITO, issue=rgs-19, description=, givenStories=, path=stories/pedido/pedido_tipo_venda_carne_losango19.story, tag=component:Regressão - RELOH}] excluded by filter 'groovy: (issue == 'rgs-35' || issue == 'rgs-36' || issue == 'rgs-37' || issue == 'rgs-38' || issue == 'rgs-39' || issue == 'rgs-40')'
Meta[properties={examplesTable=, base=RELOH, context=PEDIDOS, grupoInstancias=Pedidos, rgs-19=, narrative=Narrative[inOrderTo=,asA=,iWantTo=,soThat=], title=Efetua a reabertura do pedido feito, issue=rgs-19, description=, givenStories=, path=stories/pedido/pedido_tipo_venda_carne_losango19.story, tag=component:Regressão - RELOH}] excluded by filter 'groovy: (issue == 'rgs-35' || issue == 'rgs-36' || issue == 'rgs-37' || issue == 'rgs-38' || issue == 'rgs-39' || issue == 'rgs-40')'
1 stories excluded by filter: groovy: (issue == 'rgs-35' || issue == 'rgs-36' || issue == 'rgs-37' || issue == 'rgs-38' || issue == 'rgs-39' || issue == 'rgs-40')


(AfterStories)

Generating reports view to '/home/pedro/Documentos/Automação/testes-automatizados/mv-lojas-bdd/target/jbehave' using formats '[stats, console, html, xml, serenityreporter]' and view properties '{decorateNonHtml=true}'
Reports view generated with 2 stories (of which 0 pending) containing 1 scenarios (of which 0 pending)
Failures in reports view: 1 scenarios failed
Processing system properties {}
Using controls EmbedderControls[batch=false,skip=false,generateViewAfterStories=true,ignoreFailureInStories=false,ignoreFailureInView=true,verboseFailures=false,verboseFiltering=false,storyTimeouts=10000,threads=1,failOnStoryTimeout=false]
Meta[properties={narrative=Narrative[inOrderTo=,asA=,iWantTo=,soThat=], description=, path=stories/notas_fiscais/nota_outras_saidas_regularizacao_estoque.story}] excluded by filter 'groovy: (issue == 'rgs-35' || issue == 'rgs-36' || issue == 'rgs-37' || issue == 'rgs-38' || issue == 'rgs-39' || issue == 'rgs-40')'
Meta[properties={examplesTable=, base=RELOH, context=NOTAS_FISCAIS, grupoInstancias=AdmCD, nf-11=, narrative=Narrative[inOrderTo=,asA=,iWantTo=,soThat=], title=Emite Nota Fiscal Avulsa Tipo 60 - OUTRAS SAIDAS REGULARIZACAO ESTOQUE - UF2320, issue=nf-11, description=, givenStories=, tag=component:Processos - RELOH, path=stories/notas_fiscais/nota_outras_saidas_regularizacao_estoque.story}] excluded by filter 'groovy: (issue == 'rgs-35' || issue == 'rgs-36' || issue == 'rgs-37' || issue == 'rgs-38' || issue == 'rgs-39' || issue == 'rgs-40')'

(BeforeStories)

Meta[properties={narrative=Narrative[inOrderTo=,asA=,iWantTo=,soThat=], description=, path=stories/notas_fiscais/nota_outras_saidas_regularizacao_estoque.story}] excluded by filter 'groovy: (issue == 'rgs-35' || issue == 'rgs-36' || issue == 'rgs-37' || issue == 'rgs-38' || issue == 'rgs-39' || issue == 'rgs-40')'
Meta[properties={examplesTable=, base=RELOH, context=NOTAS_FISCAIS, grupoInstancias=AdmCD, nf-11=, narrative=Narrative[inOrderTo=,asA=,iWantTo=,soThat=], title=Emite Nota Fiscal Avulsa Tipo 60 - OUTRAS SAIDAS REGULARIZACAO ESTOQUE - UF2320, issue=nf-11, description=, givenStories=, tag=component:Processos - RELOH, path=stories/notas_fiscais/nota_outras_saidas_regularizacao_estoque.story}] excluded by filter 'groovy: (issue == 'rgs-35' || issue == 'rgs-36' || issue == 'rgs-37' || issue == 'rgs-38' || issue == 'rgs-39' || issue == 'rgs-40')'
1 stories excluded by filter: groovy: (issue == 'rgs-35' || issue == 'rgs-36' || issue == 'rgs-37' || issue == 'rgs-38' || issue == 'rgs-39' || issue == 'rgs-40')


(AfterStories)

Generating reports view to '/home/pedro/Documentos/Automação/testes-automatizados/mv-lojas-bdd/target/jbehave' using formats '[stats, console, html, xml, serenityreporter]' and view properties '{decorateNonHtml=true}'
Reports view generated with 2 stories (of which 0 pending) containing 1 scenarios (of which 0 pending)
Failures in reports view: 1 scenarios failed
Processing system properties {}
Using controls EmbedderControls[batch=false,skip=false,generateViewAfterStories=true,ignoreFailureInStories=false,ignoreFailureInView=true,verboseFailures=false,verboseFiltering=false,storyTimeouts=10000,threads=1,failOnStoryTimeout=false]
Meta[properties={narrative=Narrative[inOrderTo=,asA=,iWantTo=,soThat=], description=, path=stories/notas_fiscais/nota_fiscal_ent_compra_direta_consumidor.story}] excluded by filter 'groovy: (issue == 'rgs-35' || issue == 'rgs-36' || issue == 'rgs-37' || issue == 'rgs-38' || issue == 'rgs-39' || issue == 'rgs-40')'
Meta[properties={examplesTable=, base=RELOH, context=NOTAS_FISCAIS, grupoInstancias=AdmCD, nf-16=, narrative=Narrative[inOrderTo=,asA=,iWantTo=,soThat=], title=Emite Nota Fiscal Avulsa Tipo 121 O.ENT. (COMPRA DIRETA CONSUMIDOR) - UF1120, issue=nf-16, description=, givenStories=, tag=component:Processos - RELOH, path=stories/notas_fiscais/nota_fiscal_ent_compra_direta_consumidor.story}] excluded by filter 'groovy: (issue == 'rgs-35' || issue == 'rgs-36' || issue == 'rgs-37' || issue == 'rgs-38' || issue == 'rgs-39' || issue == 'rgs-40')'

(BeforeStories)

Meta[properties={narrative=Narrative[inOrderTo=,asA=,iWantTo=,soThat=], description=, path=stories/notas_fiscais/nota_fiscal_ent_compra_direta_consumidor.story}] excluded by filter 'groovy: (issue == 'rgs-35' || issue == 'rgs-36' || issue == 'rgs-37' || issue == 'rgs-38' || issue == 'rgs-39' || issue == 'rgs-40')'
Meta[properties={examplesTable=, base=RELOH, context=NOTAS_FISCAIS, grupoInstancias=AdmCD, nf-16=, narrative=Narrative[inOrderTo=,asA=,iWantTo=,soThat=], title=Emite Nota Fiscal Avulsa Tipo 121 O.ENT. (COMPRA DIRETA CONSUMIDOR) - UF1120, issue=nf-16, description=, givenStories=, tag=component:Processos - RELOH, path=stories/notas_fiscais/nota_fiscal_ent_compra_direta_consumidor.story}] excluded by filter 'groovy: (issue == 'rgs-35' || issue == 'rgs-36' || issue == 'rgs-37' || issue == 'rgs-38' || issue == 'rgs-39' || issue == 'rgs-40')'
1 stories excluded by filter: groovy: (issue == 'rgs-35' || issue == 'rgs-36' || issue == 'rgs-37' || issue == 'rgs-38' || issue == 'rgs-39' || issue == 'rgs-40')


(AfterStories)

Generating reports view to '/home/pedro/Documentos/Automação/testes-automatizados/mv-lojas-bdd/target/jbehave' using formats '[stats, console, html, xml, serenityreporter]' and view properties '{decorateNonHtml=true}'
Reports view generated with 2 stories (of which 0 pending) containing 1 scenarios (of which 0 pending)
Failures in reports view: 1 scenarios failed
Processing system properties {}
Using controls EmbedderControls[batch=false,skip=false,generateViewAfterStories=true,ignoreFailureInStories=false,ignoreFailureInView=true,verboseFailures=false,verboseFiltering=false,storyTimeouts=10000,threads=1,failOnStoryTimeout=false]
Meta[properties={narrative=Narrative[inOrderTo=,asA=,iWantTo=,soThat=], description=, path=stories/cadastros/cadastro_grupo_acesso_tratativa.story}] excluded by filter 'groovy: (issue == 'rgs-35' || issue == 'rgs-36' || issue == 'rgs-37' || issue == 'rgs-38' || issue == 'rgs-39' || issue == 'rgs-40')'
Meta[properties={examplesTable=, base=RELOH, context=CADASTROS, grupoInstancias=AdmCD, cad-12=, narrative=Narrative[inOrderTo=,asA=,iWantTo=,soThat=], title=Cadastrar Associação tratativa x Grupo de Acesso x Regras - UC012, issue=cad-12, description=, skip=, givenStories=, tag=component:Regressao - RELOH, path=stories/cadastros/cadastro_grupo_acesso_tratativa.story}] excluded by filter 'groovy: (issue == 'rgs-35' || issue == 'rgs-36' || issue == 'rgs-37' || issue == 'rgs-38' || issue == 'rgs-39' || issue == 'rgs-40')'
Meta[properties={examplesTable=, base=RELOH, context=CADASTROS, grupoInstancias=AdmCD, cad-12=, narrative=Narrative[inOrderTo=,asA=,iWantTo=,soThat=], title=Editar Associação tratativa x Grupo de Acesso x Regras, issue=cad-12, description=, skip=, givenStories=, tag=component:Regressao - RELOH, path=stories/cadastros/cadastro_grupo_acesso_tratativa.story}] excluded by filter 'groovy: (issue == 'rgs-35' || issue == 'rgs-36' || issue == 'rgs-37' || issue == 'rgs-38' || issue == 'rgs-39' || issue == 'rgs-40')'
Meta[properties={examplesTable=, base=RELOH, context=CADASTROS, grupoInstancias=AdmCD, cad-12=, narrative=Narrative[inOrderTo=,asA=,iWantTo=,soThat=], title=Excluir Associação tratativa x Grupo de Acesso x Regras, issue=cad-12, description=, skip=, givenStories=, tag=component:Regressao - RELOH, path=stories/cadastros/cadastro_grupo_acesso_tratativa.story}] excluded by filter 'groovy: (issue == 'rgs-35' || issue == 'rgs-36' || issue == 'rgs-37' || issue == 'rgs-38' || issue == 'rgs-39' || issue == 'rgs-40')'

(BeforeStories)

Meta[properties={narrative=Narrative[inOrderTo=,asA=,iWantTo=,soThat=], description=, path=stories/cadastros/cadastro_grupo_acesso_tratativa.story}] excluded by filter 'groovy: (issue == 'rgs-35' || issue == 'rgs-36' || issue == 'rgs-37' || issue == 'rgs-38' || issue == 'rgs-39' || issue == 'rgs-40')'
Meta[properties={examplesTable=, base=RELOH, context=CADASTROS, grupoInstancias=AdmCD, cad-12=, narrative=Narrative[inOrderTo=,asA=,iWantTo=,soThat=], title=Cadastrar Associação tratativa x Grupo de Acesso x Regras - UC012, issue=cad-12, description=, skip=, givenStories=, tag=component:Regressao - RELOH, path=stories/cadastros/cadastro_grupo_acesso_tratativa.story}] excluded by filter 'groovy: (issue == 'rgs-35' || issue == 'rgs-36' || issue == 'rgs-37' || issue == 'rgs-38' || issue == 'rgs-39' || issue == 'rgs-40')'
Meta[properties={examplesTable=, base=RELOH, context=CADASTROS, grupoInstancias=AdmCD, cad-12=, narrative=Narrative[inOrderTo=,asA=,iWantTo=,soThat=], title=Editar Associação tratativa x Grupo de Acesso x Regras, issue=cad-12, description=, skip=, givenStories=, tag=component:Regressao - RELOH, path=stories/cadastros/cadastro_grupo_acesso_tratativa.story}] excluded by filter 'groovy: (issue == 'rgs-35' || issue == 'rgs-36' || issue == 'rgs-37' || issue == 'rgs-38' || issue == 'rgs-39' || issue == 'rgs-40')'
Meta[properties={examplesTable=, base=RELOH, context=CADASTROS, grupoInstancias=AdmCD, cad-12=, narrative=Narrative[inOrderTo=,asA=,iWantTo=,soThat=], title=Excluir Associação tratativa x Grupo de Acesso x Regras, issue=cad-12, description=, skip=, givenStories=, tag=component:Regressao - RELOH, path=stories/cadastros/cadastro_grupo_acesso_tratativa.story}] excluded by filter 'groovy: (issue == 'rgs-35' || issue == 'rgs-36' || issue == 'rgs-37' || issue == 'rgs-38' || issue == 'rgs-39' || issue == 'rgs-40')'
1 stories excluded by filter: groovy: (issue == 'rgs-35' || issue == 'rgs-36' || issue == 'rgs-37' || issue == 'rgs-38' || issue == 'rgs-39' || issue == 'rgs-40')

Story name for stories/cadastros/cadastro_grupo_acesso_tratativa.story => TestTag{name='Cadastros/Cadastro grupo acesso tratativa', type='story'}
Story name for stories/cadastros/cadastro_grupo_acesso_tratativa.story => TestTag{name='Cadastros/Cadastro grupo acesso tratativa', type='story'}
Story name for stories/cadastros/cadastro_grupo_acesso_tratativa.story => TestTag{name='Cadastros/Cadastro grupo acesso tratativa', type='story'}
Story name for stories/cadastros/cadastro_grupo_acesso_tratativa.story => TestTag{name='Cadastros/Cadastro grupo acesso tratativa', type='story'}
Story name for stories/cadastros/cadastro_grupo_acesso_tratativa.story => TestTag{name='Cadastros/Cadastro grupo acesso tratativa', type='story'}
Story name for stories/cadastros/cadastro_grupo_acesso_tratativa.story => TestTag{name='Cadastros/Cadastro grupo acesso tratativa', type='story'}

(AfterStories)

Generating reports view to '/home/pedro/Documentos/Automação/testes-automatizados/mv-lojas-bdd/target/jbehave' using formats '[stats, console, html, xml, serenityreporter]' and view properties '{decorateNonHtml=true}'
Reports view generated with 2 stories (of which 0 pending) containing 1 scenarios (of which 0 pending)
Failures in reports view: 1 scenarios failed
Processing system properties {}
Using controls EmbedderControls[batch=false,skip=false,generateViewAfterStories=true,ignoreFailureInStories=false,ignoreFailureInView=true,verboseFailures=false,verboseFiltering=false,storyTimeouts=10000,threads=1,failOnStoryTimeout=false]
Meta[properties={narrative=Narrative[inOrderTo=,asA=,iWantTo=,soThat=], description=, path=stories/notas_fiscais/nota_ajuste_estoque_entrada.story}] excluded by filter 'groovy: (issue == 'rgs-35' || issue == 'rgs-36' || issue == 'rgs-37' || issue == 'rgs-38' || issue == 'rgs-39' || issue == 'rgs-40')'
Meta[properties={nf-22=, examplesTable=, base=RELOH, context=NOTAS_FISCAIS, grupoInstancias=AdmCD, narrative=Narrative[inOrderTo=,asA=,iWantTo=,soThat=], title=Emite Nota Fiscal Avulsa Tipo 410 AJUSTE ESTOQUE - ENTRADA - UF 1461, issue=nf-22, description=, givenStories=, tag=component:Processos - RELOH, path=stories/notas_fiscais/nota_ajuste_estoque_entrada.story}] excluded by filter 'groovy: (issue == 'rgs-35' || issue == 'rgs-36' || issue == 'rgs-37' || issue == 'rgs-38' || issue == 'rgs-39' || issue == 'rgs-40')'

(BeforeStories)

Meta[properties={narrative=Narrative[inOrderTo=,asA=,iWantTo=,soThat=], description=, path=stories/notas_fiscais/nota_ajuste_estoque_entrada.story}] excluded by filter 'groovy: (issue == 'rgs-35' || issue == 'rgs-36' || issue == 'rgs-37' || issue == 'rgs-38' || issue == 'rgs-39' || issue == 'rgs-40')'
Meta[properties={nf-22=, examplesTable=, base=RELOH, context=NOTAS_FISCAIS, grupoInstancias=AdmCD, narrative=Narrative[inOrderTo=,asA=,iWantTo=,soThat=], title=Emite Nota Fiscal Avulsa Tipo 410 AJUSTE ESTOQUE - ENTRADA - UF 1461, issue=nf-22, description=, givenStories=, tag=component:Processos - RELOH, path=stories/notas_fiscais/nota_ajuste_estoque_entrada.story}] excluded by filter 'groovy: (issue == 'rgs-35' || issue == 'rgs-36' || issue == 'rgs-37' || issue == 'rgs-38' || issue == 'rgs-39' || issue == 'rgs-40')'
1 stories excluded by filter: groovy: (issue == 'rgs-35' || issue == 'rgs-36' || issue == 'rgs-37' || issue == 'rgs-38' || issue == 'rgs-39' || issue == 'rgs-40')


(AfterStories)

Generating reports view to '/home/pedro/Documentos/Automação/testes-automatizados/mv-lojas-bdd/target/jbehave' using formats '[stats, console, html, xml, serenityreporter]' and view properties '{decorateNonHtml=true}'
Reports view generated with 2 stories (of which 0 pending) containing 1 scenarios (of which 0 pending)
Failures in reports view: 1 scenarios failed
Processing system properties {}
Using controls EmbedderControls[batch=false,skip=false,generateViewAfterStories=true,ignoreFailureInStories=false,ignoreFailureInView=true,verboseFailures=false,verboseFiltering=false,storyTimeouts=10000,threads=1,failOnStoryTimeout=false]
Meta[properties={narrative=Narrative[inOrderTo=,asA=,iWantTo=,soThat=], description=, path=stories/relatorios/comissao_analitico_especial.story}] excluded by filter 'groovy: (issue == 'rgs-35' || issue == 'rgs-36' || issue == 'rgs-37' || issue == 'rgs-38' || issue == 'rgs-39' || issue == 'rgs-40')'
Meta[properties={examplesTable=, base=RELOH, context=RELATORIOS, grupoInstancias=AdmCD, narrative=Narrative[inOrderTo=,asA=,iWantTo=,soThat=], title=Gerar relatorio analítico, issue=rel-01, description=, rel-01=, givenStories=, path=stories/relatorios/comissao_analitico_especial.story, tag=component:Regressao - RELOH}] excluded by filter 'groovy: (issue == 'rgs-35' || issue == 'rgs-36' || issue == 'rgs-37' || issue == 'rgs-38' || issue == 'rgs-39' || issue == 'rgs-40')'

(BeforeStories)

Meta[properties={narrative=Narrative[inOrderTo=,asA=,iWantTo=,soThat=], description=, path=stories/relatorios/comissao_analitico_especial.story}] excluded by filter 'groovy: (issue == 'rgs-35' || issue == 'rgs-36' || issue == 'rgs-37' || issue == 'rgs-38' || issue == 'rgs-39' || issue == 'rgs-40')'
Meta[properties={examplesTable=, base=RELOH, context=RELATORIOS, grupoInstancias=AdmCD, narrative=Narrative[inOrderTo=,asA=,iWantTo=,soThat=], title=Gerar relatorio analítico, issue=rel-01, description=, rel-01=, givenStories=, path=stories/relatorios/comissao_analitico_especial.story, tag=component:Regressao - RELOH}] excluded by filter 'groovy: (issue == 'rgs-35' || issue == 'rgs-36' || issue == 'rgs-37' || issue == 'rgs-38' || issue == 'rgs-39' || issue == 'rgs-40')'
1 stories excluded by filter: groovy: (issue == 'rgs-35' || issue == 'rgs-36' || issue == 'rgs-37' || issue == 'rgs-38' || issue == 'rgs-39' || issue == 'rgs-40')


(AfterStories)

Generating reports view to '/home/pedro/Documentos/Automação/testes-automatizados/mv-lojas-bdd/target/jbehave' using formats '[stats, console, html, xml, serenityreporter]' and view properties '{decorateNonHtml=true}'
Reports view generated with 2 stories (of which 0 pending) containing 1 scenarios (of which 0 pending)
Failures in reports view: 1 scenarios failed
Processing system properties {}
Using controls EmbedderControls[batch=false,skip=false,generateViewAfterStories=true,ignoreFailureInStories=false,ignoreFailureInView=true,verboseFailures=false,verboseFiltering=false,storyTimeouts=10000,threads=1,failOnStoryTimeout=false]
Meta[properties={narrative=Narrative[inOrderTo=,asA=,iWantTo=,soThat=], description=, path=stories/pedido/calculo_reverso8_mvs.story}] excluded by filter 'groovy: (issue == 'rgs-35' || issue == 'rgs-36' || issue == 'rgs-37' || issue == 'rgs-38' || issue == 'rgs-39' || issue == 'rgs-40')'
Meta[properties={rgs-83=, examplesTable=, base=MVSH, context=PROCESSOS_VALIDACAO, grupoInstancias=Pedidos, narrative=Narrative[inOrderTo=,asA=,iWantTo=,soThat=], title=Elaborar um pedido carne com empenho em loja/normal, issue=rgs-83, description=, givenStories=, tag=component:Processos Ambiente Validacao - MVS, path=stories/pedido/calculo_reverso8_mvs.story}] excluded by filter 'groovy: (issue == 'rgs-35' || issue == 'rgs-36' || issue == 'rgs-37' || issue == 'rgs-38' || issue == 'rgs-39' || issue == 'rgs-40')'
Meta[properties={rgs-83=, examplesTable=, base=MVSH, context=PROCESSOS_VALIDACAO, grupoInstancias=Pedidos, narrative=Narrative[inOrderTo=,asA=,iWantTo=,soThat=], title=Cancelar pedido, issue=rgs-83, description=, givenStories=, tag=component:Processos Ambiente Validacao - MVS, path=stories/pedido/calculo_reverso8_mvs.story}] excluded by filter 'groovy: (issue == 'rgs-35' || issue == 'rgs-36' || issue == 'rgs-37' || issue == 'rgs-38' || issue == 'rgs-39' || issue == 'rgs-40')'

(BeforeStories)

Meta[properties={narrative=Narrative[inOrderTo=,asA=,iWantTo=,soThat=], description=, path=stories/pedido/calculo_reverso8_mvs.story}] excluded by filter 'groovy: (issue == 'rgs-35' || issue == 'rgs-36' || issue == 'rgs-37' || issue == 'rgs-38' || issue == 'rgs-39' || issue == 'rgs-40')'
Meta[properties={rgs-83=, examplesTable=, base=MVSH, context=PROCESSOS_VALIDACAO, grupoInstancias=Pedidos, narrative=Narrative[inOrderTo=,asA=,iWantTo=,soThat=], title=Elaborar um pedido carne com empenho em loja/normal, issue=rgs-83, description=, givenStories=, tag=component:Processos Ambiente Validacao - MVS, path=stories/pedido/calculo_reverso8_mvs.story}] excluded by filter 'groovy: (issue == 'rgs-35' || issue == 'rgs-36' || issue == 'rgs-37' || issue == 'rgs-38' || issue == 'rgs-39' || issue == 'rgs-40')'
Meta[properties={rgs-83=, examplesTable=, base=MVSH, context=PROCESSOS_VALIDACAO, grupoInstancias=Pedidos, narrative=Narrative[inOrderTo=,asA=,iWantTo=,soThat=], title=Cancelar pedido, issue=rgs-83, description=, givenStories=, tag=component:Processos Ambiente Validacao - MVS, path=stories/pedido/calculo_reverso8_mvs.story}] excluded by filter 'groovy: (issue == 'rgs-35' || issue == 'rgs-36' || issue == 'rgs-37' || issue == 'rgs-38' || issue == 'rgs-39' || issue == 'rgs-40')'
1 stories excluded by filter: groovy: (issue == 'rgs-35' || issue == 'rgs-36' || issue == 'rgs-37' || issue == 'rgs-38' || issue == 'rgs-39' || issue == 'rgs-40')


(AfterStories)

Generating reports view to '/home/pedro/Documentos/Automação/testes-automatizados/mv-lojas-bdd/target/jbehave' using formats '[stats, console, html, xml, serenityreporter]' and view properties '{decorateNonHtml=true}'
Reports view generated with 2 stories (of which 0 pending) containing 1 scenarios (of which 0 pending)
Failures in reports view: 1 scenarios failed
Processing system properties {}
Using controls EmbedderControls[batch=false,skip=false,generateViewAfterStories=true,ignoreFailureInStories=false,ignoreFailureInView=true,verboseFailures=false,verboseFiltering=false,storyTimeouts=10000,threads=1,failOnStoryTimeout=false]
Meta[properties={narrative=Narrative[inOrderTo=,asA=,iWantTo=,soThat=], description=, path=stories/avulsos/pedido_cartao_empenho_loja_normal2.story}] excluded by filter 'groovy: (issue == 'rgs-35' || issue == 'rgs-36' || issue == 'rgs-37' || issue == 'rgs-38' || issue == 'rgs-39' || issue == 'rgs-40')'
Meta[properties={examplesTable=, base=RELOH, context=AVULSOS, grupoInstancias=Pedidos, avl-04=, narrative=Narrative[inOrderTo=,asA=,iWantTo=,soThat=], title=Elaborar um pedido a vista com empenho em loja/normal, issue=avl-04, description=, givenStories=, path=stories/avulsos/pedido_cartao_empenho_loja_normal2.story, tag=component:Smoke testing - RELOH}] excluded by filter 'groovy: (issue == 'rgs-35' || issue == 'rgs-36' || issue == 'rgs-37' || issue == 'rgs-38' || issue == 'rgs-39' || issue == 'rgs-40')'

(BeforeStories)

Meta[properties={narrative=Narrative[inOrderTo=,asA=,iWantTo=,soThat=], description=, path=stories/avulsos/pedido_cartao_empenho_loja_normal2.story}] excluded by filter 'groovy: (issue == 'rgs-35' || issue == 'rgs-36' || issue == 'rgs-37' || issue == 'rgs-38' || issue == 'rgs-39' || issue == 'rgs-40')'
Meta[properties={examplesTable=, base=RELOH, context=AVULSOS, grupoInstancias=Pedidos, avl-04=, narrative=Narrative[inOrderTo=,asA=,iWantTo=,soThat=], title=Elaborar um pedido a vista com empenho em loja/normal, issue=avl-04, description=, givenStories=, path=stories/avulsos/pedido_cartao_empenho_loja_normal2.story, tag=component:Smoke testing - RELOH}] excluded by filter 'groovy: (issue == 'rgs-35' || issue == 'rgs-36' || issue == 'rgs-37' || issue == 'rgs-38' || issue == 'rgs-39' || issue == 'rgs-40')'
1 stories excluded by filter: groovy: (issue == 'rgs-35' || issue == 'rgs-36' || issue == 'rgs-37' || issue == 'rgs-38' || issue == 'rgs-39' || issue == 'rgs-40')


(AfterStories)

Generating reports view to '/home/pedro/Documentos/Automação/testes-automatizados/mv-lojas-bdd/target/jbehave' using formats '[stats, console, html, xml, serenityreporter]' and view properties '{decorateNonHtml=true}'
Reports view generated with 2 stories (of which 0 pending) containing 1 scenarios (of which 0 pending)
Failures in reports view: 1 scenarios failed
Processing system properties {}
Using controls EmbedderControls[batch=false,skip=false,generateViewAfterStories=true,ignoreFailureInStories=false,ignoreFailureInView=true,verboseFailures=false,verboseFiltering=false,storyTimeouts=10000,threads=1,failOnStoryTimeout=false]
Meta[properties={narrative=Narrative[inOrderTo=,asA=,iWantTo=,soThat=], description=, path=stories/notas_fiscais/nota_ret_dev_compras_remessa_arm_geral.story}] excluded by filter 'groovy: (issue == 'rgs-35' || issue == 'rgs-36' || issue == 'rgs-37' || issue == 'rgs-38' || issue == 'rgs-39' || issue == 'rgs-40')'
Meta[properties={examplesTable=, base=RELOH, context=NOTAS_FISCAIS, grupoInstancias=AdmCD, narrative=Narrative[inOrderTo=,asA=,iWantTo=,soThat=], title=Emite Nota Fiscal Avulsa Tipo 301 DEVOL.SIMBOLICA DE COMPRAS  PROCESSO IPI, issue=nf-23, description=, givenStories=, tag=component:Processos - RELOH, path=stories/notas_fiscais/nota_ret_dev_compras_remessa_arm_geral.story, nf-23=}] excluded by filter 'groovy: (issue == 'rgs-35' || issue == 'rgs-36' || issue == 'rgs-37' || issue == 'rgs-38' || issue == 'rgs-39' || issue == 'rgs-40')'

(BeforeStories)

Meta[properties={narrative=Narrative[inOrderTo=,asA=,iWantTo=,soThat=], description=, path=stories/notas_fiscais/nota_ret_dev_compras_remessa_arm_geral.story}] excluded by filter 'groovy: (issue == 'rgs-35' || issue == 'rgs-36' || issue == 'rgs-37' || issue == 'rgs-38' || issue == 'rgs-39' || issue == 'rgs-40')'
Meta[properties={examplesTable=, base=RELOH, context=NOTAS_FISCAIS, grupoInstancias=AdmCD, narrative=Narrative[inOrderTo=,asA=,iWantTo=,soThat=], title=Emite Nota Fiscal Avulsa Tipo 301 DEVOL.SIMBOLICA DE COMPRAS  PROCESSO IPI, issue=nf-23, description=, givenStories=, tag=component:Processos - RELOH, path=stories/notas_fiscais/nota_ret_dev_compras_remessa_arm_geral.story, nf-23=}] excluded by filter 'groovy: (issue == 'rgs-35' || issue == 'rgs-36' || issue == 'rgs-37' || issue == 'rgs-38' || issue == 'rgs-39' || issue == 'rgs-40')'
1 stories excluded by filter: groovy: (issue == 'rgs-35' || issue == 'rgs-36' || issue == 'rgs-37' || issue == 'rgs-38' || issue == 'rgs-39' || issue == 'rgs-40')


(AfterStories)

Generating reports view to '/home/pedro/Documentos/Automação/testes-automatizados/mv-lojas-bdd/target/jbehave' using formats '[stats, console, html, xml, serenityreporter]' and view properties '{decorateNonHtml=true}'
Reports view generated with 2 stories (of which 0 pending) containing 1 scenarios (of which 0 pending)
Failures in reports view: 1 scenarios failed
Processing system properties {}
Using controls EmbedderControls[batch=false,skip=false,generateViewAfterStories=true,ignoreFailureInStories=false,ignoreFailureInView=true,verboseFailures=false,verboseFiltering=false,storyTimeouts=10000,threads=1,failOnStoryTimeout=false]
Meta[properties={narrative=Narrative[inOrderTo=,asA=,iWantTo=,soThat=], description=, path=stories/cadastros/cadastro_cliente_pf_crediarioproprio.story}] excluded by filter 'groovy: (issue == 'rgs-35' || issue == 'rgs-36' || issue == 'rgs-37' || issue == 'rgs-38' || issue == 'rgs-39' || issue == 'rgs-40')'
Meta[properties={examplesTable=, base=RELOH, context=CADASTROS, grupoInstancias=Pedidos, cad-16=, narrative=Narrative[inOrderTo=,asA=,iWantTo=,soThat=], title=cadastrar um novo cliente Pessoa Física, perfil crediario proprio, issue=cad-16, description=, givenStories=, tag=component:Regressao - RELOH, path=stories/cadastros/cadastro_cliente_pf_crediarioproprio.story}] excluded by filter 'groovy: (issue == 'rgs-35' || issue == 'rgs-36' || issue == 'rgs-37' || issue == 'rgs-38' || issue == 'rgs-39' || issue == 'rgs-40')'

(BeforeStories)

Meta[properties={narrative=Narrative[inOrderTo=,asA=,iWantTo=,soThat=], description=, path=stories/cadastros/cadastro_cliente_pf_crediarioproprio.story}] excluded by filter 'groovy: (issue == 'rgs-35' || issue == 'rgs-36' || issue == 'rgs-37' || issue == 'rgs-38' || issue == 'rgs-39' || issue == 'rgs-40')'
Meta[properties={examplesTable=, base=RELOH, context=CADASTROS, grupoInstancias=Pedidos, cad-16=, narrative=Narrative[inOrderTo=,asA=,iWantTo=,soThat=], title=cadastrar um novo cliente Pessoa Física, perfil crediario proprio, issue=cad-16, description=, givenStories=, tag=component:Regressao - RELOH, path=stories/cadastros/cadastro_cliente_pf_crediarioproprio.story}] excluded by filter 'groovy: (issue == 'rgs-35' || issue == 'rgs-36' || issue == 'rgs-37' || issue == 'rgs-38' || issue == 'rgs-39' || issue == 'rgs-40')'
1 stories excluded by filter: groovy: (issue == 'rgs-35' || issue == 'rgs-36' || issue == 'rgs-37' || issue == 'rgs-38' || issue == 'rgs-39' || issue == 'rgs-40')


(AfterStories)

Generating reports view to '/home/pedro/Documentos/Automação/testes-automatizados/mv-lojas-bdd/target/jbehave' using formats '[stats, console, html, xml, serenityreporter]' and view properties '{decorateNonHtml=true}'
Reports view generated with 2 stories (of which 0 pending) containing 1 scenarios (of which 0 pending)
Failures in reports view: 1 scenarios failed
Processing system properties {}
Using controls EmbedderControls[batch=false,skip=false,generateViewAfterStories=true,ignoreFailureInStories=false,ignoreFailureInView=true,verboseFailures=false,verboseFiltering=false,storyTimeouts=10000,threads=1,failOnStoryTimeout=false]
Meta[properties={narrative=Narrative[inOrderTo=,asA=,iWantTo=,soThat=], description=, path=stories/pedido/calculo_reverso5.story}] excluded by filter 'groovy: (issue == 'rgs-35' || issue == 'rgs-36' || issue == 'rgs-37' || issue == 'rgs-38' || issue == 'rgs-39' || issue == 'rgs-40')'
Meta[properties={examplesTable=, base=RELOH, context=PEDIDOS, grupoInstancias=Pedidos, narrative=Narrative[inOrderTo=,asA=,iWantTo=,soThat=], title=Elaborar um pedido carne com empenho em loja/normal, rgs-63=, issue=rgs-63, description=, givenStories=, tag=component:Processos - RELOH, path=stories/pedido/calculo_reverso5.story}] excluded by filter 'groovy: (issue == 'rgs-35' || issue == 'rgs-36' || issue == 'rgs-37' || issue == 'rgs-38' || issue == 'rgs-39' || issue == 'rgs-40')'

(BeforeStories)

Meta[properties={narrative=Narrative[inOrderTo=,asA=,iWantTo=,soThat=], description=, path=stories/pedido/calculo_reverso5.story}] excluded by filter 'groovy: (issue == 'rgs-35' || issue == 'rgs-36' || issue == 'rgs-37' || issue == 'rgs-38' || issue == 'rgs-39' || issue == 'rgs-40')'
Meta[properties={examplesTable=, base=RELOH, context=PEDIDOS, grupoInstancias=Pedidos, narrative=Narrative[inOrderTo=,asA=,iWantTo=,soThat=], title=Elaborar um pedido carne com empenho em loja/normal, rgs-63=, issue=rgs-63, description=, givenStories=, tag=component:Processos - RELOH, path=stories/pedido/calculo_reverso5.story}] excluded by filter 'groovy: (issue == 'rgs-35' || issue == 'rgs-36' || issue == 'rgs-37' || issue == 'rgs-38' || issue == 'rgs-39' || issue == 'rgs-40')'
1 stories excluded by filter: groovy: (issue == 'rgs-35' || issue == 'rgs-36' || issue == 'rgs-37' || issue == 'rgs-38' || issue == 'rgs-39' || issue == 'rgs-40')


(AfterStories)

Generating reports view to '/home/pedro/Documentos/Automação/testes-automatizados/mv-lojas-bdd/target/jbehave' using formats '[stats, console, html, xml, serenityreporter]' and view properties '{decorateNonHtml=true}'
Reports view generated with 2 stories (of which 0 pending) containing 1 scenarios (of which 0 pending)
Failures in reports view: 1 scenarios failed
Processing system properties {}
Using controls EmbedderControls[batch=false,skip=false,generateViewAfterStories=true,ignoreFailureInStories=false,ignoreFailureInView=true,verboseFailures=false,verboseFiltering=false,storyTimeouts=10000,threads=1,failOnStoryTimeout=false]
Meta[properties={narrative=Narrative[inOrderTo=,asA=,iWantTo=,soThat=], description=, path=stories/notas_fiscais/nota_outras_saidas_mercadorias_nao_especificadas.story}] excluded by filter 'groovy: (issue == 'rgs-35' || issue == 'rgs-36' || issue == 'rgs-37' || issue == 'rgs-38' || issue == 'rgs-39' || issue == 'rgs-40')'
Meta[properties={examplesTable=, base=RELOH, context=NOTAS_FISCAIS, grupoInstancias=AdmCD, nf-41=, narrative=Narrative[inOrderTo=,asA=,iWantTo=,soThat=], title=Emite Nota Fiscal Avulsa Tipo 246 OUTRAS SAIDAS MERCADORIAS NÃO ESPECIFICADAS (SEM ICMS), issue=nf-41, description=, givenStories=, path=stories/notas_fiscais/nota_outras_saidas_mercadorias_nao_especificadas.story, tag=component:Processos - RELOH}] excluded by filter 'groovy: (issue == 'rgs-35' || issue == 'rgs-36' || issue == 'rgs-37' || issue == 'rgs-38' || issue == 'rgs-39' || issue == 'rgs-40')'

(BeforeStories)

Meta[properties={narrative=Narrative[inOrderTo=,asA=,iWantTo=,soThat=], description=, path=stories/notas_fiscais/nota_outras_saidas_mercadorias_nao_especificadas.story}] excluded by filter 'groovy: (issue == 'rgs-35' || issue == 'rgs-36' || issue == 'rgs-37' || issue == 'rgs-38' || issue == 'rgs-39' || issue == 'rgs-40')'
Meta[properties={examplesTable=, base=RELOH, context=NOTAS_FISCAIS, grupoInstancias=AdmCD, nf-41=, narrative=Narrative[inOrderTo=,asA=,iWantTo=,soThat=], title=Emite Nota Fiscal Avulsa Tipo 246 OUTRAS SAIDAS MERCADORIAS NÃO ESPECIFICADAS (SEM ICMS), issue=nf-41, description=, givenStories=, path=stories/notas_fiscais/nota_outras_saidas_mercadorias_nao_especificadas.story, tag=component:Processos - RELOH}] excluded by filter 'groovy: (issue == 'rgs-35' || issue == 'rgs-36' || issue == 'rgs-37' || issue == 'rgs-38' || issue == 'rgs-39' || issue == 'rgs-40')'
1 stories excluded by filter: groovy: (issue == 'rgs-35' || issue == 'rgs-36' || issue == 'rgs-37' || issue == 'rgs-38' || issue == 'rgs-39' || issue == 'rgs-40')


(AfterStories)

Generating reports view to '/home/pedro/Documentos/Automação/testes-automatizados/mv-lojas-bdd/target/jbehave' using formats '[stats, console, html, xml, serenityreporter]' and view properties '{decorateNonHtml=true}'
Reports view generated with 2 stories (of which 0 pending) containing 1 scenarios (of which 0 pending)
Failures in reports view: 1 scenarios failed
Processing system properties {}
Using controls EmbedderControls[batch=false,skip=false,generateViewAfterStories=true,ignoreFailureInStories=false,ignoreFailureInView=true,verboseFailures=false,verboseFiltering=false,storyTimeouts=10000,threads=1,failOnStoryTimeout=false]
Meta[properties={narrative=Narrative[inOrderTo=,asA=,iWantTo=,soThat=], description=, path=stories/notas_fiscais/nota_fiscal_transferencia.story}] excluded by filter 'groovy: (issue == 'rgs-35' || issue == 'rgs-36' || issue == 'rgs-37' || issue == 'rgs-38' || issue == 'rgs-39' || issue == 'rgs-40')'
Meta[properties={examplesTable=, base=RELOH, context=NOTAS_FISCAIS, grupoInstancias=AdmCD, narrative=Narrative[inOrderTo=,asA=,iWantTo=,soThat=], nf-02=, title=Nota fiscal de transferencia ao final do processo 25 TRANSFERENCIA - UF2120, issue=nf-02, description=, givenStories=, tag=component:Processos - RELOH, path=stories/notas_fiscais/nota_fiscal_transferencia.story}] excluded by filter 'groovy: (issue == 'rgs-35' || issue == 'rgs-36' || issue == 'rgs-37' || issue == 'rgs-38' || issue == 'rgs-39' || issue == 'rgs-40')'
Meta[properties={examplesTable=, base=RELOH, context=NOTAS_FISCAIS, grupoInstancias=AdmCD, narrative=Narrative[inOrderTo=,asA=,iWantTo=,soThat=], nf-02=, title=Realiza a consulta da nota fiscal, issue=nf-02, description=, givenStories=, tag=component:Processos - RELOH, path=stories/notas_fiscais/nota_fiscal_transferencia.story}] excluded by filter 'groovy: (issue == 'rgs-35' || issue == 'rgs-36' || issue == 'rgs-37' || issue == 'rgs-38' || issue == 'rgs-39' || issue == 'rgs-40')'

(BeforeStories)

Meta[properties={narrative=Narrative[inOrderTo=,asA=,iWantTo=,soThat=], description=, path=stories/notas_fiscais/nota_fiscal_transferencia.story}] excluded by filter 'groovy: (issue == 'rgs-35' || issue == 'rgs-36' || issue == 'rgs-37' || issue == 'rgs-38' || issue == 'rgs-39' || issue == 'rgs-40')'
Meta[properties={examplesTable=, base=RELOH, context=NOTAS_FISCAIS, grupoInstancias=AdmCD, narrative=Narrative[inOrderTo=,asA=,iWantTo=,soThat=], nf-02=, title=Nota fiscal de transferencia ao final do processo 25 TRANSFERENCIA - UF2120, issue=nf-02, description=, givenStories=, tag=component:Processos - RELOH, path=stories/notas_fiscais/nota_fiscal_transferencia.story}] excluded by filter 'groovy: (issue == 'rgs-35' || issue == 'rgs-36' || issue == 'rgs-37' || issue == 'rgs-38' || issue == 'rgs-39' || issue == 'rgs-40')'
Meta[properties={examplesTable=, base=RELOH, context=NOTAS_FISCAIS, grupoInstancias=AdmCD, narrative=Narrative[inOrderTo=,asA=,iWantTo=,soThat=], nf-02=, title=Realiza a consulta da nota fiscal, issue=nf-02, description=, givenStories=, tag=component:Processos - RELOH, path=stories/notas_fiscais/nota_fiscal_transferencia.story}] excluded by filter 'groovy: (issue == 'rgs-35' || issue == 'rgs-36' || issue == 'rgs-37' || issue == 'rgs-38' || issue == 'rgs-39' || issue == 'rgs-40')'
1 stories excluded by filter: groovy: (issue == 'rgs-35' || issue == 'rgs-36' || issue == 'rgs-37' || issue == 'rgs-38' || issue == 'rgs-39' || issue == 'rgs-40')


(AfterStories)

Generating reports view to '/home/pedro/Documentos/Automação/testes-automatizados/mv-lojas-bdd/target/jbehave' using formats '[stats, console, html, xml, serenityreporter]' and view properties '{decorateNonHtml=true}'
Reports view generated with 2 stories (of which 0 pending) containing 1 scenarios (of which 0 pending)
Failures in reports view: 1 scenarios failed
Processing system properties {}
Using controls EmbedderControls[batch=false,skip=false,generateViewAfterStories=true,ignoreFailureInStories=false,ignoreFailureInView=true,verboseFailures=false,verboseFiltering=false,storyTimeouts=10000,threads=1,failOnStoryTimeout=false]
Meta[properties={narrative=Narrative[inOrderTo=,asA=,iWantTo=,soThat=], description=, path=stories/processos/pedido_utilizando_recibo_de_troca.story}] excluded by filter 'groovy: (issue == 'rgs-35' || issue == 'rgs-36' || issue == 'rgs-37' || issue == 'rgs-38' || issue == 'rgs-39' || issue == 'rgs-40')'
Meta[properties={examplesTable=, base=RELOH, context=PROCESSOS, grupoInstancias=Pedidos, trkdev-11=, narrative=Narrative[inOrderTo=,asA=,iWantTo=,soThat=], title=Elaborar um pedido a vista, issue=trkdev-11, description=, givenStories=, tag=component:Regressão - RELOH, path=stories/processos/pedido_utilizando_recibo_de_troca.story}] excluded by filter 'groovy: (issue == 'rgs-35' || issue == 'rgs-36' || issue == 'rgs-37' || issue == 'rgs-38' || issue == 'rgs-39' || issue == 'rgs-40')'
Meta[properties={examplesTable=, base=RELOH, context=PROCESSOS, grupoInstancias=Caixa, trkdev-11=, narrative=Narrative[inOrderTo=,asA=,iWantTo=,soThat=], title=Efetua o recebimento do pedido, issue=trkdev-11, description=, givenStories=, tag=component:Regressão - RELOH, path=stories/processos/pedido_utilizando_recibo_de_troca.story}] excluded by filter 'groovy: (issue == 'rgs-35' || issue == 'rgs-36' || issue == 'rgs-37' || issue == 'rgs-38' || issue == 'rgs-39' || issue == 'rgs-40')'

(BeforeStories)

Meta[properties={narrative=Narrative[inOrderTo=,asA=,iWantTo=,soThat=], description=, path=stories/processos/pedido_utilizando_recibo_de_troca.story}] excluded by filter 'groovy: (issue == 'rgs-35' || issue == 'rgs-36' || issue == 'rgs-37' || issue == 'rgs-38' || issue == 'rgs-39' || issue == 'rgs-40')'
Meta[properties={examplesTable=, base=RELOH, context=PROCESSOS, grupoInstancias=Pedidos, trkdev-11=, narrative=Narrative[inOrderTo=,asA=,iWantTo=,soThat=], title=Elaborar um pedido a vista, issue=trkdev-11, description=, givenStories=, tag=component:Regressão - RELOH, path=stories/processos/pedido_utilizando_recibo_de_troca.story}] excluded by filter 'groovy: (issue == 'rgs-35' || issue == 'rgs-36' || issue == 'rgs-37' || issue == 'rgs-38' || issue == 'rgs-39' || issue == 'rgs-40')'
Meta[properties={examplesTable=, base=RELOH, context=PROCESSOS, grupoInstancias=Caixa, trkdev-11=, narrative=Narrative[inOrderTo=,asA=,iWantTo=,soThat=], title=Efetua o recebimento do pedido, issue=trkdev-11, description=, givenStories=, tag=component:Regressão - RELOH, path=stories/processos/pedido_utilizando_recibo_de_troca.story}] excluded by filter 'groovy: (issue == 'rgs-35' || issue == 'rgs-36' || issue == 'rgs-37' || issue == 'rgs-38' || issue == 'rgs-39' || issue == 'rgs-40')'
1 stories excluded by filter: groovy: (issue == 'rgs-35' || issue == 'rgs-36' || issue == 'rgs-37' || issue == 'rgs-38' || issue == 'rgs-39' || issue == 'rgs-40')


(AfterStories)

Generating reports view to '/home/pedro/Documentos/Automação/testes-automatizados/mv-lojas-bdd/target/jbehave' using formats '[stats, console, html, xml, serenityreporter]' and view properties '{decorateNonHtml=true}'
Reports view generated with 2 stories (of which 0 pending) containing 1 scenarios (of which 0 pending)
Failures in reports view: 1 scenarios failed
Processing system properties {}
Using controls EmbedderControls[batch=false,skip=false,generateViewAfterStories=true,ignoreFailureInStories=false,ignoreFailureInView=true,verboseFailures=false,verboseFiltering=false,storyTimeouts=10000,threads=1,failOnStoryTimeout=false]
Meta[properties={narrative=Narrative[inOrderTo=,asA=,iWantTo=,soThat=], description=, path=stories/relatorios/relatorio_demonstrativo_venda_servicos.story}] excluded by filter 'groovy: (issue == 'rgs-35' || issue == 'rgs-36' || issue == 'rgs-37' || issue == 'rgs-38' || issue == 'rgs-39' || issue == 'rgs-40')'
Meta[properties={examplesTable=, base=RELOH, context=RELATORIOS, grupoInstancias=AdmCD, narrative=Narrative[inOrderTo=,asA=,iWantTo=,soThat=], title=Gerar relatorio demonstrativo venda servicos, rel-05=, issue=rel-05, description=, givenStories=, tag=component:Regressao - RELOH, path=stories/relatorios/relatorio_demonstrativo_venda_servicos.story}] excluded by filter 'groovy: (issue == 'rgs-35' || issue == 'rgs-36' || issue == 'rgs-37' || issue == 'rgs-38' || issue == 'rgs-39' || issue == 'rgs-40')'

(BeforeStories)

Meta[properties={narrative=Narrative[inOrderTo=,asA=,iWantTo=,soThat=], description=, path=stories/relatorios/relatorio_demonstrativo_venda_servicos.story}] excluded by filter 'groovy: (issue == 'rgs-35' || issue == 'rgs-36' || issue == 'rgs-37' || issue == 'rgs-38' || issue == 'rgs-39' || issue == 'rgs-40')'
Meta[properties={examplesTable=, base=RELOH, context=RELATORIOS, grupoInstancias=AdmCD, narrative=Narrative[inOrderTo=,asA=,iWantTo=,soThat=], title=Gerar relatorio demonstrativo venda servicos, rel-05=, issue=rel-05, description=, givenStories=, tag=component:Regressao - RELOH, path=stories/relatorios/relatorio_demonstrativo_venda_servicos.story}] excluded by filter 'groovy: (issue == 'rgs-35' || issue == 'rgs-36' || issue == 'rgs-37' || issue == 'rgs-38' || issue == 'rgs-39' || issue == 'rgs-40')'
1 stories excluded by filter: groovy: (issue == 'rgs-35' || issue == 'rgs-36' || issue == 'rgs-37' || issue == 'rgs-38' || issue == 'rgs-39' || issue == 'rgs-40')


(AfterStories)

Generating reports view to '/home/pedro/Documentos/Automação/testes-automatizados/mv-lojas-bdd/target/jbehave' using formats '[stats, console, html, xml, serenityreporter]' and view properties '{decorateNonHtml=true}'
Reports view generated with 2 stories (of which 0 pending) containing 1 scenarios (of which 0 pending)
Failures in reports view: 1 scenarios failed
Processing system properties {}
Using controls EmbedderControls[batch=false,skip=false,generateViewAfterStories=true,ignoreFailureInStories=false,ignoreFailureInView=true,verboseFailures=false,verboseFiltering=false,storyTimeouts=10000,threads=1,failOnStoryTimeout=false]
Meta[properties={narrative=Narrative[inOrderTo=,asA=,iWantTo=,soThat=], description=, path=stories/notas_fiscais/nota_transf_ativo_imobilizado_mais_um_ano_uso.story}] excluded by filter 'groovy: (issue == 'rgs-35' || issue == 'rgs-36' || issue == 'rgs-37' || issue == 'rgs-38' || issue == 'rgs-39' || issue == 'rgs-40')'
Meta[properties={examplesTable=, base=RELOH, context=NOTAS_FISCAIS, grupoInstancias=AdmCD, nf-35=, narrative=Narrative[inOrderTo=,asA=,iWantTo=,soThat=], title=Emite Nota Fiscal Avulsa Tipo 210 TRANSF. DE ATIVO IMOBILIZADO (COM MAIS DE 1 ANO DE USO), issue=nf-35, description=, givenStories=, tag=component:Processos - RELOH, path=stories/notas_fiscais/nota_transf_ativo_imobilizado_mais_um_ano_uso.story}] excluded by filter 'groovy: (issue == 'rgs-35' || issue == 'rgs-36' || issue == 'rgs-37' || issue == 'rgs-38' || issue == 'rgs-39' || issue == 'rgs-40')'

(BeforeStories)

Meta[properties={narrative=Narrative[inOrderTo=,asA=,iWantTo=,soThat=], description=, path=stories/notas_fiscais/nota_transf_ativo_imobilizado_mais_um_ano_uso.story}] excluded by filter 'groovy: (issue == 'rgs-35' || issue == 'rgs-36' || issue == 'rgs-37' || issue == 'rgs-38' || issue == 'rgs-39' || issue == 'rgs-40')'
Meta[properties={examplesTable=, base=RELOH, context=NOTAS_FISCAIS, grupoInstancias=AdmCD, nf-35=, narrative=Narrative[inOrderTo=,asA=,iWantTo=,soThat=], title=Emite Nota Fiscal Avulsa Tipo 210 TRANSF. DE ATIVO IMOBILIZADO (COM MAIS DE 1 ANO DE USO), issue=nf-35, description=, givenStories=, tag=component:Processos - RELOH, path=stories/notas_fiscais/nota_transf_ativo_imobilizado_mais_um_ano_uso.story}] excluded by filter 'groovy: (issue == 'rgs-35' || issue == 'rgs-36' || issue == 'rgs-37' || issue == 'rgs-38' || issue == 'rgs-39' || issue == 'rgs-40')'
1 stories excluded by filter: groovy: (issue == 'rgs-35' || issue == 'rgs-36' || issue == 'rgs-37' || issue == 'rgs-38' || issue == 'rgs-39' || issue == 'rgs-40')


(AfterStories)

Generating reports view to '/home/pedro/Documentos/Automação/testes-automatizados/mv-lojas-bdd/target/jbehave' using formats '[stats, console, html, xml, serenityreporter]' and view properties '{decorateNonHtml=true}'
Reports view generated with 2 stories (of which 0 pending) containing 1 scenarios (of which 0 pending)
Failures in reports view: 1 scenarios failed
Processing system properties {}
Using controls EmbedderControls[batch=false,skip=false,generateViewAfterStories=true,ignoreFailureInStories=false,ignoreFailureInView=true,verboseFailures=false,verboseFiltering=false,storyTimeouts=10000,threads=1,failOnStoryTimeout=false]
Meta[properties={narrative=Narrative[inOrderTo=,asA=,iWantTo=,soThat=], description=, path=stories/cadastros/cadastro_regra_loja_sem_autonomia.story}] excluded by filter 'groovy: (issue == 'rgs-35' || issue == 'rgs-36' || issue == 'rgs-37' || issue == 'rgs-38' || issue == 'rgs-39' || issue == 'rgs-40')'
Meta[properties={examplesTable=, base=RELOH, context=CADASTROS, grupoInstancias=AdmCD, cad-09=, narrative=Narrative[inOrderTo=,asA=,iWantTo=,soThat=], title=Cadastrar uma regra loja sem autonomia - UC006 - Fluxo Principal, issue=cad-09, description=, skip=, givenStories=, tag=component:Regressao - RELOH, path=stories/cadastros/cadastro_regra_loja_sem_autonomia.story}] excluded by filter 'groovy: (issue == 'rgs-35' || issue == 'rgs-36' || issue == 'rgs-37' || issue == 'rgs-38' || issue == 'rgs-39' || issue == 'rgs-40')'
Meta[properties={examplesTable=, base=RELOH, context=CADASTROS, grupoInstancias=AdmCD, cad-09=, narrative=Narrative[inOrderTo=,asA=,iWantTo=,soThat=], title=Pesquisar/Desativar uma regra loja sem autonomia, issue=cad-09, description=, skip=, givenStories=, tag=component:Regressao - RELOH, path=stories/cadastros/cadastro_regra_loja_sem_autonomia.story}] excluded by filter 'groovy: (issue == 'rgs-35' || issue == 'rgs-36' || issue == 'rgs-37' || issue == 'rgs-38' || issue == 'rgs-39' || issue == 'rgs-40')'
Meta[properties={examplesTable=, base=RELOH, context=CADASTROS, grupoInstancias=AdmCD, cad-09=, narrative=Narrative[inOrderTo=,asA=,iWantTo=,soThat=], title=Pesquisar/Ativar uma regra loja sem autonomia, issue=cad-09, description=, skip=, givenStories=, tag=component:Regressao - RELOH, path=stories/cadastros/cadastro_regra_loja_sem_autonomia.story}] excluded by filter 'groovy: (issue == 'rgs-35' || issue == 'rgs-36' || issue == 'rgs-37' || issue == 'rgs-38' || issue == 'rgs-39' || issue == 'rgs-40')'

(BeforeStories)

Meta[properties={narrative=Narrative[inOrderTo=,asA=,iWantTo=,soThat=], description=, path=stories/cadastros/cadastro_regra_loja_sem_autonomia.story}] excluded by filter 'groovy: (issue == 'rgs-35' || issue == 'rgs-36' || issue == 'rgs-37' || issue == 'rgs-38' || issue == 'rgs-39' || issue == 'rgs-40')'
Meta[properties={examplesTable=, base=RELOH, context=CADASTROS, grupoInstancias=AdmCD, cad-09=, narrative=Narrative[inOrderTo=,asA=,iWantTo=,soThat=], title=Cadastrar uma regra loja sem autonomia - UC006 - Fluxo Principal, issue=cad-09, description=, skip=, givenStories=, tag=component:Regressao - RELOH, path=stories/cadastros/cadastro_regra_loja_sem_autonomia.story}] excluded by filter 'groovy: (issue == 'rgs-35' || issue == 'rgs-36' || issue == 'rgs-37' || issue == 'rgs-38' || issue == 'rgs-39' || issue == 'rgs-40')'
Meta[properties={examplesTable=, base=RELOH, context=CADASTROS, grupoInstancias=AdmCD, cad-09=, narrative=Narrative[inOrderTo=,asA=,iWantTo=,soThat=], title=Pesquisar/Desativar uma regra loja sem autonomia, issue=cad-09, description=, skip=, givenStories=, tag=component:Regressao - RELOH, path=stories/cadastros/cadastro_regra_loja_sem_autonomia.story}] excluded by filter 'groovy: (issue == 'rgs-35' || issue == 'rgs-36' || issue == 'rgs-37' || issue == 'rgs-38' || issue == 'rgs-39' || issue == 'rgs-40')'
Meta[properties={examplesTable=, base=RELOH, context=CADASTROS, grupoInstancias=AdmCD, cad-09=, narrative=Narrative[inOrderTo=,asA=,iWantTo=,soThat=], title=Pesquisar/Ativar uma regra loja sem autonomia, issue=cad-09, description=, skip=, givenStories=, tag=component:Regressao - RELOH, path=stories/cadastros/cadastro_regra_loja_sem_autonomia.story}] excluded by filter 'groovy: (issue == 'rgs-35' || issue == 'rgs-36' || issue == 'rgs-37' || issue == 'rgs-38' || issue == 'rgs-39' || issue == 'rgs-40')'
1 stories excluded by filter: groovy: (issue == 'rgs-35' || issue == 'rgs-36' || issue == 'rgs-37' || issue == 'rgs-38' || issue == 'rgs-39' || issue == 'rgs-40')

Story name for stories/cadastros/cadastro_regra_loja_sem_autonomia.story => TestTag{name='Cadastros/Cadastro regra loja sem autonomia', type='story'}
Story name for stories/cadastros/cadastro_regra_loja_sem_autonomia.story => TestTag{name='Cadastros/Cadastro regra loja sem autonomia', type='story'}
Story name for stories/cadastros/cadastro_regra_loja_sem_autonomia.story => TestTag{name='Cadastros/Cadastro regra loja sem autonomia', type='story'}
Story name for stories/cadastros/cadastro_regra_loja_sem_autonomia.story => TestTag{name='Cadastros/Cadastro regra loja sem autonomia', type='story'}
Story name for stories/cadastros/cadastro_regra_loja_sem_autonomia.story => TestTag{name='Cadastros/Cadastro regra loja sem autonomia', type='story'}
Story name for stories/cadastros/cadastro_regra_loja_sem_autonomia.story => TestTag{name='Cadastros/Cadastro regra loja sem autonomia', type='story'}

(AfterStories)

Generating reports view to '/home/pedro/Documentos/Automação/testes-automatizados/mv-lojas-bdd/target/jbehave' using formats '[stats, console, html, xml, serenityreporter]' and view properties '{decorateNonHtml=true}'
Reports view generated with 2 stories (of which 0 pending) containing 1 scenarios (of which 0 pending)
Failures in reports view: 1 scenarios failed
Processing system properties {}
Using controls EmbedderControls[batch=false,skip=false,generateViewAfterStories=true,ignoreFailureInStories=false,ignoreFailureInView=true,verboseFailures=false,verboseFiltering=false,storyTimeouts=10000,threads=1,failOnStoryTimeout=false]
Meta[properties={narrative=Narrative[inOrderTo=,asA=,iWantTo=,soThat=], description=, path=stories/cadastros/cadastro_regra_data_base.story}] excluded by filter 'groovy: (issue == 'rgs-35' || issue == 'rgs-36' || issue == 'rgs-37' || issue == 'rgs-38' || issue == 'rgs-39' || issue == 'rgs-40')'
Meta[properties={examplesTable=, base=RELOH, context=CADASTROS, grupoInstancias=AdmCD, cad-06=, narrative=Narrative[inOrderTo=,asA=,iWantTo=,soThat=], title=Cadastrar uma regra data base - UC004 - Fluxo Principal, issue=cad-06, description=, skip=, givenStories=, tag=component:Regressao - RELOH, path=stories/cadastros/cadastro_regra_data_base.story}] excluded by filter 'groovy: (issue == 'rgs-35' || issue == 'rgs-36' || issue == 'rgs-37' || issue == 'rgs-38' || issue == 'rgs-39' || issue == 'rgs-40')'
Meta[properties={examplesTable=, base=RELOH, context=CADASTROS, grupoInstancias=AdmCD, cad-06=, narrative=Narrative[inOrderTo=,asA=,iWantTo=,soThat=], title=Cadastrar uma regra data base ja existente, issue=cad-06, description=, skip=, givenStories=, tag=component:Regressao - RELOH, path=stories/cadastros/cadastro_regra_data_base.story}] excluded by filter 'groovy: (issue == 'rgs-35' || issue == 'rgs-36' || issue == 'rgs-37' || issue == 'rgs-38' || issue == 'rgs-39' || issue == 'rgs-40')'
Meta[properties={examplesTable=, base=RELOH, context=CADASTROS, grupoInstancias=AdmCD, cad-06=, narrative=Narrative[inOrderTo=,asA=,iWantTo=,soThat=], title=Pesquisar/Editar uma regra data base, issue=cad-06, description=, skip=, givenStories=, tag=component:Regressao - RELOH, path=stories/cadastros/cadastro_regra_data_base.story}] excluded by filter 'groovy: (issue == 'rgs-35' || issue == 'rgs-36' || issue == 'rgs-37' || issue == 'rgs-38' || issue == 'rgs-39' || issue == 'rgs-40')'
Meta[properties={examplesTable=, base=RELOH, context=CADASTROS, grupoInstancias=AdmCD, cad-06=, narrative=Narrative[inOrderTo=,asA=,iWantTo=,soThat=], title=Pesquisar/Excluir uma regra data base, issue=cad-06, description=, skip=, givenStories=, tag=component:Regressao - RELOH, path=stories/cadastros/cadastro_regra_data_base.story}] excluded by filter 'groovy: (issue == 'rgs-35' || issue == 'rgs-36' || issue == 'rgs-37' || issue == 'rgs-38' || issue == 'rgs-39' || issue == 'rgs-40')'

(BeforeStories)

Meta[properties={narrative=Narrative[inOrderTo=,asA=,iWantTo=,soThat=], description=, path=stories/cadastros/cadastro_regra_data_base.story}] excluded by filter 'groovy: (issue == 'rgs-35' || issue == 'rgs-36' || issue == 'rgs-37' || issue == 'rgs-38' || issue == 'rgs-39' || issue == 'rgs-40')'
Meta[properties={examplesTable=, base=RELOH, context=CADASTROS, grupoInstancias=AdmCD, cad-06=, narrative=Narrative[inOrderTo=,asA=,iWantTo=,soThat=], title=Cadastrar uma regra data base - UC004 - Fluxo Principal, issue=cad-06, description=, skip=, givenStories=, tag=component:Regressao - RELOH, path=stories/cadastros/cadastro_regra_data_base.story}] excluded by filter 'groovy: (issue == 'rgs-35' || issue == 'rgs-36' || issue == 'rgs-37' || issue == 'rgs-38' || issue == 'rgs-39' || issue == 'rgs-40')'
Meta[properties={examplesTable=, base=RELOH, context=CADASTROS, grupoInstancias=AdmCD, cad-06=, narrative=Narrative[inOrderTo=,asA=,iWantTo=,soThat=], title=Cadastrar uma regra data base ja existente, issue=cad-06, description=, skip=, givenStories=, tag=component:Regressao - RELOH, path=stories/cadastros/cadastro_regra_data_base.story}] excluded by filter 'groovy: (issue == 'rgs-35' || issue == 'rgs-36' || issue == 'rgs-37' || issue == 'rgs-38' || issue == 'rgs-39' || issue == 'rgs-40')'
Meta[properties={examplesTable=, base=RELOH, context=CADASTROS, grupoInstancias=AdmCD, cad-06=, narrative=Narrative[inOrderTo=,asA=,iWantTo=,soThat=], title=Pesquisar/Editar uma regra data base, issue=cad-06, description=, skip=, givenStories=, tag=component:Regressao - RELOH, path=stories/cadastros/cadastro_regra_data_base.story}] excluded by filter 'groovy: (issue == 'rgs-35' || issue == 'rgs-36' || issue == 'rgs-37' || issue == 'rgs-38' || issue == 'rgs-39' || issue == 'rgs-40')'
Meta[properties={examplesTable=, base=RELOH, context=CADASTROS, grupoInstancias=AdmCD, cad-06=, narrative=Narrative[inOrderTo=,asA=,iWantTo=,soThat=], title=Pesquisar/Excluir uma regra data base, issue=cad-06, description=, skip=, givenStories=, tag=component:Regressao - RELOH, path=stories/cadastros/cadastro_regra_data_base.story}] excluded by filter 'groovy: (issue == 'rgs-35' || issue == 'rgs-36' || issue == 'rgs-37' || issue == 'rgs-38' || issue == 'rgs-39' || issue == 'rgs-40')'
1 stories excluded by filter: groovy: (issue == 'rgs-35' || issue == 'rgs-36' || issue == 'rgs-37' || issue == 'rgs-38' || issue == 'rgs-39' || issue == 'rgs-40')

Story name for stories/cadastros/cadastro_regra_data_base.story => TestTag{name='Cadastros/Cadastro regra data base', type='story'}
Story name for stories/cadastros/cadastro_regra_data_base.story => TestTag{name='Cadastros/Cadastro regra data base', type='story'}
Story name for stories/cadastros/cadastro_regra_data_base.story => TestTag{name='Cadastros/Cadastro regra data base', type='story'}
Story name for stories/cadastros/cadastro_regra_data_base.story => TestTag{name='Cadastros/Cadastro regra data base', type='story'}
Story name for stories/cadastros/cadastro_regra_data_base.story => TestTag{name='Cadastros/Cadastro regra data base', type='story'}
Story name for stories/cadastros/cadastro_regra_data_base.story => TestTag{name='Cadastros/Cadastro regra data base', type='story'}
Story name for stories/cadastros/cadastro_regra_data_base.story => TestTag{name='Cadastros/Cadastro regra data base', type='story'}
Story name for stories/cadastros/cadastro_regra_data_base.story => TestTag{name='Cadastros/Cadastro regra data base', type='story'}

(AfterStories)

Generating reports view to '/home/pedro/Documentos/Automação/testes-automatizados/mv-lojas-bdd/target/jbehave' using formats '[stats, console, html, xml, serenityreporter]' and view properties '{decorateNonHtml=true}'
Reports view generated with 2 stories (of which 0 pending) containing 1 scenarios (of which 0 pending)
Failures in reports view: 1 scenarios failed
Processing system properties {}
Using controls EmbedderControls[batch=false,skip=false,generateViewAfterStories=true,ignoreFailureInStories=false,ignoreFailureInView=true,verboseFailures=false,verboseFiltering=false,storyTimeouts=10000,threads=1,failOnStoryTimeout=false]
Meta[properties={narrative=Narrative[inOrderTo=,asA=,iWantTo=,soThat=], description=, path=stories/pedido/pedido_promocao_produto34.story}] excluded by filter 'groovy: (issue == 'rgs-35' || issue == 'rgs-36' || issue == 'rgs-37' || issue == 'rgs-38' || issue == 'rgs-39' || issue == 'rgs-40')'
Meta[properties={examplesTable=, base=RELOH, context=PEDIDOS, grupoInstancias=Pedidos, narrative=Narrative[inOrderTo=,asA=,iWantTo=,soThat=], title=Elaborar um pedido a vista com DEPOSITO/RETIRADA OUTRA LOJA COM RESERVA DEPOSITO, rgs-34=, issue=rgs-34, description=, givenStories=, tag=component:Regressão - RELOH, path=stories/pedido/pedido_promocao_produto34.story}] excluded by filter 'groovy: (issue == 'rgs-35' || issue == 'rgs-36' || issue == 'rgs-37' || issue == 'rgs-38' || issue == 'rgs-39' || issue == 'rgs-40')'

(BeforeStories)

Meta[properties={narrative=Narrative[inOrderTo=,asA=,iWantTo=,soThat=], description=, path=stories/pedido/pedido_promocao_produto34.story}] excluded by filter 'groovy: (issue == 'rgs-35' || issue == 'rgs-36' || issue == 'rgs-37' || issue == 'rgs-38' || issue == 'rgs-39' || issue == 'rgs-40')'
Meta[properties={examplesTable=, base=RELOH, context=PEDIDOS, grupoInstancias=Pedidos, narrative=Narrative[inOrderTo=,asA=,iWantTo=,soThat=], title=Elaborar um pedido a vista com DEPOSITO/RETIRADA OUTRA LOJA COM RESERVA DEPOSITO, rgs-34=, issue=rgs-34, description=, givenStories=, tag=component:Regressão - RELOH, path=stories/pedido/pedido_promocao_produto34.story}] excluded by filter 'groovy: (issue == 'rgs-35' || issue == 'rgs-36' || issue == 'rgs-37' || issue == 'rgs-38' || issue == 'rgs-39' || issue == 'rgs-40')'
1 stories excluded by filter: groovy: (issue == 'rgs-35' || issue == 'rgs-36' || issue == 'rgs-37' || issue == 'rgs-38' || issue == 'rgs-39' || issue == 'rgs-40')


(AfterStories)

Generating reports view to '/home/pedro/Documentos/Automação/testes-automatizados/mv-lojas-bdd/target/jbehave' using formats '[stats, console, html, xml, serenityreporter]' and view properties '{decorateNonHtml=true}'
Reports view generated with 2 stories (of which 0 pending) containing 1 scenarios (of which 0 pending)
Failures in reports view: 1 scenarios failed
Processing system properties {}
Using controls EmbedderControls[batch=false,skip=false,generateViewAfterStories=true,ignoreFailureInStories=false,ignoreFailureInView=true,verboseFailures=false,verboseFiltering=false,storyTimeouts=10000,threads=1,failOnStoryTimeout=false]
Meta[properties={narrative=Narrative[inOrderTo=,asA=,iWantTo=,soThat=], description=, path=stories/avulsos/pedido_cartao_empenho_loja_normal3.story}] excluded by filter 'groovy: (issue == 'rgs-35' || issue == 'rgs-36' || issue == 'rgs-37' || issue == 'rgs-38' || issue == 'rgs-39' || issue == 'rgs-40')'
Meta[properties={examplesTable=, base=RELOH, avl-05=, context=AVULSOS, grupoInstancias=Pedidos, narrative=Narrative[inOrderTo=,asA=,iWantTo=,soThat=], title=Elaborar um pedido a vista com empenho em loja/normal, issue=avl-05, description=, givenStories=, path=stories/avulsos/pedido_cartao_empenho_loja_normal3.story, tag=component:Smoke testing - RELOH}] excluded by filter 'groovy: (issue == 'rgs-35' || issue == 'rgs-36' || issue == 'rgs-37' || issue == 'rgs-38' || issue == 'rgs-39' || issue == 'rgs-40')'

(BeforeStories)

Meta[properties={narrative=Narrative[inOrderTo=,asA=,iWantTo=,soThat=], description=, path=stories/avulsos/pedido_cartao_empenho_loja_normal3.story}] excluded by filter 'groovy: (issue == 'rgs-35' || issue == 'rgs-36' || issue == 'rgs-37' || issue == 'rgs-38' || issue == 'rgs-39' || issue == 'rgs-40')'
Meta[properties={examplesTable=, base=RELOH, avl-05=, context=AVULSOS, grupoInstancias=Pedidos, narrative=Narrative[inOrderTo=,asA=,iWantTo=,soThat=], title=Elaborar um pedido a vista com empenho em loja/normal, issue=avl-05, description=, givenStories=, path=stories/avulsos/pedido_cartao_empenho_loja_normal3.story, tag=component:Smoke testing - RELOH}] excluded by filter 'groovy: (issue == 'rgs-35' || issue == 'rgs-36' || issue == 'rgs-37' || issue == 'rgs-38' || issue == 'rgs-39' || issue == 'rgs-40')'
1 stories excluded by filter: groovy: (issue == 'rgs-35' || issue == 'rgs-36' || issue == 'rgs-37' || issue == 'rgs-38' || issue == 'rgs-39' || issue == 'rgs-40')


(AfterStories)

Generating reports view to '/home/pedro/Documentos/Automação/testes-automatizados/mv-lojas-bdd/target/jbehave' using formats '[stats, console, html, xml, serenityreporter]' and view properties '{decorateNonHtml=true}'
Reports view generated with 2 stories (of which 0 pending) containing 1 scenarios (of which 0 pending)
Failures in reports view: 1 scenarios failed
Processing system properties {}
Using controls EmbedderControls[batch=false,skip=false,generateViewAfterStories=true,ignoreFailureInStories=false,ignoreFailureInView=true,verboseFailures=false,verboseFiltering=false,storyTimeouts=10000,threads=1,failOnStoryTimeout=false]
Meta[properties={narrative=Narrative[inOrderTo=,asA=,iWantTo=,soThat=], description=, path=stories/pedido/pedido_a_vista_mvsh.story}] excluded by filter 'groovy: (issue == 'rgs-35' || issue == 'rgs-36' || issue == 'rgs-37' || issue == 'rgs-38' || issue == 'rgs-39' || issue == 'rgs-40')'
Meta[properties={examplesTable=, base=MVSH, context=SMOKE_TESTING-, grupoInstancias=Pedidos, smk-10=, narrative=Narrative[inOrderTo=,asA=,iWantTo=,soThat=], title=Elaborar um pedido a vista, issue=smk-10, description=, givenStories=, tag=component:Smoke testing - MVSH, path=stories/pedido/pedido_a_vista_mvsh.story}] excluded by filter 'groovy: (issue == 'rgs-35' || issue == 'rgs-36' || issue == 'rgs-37' || issue == 'rgs-38' || issue == 'rgs-39' || issue == 'rgs-40')'

(BeforeStories)

Meta[properties={narrative=Narrative[inOrderTo=,asA=,iWantTo=,soThat=], description=, path=stories/pedido/pedido_a_vista_mvsh.story}] excluded by filter 'groovy: (issue == 'rgs-35' || issue == 'rgs-36' || issue == 'rgs-37' || issue == 'rgs-38' || issue == 'rgs-39' || issue == 'rgs-40')'
Meta[properties={examplesTable=, base=MVSH, context=SMOKE_TESTING-, grupoInstancias=Pedidos, smk-10=, narrative=Narrative[inOrderTo=,asA=,iWantTo=,soThat=], title=Elaborar um pedido a vista, issue=smk-10, description=, givenStories=, tag=component:Smoke testing - MVSH, path=stories/pedido/pedido_a_vista_mvsh.story}] excluded by filter 'groovy: (issue == 'rgs-35' || issue == 'rgs-36' || issue == 'rgs-37' || issue == 'rgs-38' || issue == 'rgs-39' || issue == 'rgs-40')'
1 stories excluded by filter: groovy: (issue == 'rgs-35' || issue == 'rgs-36' || issue == 'rgs-37' || issue == 'rgs-38' || issue == 'rgs-39' || issue == 'rgs-40')


(AfterStories)

Generating reports view to '/home/pedro/Documentos/Automação/testes-automatizados/mv-lojas-bdd/target/jbehave' using formats '[stats, console, html, xml, serenityreporter]' and view properties '{decorateNonHtml=true}'
Reports view generated with 2 stories (of which 0 pending) containing 1 scenarios (of which 0 pending)
Failures in reports view: 1 scenarios failed
Processing system properties {}
Using controls EmbedderControls[batch=false,skip=false,generateViewAfterStories=true,ignoreFailureInStories=false,ignoreFailureInView=true,verboseFailures=false,verboseFiltering=false,storyTimeouts=10000,threads=1,failOnStoryTimeout=false]
Meta[properties={narrative=Narrative[inOrderTo=,asA=,iWantTo=,soThat=], description=, path=stories/pedido/pedido_dois_kits_iguais_prod_avulso.story}] excluded by filter 'groovy: (issue == 'rgs-35' || issue == 'rgs-36' || issue == 'rgs-37' || issue == 'rgs-38' || issue == 'rgs-39' || issue == 'rgs-40')'
Meta[properties={examplesTable=, base=RELOH, context=PEDIDOS, grupoInstancias=Pedidos, rgs-78=, narrative=Narrative[inOrderTo=,asA=,iWantTo=,soThat=], title=Elaborar um pedido 2 Kits iguais, issue=rgs-78, description=, givenStories=, tag=component:Regressão - RELOH, path=stories/pedido/pedido_dois_kits_iguais_prod_avulso.story}] excluded by filter 'groovy: (issue == 'rgs-35' || issue == 'rgs-36' || issue == 'rgs-37' || issue == 'rgs-38' || issue == 'rgs-39' || issue == 'rgs-40')'

(BeforeStories)

Meta[properties={narrative=Narrative[inOrderTo=,asA=,iWantTo=,soThat=], description=, path=stories/pedido/pedido_dois_kits_iguais_prod_avulso.story}] excluded by filter 'groovy: (issue == 'rgs-35' || issue == 'rgs-36' || issue == 'rgs-37' || issue == 'rgs-38' || issue == 'rgs-39' || issue == 'rgs-40')'
Meta[properties={examplesTable=, base=RELOH, context=PEDIDOS, grupoInstancias=Pedidos, rgs-78=, narrative=Narrative[inOrderTo=,asA=,iWantTo=,soThat=], title=Elaborar um pedido 2 Kits iguais, issue=rgs-78, description=, givenStories=, tag=component:Regressão - RELOH, path=stories/pedido/pedido_dois_kits_iguais_prod_avulso.story}] excluded by filter 'groovy: (issue == 'rgs-35' || issue == 'rgs-36' || issue == 'rgs-37' || issue == 'rgs-38' || issue == 'rgs-39' || issue == 'rgs-40')'
1 stories excluded by filter: groovy: (issue == 'rgs-35' || issue == 'rgs-36' || issue == 'rgs-37' || issue == 'rgs-38' || issue == 'rgs-39' || issue == 'rgs-40')


(AfterStories)

Generating reports view to '/home/pedro/Documentos/Automação/testes-automatizados/mv-lojas-bdd/target/jbehave' using formats '[stats, console, html, xml, serenityreporter]' and view properties '{decorateNonHtml=true}'
Reports view generated with 2 stories (of which 0 pending) containing 1 scenarios (of which 0 pending)
Failures in reports view: 1 scenarios failed
Processing system properties {}
Using controls EmbedderControls[batch=false,skip=false,generateViewAfterStories=true,ignoreFailureInStories=false,ignoreFailureInView=true,verboseFailures=false,verboseFiltering=false,storyTimeouts=10000,threads=1,failOnStoryTimeout=false]
Meta[properties={narrative=Narrative[inOrderTo=,asA=,iWantTo=,soThat=], description=, path=stories/cadastros/cadastro_cliente_pj_completo.story}] excluded by filter 'groovy: (issue == 'rgs-35' || issue == 'rgs-36' || issue == 'rgs-37' || issue == 'rgs-38' || issue == 'rgs-39' || issue == 'rgs-40')'
Meta[properties={examplesTable=, base=RELOH, context=CADASTROS, grupoInstancias=Pedidos, cad-18=, narrative=Narrative[inOrderTo=,asA=,iWantTo=,soThat=], title=cadastrar um novo cliente Pessoa Jurídica, perfil completo, issue=cad-18, description=, givenStories=, tag=component:Regressao - RELOH, path=stories/cadastros/cadastro_cliente_pj_completo.story}] excluded by filter 'groovy: (issue == 'rgs-35' || issue == 'rgs-36' || issue == 'rgs-37' || issue == 'rgs-38' || issue == 'rgs-39' || issue == 'rgs-40')'

(BeforeStories)

Meta[properties={narrative=Narrative[inOrderTo=,asA=,iWantTo=,soThat=], description=, path=stories/cadastros/cadastro_cliente_pj_completo.story}] excluded by filter 'groovy: (issue == 'rgs-35' || issue == 'rgs-36' || issue == 'rgs-37' || issue == 'rgs-38' || issue == 'rgs-39' || issue == 'rgs-40')'
Meta[properties={examplesTable=, base=RELOH, context=CADASTROS, grupoInstancias=Pedidos, cad-18=, narrative=Narrative[inOrderTo=,asA=,iWantTo=,soThat=], title=cadastrar um novo cliente Pessoa Jurídica, perfil completo, issue=cad-18, description=, givenStories=, tag=component:Regressao - RELOH, path=stories/cadastros/cadastro_cliente_pj_completo.story}] excluded by filter 'groovy: (issue == 'rgs-35' || issue == 'rgs-36' || issue == 'rgs-37' || issue == 'rgs-38' || issue == 'rgs-39' || issue == 'rgs-40')'
1 stories excluded by filter: groovy: (issue == 'rgs-35' || issue == 'rgs-36' || issue == 'rgs-37' || issue == 'rgs-38' || issue == 'rgs-39' || issue == 'rgs-40')


(AfterStories)

Generating reports view to '/home/pedro/Documentos/Automação/testes-automatizados/mv-lojas-bdd/target/jbehave' using formats '[stats, console, html, xml, serenityreporter]' and view properties '{decorateNonHtml=true}'
Reports view generated with 2 stories (of which 0 pending) containing 1 scenarios (of which 0 pending)
Failures in reports view: 1 scenarios failed
Processing system properties {}
Using controls EmbedderControls[batch=false,skip=false,generateViewAfterStories=true,ignoreFailureInStories=false,ignoreFailureInView=true,verboseFailures=false,verboseFiltering=false,storyTimeouts=10000,threads=1,failOnStoryTimeout=false]
Meta[properties={narrative=Narrative[inOrderTo=,asA=,iWantTo=,soThat=], description=, path=stories/processos/troca_devolucao_um_servico.story}] excluded by filter 'groovy: (issue == 'rgs-35' || issue == 'rgs-36' || issue == 'rgs-37' || issue == 'rgs-38' || issue == 'rgs-39' || issue == 'rgs-40')'
Meta[properties={examplesTable=, base=MVSH, context=PROCESSOS, narrative=Narrative[inOrderTo=,asA=,iWantTo=,soThat=], trkdev-03=, title=Elaborar um pedido a vista, issue=trkdev-03, description=, skip=, givenStories=, tag=component:Regressão - MVSH, path=stories/processos/troca_devolucao_um_servico.story}] excluded by filter 'groovy: (issue == 'rgs-35' || issue == 'rgs-36' || issue == 'rgs-37' || issue == 'rgs-38' || issue == 'rgs-39' || issue == 'rgs-40')'
Meta[properties={examplesTable=, base=MVSH, context=PROCESSOS, narrative=Narrative[inOrderTo=,asA=,iWantTo=,soThat=], trkdev-03=, title=Efetua o recebimento do pedido, issue=trkdev-03, description=, skip=, givenStories=, tag=component:Regressão - MVSH, path=stories/processos/troca_devolucao_um_servico.story}] excluded by filter 'groovy: (issue == 'rgs-35' || issue == 'rgs-36' || issue == 'rgs-37' || issue == 'rgs-38' || issue == 'rgs-39' || issue == 'rgs-40')'
Meta[properties={examplesTable=, base=MVSH, context=PROCESSOS, narrative=Narrative[inOrderTo=,asA=,iWantTo=,soThat=], trkdev-03=, title=Elaboração de Pré-recibo, issue=trkdev-03, description=, skip=, givenStories=, tag=component:Regressão - MVSH, path=stories/processos/troca_devolucao_um_servico.story}] excluded by filter 'groovy: (issue == 'rgs-35' || issue == 'rgs-36' || issue == 'rgs-37' || issue == 'rgs-38' || issue == 'rgs-39' || issue == 'rgs-40')'

(BeforeStories)

Meta[properties={narrative=Narrative[inOrderTo=,asA=,iWantTo=,soThat=], description=, path=stories/processos/troca_devolucao_um_servico.story}] excluded by filter 'groovy: (issue == 'rgs-35' || issue == 'rgs-36' || issue == 'rgs-37' || issue == 'rgs-38' || issue == 'rgs-39' || issue == 'rgs-40')'
Meta[properties={examplesTable=, base=MVSH, context=PROCESSOS, narrative=Narrative[inOrderTo=,asA=,iWantTo=,soThat=], trkdev-03=, title=Elaborar um pedido a vista, issue=trkdev-03, description=, skip=, givenStories=, tag=component:Regressão - MVSH, path=stories/processos/troca_devolucao_um_servico.story}] excluded by filter 'groovy: (issue == 'rgs-35' || issue == 'rgs-36' || issue == 'rgs-37' || issue == 'rgs-38' || issue == 'rgs-39' || issue == 'rgs-40')'
Meta[properties={examplesTable=, base=MVSH, context=PROCESSOS, narrative=Narrative[inOrderTo=,asA=,iWantTo=,soThat=], trkdev-03=, title=Efetua o recebimento do pedido, issue=trkdev-03, description=, skip=, givenStories=, tag=component:Regressão - MVSH, path=stories/processos/troca_devolucao_um_servico.story}] excluded by filter 'groovy: (issue == 'rgs-35' || issue == 'rgs-36' || issue == 'rgs-37' || issue == 'rgs-38' || issue == 'rgs-39' || issue == 'rgs-40')'
Meta[properties={examplesTable=, base=MVSH, context=PROCESSOS, narrative=Narrative[inOrderTo=,asA=,iWantTo=,soThat=], trkdev-03=, title=Elaboração de Pré-recibo, issue=trkdev-03, description=, skip=, givenStories=, tag=component:Regressão - MVSH, path=stories/processos/troca_devolucao_um_servico.story}] excluded by filter 'groovy: (issue == 'rgs-35' || issue == 'rgs-36' || issue == 'rgs-37' || issue == 'rgs-38' || issue == 'rgs-39' || issue == 'rgs-40')'
1 stories excluded by filter: groovy: (issue == 'rgs-35' || issue == 'rgs-36' || issue == 'rgs-37' || issue == 'rgs-38' || issue == 'rgs-39' || issue == 'rgs-40')

Story name for stories/processos/troca_devolucao_um_servico.story => TestTag{name='Processos/Troca devolucao um servico', type='story'}
Story name for stories/processos/troca_devolucao_um_servico.story => TestTag{name='Processos/Troca devolucao um servico', type='story'}
Story name for stories/processos/troca_devolucao_um_servico.story => TestTag{name='Processos/Troca devolucao um servico', type='story'}
Story name for stories/processos/troca_devolucao_um_servico.story => TestTag{name='Processos/Troca devolucao um servico', type='story'}
Story name for stories/processos/troca_devolucao_um_servico.story => TestTag{name='Processos/Troca devolucao um servico', type='story'}
Story name for stories/processos/troca_devolucao_um_servico.story => TestTag{name='Processos/Troca devolucao um servico', type='story'}

(AfterStories)

Generating reports view to '/home/pedro/Documentos/Automação/testes-automatizados/mv-lojas-bdd/target/jbehave' using formats '[stats, console, html, xml, serenityreporter]' and view properties '{decorateNonHtml=true}'
Reports view generated with 2 stories (of which 0 pending) containing 1 scenarios (of which 0 pending)
Failures in reports view: 1 scenarios failed
Processing system properties {}
Using controls EmbedderControls[batch=false,skip=false,generateViewAfterStories=true,ignoreFailureInStories=false,ignoreFailureInView=true,verboseFailures=false,verboseFiltering=false,storyTimeouts=10000,threads=1,failOnStoryTimeout=false]
Meta[properties={narrative=Narrative[inOrderTo=,asA=,iWantTo=,soThat=], description=, path=stories/pedido/pedido_avista_siv_kit_promocao56.story}] excluded by filter 'groovy: (issue == 'rgs-35' || issue == 'rgs-36' || issue == 'rgs-37' || issue == 'rgs-38' || issue == 'rgs-39' || issue == 'rgs-40')'
Meta[properties={examplesTable=, base=RELOH, context=PEDIDOS, grupoInstancias=Pedidos, narrative=Narrative[inOrderTo=,asA=,iWantTo=,soThat=], title=Elaborar um pedido a vista com kit, promoção e que tenha serviço vinculado obrigatorio, issue=rgs-56, description=, givenStories=, tag=component:Regressão - RELOH, rgs-56=, path=stories/pedido/pedido_avista_siv_kit_promocao56.story}] excluded by filter 'groovy: (issue == 'rgs-35' || issue == 'rgs-36' || issue == 'rgs-37' || issue == 'rgs-38' || issue == 'rgs-39' || issue == 'rgs-40')'

(BeforeStories)

Meta[properties={narrative=Narrative[inOrderTo=,asA=,iWantTo=,soThat=], description=, path=stories/pedido/pedido_avista_siv_kit_promocao56.story}] excluded by filter 'groovy: (issue == 'rgs-35' || issue == 'rgs-36' || issue == 'rgs-37' || issue == 'rgs-38' || issue == 'rgs-39' || issue == 'rgs-40')'
Meta[properties={examplesTable=, base=RELOH, context=PEDIDOS, grupoInstancias=Pedidos, narrative=Narrative[inOrderTo=,asA=,iWantTo=,soThat=], title=Elaborar um pedido a vista com kit, promoção e que tenha serviço vinculado obrigatorio, issue=rgs-56, description=, givenStories=, tag=component:Regressão - RELOH, rgs-56=, path=stories/pedido/pedido_avista_siv_kit_promocao56.story}] excluded by filter 'groovy: (issue == 'rgs-35' || issue == 'rgs-36' || issue == 'rgs-37' || issue == 'rgs-38' || issue == 'rgs-39' || issue == 'rgs-40')'
1 stories excluded by filter: groovy: (issue == 'rgs-35' || issue == 'rgs-36' || issue == 'rgs-37' || issue == 'rgs-38' || issue == 'rgs-39' || issue == 'rgs-40')


(AfterStories)

Generating reports view to '/home/pedro/Documentos/Automação/testes-automatizados/mv-lojas-bdd/target/jbehave' using formats '[stats, console, html, xml, serenityreporter]' and view properties '{decorateNonHtml=true}'
Reports view generated with 2 stories (of which 0 pending) containing 1 scenarios (of which 0 pending)
Failures in reports view: 1 scenarios failed
Processing system properties {}
Using controls EmbedderControls[batch=false,skip=false,generateViewAfterStories=true,ignoreFailureInStories=false,ignoreFailureInView=true,verboseFailures=false,verboseFiltering=false,storyTimeouts=10000,threads=1,failOnStoryTimeout=false]
Meta[properties={narrative=Narrative[inOrderTo=,asA=,iWantTo=,soThat=], description=, path=stories/avulsos/pedido_tipo_venda76.story}] excluded by filter 'groovy: (issue == 'rgs-35' || issue == 'rgs-36' || issue == 'rgs-37' || issue == 'rgs-38' || issue == 'rgs-39' || issue == 'rgs-40')'
Meta[properties={examplesTable=, base=MVSH, context=SMOKE_TESTING, grupoInstancias=Pedidos, avl-01=, narrative=Narrative[inOrderTo=,asA=,iWantTo=,soThat=], title=Elaborar um pedido a vista, issue=avl-01, description=, givenStories=, tag=component:Smoke testing - MVSH, path=stories/avulsos/pedido_tipo_venda76.story}] excluded by filter 'groovy: (issue == 'rgs-35' || issue == 'rgs-36' || issue == 'rgs-37' || issue == 'rgs-38' || issue == 'rgs-39' || issue == 'rgs-40')'

(BeforeStories)

Meta[properties={narrative=Narrative[inOrderTo=,asA=,iWantTo=,soThat=], description=, path=stories/avulsos/pedido_tipo_venda76.story}] excluded by filter 'groovy: (issue == 'rgs-35' || issue == 'rgs-36' || issue == 'rgs-37' || issue == 'rgs-38' || issue == 'rgs-39' || issue == 'rgs-40')'
Meta[properties={examplesTable=, base=MVSH, context=SMOKE_TESTING, grupoInstancias=Pedidos, avl-01=, narrative=Narrative[inOrderTo=,asA=,iWantTo=,soThat=], title=Elaborar um pedido a vista, issue=avl-01, description=, givenStories=, tag=component:Smoke testing - MVSH, path=stories/avulsos/pedido_tipo_venda76.story}] excluded by filter 'groovy: (issue == 'rgs-35' || issue == 'rgs-36' || issue == 'rgs-37' || issue == 'rgs-38' || issue == 'rgs-39' || issue == 'rgs-40')'
1 stories excluded by filter: groovy: (issue == 'rgs-35' || issue == 'rgs-36' || issue == 'rgs-37' || issue == 'rgs-38' || issue == 'rgs-39' || issue == 'rgs-40')


(AfterStories)

Generating reports view to '/home/pedro/Documentos/Automação/testes-automatizados/mv-lojas-bdd/target/jbehave' using formats '[stats, console, html, xml, serenityreporter]' and view properties '{decorateNonHtml=true}'
Reports view generated with 2 stories (of which 0 pending) containing 1 scenarios (of which 0 pending)
Failures in reports view: 1 scenarios failed
Processing system properties {}
Using controls EmbedderControls[batch=false,skip=false,generateViewAfterStories=true,ignoreFailureInStories=false,ignoreFailureInView=true,verboseFailures=false,verboseFiltering=false,storyTimeouts=10000,threads=1,failOnStoryTimeout=false]
Meta[properties={narrative=Narrative[inOrderTo=,asA=,iWantTo=,soThat=], description=, path=stories/processos/importacao_promocao.story}] excluded by filter 'groovy: (issue == 'rgs-35' || issue == 'rgs-36' || issue == 'rgs-37' || issue == 'rgs-38' || issue == 'rgs-39' || issue == 'rgs-40')'
Meta[properties={prcs-27=, examplesTable=, base=MVSH, context=PROCESSOS, grupoInstancias=AdmCD, narrative=Narrative[inOrderTo=,asA=,iWantTo=,soThat=], title=Importar uma lista com promocoes, issue=prcs-27, description=, givenStories=, tag=component:Regressão - MVSH, path=stories/processos/importacao_promocao.story}] excluded by filter 'groovy: (issue == 'rgs-35' || issue == 'rgs-36' || issue == 'rgs-37' || issue == 'rgs-38' || issue == 'rgs-39' || issue == 'rgs-40')'
Meta[properties={prcs-27=, examplesTable=, base=MVSH, context=PROCESSOS, grupoInstancias=AdmCD, narrative=Narrative[inOrderTo=,asA=,iWantTo=,soThat=], title=Baixar template de arquivo de Importação, issue=prcs-27, description=, givenStories=, tag=component:Regressão - MVSH, path=stories/processos/importacao_promocao.story}] excluded by filter 'groovy: (issue == 'rgs-35' || issue == 'rgs-36' || issue == 'rgs-37' || issue == 'rgs-38' || issue == 'rgs-39' || issue == 'rgs-40')'
Meta[properties={prcs-27=, examplesTable=, base=MVSH, context=PROCESSOS, grupoInstancias=AdmCD, narrative=Narrative[inOrderTo=,asA=,iWantTo=,soThat=], title=Baixar arquivo de log de validação, issue=prcs-27, description=, givenStories=, tag=component:Regressão - MVSH, path=stories/processos/importacao_promocao.story}] excluded by filter 'groovy: (issue == 'rgs-35' || issue == 'rgs-36' || issue == 'rgs-37' || issue == 'rgs-38' || issue == 'rgs-39' || issue == 'rgs-40')'
Meta[properties={prcs-27=, examplesTable=, base=MVSH, context=PROCESSOS, grupoInstancias=AdmCD, narrative=Narrative[inOrderTo=,asA=,iWantTo=,soThat=], title=Associação das promoções importadas a serviços/tipo de serviços, issue=prcs-27, description=, givenStories=, tag=component:Regressão - MVSH, path=stories/processos/importacao_promocao.story}] excluded by filter 'groovy: (issue == 'rgs-35' || issue == 'rgs-36' || issue == 'rgs-37' || issue == 'rgs-38' || issue == 'rgs-39' || issue == 'rgs-40')'

(BeforeStories)

Meta[properties={narrative=Narrative[inOrderTo=,asA=,iWantTo=,soThat=], description=, path=stories/processos/importacao_promocao.story}] excluded by filter 'groovy: (issue == 'rgs-35' || issue == 'rgs-36' || issue == 'rgs-37' || issue == 'rgs-38' || issue == 'rgs-39' || issue == 'rgs-40')'
Meta[properties={prcs-27=, examplesTable=, base=MVSH, context=PROCESSOS, grupoInstancias=AdmCD, narrative=Narrative[inOrderTo=,asA=,iWantTo=,soThat=], title=Importar uma lista com promocoes, issue=prcs-27, description=, givenStories=, tag=component:Regressão - MVSH, path=stories/processos/importacao_promocao.story}] excluded by filter 'groovy: (issue == 'rgs-35' || issue == 'rgs-36' || issue == 'rgs-37' || issue == 'rgs-38' || issue == 'rgs-39' || issue == 'rgs-40')'
Meta[properties={prcs-27=, examplesTable=, base=MVSH, context=PROCESSOS, grupoInstancias=AdmCD, narrative=Narrative[inOrderTo=,asA=,iWantTo=,soThat=], title=Baixar template de arquivo de Importação, issue=prcs-27, description=, givenStories=, tag=component:Regressão - MVSH, path=stories/processos/importacao_promocao.story}] excluded by filter 'groovy: (issue == 'rgs-35' || issue == 'rgs-36' || issue == 'rgs-37' || issue == 'rgs-38' || issue == 'rgs-39' || issue == 'rgs-40')'
Meta[properties={prcs-27=, examplesTable=, base=MVSH, context=PROCESSOS, grupoInstancias=AdmCD, narrative=Narrative[inOrderTo=,asA=,iWantTo=,soThat=], title=Baixar arquivo de log de validação, issue=prcs-27, description=, givenStories=, tag=component:Regressão - MVSH, path=stories/processos/importacao_promocao.story}] excluded by filter 'groovy: (issue == 'rgs-35' || issue == 'rgs-36' || issue == 'rgs-37' || issue == 'rgs-38' || issue == 'rgs-39' || issue == 'rgs-40')'
Meta[properties={prcs-27=, examplesTable=, base=MVSH, context=PROCESSOS, grupoInstancias=AdmCD, narrative=Narrative[inOrderTo=,asA=,iWantTo=,soThat=], title=Associação das promoções importadas a serviços/tipo de serviços, issue=prcs-27, description=, givenStories=, tag=component:Regressão - MVSH, path=stories/processos/importacao_promocao.story}] excluded by filter 'groovy: (issue == 'rgs-35' || issue == 'rgs-36' || issue == 'rgs-37' || issue == 'rgs-38' || issue == 'rgs-39' || issue == 'rgs-40')'
1 stories excluded by filter: groovy: (issue == 'rgs-35' || issue == 'rgs-36' || issue == 'rgs-37' || issue == 'rgs-38' || issue == 'rgs-39' || issue == 'rgs-40')


(AfterStories)

Generating reports view to '/home/pedro/Documentos/Automação/testes-automatizados/mv-lojas-bdd/target/jbehave' using formats '[stats, console, html, xml, serenityreporter]' and view properties '{decorateNonHtml=true}'
Reports view generated with 2 stories (of which 0 pending) containing 1 scenarios (of which 0 pending)
Failures in reports view: 1 scenarios failed
Processing system properties {}
Using controls EmbedderControls[batch=false,skip=false,generateViewAfterStories=true,ignoreFailureInStories=false,ignoreFailureInView=true,verboseFailures=false,verboseFiltering=false,storyTimeouts=10000,threads=1,failOnStoryTimeout=false]
Meta[properties={narrative=Narrative[inOrderTo=,asA=,iWantTo=,soThat=], description=, path=stories/pedido/calculo_reverso2.story}] excluded by filter 'groovy: (issue == 'rgs-35' || issue == 'rgs-36' || issue == 'rgs-37' || issue == 'rgs-38' || issue == 'rgs-39' || issue == 'rgs-40')'
Meta[properties={examplesTable=, base=RELOH, context=PEDIDOS, grupoInstancias=Pedidos, narrative=Narrative[inOrderTo=,asA=,iWantTo=,soThat=], title=Elaborar um pedido carne com empenho em loja/normal, issue=rgs-60, description=, rgs-60=, givenStories=, tag=component:Processos - RELOH, path=stories/pedido/calculo_reverso2.story}] excluded by filter 'groovy: (issue == 'rgs-35' || issue == 'rgs-36' || issue == 'rgs-37' || issue == 'rgs-38' || issue == 'rgs-39' || issue == 'rgs-40')'

(BeforeStories)

Meta[properties={narrative=Narrative[inOrderTo=,asA=,iWantTo=,soThat=], description=, path=stories/pedido/calculo_reverso2.story}] excluded by filter 'groovy: (issue == 'rgs-35' || issue == 'rgs-36' || issue == 'rgs-37' || issue == 'rgs-38' || issue == 'rgs-39' || issue == 'rgs-40')'
Meta[properties={examplesTable=, base=RELOH, context=PEDIDOS, grupoInstancias=Pedidos, narrative=Narrative[inOrderTo=,asA=,iWantTo=,soThat=], title=Elaborar um pedido carne com empenho em loja/normal, issue=rgs-60, description=, rgs-60=, givenStories=, tag=component:Processos - RELOH, path=stories/pedido/calculo_reverso2.story}] excluded by filter 'groovy: (issue == 'rgs-35' || issue == 'rgs-36' || issue == 'rgs-37' || issue == 'rgs-38' || issue == 'rgs-39' || issue == 'rgs-40')'
1 stories excluded by filter: groovy: (issue == 'rgs-35' || issue == 'rgs-36' || issue == 'rgs-37' || issue == 'rgs-38' || issue == 'rgs-39' || issue == 'rgs-40')


(AfterStories)

Generating reports view to '/home/pedro/Documentos/Automação/testes-automatizados/mv-lojas-bdd/target/jbehave' using formats '[stats, console, html, xml, serenityreporter]' and view properties '{decorateNonHtml=true}'
Reports view generated with 2 stories (of which 0 pending) containing 1 scenarios (of which 0 pending)
Failures in reports view: 1 scenarios failed
Processing system properties {}
Using controls EmbedderControls[batch=false,skip=false,generateViewAfterStories=true,ignoreFailureInStories=false,ignoreFailureInView=true,verboseFailures=false,verboseFiltering=false,storyTimeouts=10000,threads=1,failOnStoryTimeout=false]
Meta[properties={narrative=Narrative[inOrderTo=,asA=,iWantTo=,soThat=], description=, path=stories/notas_fiscais/nota_outras_saidas_rem_manutencao.story}] excluded by filter 'groovy: (issue == 'rgs-35' || issue == 'rgs-36' || issue == 'rgs-37' || issue == 'rgs-38' || issue == 'rgs-39' || issue == 'rgs-40')'
Meta[properties={examplesTable=, base=RELOH, context=NOTAS_FISCAIS, grupoInstancias=AdmCD, narrative=Narrative[inOrderTo=,asA=,iWantTo=,soThat=], nf-31=, title=Emite Nota Fiscal Avulsa Tipo 194 OUTRAS SAIDAS REM.PARA MANUTENCAO (ATIVO IMOBILIZADO), issue=nf-31, description=, givenStories=, path=stories/notas_fiscais/nota_outras_saidas_rem_manutencao.story, tag=component:Processos - RELOH}] excluded by filter 'groovy: (issue == 'rgs-35' || issue == 'rgs-36' || issue == 'rgs-37' || issue == 'rgs-38' || issue == 'rgs-39' || issue == 'rgs-40')'

(BeforeStories)

Meta[properties={narrative=Narrative[inOrderTo=,asA=,iWantTo=,soThat=], description=, path=stories/notas_fiscais/nota_outras_saidas_rem_manutencao.story}] excluded by filter 'groovy: (issue == 'rgs-35' || issue == 'rgs-36' || issue == 'rgs-37' || issue == 'rgs-38' || issue == 'rgs-39' || issue == 'rgs-40')'
Meta[properties={examplesTable=, base=RELOH, context=NOTAS_FISCAIS, grupoInstancias=AdmCD, narrative=Narrative[inOrderTo=,asA=,iWantTo=,soThat=], nf-31=, title=Emite Nota Fiscal Avulsa Tipo 194 OUTRAS SAIDAS REM.PARA MANUTENCAO (ATIVO IMOBILIZADO), issue=nf-31, description=, givenStories=, path=stories/notas_fiscais/nota_outras_saidas_rem_manutencao.story, tag=component:Processos - RELOH}] excluded by filter 'groovy: (issue == 'rgs-35' || issue == 'rgs-36' || issue == 'rgs-37' || issue == 'rgs-38' || issue == 'rgs-39' || issue == 'rgs-40')'
1 stories excluded by filter: groovy: (issue == 'rgs-35' || issue == 'rgs-36' || issue == 'rgs-37' || issue == 'rgs-38' || issue == 'rgs-39' || issue == 'rgs-40')


(AfterStories)

Generating reports view to '/home/pedro/Documentos/Automação/testes-automatizados/mv-lojas-bdd/target/jbehave' using formats '[stats, console, html, xml, serenityreporter]' and view properties '{decorateNonHtml=true}'
Reports view generated with 2 stories (of which 0 pending) containing 1 scenarios (of which 0 pending)
Failures in reports view: 1 scenarios failed
Processing system properties {}
Using controls EmbedderControls[batch=false,skip=false,generateViewAfterStories=true,ignoreFailureInStories=false,ignoreFailureInView=true,verboseFailures=false,verboseFiltering=false,storyTimeouts=10000,threads=1,failOnStoryTimeout=false]
Meta[properties={narrative=Narrative[inOrderTo=,asA=,iWantTo=,soThat=], description=, path=stories/pedido/pedido_a_vista_um_servico.story}] excluded by filter 'groovy: (issue == 'rgs-35' || issue == 'rgs-36' || issue == 'rgs-37' || issue == 'rgs-38' || issue == 'rgs-39' || issue == 'rgs-40')'
Meta[properties={examplesTable=, base=RELOH, context=SMOKE_TESTING, grupoInstancias=Pedidos, narrative=Narrative[inOrderTo=,asA=,iWantTo=,soThat=], title=Elaborar um pedido a vista de um servico, issue=smk-01, smk-01=, description=, givenStories=, tag=component:Smoke testing - RELOH, path=stories/pedido/pedido_a_vista_um_servico.story}] excluded by filter 'groovy: (issue == 'rgs-35' || issue == 'rgs-36' || issue == 'rgs-37' || issue == 'rgs-38' || issue == 'rgs-39' || issue == 'rgs-40')'

(BeforeStories)

Meta[properties={narrative=Narrative[inOrderTo=,asA=,iWantTo=,soThat=], description=, path=stories/pedido/pedido_a_vista_um_servico.story}] excluded by filter 'groovy: (issue == 'rgs-35' || issue == 'rgs-36' || issue == 'rgs-37' || issue == 'rgs-38' || issue == 'rgs-39' || issue == 'rgs-40')'
Meta[properties={examplesTable=, base=RELOH, context=SMOKE_TESTING, grupoInstancias=Pedidos, narrative=Narrative[inOrderTo=,asA=,iWantTo=,soThat=], title=Elaborar um pedido a vista de um servico, issue=smk-01, smk-01=, description=, givenStories=, tag=component:Smoke testing - RELOH, path=stories/pedido/pedido_a_vista_um_servico.story}] excluded by filter 'groovy: (issue == 'rgs-35' || issue == 'rgs-36' || issue == 'rgs-37' || issue == 'rgs-38' || issue == 'rgs-39' || issue == 'rgs-40')'
1 stories excluded by filter: groovy: (issue == 'rgs-35' || issue == 'rgs-36' || issue == 'rgs-37' || issue == 'rgs-38' || issue == 'rgs-39' || issue == 'rgs-40')


(AfterStories)

Generating reports view to '/home/pedro/Documentos/Automação/testes-automatizados/mv-lojas-bdd/target/jbehave' using formats '[stats, console, html, xml, serenityreporter]' and view properties '{decorateNonHtml=true}'
Reports view generated with 2 stories (of which 0 pending) containing 1 scenarios (of which 0 pending)
Failures in reports view: 1 scenarios failed
Processing system properties {}
Using controls EmbedderControls[batch=false,skip=false,generateViewAfterStories=true,ignoreFailureInStories=false,ignoreFailureInView=true,verboseFailures=false,verboseFiltering=false,storyTimeouts=10000,threads=1,failOnStoryTimeout=false]
Meta[properties={narrative=Narrative[inOrderTo=,asA=,iWantTo=,soThat=], description=, path=stories/processos/devolucao_parcial_pedido_cartao.story}] excluded by filter 'groovy: (issue == 'rgs-35' || issue == 'rgs-36' || issue == 'rgs-37' || issue == 'rgs-38' || issue == 'rgs-39' || issue == 'rgs-40')'
Meta[properties={examplesTable=, base=RELOH, context=PROCESSOS, grupoInstancias=Pedidos, trkdev-10=, narrative=Narrative[inOrderTo=,asA=,iWantTo=,soThat=], title=Elaborar um pedido a vista, issue=trkdev-10, description=, givenStories=, tag=component:Regressão - RELOH, path=stories/processos/devolucao_parcial_pedido_cartao.story}] excluded by filter 'groovy: (issue == 'rgs-35' || issue == 'rgs-36' || issue == 'rgs-37' || issue == 'rgs-38' || issue == 'rgs-39' || issue == 'rgs-40')'
Meta[properties={examplesTable=, base=RELOH, context=PROCESSOS, grupoInstancias=Caixa, trkdev-10=, narrative=Narrative[inOrderTo=,asA=,iWantTo=,soThat=], title=Efetua o recebimento do pedido, issue=trkdev-10, description=, givenStories=, tag=component:Regressão - RELOH, path=stories/processos/devolucao_parcial_pedido_cartao.story}] excluded by filter 'groovy: (issue == 'rgs-35' || issue == 'rgs-36' || issue == 'rgs-37' || issue == 'rgs-38' || issue == 'rgs-39' || issue == 'rgs-40')'
Meta[properties={examplesTable=, base=RELOH, context=PROCESSOS, grupoInstancias=AdmCD, trkdev-10=, narrative=Narrative[inOrderTo=,asA=,iWantTo=,soThat=], title=Controle de Faturamento PDV, issue=trkdev-10, description=, skip=, givenStories=, tag=component:Regressão - RELOH, path=stories/processos/devolucao_parcial_pedido_cartao.story}] excluded by filter 'groovy: (issue == 'rgs-35' || issue == 'rgs-36' || issue == 'rgs-37' || issue == 'rgs-38' || issue == 'rgs-39' || issue == 'rgs-40')'
Meta[properties={examplesTable=, base=RELOH, context=PROCESSOS, grupoInstancias=AdmCD, trkdev-10=, narrative=Narrative[inOrderTo=,asA=,iWantTo=,soThat=], title=Elaboração de Pré-recibo, issue=trkdev-10, description=, givenStories=, tag=component:Regressão - RELOH, path=stories/processos/devolucao_parcial_pedido_cartao.story}] excluded by filter 'groovy: (issue == 'rgs-35' || issue == 'rgs-36' || issue == 'rgs-37' || issue == 'rgs-38' || issue == 'rgs-39' || issue == 'rgs-40')'
Meta[properties={examplesTable=, base=RELOH, context=PROCESSOS, grupoInstancias=AdmCD, trkdev-10=, narrative=Narrative[inOrderTo=,asA=,iWantTo=,soThat=], title=Emissao Nota Fiscal Avulsa, issue=trkdev-10, description=, givenStories=, tag=component:Regressão - RELOH, path=stories/processos/devolucao_parcial_pedido_cartao.story}] excluded by filter 'groovy: (issue == 'rgs-35' || issue == 'rgs-36' || issue == 'rgs-37' || issue == 'rgs-38' || issue == 'rgs-39' || issue == 'rgs-40')'
Meta[properties={examplesTable=, base=RELOH, context=PROCESSOS, grupoInstancias=AdmCD, trkdev-10=, narrative=Narrative[inOrderTo=,asA=,iWantTo=,soThat=], title=Controle de Devolução de Produtos, issue=trkdev-10, description=, givenStories=, tag=component:Regressão - RELOH, path=stories/processos/devolucao_parcial_pedido_cartao.story}] excluded by filter 'groovy: (issue == 'rgs-35' || issue == 'rgs-36' || issue == 'rgs-37' || issue == 'rgs-38' || issue == 'rgs-39' || issue == 'rgs-40')'

(BeforeStories)

Meta[properties={narrative=Narrative[inOrderTo=,asA=,iWantTo=,soThat=], description=, path=stories/processos/devolucao_parcial_pedido_cartao.story}] excluded by filter 'groovy: (issue == 'rgs-35' || issue == 'rgs-36' || issue == 'rgs-37' || issue == 'rgs-38' || issue == 'rgs-39' || issue == 'rgs-40')'
Meta[properties={examplesTable=, base=RELOH, context=PROCESSOS, grupoInstancias=Pedidos, trkdev-10=, narrative=Narrative[inOrderTo=,asA=,iWantTo=,soThat=], title=Elaborar um pedido a vista, issue=trkdev-10, description=, givenStories=, tag=component:Regressão - RELOH, path=stories/processos/devolucao_parcial_pedido_cartao.story}] excluded by filter 'groovy: (issue == 'rgs-35' || issue == 'rgs-36' || issue == 'rgs-37' || issue == 'rgs-38' || issue == 'rgs-39' || issue == 'rgs-40')'
Meta[properties={examplesTable=, base=RELOH, context=PROCESSOS, grupoInstancias=Caixa, trkdev-10=, narrative=Narrative[inOrderTo=,asA=,iWantTo=,soThat=], title=Efetua o recebimento do pedido, issue=trkdev-10, description=, givenStories=, tag=component:Regressão - RELOH, path=stories/processos/devolucao_parcial_pedido_cartao.story}] excluded by filter 'groovy: (issue == 'rgs-35' || issue == 'rgs-36' || issue == 'rgs-37' || issue == 'rgs-38' || issue == 'rgs-39' || issue == 'rgs-40')'
Meta[properties={examplesTable=, base=RELOH, context=PROCESSOS, grupoInstancias=AdmCD, trkdev-10=, narrative=Narrative[inOrderTo=,asA=,iWantTo=,soThat=], title=Controle de Faturamento PDV, issue=trkdev-10, description=, skip=, givenStories=, tag=component:Regressão - RELOH, path=stories/processos/devolucao_parcial_pedido_cartao.story}] excluded by filter 'groovy: (issue == 'rgs-35' || issue == 'rgs-36' || issue == 'rgs-37' || issue == 'rgs-38' || issue == 'rgs-39' || issue == 'rgs-40')'
Meta[properties={examplesTable=, base=RELOH, context=PROCESSOS, grupoInstancias=AdmCD, trkdev-10=, narrative=Narrative[inOrderTo=,asA=,iWantTo=,soThat=], title=Elaboração de Pré-recibo, issue=trkdev-10, description=, givenStories=, tag=component:Regressão - RELOH, path=stories/processos/devolucao_parcial_pedido_cartao.story}] excluded by filter 'groovy: (issue == 'rgs-35' || issue == 'rgs-36' || issue == 'rgs-37' || issue == 'rgs-38' || issue == 'rgs-39' || issue == 'rgs-40')'
Meta[properties={examplesTable=, base=RELOH, context=PROCESSOS, grupoInstancias=AdmCD, trkdev-10=, narrative=Narrative[inOrderTo=,asA=,iWantTo=,soThat=], title=Emissao Nota Fiscal Avulsa, issue=trkdev-10, description=, givenStories=, tag=component:Regressão - RELOH, path=stories/processos/devolucao_parcial_pedido_cartao.story}] excluded by filter 'groovy: (issue == 'rgs-35' || issue == 'rgs-36' || issue == 'rgs-37' || issue == 'rgs-38' || issue == 'rgs-39' || issue == 'rgs-40')'
Meta[properties={examplesTable=, base=RELOH, context=PROCESSOS, grupoInstancias=AdmCD, trkdev-10=, narrative=Narrative[inOrderTo=,asA=,iWantTo=,soThat=], title=Controle de Devolução de Produtos, issue=trkdev-10, description=, givenStories=, tag=component:Regressão - RELOH, path=stories/processos/devolucao_parcial_pedido_cartao.story}] excluded by filter 'groovy: (issue == 'rgs-35' || issue == 'rgs-36' || issue == 'rgs-37' || issue == 'rgs-38' || issue == 'rgs-39' || issue == 'rgs-40')'
1 stories excluded by filter: groovy: (issue == 'rgs-35' || issue == 'rgs-36' || issue == 'rgs-37' || issue == 'rgs-38' || issue == 'rgs-39' || issue == 'rgs-40')

Story name for stories/processos/devolucao_parcial_pedido_cartao.story => TestTag{name='Processos/Devolucao parcial pedido cartao', type='story'}
Story name for stories/processos/devolucao_parcial_pedido_cartao.story => TestTag{name='Processos/Devolucao parcial pedido cartao', type='story'}

(AfterStories)

Generating reports view to '/home/pedro/Documentos/Automação/testes-automatizados/mv-lojas-bdd/target/jbehave' using formats '[stats, console, html, xml, serenityreporter]' and view properties '{decorateNonHtml=true}'
Reports view generated with 2 stories (of which 0 pending) containing 1 scenarios (of which 0 pending)
Failures in reports view: 1 scenarios failed
Processing system properties {}
Using controls EmbedderControls[batch=false,skip=false,generateViewAfterStories=true,ignoreFailureInStories=false,ignoreFailureInView=true,verboseFailures=false,verboseFiltering=false,storyTimeouts=10000,threads=1,failOnStoryTimeout=false]
Meta[properties={narrative=Narrative[inOrderTo=,asA=,iWantTo=,soThat=], description=, path=stories/pedido/pedido_servico_antivirus_hero46.story}] excluded by filter 'groovy: (issue == 'rgs-35' || issue == 'rgs-36' || issue == 'rgs-37' || issue == 'rgs-38' || issue == 'rgs-39' || issue == 'rgs-40')'
Meta[properties={examplesTable=, base=RELOH, context=PEDIDOS, grupoInstancias=Pedidos, rgs-46=, narrative=Narrative[inOrderTo=,asA=,iWantTo=,soThat=], title=Elaborar um pedido a vista com DEPOSITO/RETIRADA OUTRA LOJA COM RESERVA DEPOSITO, issue=rgs-46, description=, givenStories=, tag=component:Regressão - RELOH, path=stories/pedido/pedido_servico_antivirus_hero46.story}] excluded by filter 'groovy: (issue == 'rgs-35' || issue == 'rgs-36' || issue == 'rgs-37' || issue == 'rgs-38' || issue == 'rgs-39' || issue == 'rgs-40')'
Meta[properties={examplesTable=, base=RELOH, context=PEDIDOS, grupoInstancias=Pedidos, rgs-46=, narrative=Narrative[inOrderTo=,asA=,iWantTo=,soThat=], title=Efetua a reabertura do pedido feito, issue=rgs-46, description=, givenStories=, tag=component:Regressão - RELOH, path=stories/pedido/pedido_servico_antivirus_hero46.story}] excluded by filter 'groovy: (issue == 'rgs-35' || issue == 'rgs-36' || issue == 'rgs-37' || issue == 'rgs-38' || issue == 'rgs-39' || issue == 'rgs-40')'
Meta[properties={examplesTable=, base=RELOH, context=PEDIDOS, grupoInstancias=Caixa, rgs-46=, narrative=Narrative[inOrderTo=,asA=,iWantTo=,soThat=], title=Efetua o recebimento do pedido, issue=rgs-46, description=, givenStories=, tag=component:Regressão - RELOH, path=stories/pedido/pedido_servico_antivirus_hero46.story}] excluded by filter 'groovy: (issue == 'rgs-35' || issue == 'rgs-36' || issue == 'rgs-37' || issue == 'rgs-38' || issue == 'rgs-39' || issue == 'rgs-40')'
Meta[properties={examplesTable=, base=RELOH, context=PEDIDOS, grupoInstancias=Pedidos, rgs-46=, narrative=Narrative[inOrderTo=,asA=,iWantTo=,soThat=], title=Imprimir termo de adesão do antivirus hero, issue=rgs-46, description=, givenStories=, tag=component:Regressão - RELOH, path=stories/pedido/pedido_servico_antivirus_hero46.story}] excluded by filter 'groovy: (issue == 'rgs-35' || issue == 'rgs-36' || issue == 'rgs-37' || issue == 'rgs-38' || issue == 'rgs-39' || issue == 'rgs-40')'

(BeforeStories)

Meta[properties={narrative=Narrative[inOrderTo=,asA=,iWantTo=,soThat=], description=, path=stories/pedido/pedido_servico_antivirus_hero46.story}] excluded by filter 'groovy: (issue == 'rgs-35' || issue == 'rgs-36' || issue == 'rgs-37' || issue == 'rgs-38' || issue == 'rgs-39' || issue == 'rgs-40')'
Meta[properties={examplesTable=, base=RELOH, context=PEDIDOS, grupoInstancias=Pedidos, rgs-46=, narrative=Narrative[inOrderTo=,asA=,iWantTo=,soThat=], title=Elaborar um pedido a vista com DEPOSITO/RETIRADA OUTRA LOJA COM RESERVA DEPOSITO, issue=rgs-46, description=, givenStories=, tag=component:Regressão - RELOH, path=stories/pedido/pedido_servico_antivirus_hero46.story}] excluded by filter 'groovy: (issue == 'rgs-35' || issue == 'rgs-36' || issue == 'rgs-37' || issue == 'rgs-38' || issue == 'rgs-39' || issue == 'rgs-40')'
Meta[properties={examplesTable=, base=RELOH, context=PEDIDOS, grupoInstancias=Pedidos, rgs-46=, narrative=Narrative[inOrderTo=,asA=,iWantTo=,soThat=], title=Efetua a reabertura do pedido feito, issue=rgs-46, description=, givenStories=, tag=component:Regressão - RELOH, path=stories/pedido/pedido_servico_antivirus_hero46.story}] excluded by filter 'groovy: (issue == 'rgs-35' || issue == 'rgs-36' || issue == 'rgs-37' || issue == 'rgs-38' || issue == 'rgs-39' || issue == 'rgs-40')'
Meta[properties={examplesTable=, base=RELOH, context=PEDIDOS, grupoInstancias=Caixa, rgs-46=, narrative=Narrative[inOrderTo=,asA=,iWantTo=,soThat=], title=Efetua o recebimento do pedido, issue=rgs-46, description=, givenStories=, tag=component:Regressão - RELOH, path=stories/pedido/pedido_servico_antivirus_hero46.story}] excluded by filter 'groovy: (issue == 'rgs-35' || issue == 'rgs-36' || issue == 'rgs-37' || issue == 'rgs-38' || issue == 'rgs-39' || issue == 'rgs-40')'
Meta[properties={examplesTable=, base=RELOH, context=PEDIDOS, grupoInstancias=Pedidos, rgs-46=, narrative=Narrative[inOrderTo=,asA=,iWantTo=,soThat=], title=Imprimir termo de adesão do antivirus hero, issue=rgs-46, description=, givenStories=, tag=component:Regressão - RELOH, path=stories/pedido/pedido_servico_antivirus_hero46.story}] excluded by filter 'groovy: (issue == 'rgs-35' || issue == 'rgs-36' || issue == 'rgs-37' || issue == 'rgs-38' || issue == 'rgs-39' || issue == 'rgs-40')'
1 stories excluded by filter: groovy: (issue == 'rgs-35' || issue == 'rgs-36' || issue == 'rgs-37' || issue == 'rgs-38' || issue == 'rgs-39' || issue == 'rgs-40')


(AfterStories)

Generating reports view to '/home/pedro/Documentos/Automação/testes-automatizados/mv-lojas-bdd/target/jbehave' using formats '[stats, console, html, xml, serenityreporter]' and view properties '{decorateNonHtml=true}'
Reports view generated with 2 stories (of which 0 pending) containing 1 scenarios (of which 0 pending)
Failures in reports view: 1 scenarios failed
Processing system properties {}
Using controls EmbedderControls[batch=false,skip=false,generateViewAfterStories=true,ignoreFailureInStories=false,ignoreFailureInView=true,verboseFailures=false,verboseFiltering=false,storyTimeouts=10000,threads=1,failOnStoryTimeout=false]
Meta[properties={narrative=Narrative[inOrderTo=,asA=,iWantTo=,soThat=], description=, path=stories/pedido/crediario_proprio_reversao.story}] excluded by filter 'groovy: (issue == 'rgs-35' || issue == 'rgs-36' || issue == 'rgs-37' || issue == 'rgs-38' || issue == 'rgs-39' || issue == 'rgs-40')'
Meta[properties={examplesTable=, base=MVSH, context=PROCESSOS_VALIDACAO, grupoInstancias=Pedidos, narrative=Narrative[inOrderTo=,asA=,iWantTo=,soThat=], title=Elaborar um pedido CREDIARIO PROPRIO com empenho em loja/normal, issue=rgs-91, rgs-91=, description=, givenStories=, path=stories/pedido/crediario_proprio_reversao.story, tag=component:Processos - MVS}] excluded by filter 'groovy: (issue == 'rgs-35' || issue == 'rgs-36' || issue == 'rgs-37' || issue == 'rgs-38' || issue == 'rgs-39' || issue == 'rgs-40')'
Meta[properties={examplesTable=, base=MVSH, context=PROCESSOS_VALIDACAO, grupoInstancias=Pedidos, narrative=Narrative[inOrderTo=,asA=,iWantTo=,soThat=], title=Cancelar pedido, issue=rgs-91, rgs-91=, description=, givenStories=, path=stories/pedido/crediario_proprio_reversao.story, tag=component:Processos Ambiente Validacao - MVS}] excluded by filter 'groovy: (issue == 'rgs-35' || issue == 'rgs-36' || issue == 'rgs-37' || issue == 'rgs-38' || issue == 'rgs-39' || issue == 'rgs-40')'

(BeforeStories)

Meta[properties={narrative=Narrative[inOrderTo=,asA=,iWantTo=,soThat=], description=, path=stories/pedido/crediario_proprio_reversao.story}] excluded by filter 'groovy: (issue == 'rgs-35' || issue == 'rgs-36' || issue == 'rgs-37' || issue == 'rgs-38' || issue == 'rgs-39' || issue == 'rgs-40')'
Meta[properties={examplesTable=, base=MVSH, context=PROCESSOS_VALIDACAO, grupoInstancias=Pedidos, narrative=Narrative[inOrderTo=,asA=,iWantTo=,soThat=], title=Elaborar um pedido CREDIARIO PROPRIO com empenho em loja/normal, issue=rgs-91, rgs-91=, description=, givenStories=, path=stories/pedido/crediario_proprio_reversao.story, tag=component:Processos - MVS}] excluded by filter 'groovy: (issue == 'rgs-35' || issue == 'rgs-36' || issue == 'rgs-37' || issue == 'rgs-38' || issue == 'rgs-39' || issue == 'rgs-40')'
Meta[properties={examplesTable=, base=MVSH, context=PROCESSOS_VALIDACAO, grupoInstancias=Pedidos, narrative=Narrative[inOrderTo=,asA=,iWantTo=,soThat=], title=Cancelar pedido, issue=rgs-91, rgs-91=, description=, givenStories=, path=stories/pedido/crediario_proprio_reversao.story, tag=component:Processos Ambiente Validacao - MVS}] excluded by filter 'groovy: (issue == 'rgs-35' || issue == 'rgs-36' || issue == 'rgs-37' || issue == 'rgs-38' || issue == 'rgs-39' || issue == 'rgs-40')'
1 stories excluded by filter: groovy: (issue == 'rgs-35' || issue == 'rgs-36' || issue == 'rgs-37' || issue == 'rgs-38' || issue == 'rgs-39' || issue == 'rgs-40')


(AfterStories)

Generating reports view to '/home/pedro/Documentos/Automação/testes-automatizados/mv-lojas-bdd/target/jbehave' using formats '[stats, console, html, xml, serenityreporter]' and view properties '{decorateNonHtml=true}'
Reports view generated with 2 stories (of which 0 pending) containing 1 scenarios (of which 0 pending)
Failures in reports view: 1 scenarios failed
Processing system properties {}
Using controls EmbedderControls[batch=false,skip=false,generateViewAfterStories=true,ignoreFailureInStories=false,ignoreFailureInView=true,verboseFailures=false,verboseFiltering=false,storyTimeouts=10000,threads=1,failOnStoryTimeout=false]
Meta[properties={narrative=Narrative[inOrderTo=,asA=,iWantTo=,soThat=], description=, path=stories/pedido/calculo_reverso13_mvs.story}] excluded by filter 'groovy: (issue == 'rgs-35' || issue == 'rgs-36' || issue == 'rgs-37' || issue == 'rgs-38' || issue == 'rgs-39' || issue == 'rgs-40')'
Meta[properties={examplesTable=, base=MVSH, context=PROCESSOS_VALIDACAO, grupoInstancias=Pedidos, narrative=Narrative[inOrderTo=,asA=,iWantTo=,soThat=], title=Elaborar um pedido carne com empenho em loja/normal, issue=rgs-88, description=, rgs-88=, givenStories=, tag=component:Processos Ambiente Validacao - MVS, path=stories/pedido/calculo_reverso13_mvs.story}] excluded by filter 'groovy: (issue == 'rgs-35' || issue == 'rgs-36' || issue == 'rgs-37' || issue == 'rgs-38' || issue == 'rgs-39' || issue == 'rgs-40')'
Meta[properties={examplesTable=, base=MVSH, context=PROCESSOS_VALIDACAO, grupoInstancias=Pedidos, narrative=Narrative[inOrderTo=,asA=,iWantTo=,soThat=], title=Cancelar pedido, issue=rgs-88, description=, rgs-88=, givenStories=, tag=component:Processos Ambiente Validacao - MVS, path=stories/pedido/calculo_reverso13_mvs.story}] excluded by filter 'groovy: (issue == 'rgs-35' || issue == 'rgs-36' || issue == 'rgs-37' || issue == 'rgs-38' || issue == 'rgs-39' || issue == 'rgs-40')'

(BeforeStories)

Meta[properties={narrative=Narrative[inOrderTo=,asA=,iWantTo=,soThat=], description=, path=stories/pedido/calculo_reverso13_mvs.story}] excluded by filter 'groovy: (issue == 'rgs-35' || issue == 'rgs-36' || issue == 'rgs-37' || issue == 'rgs-38' || issue == 'rgs-39' || issue == 'rgs-40')'
Meta[properties={examplesTable=, base=MVSH, context=PROCESSOS_VALIDACAO, grupoInstancias=Pedidos, narrative=Narrative[inOrderTo=,asA=,iWantTo=,soThat=], title=Elaborar um pedido carne com empenho em loja/normal, issue=rgs-88, description=, rgs-88=, givenStories=, tag=component:Processos Ambiente Validacao - MVS, path=stories/pedido/calculo_reverso13_mvs.story}] excluded by filter 'groovy: (issue == 'rgs-35' || issue == 'rgs-36' || issue == 'rgs-37' || issue == 'rgs-38' || issue == 'rgs-39' || issue == 'rgs-40')'
Meta[properties={examplesTable=, base=MVSH, context=PROCESSOS_VALIDACAO, grupoInstancias=Pedidos, narrative=Narrative[inOrderTo=,asA=,iWantTo=,soThat=], title=Cancelar pedido, issue=rgs-88, description=, rgs-88=, givenStories=, tag=component:Processos Ambiente Validacao - MVS, path=stories/pedido/calculo_reverso13_mvs.story}] excluded by filter 'groovy: (issue == 'rgs-35' || issue == 'rgs-36' || issue == 'rgs-37' || issue == 'rgs-38' || issue == 'rgs-39' || issue == 'rgs-40')'
1 stories excluded by filter: groovy: (issue == 'rgs-35' || issue == 'rgs-36' || issue == 'rgs-37' || issue == 'rgs-38' || issue == 'rgs-39' || issue == 'rgs-40')


(AfterStories)

Generating reports view to '/home/pedro/Documentos/Automação/testes-automatizados/mv-lojas-bdd/target/jbehave' using formats '[stats, console, html, xml, serenityreporter]' and view properties '{decorateNonHtml=true}'
Reports view generated with 2 stories (of which 0 pending) containing 1 scenarios (of which 0 pending)
Failures in reports view: 1 scenarios failed
Processing system properties {}
Using controls EmbedderControls[batch=false,skip=false,generateViewAfterStories=true,ignoreFailureInStories=false,ignoreFailureInView=true,verboseFailures=false,verboseFiltering=false,storyTimeouts=10000,threads=1,failOnStoryTimeout=false]
Meta[properties={narrative=Narrative[inOrderTo=,asA=,iWantTo=,soThat=], description=, path=stories/avulsos/pedido_cartao_empenho_loja_normal4.story}] excluded by filter 'groovy: (issue == 'rgs-35' || issue == 'rgs-36' || issue == 'rgs-37' || issue == 'rgs-38' || issue == 'rgs-39' || issue == 'rgs-40')'
Meta[properties={avl-06=, examplesTable=, base=RELOH, context=AVULSOS, grupoInstancias=Pedidos, narrative=Narrative[inOrderTo=,asA=,iWantTo=,soThat=], title=Elaborar um pedido a vista com empenho em loja/normal, issue=avl-06, description=, givenStories=, tag=component:Smoke testing - RELOH, path=stories/avulsos/pedido_cartao_empenho_loja_normal4.story}] excluded by filter 'groovy: (issue == 'rgs-35' || issue == 'rgs-36' || issue == 'rgs-37' || issue == 'rgs-38' || issue == 'rgs-39' || issue == 'rgs-40')'

(BeforeStories)

Meta[properties={narrative=Narrative[inOrderTo=,asA=,iWantTo=,soThat=], description=, path=stories/avulsos/pedido_cartao_empenho_loja_normal4.story}] excluded by filter 'groovy: (issue == 'rgs-35' || issue == 'rgs-36' || issue == 'rgs-37' || issue == 'rgs-38' || issue == 'rgs-39' || issue == 'rgs-40')'
Meta[properties={avl-06=, examplesTable=, base=RELOH, context=AVULSOS, grupoInstancias=Pedidos, narrative=Narrative[inOrderTo=,asA=,iWantTo=,soThat=], title=Elaborar um pedido a vista com empenho em loja/normal, issue=avl-06, description=, givenStories=, tag=component:Smoke testing - RELOH, path=stories/avulsos/pedido_cartao_empenho_loja_normal4.story}] excluded by filter 'groovy: (issue == 'rgs-35' || issue == 'rgs-36' || issue == 'rgs-37' || issue == 'rgs-38' || issue == 'rgs-39' || issue == 'rgs-40')'
1 stories excluded by filter: groovy: (issue == 'rgs-35' || issue == 'rgs-36' || issue == 'rgs-37' || issue == 'rgs-38' || issue == 'rgs-39' || issue == 'rgs-40')


(AfterStories)

Generating reports view to '/home/pedro/Documentos/Automação/testes-automatizados/mv-lojas-bdd/target/jbehave' using formats '[stats, console, html, xml, serenityreporter]' and view properties '{decorateNonHtml=true}'
Reports view generated with 2 stories (of which 0 pending) containing 1 scenarios (of which 0 pending)
Failures in reports view: 1 scenarios failed
Processing system properties {}
Using controls EmbedderControls[batch=false,skip=false,generateViewAfterStories=true,ignoreFailureInStories=false,ignoreFailureInView=true,verboseFailures=false,verboseFiltering=false,storyTimeouts=10000,threads=1,failOnStoryTimeout=false]
Meta[properties={narrative=Narrative[inOrderTo=,asA=,iWantTo=,soThat=], description=, path=stories/processos/troca_sem_reversao.story}] excluded by filter 'groovy: (issue == 'rgs-35' || issue == 'rgs-36' || issue == 'rgs-37' || issue == 'rgs-38' || issue == 'rgs-39' || issue == 'rgs-40')'
Meta[properties={examplesTable=, base=RELOH, context=PROCESSOS, grupoInstancias=Pedidos, trkdev-13=, narrative=Narrative[inOrderTo=,asA=,iWantTo=,soThat=], title=Elaborar um pedido a vista, issue=trkdev-13, description=, givenStories=, tag=component:Regressão - RELOH, path=stories/processos/troca_sem_reversao.story}] excluded by filter 'groovy: (issue == 'rgs-35' || issue == 'rgs-36' || issue == 'rgs-37' || issue == 'rgs-38' || issue == 'rgs-39' || issue == 'rgs-40')'
Meta[properties={examplesTable=, base=RELOH, context=PROCESSOS, grupoInstancias=Caixa, trkdev-13=, narrative=Narrative[inOrderTo=,asA=,iWantTo=,soThat=], title=Efetua o recebimento do pedido, issue=trkdev-13, description=, givenStories=, tag=component:Regressão - RELOH, path=stories/processos/troca_sem_reversao.story}] excluded by filter 'groovy: (issue == 'rgs-35' || issue == 'rgs-36' || issue == 'rgs-37' || issue == 'rgs-38' || issue == 'rgs-39' || issue == 'rgs-40')'
Meta[properties={examplesTable=, base=RELOH, context=PROCESSOS, grupoInstancias=AdmCD, trkdev-13=, narrative=Narrative[inOrderTo=,asA=,iWantTo=,soThat=], title=Elaboração de Pré-recibo, issue=trkdev-13, description=, givenStories=, tag=component:Regressão - RELOH, path=stories/processos/troca_sem_reversao.story}] excluded by filter 'groovy: (issue == 'rgs-35' || issue == 'rgs-36' || issue == 'rgs-37' || issue == 'rgs-38' || issue == 'rgs-39' || issue == 'rgs-40')'
Meta[properties={examplesTable=, base=RELOH, context=PROCESSOS, grupoInstancias=AdmCD, trkdev-13=, narrative=Narrative[inOrderTo=,asA=,iWantTo=,soThat=], title=Emissao Nota Fiscal Avulsa, issue=trkdev-13, description=, givenStories=, tag=component:Regressão - RELOH, path=stories/processos/troca_sem_reversao.story}] excluded by filter 'groovy: (issue == 'rgs-35' || issue == 'rgs-36' || issue == 'rgs-37' || issue == 'rgs-38' || issue == 'rgs-39' || issue == 'rgs-40')'
Meta[properties={examplesTable=, base=RELOH, context=PROCESSOS, grupoInstancias=AdmCD, trkdev-13=, narrative=Narrative[inOrderTo=,asA=,iWantTo=,soThat=], title=Controle de Devolução de Produtos, issue=trkdev-13, description=, givenStories=, tag=component:Regressão - RELOH, path=stories/processos/troca_sem_reversao.story}] excluded by filter 'groovy: (issue == 'rgs-35' || issue == 'rgs-36' || issue == 'rgs-37' || issue == 'rgs-38' || issue == 'rgs-39' || issue == 'rgs-40')'

(BeforeStories)

Meta[properties={narrative=Narrative[inOrderTo=,asA=,iWantTo=,soThat=], description=, path=stories/processos/troca_sem_reversao.story}] excluded by filter 'groovy: (issue == 'rgs-35' || issue == 'rgs-36' || issue == 'rgs-37' || issue == 'rgs-38' || issue == 'rgs-39' || issue == 'rgs-40')'
Meta[properties={examplesTable=, base=RELOH, context=PROCESSOS, grupoInstancias=Pedidos, trkdev-13=, narrative=Narrative[inOrderTo=,asA=,iWantTo=,soThat=], title=Elaborar um pedido a vista, issue=trkdev-13, description=, givenStories=, tag=component:Regressão - RELOH, path=stories/processos/troca_sem_reversao.story}] excluded by filter 'groovy: (issue == 'rgs-35' || issue == 'rgs-36' || issue == 'rgs-37' || issue == 'rgs-38' || issue == 'rgs-39' || issue == 'rgs-40')'
Meta[properties={examplesTable=, base=RELOH, context=PROCESSOS, grupoInstancias=Caixa, trkdev-13=, narrative=Narrative[inOrderTo=,asA=,iWantTo=,soThat=], title=Efetua o recebimento do pedido, issue=trkdev-13, description=, givenStories=, tag=component:Regressão - RELOH, path=stories/processos/troca_sem_reversao.story}] excluded by filter 'groovy: (issue == 'rgs-35' || issue == 'rgs-36' || issue == 'rgs-37' || issue == 'rgs-38' || issue == 'rgs-39' || issue == 'rgs-40')'
Meta[properties={examplesTable=, base=RELOH, context=PROCESSOS, grupoInstancias=AdmCD, trkdev-13=, narrative=Narrative[inOrderTo=,asA=,iWantTo=,soThat=], title=Elaboração de Pré-recibo, issue=trkdev-13, description=, givenStories=, tag=component:Regressão - RELOH, path=stories/processos/troca_sem_reversao.story}] excluded by filter 'groovy: (issue == 'rgs-35' || issue == 'rgs-36' || issue == 'rgs-37' || issue == 'rgs-38' || issue == 'rgs-39' || issue == 'rgs-40')'
Meta[properties={examplesTable=, base=RELOH, context=PROCESSOS, grupoInstancias=AdmCD, trkdev-13=, narrative=Narrative[inOrderTo=,asA=,iWantTo=,soThat=], title=Emissao Nota Fiscal Avulsa, issue=trkdev-13, description=, givenStories=, tag=component:Regressão - RELOH, path=stories/processos/troca_sem_reversao.story}] excluded by filter 'groovy: (issue == 'rgs-35' || issue == 'rgs-36' || issue == 'rgs-37' || issue == 'rgs-38' || issue == 'rgs-39' || issue == 'rgs-40')'
Meta[properties={examplesTable=, base=RELOH, context=PROCESSOS, grupoInstancias=AdmCD, trkdev-13=, narrative=Narrative[inOrderTo=,asA=,iWantTo=,soThat=], title=Controle de Devolução de Produtos, issue=trkdev-13, description=, givenStories=, tag=component:Regressão - RELOH, path=stories/processos/troca_sem_reversao.story}] excluded by filter 'groovy: (issue == 'rgs-35' || issue == 'rgs-36' || issue == 'rgs-37' || issue == 'rgs-38' || issue == 'rgs-39' || issue == 'rgs-40')'
1 stories excluded by filter: groovy: (issue == 'rgs-35' || issue == 'rgs-36' || issue == 'rgs-37' || issue == 'rgs-38' || issue == 'rgs-39' || issue == 'rgs-40')


(AfterStories)

Generating reports view to '/home/pedro/Documentos/Automação/testes-automatizados/mv-lojas-bdd/target/jbehave' using formats '[stats, console, html, xml, serenityreporter]' and view properties '{decorateNonHtml=true}'
Reports view generated with 2 stories (of which 0 pending) containing 1 scenarios (of which 0 pending)
Failures in reports view: 1 scenarios failed
Processing system properties {}
Using controls EmbedderControls[batch=false,skip=false,generateViewAfterStories=true,ignoreFailureInStories=false,ignoreFailureInView=true,verboseFailures=false,verboseFiltering=false,storyTimeouts=10000,threads=1,failOnStoryTimeout=false]
Meta[properties={narrative=Narrative[inOrderTo=,asA=,iWantTo=,soThat=], description=, path=stories/notas_fiscais/nota_complemento_icms_venda.story}] excluded by filter 'groovy: (issue == 'rgs-35' || issue == 'rgs-36' || issue == 'rgs-37' || issue == 'rgs-38' || issue == 'rgs-39' || issue == 'rgs-40')'
Meta[properties={nf-51=, examplesTable=, base=RELOH, context=NOTAS_FISCAIS, grupoInstancias=AdmCD, narrative=Narrative[inOrderTo=,asA=,iWantTo=,soThat=], title=Emite Nota Fiscal Avulsa Tipo 820 COMPLEMENTO ICMS  VENDA, issue=nf-51, description=, givenStories=, path=stories/notas_fiscais/nota_complemento_icms_venda.story, tag=component:Processos - RELOH}] excluded by filter 'groovy: (issue == 'rgs-35' || issue == 'rgs-36' || issue == 'rgs-37' || issue == 'rgs-38' || issue == 'rgs-39' || issue == 'rgs-40')'
Meta[properties={nf-51=, examplesTable=, base=RELOH, context=NOTAS_FISCAIS, grupoInstancias=AdmCD, narrative=Narrative[inOrderTo=,asA=,iWantTo=,soThat=], title=Emite Nota Fiscal Avulsa Tipo 820 COMPLEMENTO ICMS  VENDA, issue=nf-51, description=, givenStories=, path=stories/notas_fiscais/nota_complemento_icms_venda.story, tag=component:Processos - RELOH}] excluded by filter 'groovy: (issue == 'rgs-35' || issue == 'rgs-36' || issue == 'rgs-37' || issue == 'rgs-38' || issue == 'rgs-39' || issue == 'rgs-40')'

(BeforeStories)

Meta[properties={narrative=Narrative[inOrderTo=,asA=,iWantTo=,soThat=], description=, path=stories/notas_fiscais/nota_complemento_icms_venda.story}] excluded by filter 'groovy: (issue == 'rgs-35' || issue == 'rgs-36' || issue == 'rgs-37' || issue == 'rgs-38' || issue == 'rgs-39' || issue == 'rgs-40')'
Meta[properties={nf-51=, examplesTable=, base=RELOH, context=NOTAS_FISCAIS, grupoInstancias=AdmCD, narrative=Narrative[inOrderTo=,asA=,iWantTo=,soThat=], title=Emite Nota Fiscal Avulsa Tipo 820 COMPLEMENTO ICMS  VENDA, issue=nf-51, description=, givenStories=, path=stories/notas_fiscais/nota_complemento_icms_venda.story, tag=component:Processos - RELOH}] excluded by filter 'groovy: (issue == 'rgs-35' || issue == 'rgs-36' || issue == 'rgs-37' || issue == 'rgs-38' || issue == 'rgs-39' || issue == 'rgs-40')'
Meta[properties={nf-51=, examplesTable=, base=RELOH, context=NOTAS_FISCAIS, grupoInstancias=AdmCD, narrative=Narrative[inOrderTo=,asA=,iWantTo=,soThat=], title=Emite Nota Fiscal Avulsa Tipo 820 COMPLEMENTO ICMS  VENDA, issue=nf-51, description=, givenStories=, path=stories/notas_fiscais/nota_complemento_icms_venda.story, tag=component:Processos - RELOH}] excluded by filter 'groovy: (issue == 'rgs-35' || issue == 'rgs-36' || issue == 'rgs-37' || issue == 'rgs-38' || issue == 'rgs-39' || issue == 'rgs-40')'
1 stories excluded by filter: groovy: (issue == 'rgs-35' || issue == 'rgs-36' || issue == 'rgs-37' || issue == 'rgs-38' || issue == 'rgs-39' || issue == 'rgs-40')


(AfterStories)

Generating reports view to '/home/pedro/Documentos/Automação/testes-automatizados/mv-lojas-bdd/target/jbehave' using formats '[stats, console, html, xml, serenityreporter]' and view properties '{decorateNonHtml=true}'
Reports view generated with 2 stories (of which 0 pending) containing 1 scenarios (of which 0 pending)
Failures in reports view: 1 scenarios failed
Processing system properties {}
Using controls EmbedderControls[batch=false,skip=false,generateViewAfterStories=true,ignoreFailureInStories=false,ignoreFailureInView=true,verboseFailures=false,verboseFiltering=false,storyTimeouts=10000,threads=1,failOnStoryTimeout=false]
Meta[properties={narrative=Narrative[inOrderTo=,asA=,iWantTo=,soThat=], description=, path=stories/processos/confirmacao_saida_estoque.story}] excluded by filter 'groovy: (issue == 'rgs-35' || issue == 'rgs-36' || issue == 'rgs-37' || issue == 'rgs-38' || issue == 'rgs-39' || issue == 'rgs-40')'
Meta[properties={prcs-26=, examplesTable=, base=RELOH, context=PROCESSOS, grupoInstancias=AdmCD, narrative=Narrative[inOrderTo=,asA=,iWantTo=,soThat=], title=Confirmação de Saida de Estoque, issue=prcs-26, description=, givenStories=, tag=component:Processos - RELOH, path=stories/processos/confirmacao_saida_estoque.story}] excluded by filter 'groovy: (issue == 'rgs-35' || issue == 'rgs-36' || issue == 'rgs-37' || issue == 'rgs-38' || issue == 'rgs-39' || issue == 'rgs-40')'

(BeforeStories)

Meta[properties={narrative=Narrative[inOrderTo=,asA=,iWantTo=,soThat=], description=, path=stories/processos/confirmacao_saida_estoque.story}] excluded by filter 'groovy: (issue == 'rgs-35' || issue == 'rgs-36' || issue == 'rgs-37' || issue == 'rgs-38' || issue == 'rgs-39' || issue == 'rgs-40')'
Meta[properties={prcs-26=, examplesTable=, base=RELOH, context=PROCESSOS, grupoInstancias=AdmCD, narrative=Narrative[inOrderTo=,asA=,iWantTo=,soThat=], title=Confirmação de Saida de Estoque, issue=prcs-26, description=, givenStories=, tag=component:Processos - RELOH, path=stories/processos/confirmacao_saida_estoque.story}] excluded by filter 'groovy: (issue == 'rgs-35' || issue == 'rgs-36' || issue == 'rgs-37' || issue == 'rgs-38' || issue == 'rgs-39' || issue == 'rgs-40')'
1 stories excluded by filter: groovy: (issue == 'rgs-35' || issue == 'rgs-36' || issue == 'rgs-37' || issue == 'rgs-38' || issue == 'rgs-39' || issue == 'rgs-40')


(AfterStories)

Generating reports view to '/home/pedro/Documentos/Automação/testes-automatizados/mv-lojas-bdd/target/jbehave' using formats '[stats, console, html, xml, serenityreporter]' and view properties '{decorateNonHtml=true}'
Reports view generated with 2 stories (of which 0 pending) containing 1 scenarios (of which 0 pending)
Failures in reports view: 1 scenarios failed
Processing system properties {}
Using controls EmbedderControls[batch=false,skip=false,generateViewAfterStories=true,ignoreFailureInStories=false,ignoreFailureInView=true,verboseFailures=false,verboseFiltering=false,storyTimeouts=10000,threads=1,failOnStoryTimeout=false]
Meta[properties={narrative=Narrative[inOrderTo=,asA=,iWantTo=,soThat=], description=, path=stories/pedido/pedido_tipo_venda_cartao_credito18.story}] excluded by filter 'groovy: (issue == 'rgs-35' || issue == 'rgs-36' || issue == 'rgs-37' || issue == 'rgs-38' || issue == 'rgs-39' || issue == 'rgs-40')'
Meta[properties={examplesTable=, base=RELOH, context=PEDIDOS, grupoInstancias=Pedidos, rgs-18=, narrative=Narrative[inOrderTo=,asA=,iWantTo=,soThat=], title=Elaborar um pedido com DEPOSITO/RETIRADA OUTRA LOJA COM RESERVA DEPOSITO, issue=rgs-18, description=, givenStories=, path=stories/pedido/pedido_tipo_venda_cartao_credito18.story, tag=component:Regressão - RELOH}] excluded by filter 'groovy: (issue == 'rgs-35' || issue == 'rgs-36' || issue == 'rgs-37' || issue == 'rgs-38' || issue == 'rgs-39' || issue == 'rgs-40')'
Meta[properties={examplesTable=, base=RELOH, context=PEDIDOS, grupoInstancias=Pedidos, rgs-18=, narrative=Narrative[inOrderTo=,asA=,iWantTo=,soThat=], title=Efetua a reabertura do pedido feito, issue=rgs-18, description=, givenStories=, path=stories/pedido/pedido_tipo_venda_cartao_credito18.story, tag=component:Regressão - RELOH}] excluded by filter 'groovy: (issue == 'rgs-35' || issue == 'rgs-36' || issue == 'rgs-37' || issue == 'rgs-38' || issue == 'rgs-39' || issue == 'rgs-40')'

(BeforeStories)

Meta[properties={narrative=Narrative[inOrderTo=,asA=,iWantTo=,soThat=], description=, path=stories/pedido/pedido_tipo_venda_cartao_credito18.story}] excluded by filter 'groovy: (issue == 'rgs-35' || issue == 'rgs-36' || issue == 'rgs-37' || issue == 'rgs-38' || issue == 'rgs-39' || issue == 'rgs-40')'
Meta[properties={examplesTable=, base=RELOH, context=PEDIDOS, grupoInstancias=Pedidos, rgs-18=, narrative=Narrative[inOrderTo=,asA=,iWantTo=,soThat=], title=Elaborar um pedido com DEPOSITO/RETIRADA OUTRA LOJA COM RESERVA DEPOSITO, issue=rgs-18, description=, givenStories=, path=stories/pedido/pedido_tipo_venda_cartao_credito18.story, tag=component:Regressão - RELOH}] excluded by filter 'groovy: (issue == 'rgs-35' || issue == 'rgs-36' || issue == 'rgs-37' || issue == 'rgs-38' || issue == 'rgs-39' || issue == 'rgs-40')'
Meta[properties={examplesTable=, base=RELOH, context=PEDIDOS, grupoInstancias=Pedidos, rgs-18=, narrative=Narrative[inOrderTo=,asA=,iWantTo=,soThat=], title=Efetua a reabertura do pedido feito, issue=rgs-18, description=, givenStories=, path=stories/pedido/pedido_tipo_venda_cartao_credito18.story, tag=component:Regressão - RELOH}] excluded by filter 'groovy: (issue == 'rgs-35' || issue == 'rgs-36' || issue == 'rgs-37' || issue == 'rgs-38' || issue == 'rgs-39' || issue == 'rgs-40')'
1 stories excluded by filter: groovy: (issue == 'rgs-35' || issue == 'rgs-36' || issue == 'rgs-37' || issue == 'rgs-38' || issue == 'rgs-39' || issue == 'rgs-40')


(AfterStories)

Generating reports view to '/home/pedro/Documentos/Automação/testes-automatizados/mv-lojas-bdd/target/jbehave' using formats '[stats, console, html, xml, serenityreporter]' and view properties '{decorateNonHtml=true}'
Reports view generated with 2 stories (of which 0 pending) containing 1 scenarios (of which 0 pending)
Failures in reports view: 1 scenarios failed
Processing system properties {}
Using controls EmbedderControls[batch=false,skip=false,generateViewAfterStories=true,ignoreFailureInStories=false,ignoreFailureInView=true,verboseFailures=false,verboseFiltering=false,storyTimeouts=10000,threads=1,failOnStoryTimeout=false]
Meta[properties={narrative=Narrative[inOrderTo=,asA=,iWantTo=,soThat=], description=, path=stories/pedido/calculo_reverso12_mvs.story}] excluded by filter 'groovy: (issue == 'rgs-35' || issue == 'rgs-36' || issue == 'rgs-37' || issue == 'rgs-38' || issue == 'rgs-39' || issue == 'rgs-40')'
Meta[properties={examplesTable=, base=RELOH, context=PROCESSOS_VALIDACAO, grupoInstancias=Pedidos, narrative=Narrative[inOrderTo=,asA=,iWantTo=,soThat=], title=Elaborar um pedido carne com empenho em loja/normal, issue=rgs-87, description=, rgs-87=, givenStories=, tag=component:Processos Ambiente Validacao - RELO, path=stories/pedido/calculo_reverso12_mvs.story}] excluded by filter 'groovy: (issue == 'rgs-35' || issue == 'rgs-36' || issue == 'rgs-37' || issue == 'rgs-38' || issue == 'rgs-39' || issue == 'rgs-40')'
Meta[properties={examplesTable=, base=MVSH, context=PROCESSOS_VALIDACAO, grupoInstancias=Pedidos, narrative=Narrative[inOrderTo=,asA=,iWantTo=,soThat=], title=Cancelar pedido, issue=rgs-87, description=, rgs-87=, givenStories=, tag=component:Processos Ambiente Validacao - MVS, path=stories/pedido/calculo_reverso12_mvs.story}] excluded by filter 'groovy: (issue == 'rgs-35' || issue == 'rgs-36' || issue == 'rgs-37' || issue == 'rgs-38' || issue == 'rgs-39' || issue == 'rgs-40')'

(BeforeStories)

Meta[properties={narrative=Narrative[inOrderTo=,asA=,iWantTo=,soThat=], description=, path=stories/pedido/calculo_reverso12_mvs.story}] excluded by filter 'groovy: (issue == 'rgs-35' || issue == 'rgs-36' || issue == 'rgs-37' || issue == 'rgs-38' || issue == 'rgs-39' || issue == 'rgs-40')'
Meta[properties={examplesTable=, base=RELOH, context=PROCESSOS_VALIDACAO, grupoInstancias=Pedidos, narrative=Narrative[inOrderTo=,asA=,iWantTo=,soThat=], title=Elaborar um pedido carne com empenho em loja/normal, issue=rgs-87, description=, rgs-87=, givenStories=, tag=component:Processos Ambiente Validacao - RELO, path=stories/pedido/calculo_reverso12_mvs.story}] excluded by filter 'groovy: (issue == 'rgs-35' || issue == 'rgs-36' || issue == 'rgs-37' || issue == 'rgs-38' || issue == 'rgs-39' || issue == 'rgs-40')'
Meta[properties={examplesTable=, base=MVSH, context=PROCESSOS_VALIDACAO, grupoInstancias=Pedidos, narrative=Narrative[inOrderTo=,asA=,iWantTo=,soThat=], title=Cancelar pedido, issue=rgs-87, description=, rgs-87=, givenStories=, tag=component:Processos Ambiente Validacao - MVS, path=stories/pedido/calculo_reverso12_mvs.story}] excluded by filter 'groovy: (issue == 'rgs-35' || issue == 'rgs-36' || issue == 'rgs-37' || issue == 'rgs-38' || issue == 'rgs-39' || issue == 'rgs-40')'
1 stories excluded by filter: groovy: (issue == 'rgs-35' || issue == 'rgs-36' || issue == 'rgs-37' || issue == 'rgs-38' || issue == 'rgs-39' || issue == 'rgs-40')


(AfterStories)

Generating reports view to '/home/pedro/Documentos/Automação/testes-automatizados/mv-lojas-bdd/target/jbehave' using formats '[stats, console, html, xml, serenityreporter]' and view properties '{decorateNonHtml=true}'
Reports view generated with 2 stories (of which 0 pending) containing 1 scenarios (of which 0 pending)
Failures in reports view: 1 scenarios failed
Processing system properties {}
Using controls EmbedderControls[batch=false,skip=false,generateViewAfterStories=true,ignoreFailureInStories=false,ignoreFailureInView=true,verboseFailures=false,verboseFiltering=false,storyTimeouts=10000,threads=1,failOnStoryTimeout=false]
Meta[properties={narrative=Narrative[inOrderTo=,asA=,iWantTo=,soThat=], description=, path=stories/pedido/pedido_tipo_venda_avista6.story}] excluded by filter 'groovy: (issue == 'rgs-35' || issue == 'rgs-36' || issue == 'rgs-37' || issue == 'rgs-38' || issue == 'rgs-39' || issue == 'rgs-40')'
Meta[properties={examplesTable=, base=RELOH, context=PEDIDOS, grupoInstancias=Pedidos, narrative=Narrative[inOrderTo=,asA=,iWantTo=,soThat=], rgs-06=, title=Elaborar um pedido a vista com DEPOSITO/RETIRADA OUTRA LOJA COM EMPENHO DEPOSITO, issue=rgs-06, description=, givenStories=, path=stories/pedido/pedido_tipo_venda_avista6.story, tag=component:Regressão - RELOH}] excluded by filter 'groovy: (issue == 'rgs-35' || issue == 'rgs-36' || issue == 'rgs-37' || issue == 'rgs-38' || issue == 'rgs-39' || issue == 'rgs-40')'
Meta[properties={examplesTable=, base=RELOH, context=PEDIDOS, grupoInstancias=Pedidos, narrative=Narrative[inOrderTo=,asA=,iWantTo=,soThat=], rgs-06=, title=Efetua o reempenho do pedido feito, issue=rgs-06, description=, givenStories=, path=stories/pedido/pedido_tipo_venda_avista6.story, tag=component:Regressão - RELOH}] excluded by filter 'groovy: (issue == 'rgs-35' || issue == 'rgs-36' || issue == 'rgs-37' || issue == 'rgs-38' || issue == 'rgs-39' || issue == 'rgs-40')'

(BeforeStories)

Meta[properties={narrative=Narrative[inOrderTo=,asA=,iWantTo=,soThat=], description=, path=stories/pedido/pedido_tipo_venda_avista6.story}] excluded by filter 'groovy: (issue == 'rgs-35' || issue == 'rgs-36' || issue == 'rgs-37' || issue == 'rgs-38' || issue == 'rgs-39' || issue == 'rgs-40')'
Meta[properties={examplesTable=, base=RELOH, context=PEDIDOS, grupoInstancias=Pedidos, narrative=Narrative[inOrderTo=,asA=,iWantTo=,soThat=], rgs-06=, title=Elaborar um pedido a vista com DEPOSITO/RETIRADA OUTRA LOJA COM EMPENHO DEPOSITO, issue=rgs-06, description=, givenStories=, path=stories/pedido/pedido_tipo_venda_avista6.story, tag=component:Regressão - RELOH}] excluded by filter 'groovy: (issue == 'rgs-35' || issue == 'rgs-36' || issue == 'rgs-37' || issue == 'rgs-38' || issue == 'rgs-39' || issue == 'rgs-40')'
Meta[properties={examplesTable=, base=RELOH, context=PEDIDOS, grupoInstancias=Pedidos, narrative=Narrative[inOrderTo=,asA=,iWantTo=,soThat=], rgs-06=, title=Efetua o reempenho do pedido feito, issue=rgs-06, description=, givenStories=, path=stories/pedido/pedido_tipo_venda_avista6.story, tag=component:Regressão - RELOH}] excluded by filter 'groovy: (issue == 'rgs-35' || issue == 'rgs-36' || issue == 'rgs-37' || issue == 'rgs-38' || issue == 'rgs-39' || issue == 'rgs-40')'
1 stories excluded by filter: groovy: (issue == 'rgs-35' || issue == 'rgs-36' || issue == 'rgs-37' || issue == 'rgs-38' || issue == 'rgs-39' || issue == 'rgs-40')


(AfterStories)

Generating reports view to '/home/pedro/Documentos/Automação/testes-automatizados/mv-lojas-bdd/target/jbehave' using formats '[stats, console, html, xml, serenityreporter]' and view properties '{decorateNonHtml=true}'
Reports view generated with 2 stories (of which 0 pending) containing 1 scenarios (of which 0 pending)
Failures in reports view: 1 scenarios failed
Processing system properties {}
Using controls EmbedderControls[batch=false,skip=false,generateViewAfterStories=true,ignoreFailureInStories=false,ignoreFailureInView=true,verboseFailures=false,verboseFiltering=false,storyTimeouts=10000,threads=1,failOnStoryTimeout=false]
Meta[properties={narrative=Narrative[inOrderTo=,asA=,iWantTo=,soThat=], description=, path=stories/pedido/pedido_tipo_venda_cartao_credito41.story}] excluded by filter 'groovy: (issue == 'rgs-35' || issue == 'rgs-36' || issue == 'rgs-37' || issue == 'rgs-38' || issue == 'rgs-39' || issue == 'rgs-40')'
Meta[properties={examplesTable=, base=RELOH, context=PEDIDOS, grupoInstancias=Pedidos, rgs-41=, narrative=Narrative[inOrderTo=,asA=,iWantTo=,soThat=], title=Elaborar um pedido com garantia avulsa - venda externa, issue=rgs-41, description=, givenStories=, tag=component:Regressão - RELOH, path=stories/pedido/pedido_tipo_venda_cartao_credito41.story}] excluded by filter 'groovy: (issue == 'rgs-35' || issue == 'rgs-36' || issue == 'rgs-37' || issue == 'rgs-38' || issue == 'rgs-39' || issue == 'rgs-40')'
Meta[properties={examplesTable=, base=RELOH, context=PEDIDOS, grupoInstancias=Pedidos, rgs-41=, narrative=Narrative[inOrderTo=,asA=,iWantTo=,soThat=], title=Efetua a reabertura do pedido feito, issue=rgs-41, description=, givenStories=, tag=component:Regressão - RELOH, path=stories/pedido/pedido_tipo_venda_cartao_credito41.story}] excluded by filter 'groovy: (issue == 'rgs-35' || issue == 'rgs-36' || issue == 'rgs-37' || issue == 'rgs-38' || issue == 'rgs-39' || issue == 'rgs-40')'

(BeforeStories)

Meta[properties={narrative=Narrative[inOrderTo=,asA=,iWantTo=,soThat=], description=, path=stories/pedido/pedido_tipo_venda_cartao_credito41.story}] excluded by filter 'groovy: (issue == 'rgs-35' || issue == 'rgs-36' || issue == 'rgs-37' || issue == 'rgs-38' || issue == 'rgs-39' || issue == 'rgs-40')'
Meta[properties={examplesTable=, base=RELOH, context=PEDIDOS, grupoInstancias=Pedidos, rgs-41=, narrative=Narrative[inOrderTo=,asA=,iWantTo=,soThat=], title=Elaborar um pedido com garantia avulsa - venda externa, issue=rgs-41, description=, givenStories=, tag=component:Regressão - RELOH, path=stories/pedido/pedido_tipo_venda_cartao_credito41.story}] excluded by filter 'groovy: (issue == 'rgs-35' || issue == 'rgs-36' || issue == 'rgs-37' || issue == 'rgs-38' || issue == 'rgs-39' || issue == 'rgs-40')'
Meta[properties={examplesTable=, base=RELOH, context=PEDIDOS, grupoInstancias=Pedidos, rgs-41=, narrative=Narrative[inOrderTo=,asA=,iWantTo=,soThat=], title=Efetua a reabertura do pedido feito, issue=rgs-41, description=, givenStories=, tag=component:Regressão - RELOH, path=stories/pedido/pedido_tipo_venda_cartao_credito41.story}] excluded by filter 'groovy: (issue == 'rgs-35' || issue == 'rgs-36' || issue == 'rgs-37' || issue == 'rgs-38' || issue == 'rgs-39' || issue == 'rgs-40')'
1 stories excluded by filter: groovy: (issue == 'rgs-35' || issue == 'rgs-36' || issue == 'rgs-37' || issue == 'rgs-38' || issue == 'rgs-39' || issue == 'rgs-40')


(AfterStories)

Generating reports view to '/home/pedro/Documentos/Automação/testes-automatizados/mv-lojas-bdd/target/jbehave' using formats '[stats, console, html, xml, serenityreporter]' and view properties '{decorateNonHtml=true}'
Reports view generated with 2 stories (of which 0 pending) containing 1 scenarios (of which 0 pending)
Failures in reports view: 1 scenarios failed
Processing system properties {}
Using controls EmbedderControls[batch=false,skip=false,generateViewAfterStories=true,ignoreFailureInStories=false,ignoreFailureInView=true,verboseFailures=false,verboseFiltering=false,storyTimeouts=10000,threads=1,failOnStoryTimeout=false]
Meta[properties={narrative=Narrative[inOrderTo=,asA=,iWantTo=,soThat=], description=, path=stories/notas_fiscais/nota_retorno_assist_tecnica_ativo_imobilizado.story}] excluded by filter 'groovy: (issue == 'rgs-35' || issue == 'rgs-36' || issue == 'rgs-37' || issue == 'rgs-38' || issue == 'rgs-39' || issue == 'rgs-40')'
Meta[properties={examplesTable=, base=RELOH, nf-20=, context=NOTAS_FISCAIS, grupoInstancias=AdmCD, narrative=Narrative[inOrderTo=,asA=,iWantTo=,soThat=], title=Emite Nota Fiscal Avulsa Tipo 249 RETORNO ASSIST. TECNICA (ATIVO IMOBILIZADO), issue=nf-20, description=, givenStories=, path=stories/notas_fiscais/nota_retorno_assist_tecnica_ativo_imobilizado.story, tag=component:Processos - RELOH}] excluded by filter 'groovy: (issue == 'rgs-35' || issue == 'rgs-36' || issue == 'rgs-37' || issue == 'rgs-38' || issue == 'rgs-39' || issue == 'rgs-40')'

(BeforeStories)

Meta[properties={narrative=Narrative[inOrderTo=,asA=,iWantTo=,soThat=], description=, path=stories/notas_fiscais/nota_retorno_assist_tecnica_ativo_imobilizado.story}] excluded by filter 'groovy: (issue == 'rgs-35' || issue == 'rgs-36' || issue == 'rgs-37' || issue == 'rgs-38' || issue == 'rgs-39' || issue == 'rgs-40')'
Meta[properties={examplesTable=, base=RELOH, nf-20=, context=NOTAS_FISCAIS, grupoInstancias=AdmCD, narrative=Narrative[inOrderTo=,asA=,iWantTo=,soThat=], title=Emite Nota Fiscal Avulsa Tipo 249 RETORNO ASSIST. TECNICA (ATIVO IMOBILIZADO), issue=nf-20, description=, givenStories=, path=stories/notas_fiscais/nota_retorno_assist_tecnica_ativo_imobilizado.story, tag=component:Processos - RELOH}] excluded by filter 'groovy: (issue == 'rgs-35' || issue == 'rgs-36' || issue == 'rgs-37' || issue == 'rgs-38' || issue == 'rgs-39' || issue == 'rgs-40')'
1 stories excluded by filter: groovy: (issue == 'rgs-35' || issue == 'rgs-36' || issue == 'rgs-37' || issue == 'rgs-38' || issue == 'rgs-39' || issue == 'rgs-40')


(AfterStories)

Generating reports view to '/home/pedro/Documentos/Automação/testes-automatizados/mv-lojas-bdd/target/jbehave' using formats '[stats, console, html, xml, serenityreporter]' and view properties '{decorateNonHtml=true}'
Reports view generated with 2 stories (of which 0 pending) containing 1 scenarios (of which 0 pending)
Failures in reports view: 1 scenarios failed
Processing system properties {}
Using controls EmbedderControls[batch=false,skip=false,generateViewAfterStories=true,ignoreFailureInStories=false,ignoreFailureInView=true,verboseFailures=false,verboseFiltering=false,storyTimeouts=10000,threads=1,failOnStoryTimeout=false]
Meta[properties={narrative=Narrative[inOrderTo=,asA=,iWantTo=,soThat=], description=, path=stories/pedido/pedido_tipo_venda_avista28.story}] excluded by filter 'groovy: (issue == 'rgs-35' || issue == 'rgs-36' || issue == 'rgs-37' || issue == 'rgs-38' || issue == 'rgs-39' || issue == 'rgs-40')'
Meta[properties={examplesTable=, base=RELOH, context=PEDIDOS, grupoInstancias=Pedidos, narrative=Narrative[inOrderTo=,asA=,iWantTo=,soThat=], title=Elaborar um pedido a vista com DEPOSITO/RETIRADA OUTRA LOJA COM RESERVA DEPOSITO, issue=rgs-28, description=, rgs-28=, givenStories=, path=stories/pedido/pedido_tipo_venda_avista28.story, tag=component:Regressão - RELOH}] excluded by filter 'groovy: (issue == 'rgs-35' || issue == 'rgs-36' || issue == 'rgs-37' || issue == 'rgs-38' || issue == 'rgs-39' || issue == 'rgs-40')'
Meta[properties={examplesTable=, base=RELOH, context=PEDIDOS, grupoInstancias=Pedidos, narrative=Narrative[inOrderTo=,asA=,iWantTo=,soThat=], title=Efetua 1ª reabertura do pedido feito, issue=rgs-28, description=, rgs-28=, givenStories=, path=stories/pedido/pedido_tipo_venda_avista28.story, tag=component:Regressão - RELOH}] excluded by filter 'groovy: (issue == 'rgs-35' || issue == 'rgs-36' || issue == 'rgs-37' || issue == 'rgs-38' || issue == 'rgs-39' || issue == 'rgs-40')'

(BeforeStories)

Meta[properties={narrative=Narrative[inOrderTo=,asA=,iWantTo=,soThat=], description=, path=stories/pedido/pedido_tipo_venda_avista28.story}] excluded by filter 'groovy: (issue == 'rgs-35' || issue == 'rgs-36' || issue == 'rgs-37' || issue == 'rgs-38' || issue == 'rgs-39' || issue == 'rgs-40')'
Meta[properties={examplesTable=, base=RELOH, context=PEDIDOS, grupoInstancias=Pedidos, narrative=Narrative[inOrderTo=,asA=,iWantTo=,soThat=], title=Elaborar um pedido a vista com DEPOSITO/RETIRADA OUTRA LOJA COM RESERVA DEPOSITO, issue=rgs-28, description=, rgs-28=, givenStories=, path=stories/pedido/pedido_tipo_venda_avista28.story, tag=component:Regressão - RELOH}] excluded by filter 'groovy: (issue == 'rgs-35' || issue == 'rgs-36' || issue == 'rgs-37' || issue == 'rgs-38' || issue == 'rgs-39' || issue == 'rgs-40')'
Meta[properties={examplesTable=, base=RELOH, context=PEDIDOS, grupoInstancias=Pedidos, narrative=Narrative[inOrderTo=,asA=,iWantTo=,soThat=], title=Efetua 1ª reabertura do pedido feito, issue=rgs-28, description=, rgs-28=, givenStories=, path=stories/pedido/pedido_tipo_venda_avista28.story, tag=component:Regressão - RELOH}] excluded by filter 'groovy: (issue == 'rgs-35' || issue == 'rgs-36' || issue == 'rgs-37' || issue == 'rgs-38' || issue == 'rgs-39' || issue == 'rgs-40')'
1 stories excluded by filter: groovy: (issue == 'rgs-35' || issue == 'rgs-36' || issue == 'rgs-37' || issue == 'rgs-38' || issue == 'rgs-39' || issue == 'rgs-40')


(AfterStories)

Generating reports view to '/home/pedro/Documentos/Automação/testes-automatizados/mv-lojas-bdd/target/jbehave' using formats '[stats, console, html, xml, serenityreporter]' and view properties '{decorateNonHtml=true}'
Reports view generated with 2 stories (of which 0 pending) containing 1 scenarios (of which 0 pending)
Failures in reports view: 1 scenarios failed
Processing system properties {}
Using controls EmbedderControls[batch=false,skip=false,generateViewAfterStories=true,ignoreFailureInStories=false,ignoreFailureInView=true,verboseFailures=false,verboseFiltering=false,storyTimeouts=10000,threads=1,failOnStoryTimeout=false]
Meta[properties={narrative=Narrative[inOrderTo=,asA=,iWantTo=,soThat=], description=, path=stories/processos/atendimento_cliente_troca_simplificada_deposito.story}] excluded by filter 'groovy: (issue == 'rgs-35' || issue == 'rgs-36' || issue == 'rgs-37' || issue == 'rgs-38' || issue == 'rgs-39' || issue == 'rgs-40')'
Meta[properties={examplesTable=, base=RELOH, context=PROCESSOS, grupoInstancias=Pedidos, narrative=Narrative[inOrderTo=,asA=,iWantTo=,soThat=], title=Elaborar um pedido a vista com empenho em deposito/normal, issue=prcs-05, prcs-05=, description=, skip=, givenStories=, tag=component:Processos - RELOH, path=stories/processos/atendimento_cliente_troca_simplificada_deposito.story}] excluded by filter 'groovy: (issue == 'rgs-35' || issue == 'rgs-36' || issue == 'rgs-37' || issue == 'rgs-38' || issue == 'rgs-39' || issue == 'rgs-40')'
Meta[properties={examplesTable=, base=RELOH, context=PROCESSOS, grupoInstancias=Caixa, narrative=Narrative[inOrderTo=,asA=,iWantTo=,soThat=], title=Efetua o recebimento do pedido, issue=prcs-05, prcs-05=, description=, skip=, givenStories=, tag=component:Regressão - RELOH, path=stories/processos/atendimento_cliente_troca_simplificada_deposito.story}] excluded by filter 'groovy: (issue == 'rgs-35' || issue == 'rgs-36' || issue == 'rgs-37' || issue == 'rgs-38' || issue == 'rgs-39' || issue == 'rgs-40')'
Meta[properties={examplesTable=, base=RELOH, context=PROCESSOS, grupoInstancias=AdmCD, narrative=Narrative[inOrderTo=,asA=,iWantTo=,soThat=], title=Cria a carga para associar ao controle de faturamento, issue=prcs-05, prcs-05=, description=, skip=, givenStories=, tag=component:Processos - RELOH, path=stories/processos/atendimento_cliente_troca_simplificada_deposito.story}] excluded by filter 'groovy: (issue == 'rgs-35' || issue == 'rgs-36' || issue == 'rgs-37' || issue == 'rgs-38' || issue == 'rgs-39' || issue == 'rgs-40')'
Meta[properties={examplesTable=, base=RELOH, context=PROCESSOS, grupoInstancias=AdmCD, narrative=Narrative[inOrderTo=,asA=,iWantTo=,soThat=], title=Cria a nota de transferencia do CD 47 para o CD 221, issue=prcs-05, prcs-05=, description=, skip=, givenStories=, tag=component:Processos - RELOH, path=stories/processos/atendimento_cliente_troca_simplificada_deposito.story}] excluded by filter 'groovy: (issue == 'rgs-35' || issue == 'rgs-36' || issue == 'rgs-37' || issue == 'rgs-38' || issue == 'rgs-39' || issue == 'rgs-40')'
Meta[properties={examplesTable=, base=RELOH, context=PROCESSOS, grupoInstancias=AdmCD, narrative=Narrative[inOrderTo=,asA=,iWantTo=,soThat=], title=Processa a nota de transferencia a nota no CD 221, issue=prcs-05, prcs-05=, description=, skip=, givenStories=, tag=component:Processos - RELOH, path=stories/processos/atendimento_cliente_troca_simplificada_deposito.story}] excluded by filter 'groovy: (issue == 'rgs-35' || issue == 'rgs-36' || issue == 'rgs-37' || issue == 'rgs-38' || issue == 'rgs-39' || issue == 'rgs-40')'
Meta[properties={examplesTable=, base=RELOH, context=PROCESSOS, grupoInstancias=AdmCD, narrative=Narrative[inOrderTo=,asA=,iWantTo=,soThat=], title=Fatura a nota de transferencia a nota no CD 221, issue=prcs-05, prcs-05=, description=, skip=, givenStories=, tag=component:Processos - RELOH, path=stories/processos/atendimento_cliente_troca_simplificada_deposito.story}] excluded by filter 'groovy: (issue == 'rgs-35' || issue == 'rgs-36' || issue == 'rgs-37' || issue == 'rgs-38' || issue == 'rgs-39' || issue == 'rgs-40')'
Meta[properties={examplesTable=, base=RELOH, context=PROCESSOS, grupoInstancias=AdmCD, narrative=Narrative[inOrderTo=,asA=,iWantTo=,soThat=], title=Elaborar um atendimento para o pedido realizado, issue=prcs-05, prcs-05=, description=, skip=, givenStories=, tag=component:Processos - RELOH, path=stories/processos/atendimento_cliente_troca_simplificada_deposito.story}] excluded by filter 'groovy: (issue == 'rgs-35' || issue == 'rgs-36' || issue == 'rgs-37' || issue == 'rgs-38' || issue == 'rgs-39' || issue == 'rgs-40')'
Meta[properties={examplesTable=, base=RELOH, context=PROCESSOS, grupoInstancias=AdmCD, narrative=Narrative[inOrderTo=,asA=,iWantTo=,soThat=], title=Cria a carga para associar ao controle de faturamento TIPO R, issue=prcs-05, prcs-05=, description=, skip=, givenStories=, tag=component:Processos - RELOH, path=stories/processos/atendimento_cliente_troca_simplificada_deposito.story}] excluded by filter 'groovy: (issue == 'rgs-35' || issue == 'rgs-36' || issue == 'rgs-37' || issue == 'rgs-38' || issue == 'rgs-39' || issue == 'rgs-40')'
Meta[properties={examplesTable=, base=RELOH, context=PROCESSOS, grupoInstancias=AdmCD, narrative=Narrative[inOrderTo=,asA=,iWantTo=,soThat=], title=Cria a nota de transferencia do CD 47 para o CD 221, issue=prcs-05, prcs-05=, description=, skip=, givenStories=, tag=component:Processos - RELOH, path=stories/processos/atendimento_cliente_troca_simplificada_deposito.story}] excluded by filter 'groovy: (issue == 'rgs-35' || issue == 'rgs-36' || issue == 'rgs-37' || issue == 'rgs-38' || issue == 'rgs-39' || issue == 'rgs-40')'
Meta[properties={examplesTable=, base=RELOH, context=PROCESSOS, grupoInstancias=AdmCD, narrative=Narrative[inOrderTo=,asA=,iWantTo=,soThat=], title=Processa a nota de transferencia a nota no CD 221, issue=prcs-05, prcs-05=, description=, skip=, givenStories=, tag=component:Processos - RELOH, path=stories/processos/atendimento_cliente_troca_simplificada_deposito.story}] excluded by filter 'groovy: (issue == 'rgs-35' || issue == 'rgs-36' || issue == 'rgs-37' || issue == 'rgs-38' || issue == 'rgs-39' || issue == 'rgs-40')'
Meta[properties={examplesTable=, base=RELOH, context=PROCESSOS, grupoInstancias=AdmCD, narrative=Narrative[inOrderTo=,asA=,iWantTo=,soThat=], title=Fatura a nota de transferencia a nota no CD 221, issue=prcs-05, prcs-05=, description=, skip=, givenStories=, tag=component:Processos - RELOH, path=stories/processos/atendimento_cliente_troca_simplificada_deposito.story}] excluded by filter 'groovy: (issue == 'rgs-35' || issue == 'rgs-36' || issue == 'rgs-37' || issue == 'rgs-38' || issue == 'rgs-39' || issue == 'rgs-40')'
Meta[properties={examplesTable=, base=RELOH, context=PROCESSOS, grupoInstancias=AdmCD, narrative=Narrative[inOrderTo=,asA=,iWantTo=,soThat=], title=Realiza o Recolhimento de Produto, issue=prcs-05, prcs-05=, description=, skip=, givenStories=, tag=component:Processos - RELOH, path=stories/processos/atendimento_cliente_troca_simplificada_deposito.story}] excluded by filter 'groovy: (issue == 'rgs-35' || issue == 'rgs-36' || issue == 'rgs-37' || issue == 'rgs-38' || issue == 'rgs-39' || issue == 'rgs-40')'

(BeforeStories)

Meta[properties={narrative=Narrative[inOrderTo=,asA=,iWantTo=,soThat=], description=, path=stories/processos/atendimento_cliente_troca_simplificada_deposito.story}] excluded by filter 'groovy: (issue == 'rgs-35' || issue == 'rgs-36' || issue == 'rgs-37' || issue == 'rgs-38' || issue == 'rgs-39' || issue == 'rgs-40')'
Meta[properties={examplesTable=, base=RELOH, context=PROCESSOS, grupoInstancias=Pedidos, narrative=Narrative[inOrderTo=,asA=,iWantTo=,soThat=], title=Elaborar um pedido a vista com empenho em deposito/normal, issue=prcs-05, prcs-05=, description=, skip=, givenStories=, tag=component:Processos - RELOH, path=stories/processos/atendimento_cliente_troca_simplificada_deposito.story}] excluded by filter 'groovy: (issue == 'rgs-35' || issue == 'rgs-36' || issue == 'rgs-37' || issue == 'rgs-38' || issue == 'rgs-39' || issue == 'rgs-40')'
Meta[properties={examplesTable=, base=RELOH, context=PROCESSOS, grupoInstancias=Caixa, narrative=Narrative[inOrderTo=,asA=,iWantTo=,soThat=], title=Efetua o recebimento do pedido, issue=prcs-05, prcs-05=, description=, skip=, givenStories=, tag=component:Regressão - RELOH, path=stories/processos/atendimento_cliente_troca_simplificada_deposito.story}] excluded by filter 'groovy: (issue == 'rgs-35' || issue == 'rgs-36' || issue == 'rgs-37' || issue == 'rgs-38' || issue == 'rgs-39' || issue == 'rgs-40')'
Meta[properties={examplesTable=, base=RELOH, context=PROCESSOS, grupoInstancias=AdmCD, narrative=Narrative[inOrderTo=,asA=,iWantTo=,soThat=], title=Cria a carga para associar ao controle de faturamento, issue=prcs-05, prcs-05=, description=, skip=, givenStories=, tag=component:Processos - RELOH, path=stories/processos/atendimento_cliente_troca_simplificada_deposito.story}] excluded by filter 'groovy: (issue == 'rgs-35' || issue == 'rgs-36' || issue == 'rgs-37' || issue == 'rgs-38' || issue == 'rgs-39' || issue == 'rgs-40')'
Meta[properties={examplesTable=, base=RELOH, context=PROCESSOS, grupoInstancias=AdmCD, narrative=Narrative[inOrderTo=,asA=,iWantTo=,soThat=], title=Cria a nota de transferencia do CD 47 para o CD 221, issue=prcs-05, prcs-05=, description=, skip=, givenStories=, tag=component:Processos - RELOH, path=stories/processos/atendimento_cliente_troca_simplificada_deposito.story}] excluded by filter 'groovy: (issue == 'rgs-35' || issue == 'rgs-36' || issue == 'rgs-37' || issue == 'rgs-38' || issue == 'rgs-39' || issue == 'rgs-40')'
Meta[properties={examplesTable=, base=RELOH, context=PROCESSOS, grupoInstancias=AdmCD, narrative=Narrative[inOrderTo=,asA=,iWantTo=,soThat=], title=Processa a nota de transferencia a nota no CD 221, issue=prcs-05, prcs-05=, description=, skip=, givenStories=, tag=component:Processos - RELOH, path=stories/processos/atendimento_cliente_troca_simplificada_deposito.story}] excluded by filter 'groovy: (issue == 'rgs-35' || issue == 'rgs-36' || issue == 'rgs-37' || issue == 'rgs-38' || issue == 'rgs-39' || issue == 'rgs-40')'
Meta[properties={examplesTable=, base=RELOH, context=PROCESSOS, grupoInstancias=AdmCD, narrative=Narrative[inOrderTo=,asA=,iWantTo=,soThat=], title=Fatura a nota de transferencia a nota no CD 221, issue=prcs-05, prcs-05=, description=, skip=, givenStories=, tag=component:Processos - RELOH, path=stories/processos/atendimento_cliente_troca_simplificada_deposito.story}] excluded by filter 'groovy: (issue == 'rgs-35' || issue == 'rgs-36' || issue == 'rgs-37' || issue == 'rgs-38' || issue == 'rgs-39' || issue == 'rgs-40')'
Meta[properties={examplesTable=, base=RELOH, context=PROCESSOS, grupoInstancias=AdmCD, narrative=Narrative[inOrderTo=,asA=,iWantTo=,soThat=], title=Elaborar um atendimento para o pedido realizado, issue=prcs-05, prcs-05=, description=, skip=, givenStories=, tag=component:Processos - RELOH, path=stories/processos/atendimento_cliente_troca_simplificada_deposito.story}] excluded by filter 'groovy: (issue == 'rgs-35' || issue == 'rgs-36' || issue == 'rgs-37' || issue == 'rgs-38' || issue == 'rgs-39' || issue == 'rgs-40')'
Meta[properties={examplesTable=, base=RELOH, context=PROCESSOS, grupoInstancias=AdmCD, narrative=Narrative[inOrderTo=,asA=,iWantTo=,soThat=], title=Cria a carga para associar ao controle de faturamento TIPO R, issue=prcs-05, prcs-05=, description=, skip=, givenStories=, tag=component:Processos - RELOH, path=stories/processos/atendimento_cliente_troca_simplificada_deposito.story}] excluded by filter 'groovy: (issue == 'rgs-35' || issue == 'rgs-36' || issue == 'rgs-37' || issue == 'rgs-38' || issue == 'rgs-39' || issue == 'rgs-40')'
Meta[properties={examplesTable=, base=RELOH, context=PROCESSOS, grupoInstancias=AdmCD, narrative=Narrative[inOrderTo=,asA=,iWantTo=,soThat=], title=Cria a nota de transferencia do CD 47 para o CD 221, issue=prcs-05, prcs-05=, description=, skip=, givenStories=, tag=component:Processos - RELOH, path=stories/processos/atendimento_cliente_troca_simplificada_deposito.story}] excluded by filter 'groovy: (issue == 'rgs-35' || issue == 'rgs-36' || issue == 'rgs-37' || issue == 'rgs-38' || issue == 'rgs-39' || issue == 'rgs-40')'
Meta[properties={examplesTable=, base=RELOH, context=PROCESSOS, grupoInstancias=AdmCD, narrative=Narrative[inOrderTo=,asA=,iWantTo=,soThat=], title=Processa a nota de transferencia a nota no CD 221, issue=prcs-05, prcs-05=, description=, skip=, givenStories=, tag=component:Processos - RELOH, path=stories/processos/atendimento_cliente_troca_simplificada_deposito.story}] excluded by filter 'groovy: (issue == 'rgs-35' || issue == 'rgs-36' || issue == 'rgs-37' || issue == 'rgs-38' || issue == 'rgs-39' || issue == 'rgs-40')'
Meta[properties={examplesTable=, base=RELOH, context=PROCESSOS, grupoInstancias=AdmCD, narrative=Narrative[inOrderTo=,asA=,iWantTo=,soThat=], title=Fatura a nota de transferencia a nota no CD 221, issue=prcs-05, prcs-05=, description=, skip=, givenStories=, tag=component:Processos - RELOH, path=stories/processos/atendimento_cliente_troca_simplificada_deposito.story}] excluded by filter 'groovy: (issue == 'rgs-35' || issue == 'rgs-36' || issue == 'rgs-37' || issue == 'rgs-38' || issue == 'rgs-39' || issue == 'rgs-40')'
Meta[properties={examplesTable=, base=RELOH, context=PROCESSOS, grupoInstancias=AdmCD, narrative=Narrative[inOrderTo=,asA=,iWantTo=,soThat=], title=Realiza o Recolhimento de Produto, issue=prcs-05, prcs-05=, description=, skip=, givenStories=, tag=component:Processos - RELOH, path=stories/processos/atendimento_cliente_troca_simplificada_deposito.story}] excluded by filter 'groovy: (issue == 'rgs-35' || issue == 'rgs-36' || issue == 'rgs-37' || issue == 'rgs-38' || issue == 'rgs-39' || issue == 'rgs-40')'
1 stories excluded by filter: groovy: (issue == 'rgs-35' || issue == 'rgs-36' || issue == 'rgs-37' || issue == 'rgs-38' || issue == 'rgs-39' || issue == 'rgs-40')

Story name for stories/processos/atendimento_cliente_troca_simplificada_deposito.story => TestTag{name='Processos/Atendimento cliente troca simplificada deposito', type='story'}
Story name for stories/processos/atendimento_cliente_troca_simplificada_deposito.story => TestTag{name='Processos/Atendimento cliente troca simplificada deposito', type='story'}
Story name for stories/processos/atendimento_cliente_troca_simplificada_deposito.story => TestTag{name='Processos/Atendimento cliente troca simplificada deposito', type='story'}
Story name for stories/processos/atendimento_cliente_troca_simplificada_deposito.story => TestTag{name='Processos/Atendimento cliente troca simplificada deposito', type='story'}
Story name for stories/processos/atendimento_cliente_troca_simplificada_deposito.story => TestTag{name='Processos/Atendimento cliente troca simplificada deposito', type='story'}
Story name for stories/processos/atendimento_cliente_troca_simplificada_deposito.story => TestTag{name='Processos/Atendimento cliente troca simplificada deposito', type='story'}
Story name for stories/processos/atendimento_cliente_troca_simplificada_deposito.story => TestTag{name='Processos/Atendimento cliente troca simplificada deposito', type='story'}
Story name for stories/processos/atendimento_cliente_troca_simplificada_deposito.story => TestTag{name='Processos/Atendimento cliente troca simplificada deposito', type='story'}
Story name for stories/processos/atendimento_cliente_troca_simplificada_deposito.story => TestTag{name='Processos/Atendimento cliente troca simplificada deposito', type='story'}
Story name for stories/processos/atendimento_cliente_troca_simplificada_deposito.story => TestTag{name='Processos/Atendimento cliente troca simplificada deposito', type='story'}
Story name for stories/processos/atendimento_cliente_troca_simplificada_deposito.story => TestTag{name='Processos/Atendimento cliente troca simplificada deposito', type='story'}
Story name for stories/processos/atendimento_cliente_troca_simplificada_deposito.story => TestTag{name='Processos/Atendimento cliente troca simplificada deposito', type='story'}
Story name for stories/processos/atendimento_cliente_troca_simplificada_deposito.story => TestTag{name='Processos/Atendimento cliente troca simplificada deposito', type='story'}
Story name for stories/processos/atendimento_cliente_troca_simplificada_deposito.story => TestTag{name='Processos/Atendimento cliente troca simplificada deposito', type='story'}
Story name for stories/processos/atendimento_cliente_troca_simplificada_deposito.story => TestTag{name='Processos/Atendimento cliente troca simplificada deposito', type='story'}
Story name for stories/processos/atendimento_cliente_troca_simplificada_deposito.story => TestTag{name='Processos/Atendimento cliente troca simplificada deposito', type='story'}
Story name for stories/processos/atendimento_cliente_troca_simplificada_deposito.story => TestTag{name='Processos/Atendimento cliente troca simplificada deposito', type='story'}
Story name for stories/processos/atendimento_cliente_troca_simplificada_deposito.story => TestTag{name='Processos/Atendimento cliente troca simplificada deposito', type='story'}
Story name for stories/processos/atendimento_cliente_troca_simplificada_deposito.story => TestTag{name='Processos/Atendimento cliente troca simplificada deposito', type='story'}
Story name for stories/processos/atendimento_cliente_troca_simplificada_deposito.story => TestTag{name='Processos/Atendimento cliente troca simplificada deposito', type='story'}
Story name for stories/processos/atendimento_cliente_troca_simplificada_deposito.story => TestTag{name='Processos/Atendimento cliente troca simplificada deposito', type='story'}
Story name for stories/processos/atendimento_cliente_troca_simplificada_deposito.story => TestTag{name='Processos/Atendimento cliente troca simplificada deposito', type='story'}
Story name for stories/processos/atendimento_cliente_troca_simplificada_deposito.story => TestTag{name='Processos/Atendimento cliente troca simplificada deposito', type='story'}
Story name for stories/processos/atendimento_cliente_troca_simplificada_deposito.story => TestTag{name='Processos/Atendimento cliente troca simplificada deposito', type='story'}

(AfterStories)

Generating reports view to '/home/pedro/Documentos/Automação/testes-automatizados/mv-lojas-bdd/target/jbehave' using formats '[stats, console, html, xml, serenityreporter]' and view properties '{decorateNonHtml=true}'
Reports view generated with 2 stories (of which 0 pending) containing 1 scenarios (of which 0 pending)
Failures in reports view: 1 scenarios failed
Processing system properties {}
Using controls EmbedderControls[batch=false,skip=false,generateViewAfterStories=true,ignoreFailureInStories=false,ignoreFailureInView=true,verboseFailures=false,verboseFiltering=false,storyTimeouts=10000,threads=1,failOnStoryTimeout=false]
Meta[properties={narrative=Narrative[inOrderTo=,asA=,iWantTo=,soThat=], description=, path=stories/pedido/pedido_tipo_venda_avista27.story}] excluded by filter 'groovy: (issue == 'rgs-35' || issue == 'rgs-36' || issue == 'rgs-37' || issue == 'rgs-38' || issue == 'rgs-39' || issue == 'rgs-40')'
Meta[properties={examplesTable=, base=RELOH, context=PEDIDOS, grupoInstancias=Pedidos, narrative=Narrative[inOrderTo=,asA=,iWantTo=,soThat=], title=Elaborar um pedido a vista com DEPOSITO/RETIRADA OUTRA LOJA COM RESERVA DEPOSITO, issue=rgs-27, description=, givenStories=, rgs-27=, path=stories/pedido/pedido_tipo_venda_avista27.story, tag=component:Regressão - RELOH}] excluded by filter 'groovy: (issue == 'rgs-35' || issue == 'rgs-36' || issue == 'rgs-37' || issue == 'rgs-38' || issue == 'rgs-39' || issue == 'rgs-40')'
Meta[properties={examplesTable=, base=RELOH, context=PEDIDOS, grupoInstancias=Pedidos, narrative=Narrative[inOrderTo=,asA=,iWantTo=,soThat=], title=Efetua 1ª reabertura do pedido feito, issue=rgs-27, description=, givenStories=, rgs-27=, path=stories/pedido/pedido_tipo_venda_avista27.story, tag=component:Regressão - RELOH}] excluded by filter 'groovy: (issue == 'rgs-35' || issue == 'rgs-36' || issue == 'rgs-37' || issue == 'rgs-38' || issue == 'rgs-39' || issue == 'rgs-40')'
Meta[properties={examplesTable=, base=RELOH, context=PEDIDOS, grupoInstancias=Pedidos, narrative=Narrative[inOrderTo=,asA=,iWantTo=,soThat=], title=Efetua 2ª reabertura do pedido feito, issue=rgs-27, description=, givenStories=, rgs-27=, path=stories/pedido/pedido_tipo_venda_avista27.story, tag=component:Regressão - RELOH}] excluded by filter 'groovy: (issue == 'rgs-35' || issue == 'rgs-36' || issue == 'rgs-37' || issue == 'rgs-38' || issue == 'rgs-39' || issue == 'rgs-40')'

(BeforeStories)

Meta[properties={narrative=Narrative[inOrderTo=,asA=,iWantTo=,soThat=], description=, path=stories/pedido/pedido_tipo_venda_avista27.story}] excluded by filter 'groovy: (issue == 'rgs-35' || issue == 'rgs-36' || issue == 'rgs-37' || issue == 'rgs-38' || issue == 'rgs-39' || issue == 'rgs-40')'
Meta[properties={examplesTable=, base=RELOH, context=PEDIDOS, grupoInstancias=Pedidos, narrative=Narrative[inOrderTo=,asA=,iWantTo=,soThat=], title=Elaborar um pedido a vista com DEPOSITO/RETIRADA OUTRA LOJA COM RESERVA DEPOSITO, issue=rgs-27, description=, givenStories=, rgs-27=, path=stories/pedido/pedido_tipo_venda_avista27.story, tag=component:Regressão - RELOH}] excluded by filter 'groovy: (issue == 'rgs-35' || issue == 'rgs-36' || issue == 'rgs-37' || issue == 'rgs-38' || issue == 'rgs-39' || issue == 'rgs-40')'
Meta[properties={examplesTable=, base=RELOH, context=PEDIDOS, grupoInstancias=Pedidos, narrative=Narrative[inOrderTo=,asA=,iWantTo=,soThat=], title=Efetua 1ª reabertura do pedido feito, issue=rgs-27, description=, givenStories=, rgs-27=, path=stories/pedido/pedido_tipo_venda_avista27.story, tag=component:Regressão - RELOH}] excluded by filter 'groovy: (issue == 'rgs-35' || issue == 'rgs-36' || issue == 'rgs-37' || issue == 'rgs-38' || issue == 'rgs-39' || issue == 'rgs-40')'
Meta[properties={examplesTable=, base=RELOH, context=PEDIDOS, grupoInstancias=Pedidos, narrative=Narrative[inOrderTo=,asA=,iWantTo=,soThat=], title=Efetua 2ª reabertura do pedido feito, issue=rgs-27, description=, givenStories=, rgs-27=, path=stories/pedido/pedido_tipo_venda_avista27.story, tag=component:Regressão - RELOH}] excluded by filter 'groovy: (issue == 'rgs-35' || issue == 'rgs-36' || issue == 'rgs-37' || issue == 'rgs-38' || issue == 'rgs-39' || issue == 'rgs-40')'
1 stories excluded by filter: groovy: (issue == 'rgs-35' || issue == 'rgs-36' || issue == 'rgs-37' || issue == 'rgs-38' || issue == 'rgs-39' || issue == 'rgs-40')


(AfterStories)

Generating reports view to '/home/pedro/Documentos/Automação/testes-automatizados/mv-lojas-bdd/target/jbehave' using formats '[stats, console, html, xml, serenityreporter]' and view properties '{decorateNonHtml=true}'
Reports view generated with 2 stories (of which 0 pending) containing 1 scenarios (of which 0 pending)
Failures in reports view: 1 scenarios failed
Processing system properties {}
Using controls EmbedderControls[batch=false,skip=false,generateViewAfterStories=true,ignoreFailureInStories=false,ignoreFailureInView=true,verboseFailures=false,verboseFiltering=false,storyTimeouts=10000,threads=1,failOnStoryTimeout=false]
Meta[properties={narrative=Narrative[inOrderTo=,asA=,iWantTo=,soThat=], description=, path=stories/pedido/pedido_tipo_venda_avista55.story}] excluded by filter 'groovy: (issue == 'rgs-35' || issue == 'rgs-36' || issue == 'rgs-37' || issue == 'rgs-38' || issue == 'rgs-39' || issue == 'rgs-40')'
Meta[properties={rgs-55=, examplesTable=, base=RELOH, context=PEDIDOS, grupoInstancias=Pedidos, narrative=Narrative[inOrderTo=,asA=,iWantTo=,soThat=], title=Elaborar um pedido a vista com DEPOSITO/AGENDADA, issue=rgs-55, description=, givenStories=, tag=component:Regressão - RELOH, path=stories/pedido/pedido_tipo_venda_avista55.story}] excluded by filter 'groovy: (issue == 'rgs-35' || issue == 'rgs-36' || issue == 'rgs-37' || issue == 'rgs-38' || issue == 'rgs-39' || issue == 'rgs-40')'
Meta[properties={rgs-55=, examplesTable=, base=RELOH, context=PEDIDOS, grupoInstancias=Pedidos, narrative=Narrative[inOrderTo=,asA=,iWantTo=,soThat=], title=Elaborar um pedido a vista com depósito/agendada e garantia avulsa interna do pedido anterior, issue=rgs-55, description=, givenStories=, tag=component:Regressão - RELOH, path=stories/pedido/pedido_tipo_venda_avista55.story}] excluded by filter 'groovy: (issue == 'rgs-35' || issue == 'rgs-36' || issue == 'rgs-37' || issue == 'rgs-38' || issue == 'rgs-39' || issue == 'rgs-40')'

(BeforeStories)

Meta[properties={narrative=Narrative[inOrderTo=,asA=,iWantTo=,soThat=], description=, path=stories/pedido/pedido_tipo_venda_avista55.story}] excluded by filter 'groovy: (issue == 'rgs-35' || issue == 'rgs-36' || issue == 'rgs-37' || issue == 'rgs-38' || issue == 'rgs-39' || issue == 'rgs-40')'
Meta[properties={rgs-55=, examplesTable=, base=RELOH, context=PEDIDOS, grupoInstancias=Pedidos, narrative=Narrative[inOrderTo=,asA=,iWantTo=,soThat=], title=Elaborar um pedido a vista com DEPOSITO/AGENDADA, issue=rgs-55, description=, givenStories=, tag=component:Regressão - RELOH, path=stories/pedido/pedido_tipo_venda_avista55.story}] excluded by filter 'groovy: (issue == 'rgs-35' || issue == 'rgs-36' || issue == 'rgs-37' || issue == 'rgs-38' || issue == 'rgs-39' || issue == 'rgs-40')'
Meta[properties={rgs-55=, examplesTable=, base=RELOH, context=PEDIDOS, grupoInstancias=Pedidos, narrative=Narrative[inOrderTo=,asA=,iWantTo=,soThat=], title=Elaborar um pedido a vista com depósito/agendada e garantia avulsa interna do pedido anterior, issue=rgs-55, description=, givenStories=, tag=component:Regressão - RELOH, path=stories/pedido/pedido_tipo_venda_avista55.story}] excluded by filter 'groovy: (issue == 'rgs-35' || issue == 'rgs-36' || issue == 'rgs-37' || issue == 'rgs-38' || issue == 'rgs-39' || issue == 'rgs-40')'
1 stories excluded by filter: groovy: (issue == 'rgs-35' || issue == 'rgs-36' || issue == 'rgs-37' || issue == 'rgs-38' || issue == 'rgs-39' || issue == 'rgs-40')


(AfterStories)

Generating reports view to '/home/pedro/Documentos/Automação/testes-automatizados/mv-lojas-bdd/target/jbehave' using formats '[stats, console, html, xml, serenityreporter]' and view properties '{decorateNonHtml=true}'
Reports view generated with 2 stories (of which 0 pending) containing 1 scenarios (of which 0 pending)
Failures in reports view: 1 scenarios failed
Processing system properties {}
Using controls EmbedderControls[batch=false,skip=false,generateViewAfterStories=true,ignoreFailureInStories=false,ignoreFailureInView=true,verboseFailures=false,verboseFiltering=false,storyTimeouts=10000,threads=1,failOnStoryTimeout=false]
Meta[properties={narrative=Narrative[inOrderTo=,asA=,iWantTo=,soThat=], description=, path=stories/pedido/pedido_avista_siv_liberacao_sem_ativacao.story}] excluded by filter 'groovy: (issue == 'rgs-35' || issue == 'rgs-36' || issue == 'rgs-37' || issue == 'rgs-38' || issue == 'rgs-39' || issue == 'rgs-40')'
Meta[properties={examplesTable=, base=RELOH, context=PEDIDOS, grupoInstancias=Pedidos, rgs-80=, narrative=Narrative[inOrderTo=,asA=,iWantTo=,soThat=], title=Elabora um pedido com plano controle e utiliza o privilégio para liberar o pedido sem ativação do plano, issue=rgs-80, description=, givenStories=, path=stories/pedido/pedido_avista_siv_liberacao_sem_ativacao.story, tag=component:Regressão - RELOH}] excluded by filter 'groovy: (issue == 'rgs-35' || issue == 'rgs-36' || issue == 'rgs-37' || issue == 'rgs-38' || issue == 'rgs-39' || issue == 'rgs-40')'
Meta[properties={examplesTable=, base=RELOH, context=PEDIDOS, grupoInstancias=Pedidos, rgs-80=, narrative=Narrative[inOrderTo=,asA=,iWantTo=,soThat=], title=Efetua a reabertura do pedido feito, issue=rgs-80, description=, givenStories=, path=stories/pedido/pedido_avista_siv_liberacao_sem_ativacao.story, tag=component:Regressão - RELOH}] excluded by filter 'groovy: (issue == 'rgs-35' || issue == 'rgs-36' || issue == 'rgs-37' || issue == 'rgs-38' || issue == 'rgs-39' || issue == 'rgs-40')'
Meta[properties={examplesTable=, base=RELOH, context=PEDIDOS, grupoInstancias=Caixa, rgs-80=, narrative=Narrative[inOrderTo=,asA=,iWantTo=,soThat=], title=Efetua o recebimento do pedido, issue=rgs-80, description=, givenStories=, path=stories/pedido/pedido_avista_siv_liberacao_sem_ativacao.story, tag=component:Regressão - RELOH}] excluded by filter 'groovy: (issue == 'rgs-35' || issue == 'rgs-36' || issue == 'rgs-37' || issue == 'rgs-38' || issue == 'rgs-39' || issue == 'rgs-40')'

(BeforeStories)

Meta[properties={narrative=Narrative[inOrderTo=,asA=,iWantTo=,soThat=], description=, path=stories/pedido/pedido_avista_siv_liberacao_sem_ativacao.story}] excluded by filter 'groovy: (issue == 'rgs-35' || issue == 'rgs-36' || issue == 'rgs-37' || issue == 'rgs-38' || issue == 'rgs-39' || issue == 'rgs-40')'
Meta[properties={examplesTable=, base=RELOH, context=PEDIDOS, grupoInstancias=Pedidos, rgs-80=, narrative=Narrative[inOrderTo=,asA=,iWantTo=,soThat=], title=Elabora um pedido com plano controle e utiliza o privilégio para liberar o pedido sem ativação do plano, issue=rgs-80, description=, givenStories=, path=stories/pedido/pedido_avista_siv_liberacao_sem_ativacao.story, tag=component:Regressão - RELOH}] excluded by filter 'groovy: (issue == 'rgs-35' || issue == 'rgs-36' || issue == 'rgs-37' || issue == 'rgs-38' || issue == 'rgs-39' || issue == 'rgs-40')'
Meta[properties={examplesTable=, base=RELOH, context=PEDIDOS, grupoInstancias=Pedidos, rgs-80=, narrative=Narrative[inOrderTo=,asA=,iWantTo=,soThat=], title=Efetua a reabertura do pedido feito, issue=rgs-80, description=, givenStories=, path=stories/pedido/pedido_avista_siv_liberacao_sem_ativacao.story, tag=component:Regressão - RELOH}] excluded by filter 'groovy: (issue == 'rgs-35' || issue == 'rgs-36' || issue == 'rgs-37' || issue == 'rgs-38' || issue == 'rgs-39' || issue == 'rgs-40')'
Meta[properties={examplesTable=, base=RELOH, context=PEDIDOS, grupoInstancias=Caixa, rgs-80=, narrative=Narrative[inOrderTo=,asA=,iWantTo=,soThat=], title=Efetua o recebimento do pedido, issue=rgs-80, description=, givenStories=, path=stories/pedido/pedido_avista_siv_liberacao_sem_ativacao.story, tag=component:Regressão - RELOH}] excluded by filter 'groovy: (issue == 'rgs-35' || issue == 'rgs-36' || issue == 'rgs-37' || issue == 'rgs-38' || issue == 'rgs-39' || issue == 'rgs-40')'
1 stories excluded by filter: groovy: (issue == 'rgs-35' || issue == 'rgs-36' || issue == 'rgs-37' || issue == 'rgs-38' || issue == 'rgs-39' || issue == 'rgs-40')


(AfterStories)

Generating reports view to '/home/pedro/Documentos/Automação/testes-automatizados/mv-lojas-bdd/target/jbehave' using formats '[stats, console, html, xml, serenityreporter]' and view properties '{decorateNonHtml=true}'
Reports view generated with 2 stories (of which 0 pending) containing 1 scenarios (of which 0 pending)
Failures in reports view: 1 scenarios failed
Processing system properties {}
Using controls EmbedderControls[batch=false,skip=false,generateViewAfterStories=true,ignoreFailureInStories=false,ignoreFailureInView=true,verboseFailures=false,verboseFiltering=false,storyTimeouts=10000,threads=1,failOnStoryTimeout=false]
Meta[properties={narrative=Narrative[inOrderTo=,asA=,iWantTo=,soThat=], description=, path=stories/pedido/pedido_tipo_venda_pessoa_juridica10.story}] excluded by filter 'groovy: (issue == 'rgs-35' || issue == 'rgs-36' || issue == 'rgs-37' || issue == 'rgs-38' || issue == 'rgs-39' || issue == 'rgs-40')'
Meta[properties={examplesTable=, base=RELOH, context=PEDIDOS, grupoInstancias=Pedidos, narrative=Narrative[inOrderTo=,asA=,iWantTo=,soThat=], rgs-10=, title=Elaborar um pedido a vista com LOJA/NORMAL, issue=rgs-10, description=, givenStories=, tag=component:Regressão - RELOH, path=stories/pedido/pedido_tipo_venda_pessoa_juridica10.story}] excluded by filter 'groovy: (issue == 'rgs-35' || issue == 'rgs-36' || issue == 'rgs-37' || issue == 'rgs-38' || issue == 'rgs-39' || issue == 'rgs-40')'
Meta[properties={examplesTable=, base=RELOH, context=PEDIDOS, grupoInstancias=Pedidos, narrative=Narrative[inOrderTo=,asA=,iWantTo=,soThat=], rgs-10=, title=Efetua a reabertura do pedido feito, issue=rgs-10, description=, givenStories=, tag=component:Regressão - RELOH, path=stories/pedido/pedido_tipo_venda_pessoa_juridica10.story}] excluded by filter 'groovy: (issue == 'rgs-35' || issue == 'rgs-36' || issue == 'rgs-37' || issue == 'rgs-38' || issue == 'rgs-39' || issue == 'rgs-40')'

(BeforeStories)

Meta[properties={narrative=Narrative[inOrderTo=,asA=,iWantTo=,soThat=], description=, path=stories/pedido/pedido_tipo_venda_pessoa_juridica10.story}] excluded by filter 'groovy: (issue == 'rgs-35' || issue == 'rgs-36' || issue == 'rgs-37' || issue == 'rgs-38' || issue == 'rgs-39' || issue == 'rgs-40')'
Meta[properties={examplesTable=, base=RELOH, context=PEDIDOS, grupoInstancias=Pedidos, narrative=Narrative[inOrderTo=,asA=,iWantTo=,soThat=], rgs-10=, title=Elaborar um pedido a vista com LOJA/NORMAL, issue=rgs-10, description=, givenStories=, tag=component:Regressão - RELOH, path=stories/pedido/pedido_tipo_venda_pessoa_juridica10.story}] excluded by filter 'groovy: (issue == 'rgs-35' || issue == 'rgs-36' || issue == 'rgs-37' || issue == 'rgs-38' || issue == 'rgs-39' || issue == 'rgs-40')'
Meta[properties={examplesTable=, base=RELOH, context=PEDIDOS, grupoInstancias=Pedidos, narrative=Narrative[inOrderTo=,asA=,iWantTo=,soThat=], rgs-10=, title=Efetua a reabertura do pedido feito, issue=rgs-10, description=, givenStories=, tag=component:Regressão - RELOH, path=stories/pedido/pedido_tipo_venda_pessoa_juridica10.story}] excluded by filter 'groovy: (issue == 'rgs-35' || issue == 'rgs-36' || issue == 'rgs-37' || issue == 'rgs-38' || issue == 'rgs-39' || issue == 'rgs-40')'
1 stories excluded by filter: groovy: (issue == 'rgs-35' || issue == 'rgs-36' || issue == 'rgs-37' || issue == 'rgs-38' || issue == 'rgs-39' || issue == 'rgs-40')


(AfterStories)

Generating reports view to '/home/pedro/Documentos/Automação/testes-automatizados/mv-lojas-bdd/target/jbehave' using formats '[stats, console, html, xml, serenityreporter]' and view properties '{decorateNonHtml=true}'
Reports view generated with 2 stories (of which 0 pending) containing 1 scenarios (of which 0 pending)
Failures in reports view: 1 scenarios failed
Processing system properties {}
Using controls EmbedderControls[batch=false,skip=false,generateViewAfterStories=true,ignoreFailureInStories=false,ignoreFailureInView=true,verboseFailures=false,verboseFiltering=false,storyTimeouts=10000,threads=1,failOnStoryTimeout=false]
Meta[properties={narrative=Narrative[inOrderTo=,asA=,iWantTo=,soThat=], description=, path=stories/pedido/pedido_dois_kits_iguais.story}] excluded by filter 'groovy: (issue == 'rgs-35' || issue == 'rgs-36' || issue == 'rgs-37' || issue == 'rgs-38' || issue == 'rgs-39' || issue == 'rgs-40')'
Meta[properties={examplesTable=, base=RELOH, context=PEDIDOS, grupoInstancias=Pedidos, rgs-75=, narrative=Narrative[inOrderTo=,asA=,iWantTo=,soThat=], title=Elaborar um pedido 2 Kits iguais, issue=rgs-75, description=, givenStories=, tag=component:Regressão - RELOH, path=stories/pedido/pedido_dois_kits_iguais.story}] excluded by filter 'groovy: (issue == 'rgs-35' || issue == 'rgs-36' || issue == 'rgs-37' || issue == 'rgs-38' || issue == 'rgs-39' || issue == 'rgs-40')'

(BeforeStories)

Meta[properties={narrative=Narrative[inOrderTo=,asA=,iWantTo=,soThat=], description=, path=stories/pedido/pedido_dois_kits_iguais.story}] excluded by filter 'groovy: (issue == 'rgs-35' || issue == 'rgs-36' || issue == 'rgs-37' || issue == 'rgs-38' || issue == 'rgs-39' || issue == 'rgs-40')'
Meta[properties={examplesTable=, base=RELOH, context=PEDIDOS, grupoInstancias=Pedidos, rgs-75=, narrative=Narrative[inOrderTo=,asA=,iWantTo=,soThat=], title=Elaborar um pedido 2 Kits iguais, issue=rgs-75, description=, givenStories=, tag=component:Regressão - RELOH, path=stories/pedido/pedido_dois_kits_iguais.story}] excluded by filter 'groovy: (issue == 'rgs-35' || issue == 'rgs-36' || issue == 'rgs-37' || issue == 'rgs-38' || issue == 'rgs-39' || issue == 'rgs-40')'
1 stories excluded by filter: groovy: (issue == 'rgs-35' || issue == 'rgs-36' || issue == 'rgs-37' || issue == 'rgs-38' || issue == 'rgs-39' || issue == 'rgs-40')


(AfterStories)

Generating reports view to '/home/pedro/Documentos/Automação/testes-automatizados/mv-lojas-bdd/target/jbehave' using formats '[stats, console, html, xml, serenityreporter]' and view properties '{decorateNonHtml=true}'
Reports view generated with 2 stories (of which 0 pending) containing 1 scenarios (of which 0 pending)
Failures in reports view: 1 scenarios failed
Processing system properties {}
Using controls EmbedderControls[batch=false,skip=false,generateViewAfterStories=true,ignoreFailureInStories=false,ignoreFailureInView=true,verboseFailures=false,verboseFiltering=false,storyTimeouts=10000,threads=1,failOnStoryTimeout=false]
Meta[properties={narrative=Narrative[inOrderTo=,asA=,iWantTo=,soThat=], description=, path=stories/pedido/pedido_servico_passaporte49.story}] excluded by filter 'groovy: (issue == 'rgs-35' || issue == 'rgs-36' || issue == 'rgs-37' || issue == 'rgs-38' || issue == 'rgs-39' || issue == 'rgs-40')'
Meta[properties={examplesTable=, base=RELOH, context=PEDIDOS, grupoInstancias=Pedidos, rgs-49=, narrative=Narrative[inOrderTo=,asA=,iWantTo=,soThat=], title=Elaborar um pedido a vista com DEPOSITO/RETIRADA OUTRA LOJA COM RESERVA DEPOSITO, issue=rgs-49, description=, givenStories=, path=stories/pedido/pedido_servico_passaporte49.story, tag=component:Regressão - RELOH}] excluded by filter 'groovy: (issue == 'rgs-35' || issue == 'rgs-36' || issue == 'rgs-37' || issue == 'rgs-38' || issue == 'rgs-39' || issue == 'rgs-40')'
Meta[properties={examplesTable=, base=RELOH, context=PEDIDOS, grupoInstancias=Caixa, rgs-49=, narrative=Narrative[inOrderTo=,asA=,iWantTo=,soThat=], title=Efetua o recebimento do pedido, issue=rgs-49, description=, givenStories=, path=stories/pedido/pedido_servico_passaporte49.story, tag=component:Regressão - RELOH}] excluded by filter 'groovy: (issue == 'rgs-35' || issue == 'rgs-36' || issue == 'rgs-37' || issue == 'rgs-38' || issue == 'rgs-39' || issue == 'rgs-40')'
Meta[properties={examplesTable=, base=RELOH, context=PEDIDOS, grupoInstancias=Pedidos, rgs-49=, narrative=Narrative[inOrderTo=,asA=,iWantTo=,soThat=], title=Imprimir termo de adesão do passaporte, issue=rgs-49, description=, givenStories=, path=stories/pedido/pedido_servico_passaporte49.story, tag=component:Regressão - RELOH}] excluded by filter 'groovy: (issue == 'rgs-35' || issue == 'rgs-36' || issue == 'rgs-37' || issue == 'rgs-38' || issue == 'rgs-39' || issue == 'rgs-40')'

(BeforeStories)

Meta[properties={narrative=Narrative[inOrderTo=,asA=,iWantTo=,soThat=], description=, path=stories/pedido/pedido_servico_passaporte49.story}] excluded by filter 'groovy: (issue == 'rgs-35' || issue == 'rgs-36' || issue == 'rgs-37' || issue == 'rgs-38' || issue == 'rgs-39' || issue == 'rgs-40')'
Meta[properties={examplesTable=, base=RELOH, context=PEDIDOS, grupoInstancias=Pedidos, rgs-49=, narrative=Narrative[inOrderTo=,asA=,iWantTo=,soThat=], title=Elaborar um pedido a vista com DEPOSITO/RETIRADA OUTRA LOJA COM RESERVA DEPOSITO, issue=rgs-49, description=, givenStories=, path=stories/pedido/pedido_servico_passaporte49.story, tag=component:Regressão - RELOH}] excluded by filter 'groovy: (issue == 'rgs-35' || issue == 'rgs-36' || issue == 'rgs-37' || issue == 'rgs-38' || issue == 'rgs-39' || issue == 'rgs-40')'
Meta[properties={examplesTable=, base=RELOH, context=PEDIDOS, grupoInstancias=Caixa, rgs-49=, narrative=Narrative[inOrderTo=,asA=,iWantTo=,soThat=], title=Efetua o recebimento do pedido, issue=rgs-49, description=, givenStories=, path=stories/pedido/pedido_servico_passaporte49.story, tag=component:Regressão - RELOH}] excluded by filter 'groovy: (issue == 'rgs-35' || issue == 'rgs-36' || issue == 'rgs-37' || issue == 'rgs-38' || issue == 'rgs-39' || issue == 'rgs-40')'
Meta[properties={examplesTable=, base=RELOH, context=PEDIDOS, grupoInstancias=Pedidos, rgs-49=, narrative=Narrative[inOrderTo=,asA=,iWantTo=,soThat=], title=Imprimir termo de adesão do passaporte, issue=rgs-49, description=, givenStories=, path=stories/pedido/pedido_servico_passaporte49.story, tag=component:Regressão - RELOH}] excluded by filter 'groovy: (issue == 'rgs-35' || issue == 'rgs-36' || issue == 'rgs-37' || issue == 'rgs-38' || issue == 'rgs-39' || issue == 'rgs-40')'
1 stories excluded by filter: groovy: (issue == 'rgs-35' || issue == 'rgs-36' || issue == 'rgs-37' || issue == 'rgs-38' || issue == 'rgs-39' || issue == 'rgs-40')


(AfterStories)

Generating reports view to '/home/pedro/Documentos/Automação/testes-automatizados/mv-lojas-bdd/target/jbehave' using formats '[stats, console, html, xml, serenityreporter]' and view properties '{decorateNonHtml=true}'
Reports view generated with 2 stories (of which 0 pending) containing 1 scenarios (of which 0 pending)
Failures in reports view: 1 scenarios failed
Processing system properties {}
Using controls EmbedderControls[batch=false,skip=false,generateViewAfterStories=true,ignoreFailureInStories=false,ignoreFailureInView=true,verboseFailures=false,verboseFiltering=false,storyTimeouts=10000,threads=1,failOnStoryTimeout=false]
Meta[properties={narrative=Narrative[inOrderTo=,asA=,iWantTo=,soThat=], description=, path=stories/pedido/pedido_tipo_venda_pessoa_juridica16.story}] excluded by filter 'groovy: (issue == 'rgs-35' || issue == 'rgs-36' || issue == 'rgs-37' || issue == 'rgs-38' || issue == 'rgs-39' || issue == 'rgs-40')'
Meta[properties={examplesTable=, base=RELOH, context=PEDIDOS, grupoInstancias=Pedidos, rgs-16=, narrative=Narrative[inOrderTo=,asA=,iWantTo=,soThat=], title=Elaborar um pedido a vista com DEPOSITO/RETIRADA OUTRA LOJA COM RESERVA DEPOSITO, issue=rgs-16, description=, givenStories=, path=stories/pedido/pedido_tipo_venda_pessoa_juridica16.story, tag=component:Regressão - RELOH}] excluded by filter 'groovy: (issue == 'rgs-35' || issue == 'rgs-36' || issue == 'rgs-37' || issue == 'rgs-38' || issue == 'rgs-39' || issue == 'rgs-40')'
Meta[properties={examplesTable=, base=RELOH, context=PEDIDOS, grupoInstancias=Pedidos, rgs-16=, narrative=Narrative[inOrderTo=,asA=,iWantTo=,soThat=], title=Efetua a reabertura do pedido feito, issue=rgs-16, description=, givenStories=, path=stories/pedido/pedido_tipo_venda_pessoa_juridica16.story, tag=component:Regressão - RELOH}] excluded by filter 'groovy: (issue == 'rgs-35' || issue == 'rgs-36' || issue == 'rgs-37' || issue == 'rgs-38' || issue == 'rgs-39' || issue == 'rgs-40')'

(BeforeStories)

Meta[properties={narrative=Narrative[inOrderTo=,asA=,iWantTo=,soThat=], description=, path=stories/pedido/pedido_tipo_venda_pessoa_juridica16.story}] excluded by filter 'groovy: (issue == 'rgs-35' || issue == 'rgs-36' || issue == 'rgs-37' || issue == 'rgs-38' || issue == 'rgs-39' || issue == 'rgs-40')'
Meta[properties={examplesTable=, base=RELOH, context=PEDIDOS, grupoInstancias=Pedidos, rgs-16=, narrative=Narrative[inOrderTo=,asA=,iWantTo=,soThat=], title=Elaborar um pedido a vista com DEPOSITO/RETIRADA OUTRA LOJA COM RESERVA DEPOSITO, issue=rgs-16, description=, givenStories=, path=stories/pedido/pedido_tipo_venda_pessoa_juridica16.story, tag=component:Regressão - RELOH}] excluded by filter 'groovy: (issue == 'rgs-35' || issue == 'rgs-36' || issue == 'rgs-37' || issue == 'rgs-38' || issue == 'rgs-39' || issue == 'rgs-40')'
Meta[properties={examplesTable=, base=RELOH, context=PEDIDOS, grupoInstancias=Pedidos, rgs-16=, narrative=Narrative[inOrderTo=,asA=,iWantTo=,soThat=], title=Efetua a reabertura do pedido feito, issue=rgs-16, description=, givenStories=, path=stories/pedido/pedido_tipo_venda_pessoa_juridica16.story, tag=component:Regressão - RELOH}] excluded by filter 'groovy: (issue == 'rgs-35' || issue == 'rgs-36' || issue == 'rgs-37' || issue == 'rgs-38' || issue == 'rgs-39' || issue == 'rgs-40')'
1 stories excluded by filter: groovy: (issue == 'rgs-35' || issue == 'rgs-36' || issue == 'rgs-37' || issue == 'rgs-38' || issue == 'rgs-39' || issue == 'rgs-40')


(AfterStories)

Generating reports view to '/home/pedro/Documentos/Automação/testes-automatizados/mv-lojas-bdd/target/jbehave' using formats '[stats, console, html, xml, serenityreporter]' and view properties '{decorateNonHtml=true}'
Reports view generated with 2 stories (of which 0 pending) containing 1 scenarios (of which 0 pending)
Failures in reports view: 1 scenarios failed
Processing system properties {}
Using controls EmbedderControls[batch=false,skip=false,generateViewAfterStories=true,ignoreFailureInStories=false,ignoreFailureInView=true,verboseFailures=false,verboseFiltering=false,storyTimeouts=10000,threads=1,failOnStoryTimeout=false]
Meta[properties={narrative=Narrative[inOrderTo=,asA=,iWantTo=,soThat=], description=, path=stories/notas_fiscais/nota_remessa_ordem_terceiros.story}] excluded by filter 'groovy: (issue == 'rgs-35' || issue == 'rgs-36' || issue == 'rgs-37' || issue == 'rgs-38' || issue == 'rgs-39' || issue == 'rgs-40')'
Meta[properties={examplesTable=, base=RELOH, context=NOTAS_FISCAIS, grupoInstancias=AdmCD, narrative=Narrative[inOrderTo=,asA=,iWantTo=,soThat=], title=Emite Nota Fiscal Avulsa Tipo 211	REMESSA A ORDEM DE TERCEIROS-UF2035, issue=nf-27, nf-27=, description=, givenStories=, tag=component:Processos - RELOH, path=stories/notas_fiscais/nota_remessa_ordem_terceiros.story}] excluded by filter 'groovy: (issue == 'rgs-35' || issue == 'rgs-36' || issue == 'rgs-37' || issue == 'rgs-38' || issue == 'rgs-39' || issue == 'rgs-40')'
Meta[properties={examplesTable=, base=RELOH, context=NOTAS_FISCAIS, grupoInstancias=AdmCD, narrative=Narrative[inOrderTo=,asA=,iWantTo=,soThat=], title=Emite Nota Fiscal Avulsa Tipo 612 RETORNO DE REMESSA ORDEM TERCEIRO-UF1288, issue=nf-27, nf-27=, description=, givenStories=, tag=component:Processos - RELOH, path=stories/notas_fiscais/nota_remessa_ordem_terceiros.story}] excluded by filter 'groovy: (issue == 'rgs-35' || issue == 'rgs-36' || issue == 'rgs-37' || issue == 'rgs-38' || issue == 'rgs-39' || issue == 'rgs-40')'

(BeforeStories)

Meta[properties={narrative=Narrative[inOrderTo=,asA=,iWantTo=,soThat=], description=, path=stories/notas_fiscais/nota_remessa_ordem_terceiros.story}] excluded by filter 'groovy: (issue == 'rgs-35' || issue == 'rgs-36' || issue == 'rgs-37' || issue == 'rgs-38' || issue == 'rgs-39' || issue == 'rgs-40')'
Meta[properties={examplesTable=, base=RELOH, context=NOTAS_FISCAIS, grupoInstancias=AdmCD, narrative=Narrative[inOrderTo=,asA=,iWantTo=,soThat=], title=Emite Nota Fiscal Avulsa Tipo 211	REMESSA A ORDEM DE TERCEIROS-UF2035, issue=nf-27, nf-27=, description=, givenStories=, tag=component:Processos - RELOH, path=stories/notas_fiscais/nota_remessa_ordem_terceiros.story}] excluded by filter 'groovy: (issue == 'rgs-35' || issue == 'rgs-36' || issue == 'rgs-37' || issue == 'rgs-38' || issue == 'rgs-39' || issue == 'rgs-40')'
Meta[properties={examplesTable=, base=RELOH, context=NOTAS_FISCAIS, grupoInstancias=AdmCD, narrative=Narrative[inOrderTo=,asA=,iWantTo=,soThat=], title=Emite Nota Fiscal Avulsa Tipo 612 RETORNO DE REMESSA ORDEM TERCEIRO-UF1288, issue=nf-27, nf-27=, description=, givenStories=, tag=component:Processos - RELOH, path=stories/notas_fiscais/nota_remessa_ordem_terceiros.story}] excluded by filter 'groovy: (issue == 'rgs-35' || issue == 'rgs-36' || issue == 'rgs-37' || issue == 'rgs-38' || issue == 'rgs-39' || issue == 'rgs-40')'
1 stories excluded by filter: groovy: (issue == 'rgs-35' || issue == 'rgs-36' || issue == 'rgs-37' || issue == 'rgs-38' || issue == 'rgs-39' || issue == 'rgs-40')


(AfterStories)

Generating reports view to '/home/pedro/Documentos/Automação/testes-automatizados/mv-lojas-bdd/target/jbehave' using formats '[stats, console, html, xml, serenityreporter]' and view properties '{decorateNonHtml=true}'
Reports view generated with 2 stories (of which 0 pending) containing 1 scenarios (of which 0 pending)
Failures in reports view: 1 scenarios failed
Processing system properties {}
Using controls EmbedderControls[batch=false,skip=false,generateViewAfterStories=true,ignoreFailureInStories=false,ignoreFailureInView=true,verboseFailures=false,verboseFiltering=false,storyTimeouts=10000,threads=1,failOnStoryTimeout=false]
Meta[properties={narrative=Narrative[inOrderTo=,asA=,iWantTo=,soThat=], description=, path=stories/pedido/pedido_kit_cancelamento_pedido53.story}] excluded by filter 'groovy: (issue == 'rgs-35' || issue == 'rgs-36' || issue == 'rgs-37' || issue == 'rgs-38' || issue == 'rgs-39' || issue == 'rgs-40')'
Meta[properties={examplesTable=, base=RELOH, context=PEDIDOS, grupoInstancias=Pedidos, rgs-53=, narrative=Narrative[inOrderTo=,asA=,iWantTo=,soThat=], title=Elaborar um pedido com KIT e empenho em DEPOSITO/NORMAL pagamento com cartão de crédito, issue=rgs-53, description=, givenStories=, tag=component:Regressão - RELOH, path=stories/pedido/pedido_kit_cancelamento_pedido53.story}] excluded by filter 'groovy: (issue == 'rgs-35' || issue == 'rgs-36' || issue == 'rgs-37' || issue == 'rgs-38' || issue == 'rgs-39' || issue == 'rgs-40')'
Meta[properties={examplesTable=, base=RELOH, context=PEDIDOS, grupoInstancias=Pedidos, rgs-53=, narrative=Narrative[inOrderTo=,asA=,iWantTo=,soThat=], title=Efetua o cancelamento do pedido com kit, issue=rgs-53, description=, givenStories=, tag=component:Regressão - RELOH, path=stories/pedido/pedido_kit_cancelamento_pedido53.story}] excluded by filter 'groovy: (issue == 'rgs-35' || issue == 'rgs-36' || issue == 'rgs-37' || issue == 'rgs-38' || issue == 'rgs-39' || issue == 'rgs-40')'

(BeforeStories)

Meta[properties={narrative=Narrative[inOrderTo=,asA=,iWantTo=,soThat=], description=, path=stories/pedido/pedido_kit_cancelamento_pedido53.story}] excluded by filter 'groovy: (issue == 'rgs-35' || issue == 'rgs-36' || issue == 'rgs-37' || issue == 'rgs-38' || issue == 'rgs-39' || issue == 'rgs-40')'
Meta[properties={examplesTable=, base=RELOH, context=PEDIDOS, grupoInstancias=Pedidos, rgs-53=, narrative=Narrative[inOrderTo=,asA=,iWantTo=,soThat=], title=Elaborar um pedido com KIT e empenho em DEPOSITO/NORMAL pagamento com cartão de crédito, issue=rgs-53, description=, givenStories=, tag=component:Regressão - RELOH, path=stories/pedido/pedido_kit_cancelamento_pedido53.story}] excluded by filter 'groovy: (issue == 'rgs-35' || issue == 'rgs-36' || issue == 'rgs-37' || issue == 'rgs-38' || issue == 'rgs-39' || issue == 'rgs-40')'
Meta[properties={examplesTable=, base=RELOH, context=PEDIDOS, grupoInstancias=Pedidos, rgs-53=, narrative=Narrative[inOrderTo=,asA=,iWantTo=,soThat=], title=Efetua o cancelamento do pedido com kit, issue=rgs-53, description=, givenStories=, tag=component:Regressão - RELOH, path=stories/pedido/pedido_kit_cancelamento_pedido53.story}] excluded by filter 'groovy: (issue == 'rgs-35' || issue == 'rgs-36' || issue == 'rgs-37' || issue == 'rgs-38' || issue == 'rgs-39' || issue == 'rgs-40')'
1 stories excluded by filter: groovy: (issue == 'rgs-35' || issue == 'rgs-36' || issue == 'rgs-37' || issue == 'rgs-38' || issue == 'rgs-39' || issue == 'rgs-40')


(AfterStories)

Generating reports view to '/home/pedro/Documentos/Automação/testes-automatizados/mv-lojas-bdd/target/jbehave' using formats '[stats, console, html, xml, serenityreporter]' and view properties '{decorateNonHtml=true}'
Reports view generated with 2 stories (of which 0 pending) containing 1 scenarios (of which 0 pending)
Failures in reports view: 1 scenarios failed
Processing system properties {}
Using controls EmbedderControls[batch=false,skip=false,generateViewAfterStories=true,ignoreFailureInStories=false,ignoreFailureInView=true,verboseFailures=false,verboseFiltering=false,storyTimeouts=10000,threads=1,failOnStoryTimeout=false]
Meta[properties={narrative=Narrative[inOrderTo=,asA=,iWantTo=,soThat=], description=, path=stories/cadastros/cadastro_percentual_plus.story}] excluded by filter 'groovy: (issue == 'rgs-35' || issue == 'rgs-36' || issue == 'rgs-37' || issue == 'rgs-38' || issue == 'rgs-39' || issue == 'rgs-40')'
Meta[properties={examplesTable=, base=MVSH, context=CADASTROS, grupoInstancias=AdmCD, narrative=Narrative[inOrderTo=,asA=,iWantTo=,soThat=], cad-05=, title=Cadastra o percentual plus, issue=cad-05, description=, givenStories=, tag=component:Regressao - MVSH, path=stories/cadastros/cadastro_percentual_plus.story}] excluded by filter 'groovy: (issue == 'rgs-35' || issue == 'rgs-36' || issue == 'rgs-37' || issue == 'rgs-38' || issue == 'rgs-39' || issue == 'rgs-40')'
Meta[properties={examplesTable=, base=MVSH, context=CADASTROS, grupoInstancias=AdmCD, narrative=Narrative[inOrderTo=,asA=,iWantTo=,soThat=], cad-05=, title=Valida mensagem de matriz ja cadastrada, issue=cad-05, description=, givenStories=, tag=component:Regressao - MVSH, path=stories/cadastros/cadastro_percentual_plus.story}] excluded by filter 'groovy: (issue == 'rgs-35' || issue == 'rgs-36' || issue == 'rgs-37' || issue == 'rgs-38' || issue == 'rgs-39' || issue == 'rgs-40')'
Meta[properties={examplesTable=, base=MVSH, context=CADASTROS, grupoInstancias=AdmCD, narrative=Narrative[inOrderTo=,asA=,iWantTo=,soThat=], cad-05=, title=Pesquisa / Edita o percentual plus, issue=cad-05, description=, givenStories=, tag=component:Regressao - MVSH, path=stories/cadastros/cadastro_percentual_plus.story}] excluded by filter 'groovy: (issue == 'rgs-35' || issue == 'rgs-36' || issue == 'rgs-37' || issue == 'rgs-38' || issue == 'rgs-39' || issue == 'rgs-40')'
Meta[properties={examplesTable=, base=MVSH, context=CADASTROS, grupoInstancias=AdmCD, narrative=Narrative[inOrderTo=,asA=,iWantTo=,soThat=], cad-05=, title=Exclui o percentual plus, issue=cad-05, description=, givenStories=, tag=component:Regressao - MVSH, path=stories/cadastros/cadastro_percentual_plus.story}] excluded by filter 'groovy: (issue == 'rgs-35' || issue == 'rgs-36' || issue == 'rgs-37' || issue == 'rgs-38' || issue == 'rgs-39' || issue == 'rgs-40')'
Meta[properties={examplesTable=, base=MVSH, context=CADASTROS, grupoInstancias=Pedidos, narrative=Narrative[inOrderTo=,asA=,iWantTo=,soThat=], cad-05=, title=Cria pedido para validar percentual plus calculado para o vendedor, issue=cad-05, description=, skip=, givenStories=, tag=component:Regressao - MVSH, path=stories/cadastros/cadastro_percentual_plus.story}] excluded by filter 'groovy: (issue == 'rgs-35' || issue == 'rgs-36' || issue == 'rgs-37' || issue == 'rgs-38' || issue == 'rgs-39' || issue == 'rgs-40')'

(BeforeStories)

Meta[properties={narrative=Narrative[inOrderTo=,asA=,iWantTo=,soThat=], description=, path=stories/cadastros/cadastro_percentual_plus.story}] excluded by filter 'groovy: (issue == 'rgs-35' || issue == 'rgs-36' || issue == 'rgs-37' || issue == 'rgs-38' || issue == 'rgs-39' || issue == 'rgs-40')'
Meta[properties={examplesTable=, base=MVSH, context=CADASTROS, grupoInstancias=AdmCD, narrative=Narrative[inOrderTo=,asA=,iWantTo=,soThat=], cad-05=, title=Cadastra o percentual plus, issue=cad-05, description=, givenStories=, tag=component:Regressao - MVSH, path=stories/cadastros/cadastro_percentual_plus.story}] excluded by filter 'groovy: (issue == 'rgs-35' || issue == 'rgs-36' || issue == 'rgs-37' || issue == 'rgs-38' || issue == 'rgs-39' || issue == 'rgs-40')'
Meta[properties={examplesTable=, base=MVSH, context=CADASTROS, grupoInstancias=AdmCD, narrative=Narrative[inOrderTo=,asA=,iWantTo=,soThat=], cad-05=, title=Valida mensagem de matriz ja cadastrada, issue=cad-05, description=, givenStories=, tag=component:Regressao - MVSH, path=stories/cadastros/cadastro_percentual_plus.story}] excluded by filter 'groovy: (issue == 'rgs-35' || issue == 'rgs-36' || issue == 'rgs-37' || issue == 'rgs-38' || issue == 'rgs-39' || issue == 'rgs-40')'
Meta[properties={examplesTable=, base=MVSH, context=CADASTROS, grupoInstancias=AdmCD, narrative=Narrative[inOrderTo=,asA=,iWantTo=,soThat=], cad-05=, title=Pesquisa / Edita o percentual plus, issue=cad-05, description=, givenStories=, tag=component:Regressao - MVSH, path=stories/cadastros/cadastro_percentual_plus.story}] excluded by filter 'groovy: (issue == 'rgs-35' || issue == 'rgs-36' || issue == 'rgs-37' || issue == 'rgs-38' || issue == 'rgs-39' || issue == 'rgs-40')'
Meta[properties={examplesTable=, base=MVSH, context=CADASTROS, grupoInstancias=AdmCD, narrative=Narrative[inOrderTo=,asA=,iWantTo=,soThat=], cad-05=, title=Exclui o percentual plus, issue=cad-05, description=, givenStories=, tag=component:Regressao - MVSH, path=stories/cadastros/cadastro_percentual_plus.story}] excluded by filter 'groovy: (issue == 'rgs-35' || issue == 'rgs-36' || issue == 'rgs-37' || issue == 'rgs-38' || issue == 'rgs-39' || issue == 'rgs-40')'
Meta[properties={examplesTable=, base=MVSH, context=CADASTROS, grupoInstancias=Pedidos, narrative=Narrative[inOrderTo=,asA=,iWantTo=,soThat=], cad-05=, title=Cria pedido para validar percentual plus calculado para o vendedor, issue=cad-05, description=, skip=, givenStories=, tag=component:Regressao - MVSH, path=stories/cadastros/cadastro_percentual_plus.story}] excluded by filter 'groovy: (issue == 'rgs-35' || issue == 'rgs-36' || issue == 'rgs-37' || issue == 'rgs-38' || issue == 'rgs-39' || issue == 'rgs-40')'
1 stories excluded by filter: groovy: (issue == 'rgs-35' || issue == 'rgs-36' || issue == 'rgs-37' || issue == 'rgs-38' || issue == 'rgs-39' || issue == 'rgs-40')

Story name for stories/cadastros/cadastro_percentual_plus.story => TestTag{name='Cadastros/Cadastro percentual plus', type='story'}
Story name for stories/cadastros/cadastro_percentual_plus.story => TestTag{name='Cadastros/Cadastro percentual plus', type='story'}

(AfterStories)

Generating reports view to '/home/pedro/Documentos/Automação/testes-automatizados/mv-lojas-bdd/target/jbehave' using formats '[stats, console, html, xml, serenityreporter]' and view properties '{decorateNonHtml=true}'
Reports view generated with 2 stories (of which 0 pending) containing 1 scenarios (of which 0 pending)
Failures in reports view: 1 scenarios failed
Processing system properties {}
Using controls EmbedderControls[batch=false,skip=false,generateViewAfterStories=true,ignoreFailureInStories=false,ignoreFailureInView=true,verboseFailures=false,verboseFiltering=false,storyTimeouts=10000,threads=1,failOnStoryTimeout=false]
Meta[properties={narrative=Narrative[inOrderTo=,asA=,iWantTo=,soThat=], description=, path=stories/pedido/pedido_servico_antivirus_hero47.story}] excluded by filter 'groovy: (issue == 'rgs-35' || issue == 'rgs-36' || issue == 'rgs-37' || issue == 'rgs-38' || issue == 'rgs-39' || issue == 'rgs-40')'
Meta[properties={examplesTable=, base=RELOH, context=PEDIDOS, grupoInstancias=Pedidos, rgs-47=, narrative=Narrative[inOrderTo=,asA=,iWantTo=,soThat=], title=Elaborar um pedido a vista com DEPOSITO/RETIRADA OUTRA LOJA COM RESERVA DEPOSITO, issue=rgs-47, description=, givenStories=, tag=component:Regressão - RELOH, path=stories/pedido/pedido_servico_antivirus_hero47.story}] excluded by filter 'groovy: (issue == 'rgs-35' || issue == 'rgs-36' || issue == 'rgs-37' || issue == 'rgs-38' || issue == 'rgs-39' || issue == 'rgs-40')'
Meta[properties={examplesTable=, base=RELOH, context=PEDIDOS, grupoInstancias=Pedidos, rgs-47=, narrative=Narrative[inOrderTo=,asA=,iWantTo=,soThat=], title=Efetua a reabertura do pedido feito, issue=rgs-47, description=, givenStories=, tag=component:Regressão - RELOH, path=stories/pedido/pedido_servico_antivirus_hero47.story}] excluded by filter 'groovy: (issue == 'rgs-35' || issue == 'rgs-36' || issue == 'rgs-37' || issue == 'rgs-38' || issue == 'rgs-39' || issue == 'rgs-40')'
Meta[properties={examplesTable=, base=RELOH, context=PEDIDOS, grupoInstancias=Caixa, rgs-47=, narrative=Narrative[inOrderTo=,asA=,iWantTo=,soThat=], title=Efetua o recebimento do pedido, issue=rgs-47, description=, givenStories=, tag=component:Regressão - RELOH, path=stories/pedido/pedido_servico_antivirus_hero47.story}] excluded by filter 'groovy: (issue == 'rgs-35' || issue == 'rgs-36' || issue == 'rgs-37' || issue == 'rgs-38' || issue == 'rgs-39' || issue == 'rgs-40')'
Meta[properties={examplesTable=, base=RELOH, context=PEDIDOS, grupoInstancias=Pedidos, rgs-47=, narrative=Narrative[inOrderTo=,asA=,iWantTo=,soThat=], title=Imprimir termo de adesão do antivirus hero, issue=rgs-47, description=, givenStories=, tag=component:Regressão - RELOH, path=stories/pedido/pedido_servico_antivirus_hero47.story}] excluded by filter 'groovy: (issue == 'rgs-35' || issue == 'rgs-36' || issue == 'rgs-37' || issue == 'rgs-38' || issue == 'rgs-39' || issue == 'rgs-40')'

(BeforeStories)

Meta[properties={narrative=Narrative[inOrderTo=,asA=,iWantTo=,soThat=], description=, path=stories/pedido/pedido_servico_antivirus_hero47.story}] excluded by filter 'groovy: (issue == 'rgs-35' || issue == 'rgs-36' || issue == 'rgs-37' || issue == 'rgs-38' || issue == 'rgs-39' || issue == 'rgs-40')'
Meta[properties={examplesTable=, base=RELOH, context=PEDIDOS, grupoInstancias=Pedidos, rgs-47=, narrative=Narrative[inOrderTo=,asA=,iWantTo=,soThat=], title=Elaborar um pedido a vista com DEPOSITO/RETIRADA OUTRA LOJA COM RESERVA DEPOSITO, issue=rgs-47, description=, givenStories=, tag=component:Regressão - RELOH, path=stories/pedido/pedido_servico_antivirus_hero47.story}] excluded by filter 'groovy: (issue == 'rgs-35' || issue == 'rgs-36' || issue == 'rgs-37' || issue == 'rgs-38' || issue == 'rgs-39' || issue == 'rgs-40')'
Meta[properties={examplesTable=, base=RELOH, context=PEDIDOS, grupoInstancias=Pedidos, rgs-47=, narrative=Narrative[inOrderTo=,asA=,iWantTo=,soThat=], title=Efetua a reabertura do pedido feito, issue=rgs-47, description=, givenStories=, tag=component:Regressão - RELOH, path=stories/pedido/pedido_servico_antivirus_hero47.story}] excluded by filter 'groovy: (issue == 'rgs-35' || issue == 'rgs-36' || issue == 'rgs-37' || issue == 'rgs-38' || issue == 'rgs-39' || issue == 'rgs-40')'
Meta[properties={examplesTable=, base=RELOH, context=PEDIDOS, grupoInstancias=Caixa, rgs-47=, narrative=Narrative[inOrderTo=,asA=,iWantTo=,soThat=], title=Efetua o recebimento do pedido, issue=rgs-47, description=, givenStories=, tag=component:Regressão - RELOH, path=stories/pedido/pedido_servico_antivirus_hero47.story}] excluded by filter 'groovy: (issue == 'rgs-35' || issue == 'rgs-36' || issue == 'rgs-37' || issue == 'rgs-38' || issue == 'rgs-39' || issue == 'rgs-40')'
Meta[properties={examplesTable=, base=RELOH, context=PEDIDOS, grupoInstancias=Pedidos, rgs-47=, narrative=Narrative[inOrderTo=,asA=,iWantTo=,soThat=], title=Imprimir termo de adesão do antivirus hero, issue=rgs-47, description=, givenStories=, tag=component:Regressão - RELOH, path=stories/pedido/pedido_servico_antivirus_hero47.story}] excluded by filter 'groovy: (issue == 'rgs-35' || issue == 'rgs-36' || issue == 'rgs-37' || issue == 'rgs-38' || issue == 'rgs-39' || issue == 'rgs-40')'
1 stories excluded by filter: groovy: (issue == 'rgs-35' || issue == 'rgs-36' || issue == 'rgs-37' || issue == 'rgs-38' || issue == 'rgs-39' || issue == 'rgs-40')


(AfterStories)

Generating reports view to '/home/pedro/Documentos/Automação/testes-automatizados/mv-lojas-bdd/target/jbehave' using formats '[stats, console, html, xml, serenityreporter]' and view properties '{decorateNonHtml=true}'
Reports view generated with 2 stories (of which 0 pending) containing 1 scenarios (of which 0 pending)
Failures in reports view: 1 scenarios failed
Processing system properties {}
Using controls EmbedderControls[batch=false,skip=false,generateViewAfterStories=true,ignoreFailureInStories=false,ignoreFailureInView=true,verboseFailures=false,verboseFiltering=false,storyTimeouts=10000,threads=1,failOnStoryTimeout=false]
Meta[properties={narrative=Narrative[inOrderTo=,asA=,iWantTo=,soThat=], description=, path=stories/vendedor/exclusao_departamento.story}] excluded by filter 'groovy: (issue == 'rgs-35' || issue == 'rgs-36' || issue == 'rgs-37' || issue == 'rgs-38' || issue == 'rgs-39' || issue == 'rgs-40')'
Meta[properties={examplesTable=, base=RELOH, context=VENDEDOR, grupoInstancias=AdmCD, ven-02=, narrative=Narrative[inOrderTo=,asA=,iWantTo=,soThat=], title=exclusao departamento, issue=ven-02, description=, givenStories=, path=stories/vendedor/exclusao_departamento.story, tag=component:Regressao - RELOH}] excluded by filter 'groovy: (issue == 'rgs-35' || issue == 'rgs-36' || issue == 'rgs-37' || issue == 'rgs-38' || issue == 'rgs-39' || issue == 'rgs-40')'

(BeforeStories)

Meta[properties={narrative=Narrative[inOrderTo=,asA=,iWantTo=,soThat=], description=, path=stories/vendedor/exclusao_departamento.story}] excluded by filter 'groovy: (issue == 'rgs-35' || issue == 'rgs-36' || issue == 'rgs-37' || issue == 'rgs-38' || issue == 'rgs-39' || issue == 'rgs-40')'
Meta[properties={examplesTable=, base=RELOH, context=VENDEDOR, grupoInstancias=AdmCD, ven-02=, narrative=Narrative[inOrderTo=,asA=,iWantTo=,soThat=], title=exclusao departamento, issue=ven-02, description=, givenStories=, path=stories/vendedor/exclusao_departamento.story, tag=component:Regressao - RELOH}] excluded by filter 'groovy: (issue == 'rgs-35' || issue == 'rgs-36' || issue == 'rgs-37' || issue == 'rgs-38' || issue == 'rgs-39' || issue == 'rgs-40')'
1 stories excluded by filter: groovy: (issue == 'rgs-35' || issue == 'rgs-36' || issue == 'rgs-37' || issue == 'rgs-38' || issue == 'rgs-39' || issue == 'rgs-40')


(AfterStories)

Generating reports view to '/home/pedro/Documentos/Automação/testes-automatizados/mv-lojas-bdd/target/jbehave' using formats '[stats, console, html, xml, serenityreporter]' and view properties '{decorateNonHtml=true}'
Reports view generated with 2 stories (of which 0 pending) containing 1 scenarios (of which 0 pending)
Failures in reports view: 1 scenarios failed
Processing system properties {}
Using controls EmbedderControls[batch=false,skip=false,generateViewAfterStories=true,ignoreFailureInStories=false,ignoreFailureInView=true,verboseFailures=false,verboseFiltering=false,storyTimeouts=10000,threads=1,failOnStoryTimeout=false]
Meta[properties={narrative=Narrative[inOrderTo=,asA=,iWantTo=,soThat=], description=, path=stories/pedido/pedido_a_vista_consumidor_loja_normal.story}] excluded by filter 'groovy: (issue == 'rgs-35' || issue == 'rgs-36' || issue == 'rgs-37' || issue == 'rgs-38' || issue == 'rgs-39' || issue == 'rgs-40')'
Meta[properties={examplesTable=, base=RELOH, context=SMOKE_TESTING, grupoInstancias=Pedidos, narrative=Narrative[inOrderTo=,asA=,iWantTo=,soThat=], smk-04=, title=Elaborar um pedido como Consumidor, a vista com empenho em loja/normal, issue=smk-04, description=, givenStories=, path=stories/pedido/pedido_a_vista_consumidor_loja_normal.story, tag=component:Smoke testing - RELOH}] excluded by filter 'groovy: (issue == 'rgs-35' || issue == 'rgs-36' || issue == 'rgs-37' || issue == 'rgs-38' || issue == 'rgs-39' || issue == 'rgs-40')'

(BeforeStories)

Meta[properties={narrative=Narrative[inOrderTo=,asA=,iWantTo=,soThat=], description=, path=stories/pedido/pedido_a_vista_consumidor_loja_normal.story}] excluded by filter 'groovy: (issue == 'rgs-35' || issue == 'rgs-36' || issue == 'rgs-37' || issue == 'rgs-38' || issue == 'rgs-39' || issue == 'rgs-40')'
Meta[properties={examplesTable=, base=RELOH, context=SMOKE_TESTING, grupoInstancias=Pedidos, narrative=Narrative[inOrderTo=,asA=,iWantTo=,soThat=], smk-04=, title=Elaborar um pedido como Consumidor, a vista com empenho em loja/normal, issue=smk-04, description=, givenStories=, path=stories/pedido/pedido_a_vista_consumidor_loja_normal.story, tag=component:Smoke testing - RELOH}] excluded by filter 'groovy: (issue == 'rgs-35' || issue == 'rgs-36' || issue == 'rgs-37' || issue == 'rgs-38' || issue == 'rgs-39' || issue == 'rgs-40')'
1 stories excluded by filter: groovy: (issue == 'rgs-35' || issue == 'rgs-36' || issue == 'rgs-37' || issue == 'rgs-38' || issue == 'rgs-39' || issue == 'rgs-40')


(AfterStories)

Generating reports view to '/home/pedro/Documentos/Automação/testes-automatizados/mv-lojas-bdd/target/jbehave' using formats '[stats, console, html, xml, serenityreporter]' and view properties '{decorateNonHtml=true}'
Reports view generated with 2 stories (of which 0 pending) containing 1 scenarios (of which 0 pending)
Failures in reports view: 1 scenarios failed
Processing system properties {}
Using controls EmbedderControls[batch=false,skip=false,generateViewAfterStories=true,ignoreFailureInStories=false,ignoreFailureInView=true,verboseFailures=false,verboseFiltering=false,storyTimeouts=10000,threads=1,failOnStoryTimeout=false]
Meta[properties={narrative=Narrative[inOrderTo=,asA=,iWantTo=,soThat=], description=, path=stories/pedido/pedido_garantia_passaporte50.story}] excluded by filter 'groovy: (issue == 'rgs-35' || issue == 'rgs-36' || issue == 'rgs-37' || issue == 'rgs-38' || issue == 'rgs-39' || issue == 'rgs-40')'
Meta[properties={examplesTable=, base=RELOH, context=PEDIDOS, grupoInstancias=Pedidos, rgs-50=, narrative=Narrative[inOrderTo=,asA=,iWantTo=,soThat=], title=Elaborar um pedido a vista com DEPOSITO/RETIRADA OUTRA LOJA COM RESERVA DEPOSITO, issue=rgs-50, description=, givenStories=, tag=component:Regressão - RELOH, path=stories/pedido/pedido_garantia_passaporte50.story}] excluded by filter 'groovy: (issue == 'rgs-35' || issue == 'rgs-36' || issue == 'rgs-37' || issue == 'rgs-38' || issue == 'rgs-39' || issue == 'rgs-40')'
Meta[properties={examplesTable=, base=RELOH, context=PEDIDOS, grupoInstancias=Caixa, rgs-50=, narrative=Narrative[inOrderTo=,asA=,iWantTo=,soThat=], title=Efetua o recebimento do pedido, issue=rgs-50, description=, givenStories=, tag=component:Regressão - RELOH, path=stories/pedido/pedido_garantia_passaporte50.story}] excluded by filter 'groovy: (issue == 'rgs-35' || issue == 'rgs-36' || issue == 'rgs-37' || issue == 'rgs-38' || issue == 'rgs-39' || issue == 'rgs-40')'
Meta[properties={examplesTable=, base=RELOH, context=PEDIDOS, grupoInstancias=Pedidos, rgs-50=, narrative=Narrative[inOrderTo=,asA=,iWantTo=,soThat=], title=Imprimir termo de adesão do passaporte, issue=rgs-50, description=, givenStories=, tag=component:Regressão - RELOH, path=stories/pedido/pedido_garantia_passaporte50.story}] excluded by filter 'groovy: (issue == 'rgs-35' || issue == 'rgs-36' || issue == 'rgs-37' || issue == 'rgs-38' || issue == 'rgs-39' || issue == 'rgs-40')'

(BeforeStories)

Meta[properties={narrative=Narrative[inOrderTo=,asA=,iWantTo=,soThat=], description=, path=stories/pedido/pedido_garantia_passaporte50.story}] excluded by filter 'groovy: (issue == 'rgs-35' || issue == 'rgs-36' || issue == 'rgs-37' || issue == 'rgs-38' || issue == 'rgs-39' || issue == 'rgs-40')'
Meta[properties={examplesTable=, base=RELOH, context=PEDIDOS, grupoInstancias=Pedidos, rgs-50=, narrative=Narrative[inOrderTo=,asA=,iWantTo=,soThat=], title=Elaborar um pedido a vista com DEPOSITO/RETIRADA OUTRA LOJA COM RESERVA DEPOSITO, issue=rgs-50, description=, givenStories=, tag=component:Regressão - RELOH, path=stories/pedido/pedido_garantia_passaporte50.story}] excluded by filter 'groovy: (issue == 'rgs-35' || issue == 'rgs-36' || issue == 'rgs-37' || issue == 'rgs-38' || issue == 'rgs-39' || issue == 'rgs-40')'
Meta[properties={examplesTable=, base=RELOH, context=PEDIDOS, grupoInstancias=Caixa, rgs-50=, narrative=Narrative[inOrderTo=,asA=,iWantTo=,soThat=], title=Efetua o recebimento do pedido, issue=rgs-50, description=, givenStories=, tag=component:Regressão - RELOH, path=stories/pedido/pedido_garantia_passaporte50.story}] excluded by filter 'groovy: (issue == 'rgs-35' || issue == 'rgs-36' || issue == 'rgs-37' || issue == 'rgs-38' || issue == 'rgs-39' || issue == 'rgs-40')'
Meta[properties={examplesTable=, base=RELOH, context=PEDIDOS, grupoInstancias=Pedidos, rgs-50=, narrative=Narrative[inOrderTo=,asA=,iWantTo=,soThat=], title=Imprimir termo de adesão do passaporte, issue=rgs-50, description=, givenStories=, tag=component:Regressão - RELOH, path=stories/pedido/pedido_garantia_passaporte50.story}] excluded by filter 'groovy: (issue == 'rgs-35' || issue == 'rgs-36' || issue == 'rgs-37' || issue == 'rgs-38' || issue == 'rgs-39' || issue == 'rgs-40')'
1 stories excluded by filter: groovy: (issue == 'rgs-35' || issue == 'rgs-36' || issue == 'rgs-37' || issue == 'rgs-38' || issue == 'rgs-39' || issue == 'rgs-40')


(AfterStories)

Generating reports view to '/home/pedro/Documentos/Automação/testes-automatizados/mv-lojas-bdd/target/jbehave' using formats '[stats, console, html, xml, serenityreporter]' and view properties '{decorateNonHtml=true}'
Reports view generated with 2 stories (of which 0 pending) containing 1 scenarios (of which 0 pending)
Failures in reports view: 1 scenarios failed
Processing system properties {}
Using controls EmbedderControls[batch=false,skip=false,generateViewAfterStories=true,ignoreFailureInStories=false,ignoreFailureInView=true,verboseFailures=false,verboseFiltering=false,storyTimeouts=10000,threads=1,failOnStoryTimeout=false]
Meta[properties={narrative=Narrative[inOrderTo=,asA=,iWantTo=,soThat=], description=, path=stories/cadastros/cadastro_regra_tratativas.story}] excluded by filter 'groovy: (issue == 'rgs-35' || issue == 'rgs-36' || issue == 'rgs-37' || issue == 'rgs-38' || issue == 'rgs-39' || issue == 'rgs-40')'
Meta[properties={examplesTable=, base=RELOH, context=CADASTROS, grupoInstancias=AdmCD, cad-11=, narrative=Narrative[inOrderTo=,asA=,iWantTo=,soThat=], title=Pesquisar/Editar uma tratativa - UC001 - Manter Tratativas - Fluxo Principal, issue=cad-11, description=, skip=, givenStories=, tag=component:Regressao - RELOH, path=stories/cadastros/cadastro_regra_tratativas.story}] excluded by filter 'groovy: (issue == 'rgs-35' || issue == 'rgs-36' || issue == 'rgs-37' || issue == 'rgs-38' || issue == 'rgs-39' || issue == 'rgs-40')'

(BeforeStories)

Meta[properties={narrative=Narrative[inOrderTo=,asA=,iWantTo=,soThat=], description=, path=stories/cadastros/cadastro_regra_tratativas.story}] excluded by filter 'groovy: (issue == 'rgs-35' || issue == 'rgs-36' || issue == 'rgs-37' || issue == 'rgs-38' || issue == 'rgs-39' || issue == 'rgs-40')'
Meta[properties={examplesTable=, base=RELOH, context=CADASTROS, grupoInstancias=AdmCD, cad-11=, narrative=Narrative[inOrderTo=,asA=,iWantTo=,soThat=], title=Pesquisar/Editar uma tratativa - UC001 - Manter Tratativas - Fluxo Principal, issue=cad-11, description=, skip=, givenStories=, tag=component:Regressao - RELOH, path=stories/cadastros/cadastro_regra_tratativas.story}] excluded by filter 'groovy: (issue == 'rgs-35' || issue == 'rgs-36' || issue == 'rgs-37' || issue == 'rgs-38' || issue == 'rgs-39' || issue == 'rgs-40')'
Story name for stories/cadastros/cadastro_regra_tratativas.story => TestTag{name='Cadastros/Cadastro regra tratativas', type='story'}
Story name for stories/cadastros/cadastro_regra_tratativas.story => TestTag{name='Cadastros/Cadastro regra tratativas', type='story'}
1 stories excluded by filter: groovy: (issue == 'rgs-35' || issue == 'rgs-36' || issue == 'rgs-37' || issue == 'rgs-38' || issue == 'rgs-39' || issue == 'rgs-40')


(AfterStories)

Generating reports view to '/home/pedro/Documentos/Automação/testes-automatizados/mv-lojas-bdd/target/jbehave' using formats '[stats, console, html, xml, serenityreporter]' and view properties '{decorateNonHtml=true}'
Reports view generated with 2 stories (of which 0 pending) containing 1 scenarios (of which 0 pending)
Failures in reports view: 1 scenarios failed
Processing system properties {}
Using controls EmbedderControls[batch=false,skip=false,generateViewAfterStories=true,ignoreFailureInStories=false,ignoreFailureInView=true,verboseFailures=false,verboseFiltering=false,storyTimeouts=10000,threads=1,failOnStoryTimeout=false]
Meta[properties={narrative=Narrative[inOrderTo=,asA=,iWantTo=,soThat=], description=, path=stories/avulsos/pedido_dinheiro_empenho_loja_normal.story}] excluded by filter 'groovy: (issue == 'rgs-35' || issue == 'rgs-36' || issue == 'rgs-37' || issue == 'rgs-38' || issue == 'rgs-39' || issue == 'rgs-40')'
Meta[properties={examplesTable=, base=RELOH, context=AVULSOS, grupoInstancias=Pedidos, avl-02=, narrative=Narrative[inOrderTo=,asA=,iWantTo=,soThat=], title=Elaborar um pedido a vista com empenho em loja/normal, issue=avl-02, description=, givenStories=, path=stories/avulsos/pedido_dinheiro_empenho_loja_normal.story, tag=component:Smoke testing - RELOH}] excluded by filter 'groovy: (issue == 'rgs-35' || issue == 'rgs-36' || issue == 'rgs-37' || issue == 'rgs-38' || issue == 'rgs-39' || issue == 'rgs-40')'

(BeforeStories)

Meta[properties={narrative=Narrative[inOrderTo=,asA=,iWantTo=,soThat=], description=, path=stories/avulsos/pedido_dinheiro_empenho_loja_normal.story}] excluded by filter 'groovy: (issue == 'rgs-35' || issue == 'rgs-36' || issue == 'rgs-37' || issue == 'rgs-38' || issue == 'rgs-39' || issue == 'rgs-40')'
Meta[properties={examplesTable=, base=RELOH, context=AVULSOS, grupoInstancias=Pedidos, avl-02=, narrative=Narrative[inOrderTo=,asA=,iWantTo=,soThat=], title=Elaborar um pedido a vista com empenho em loja/normal, issue=avl-02, description=, givenStories=, path=stories/avulsos/pedido_dinheiro_empenho_loja_normal.story, tag=component:Smoke testing - RELOH}] excluded by filter 'groovy: (issue == 'rgs-35' || issue == 'rgs-36' || issue == 'rgs-37' || issue == 'rgs-38' || issue == 'rgs-39' || issue == 'rgs-40')'
1 stories excluded by filter: groovy: (issue == 'rgs-35' || issue == 'rgs-36' || issue == 'rgs-37' || issue == 'rgs-38' || issue == 'rgs-39' || issue == 'rgs-40')


(AfterStories)

Generating reports view to '/home/pedro/Documentos/Automação/testes-automatizados/mv-lojas-bdd/target/jbehave' using formats '[stats, console, html, xml, serenityreporter]' and view properties '{decorateNonHtml=true}'
Reports view generated with 2 stories (of which 0 pending) containing 1 scenarios (of which 0 pending)
Failures in reports view: 1 scenarios failed
Processing system properties {}
Using controls EmbedderControls[batch=false,skip=false,generateViewAfterStories=true,ignoreFailureInStories=false,ignoreFailureInView=true,verboseFailures=false,verboseFiltering=false,storyTimeouts=10000,threads=1,failOnStoryTimeout=false]
Meta[properties={narrative=Narrative[inOrderTo=,asA=,iWantTo=,soThat=], description=, path=stories/pedido/pedido_dois_kits_diferentes_prod_avulso.story}] excluded by filter 'groovy: (issue == 'rgs-35' || issue == 'rgs-36' || issue == 'rgs-37' || issue == 'rgs-38' || issue == 'rgs-39' || issue == 'rgs-40')'
Meta[properties={examplesTable=, base=RELOH, context=PEDIDOS, grupoInstancias=Pedidos, rgs-77=, narrative=Narrative[inOrderTo=,asA=,iWantTo=,soThat=], title=Elaborar um pedido 2 Kits diferentes com produto avulso, issue=rgs-77, description=, givenStories=, tag=component:Regressão - RELOH, path=stories/pedido/pedido_dois_kits_diferentes_prod_avulso.story}] excluded by filter 'groovy: (issue == 'rgs-35' || issue == 'rgs-36' || issue == 'rgs-37' || issue == 'rgs-38' || issue == 'rgs-39' || issue == 'rgs-40')'

(BeforeStories)

Meta[properties={narrative=Narrative[inOrderTo=,asA=,iWantTo=,soThat=], description=, path=stories/pedido/pedido_dois_kits_diferentes_prod_avulso.story}] excluded by filter 'groovy: (issue == 'rgs-35' || issue == 'rgs-36' || issue == 'rgs-37' || issue == 'rgs-38' || issue == 'rgs-39' || issue == 'rgs-40')'
Meta[properties={examplesTable=, base=RELOH, context=PEDIDOS, grupoInstancias=Pedidos, rgs-77=, narrative=Narrative[inOrderTo=,asA=,iWantTo=,soThat=], title=Elaborar um pedido 2 Kits diferentes com produto avulso, issue=rgs-77, description=, givenStories=, tag=component:Regressão - RELOH, path=stories/pedido/pedido_dois_kits_diferentes_prod_avulso.story}] excluded by filter 'groovy: (issue == 'rgs-35' || issue == 'rgs-36' || issue == 'rgs-37' || issue == 'rgs-38' || issue == 'rgs-39' || issue == 'rgs-40')'
1 stories excluded by filter: groovy: (issue == 'rgs-35' || issue == 'rgs-36' || issue == 'rgs-37' || issue == 'rgs-38' || issue == 'rgs-39' || issue == 'rgs-40')


(AfterStories)

Generating reports view to '/home/pedro/Documentos/Automação/testes-automatizados/mv-lojas-bdd/target/jbehave' using formats '[stats, console, html, xml, serenityreporter]' and view properties '{decorateNonHtml=true}'
Reports view generated with 2 stories (of which 0 pending) containing 1 scenarios (of which 0 pending)
Failures in reports view: 1 scenarios failed
Processing system properties {}
Using controls EmbedderControls[batch=false,skip=false,generateViewAfterStories=true,ignoreFailureInStories=false,ignoreFailureInView=true,verboseFailures=false,verboseFiltering=false,storyTimeouts=10000,threads=1,failOnStoryTimeout=false]
Meta[properties={narrative=Narrative[inOrderTo=,asA=,iWantTo=,soThat=], description=, path=stories/notas_fiscais/nota_devol_simbolica_compra_ipi.story}] excluded by filter 'groovy: (issue == 'rgs-35' || issue == 'rgs-36' || issue == 'rgs-37' || issue == 'rgs-38' || issue == 'rgs-39' || issue == 'rgs-40')'
Meta[properties={nf-21=, examplesTable=, base=RELOH, context=NOTAS_FISCAIS, grupoInstancias=AdmCD, narrative=Narrative[inOrderTo=,asA=,iWantTo=,soThat=], title=Emite Nota Fiscal Avulsa Tipo 301 DEVOL.SIMBOLICA DE COMPRAS  PROCESSO IPI, issue=nf-21, description=, givenStories=, tag=component:Processos - RELOH, path=stories/notas_fiscais/nota_devol_simbolica_compra_ipi.story}] excluded by filter 'groovy: (issue == 'rgs-35' || issue == 'rgs-36' || issue == 'rgs-37' || issue == 'rgs-38' || issue == 'rgs-39' || issue == 'rgs-40')'
Meta[properties={nf-21=, examplesTable=, base=RELOH, context=NOTAS_FISCAIS, grupoInstancias=AdmCD, narrative=Narrative[inOrderTo=,asA=,iWantTo=,soThat=], title=Emite Nota Fiscal Avulsa Tipo 300 RET.DE DEVOL COMPRA - ENT - PROCESSO IPI, issue=nf-21, description=, givenStories=, tag=component:Processos - RELOH, path=stories/notas_fiscais/nota_devol_simbolica_compra_ipi.story}] excluded by filter 'groovy: (issue == 'rgs-35' || issue == 'rgs-36' || issue == 'rgs-37' || issue == 'rgs-38' || issue == 'rgs-39' || issue == 'rgs-40')'

(BeforeStories)

Meta[properties={narrative=Narrative[inOrderTo=,asA=,iWantTo=,soThat=], description=, path=stories/notas_fiscais/nota_devol_simbolica_compra_ipi.story}] excluded by filter 'groovy: (issue == 'rgs-35' || issue == 'rgs-36' || issue == 'rgs-37' || issue == 'rgs-38' || issue == 'rgs-39' || issue == 'rgs-40')'
Meta[properties={nf-21=, examplesTable=, base=RELOH, context=NOTAS_FISCAIS, grupoInstancias=AdmCD, narrative=Narrative[inOrderTo=,asA=,iWantTo=,soThat=], title=Emite Nota Fiscal Avulsa Tipo 301 DEVOL.SIMBOLICA DE COMPRAS  PROCESSO IPI, issue=nf-21, description=, givenStories=, tag=component:Processos - RELOH, path=stories/notas_fiscais/nota_devol_simbolica_compra_ipi.story}] excluded by filter 'groovy: (issue == 'rgs-35' || issue == 'rgs-36' || issue == 'rgs-37' || issue == 'rgs-38' || issue == 'rgs-39' || issue == 'rgs-40')'
Meta[properties={nf-21=, examplesTable=, base=RELOH, context=NOTAS_FISCAIS, grupoInstancias=AdmCD, narrative=Narrative[inOrderTo=,asA=,iWantTo=,soThat=], title=Emite Nota Fiscal Avulsa Tipo 300 RET.DE DEVOL COMPRA - ENT - PROCESSO IPI, issue=nf-21, description=, givenStories=, tag=component:Processos - RELOH, path=stories/notas_fiscais/nota_devol_simbolica_compra_ipi.story}] excluded by filter 'groovy: (issue == 'rgs-35' || issue == 'rgs-36' || issue == 'rgs-37' || issue == 'rgs-38' || issue == 'rgs-39' || issue == 'rgs-40')'
1 stories excluded by filter: groovy: (issue == 'rgs-35' || issue == 'rgs-36' || issue == 'rgs-37' || issue == 'rgs-38' || issue == 'rgs-39' || issue == 'rgs-40')


(AfterStories)

Generating reports view to '/home/pedro/Documentos/Automação/testes-automatizados/mv-lojas-bdd/target/jbehave' using formats '[stats, console, html, xml, serenityreporter]' and view properties '{decorateNonHtml=true}'
Reports view generated with 2 stories (of which 0 pending) containing 1 scenarios (of which 0 pending)
Failures in reports view: 1 scenarios failed
Processing system properties {}
Using controls EmbedderControls[batch=false,skip=false,generateViewAfterStories=true,ignoreFailureInStories=false,ignoreFailureInView=true,verboseFailures=false,verboseFiltering=false,storyTimeouts=10000,threads=1,failOnStoryTimeout=false]
Meta[properties={narrative=Narrative[inOrderTo=,asA=,iWantTo=,soThat=], description=, path=stories/pedido/pedido_tipo_venda_cartao_ricardo_eletro24.story}] excluded by filter 'groovy: (issue == 'rgs-35' || issue == 'rgs-36' || issue == 'rgs-37' || issue == 'rgs-38' || issue == 'rgs-39' || issue == 'rgs-40')'
Meta[properties={examplesTable=, base=RELOH, rgs-24=, context=PEDIDOS, grupoInstancias=Pedidos, narrative=Narrative[inOrderTo=,asA=,iWantTo=,soThat=], title=Elaborar um pedido a vista com DEPOSITO/RETIRADA OUTRA LOJA COM RESERVA DEPOSITO, issue=rgs-24, description=, givenStories=, tag=component:Regressão - RELOH, path=stories/pedido/pedido_tipo_venda_cartao_ricardo_eletro24.story}] excluded by filter 'groovy: (issue == 'rgs-35' || issue == 'rgs-36' || issue == 'rgs-37' || issue == 'rgs-38' || issue == 'rgs-39' || issue == 'rgs-40')'
Meta[properties={examplesTable=, base=RELOH, rgs-24=, context=PEDIDOS, grupoInstancias=Pedidos, narrative=Narrative[inOrderTo=,asA=,iWantTo=,soThat=], title=Efetua a reabertura do pedido feito, issue=rgs-24, description=, givenStories=, tag=component:Regressão - RELOH, path=stories/pedido/pedido_tipo_venda_cartao_ricardo_eletro24.story}] excluded by filter 'groovy: (issue == 'rgs-35' || issue == 'rgs-36' || issue == 'rgs-37' || issue == 'rgs-38' || issue == 'rgs-39' || issue == 'rgs-40')'

(BeforeStories)

Meta[properties={narrative=Narrative[inOrderTo=,asA=,iWantTo=,soThat=], description=, path=stories/pedido/pedido_tipo_venda_cartao_ricardo_eletro24.story}] excluded by filter 'groovy: (issue == 'rgs-35' || issue == 'rgs-36' || issue == 'rgs-37' || issue == 'rgs-38' || issue == 'rgs-39' || issue == 'rgs-40')'
Meta[properties={examplesTable=, base=RELOH, rgs-24=, context=PEDIDOS, grupoInstancias=Pedidos, narrative=Narrative[inOrderTo=,asA=,iWantTo=,soThat=], title=Elaborar um pedido a vista com DEPOSITO/RETIRADA OUTRA LOJA COM RESERVA DEPOSITO, issue=rgs-24, description=, givenStories=, tag=component:Regressão - RELOH, path=stories/pedido/pedido_tipo_venda_cartao_ricardo_eletro24.story}] excluded by filter 'groovy: (issue == 'rgs-35' || issue == 'rgs-36' || issue == 'rgs-37' || issue == 'rgs-38' || issue == 'rgs-39' || issue == 'rgs-40')'
Meta[properties={examplesTable=, base=RELOH, rgs-24=, context=PEDIDOS, grupoInstancias=Pedidos, narrative=Narrative[inOrderTo=,asA=,iWantTo=,soThat=], title=Efetua a reabertura do pedido feito, issue=rgs-24, description=, givenStories=, tag=component:Regressão - RELOH, path=stories/pedido/pedido_tipo_venda_cartao_ricardo_eletro24.story}] excluded by filter 'groovy: (issue == 'rgs-35' || issue == 'rgs-36' || issue == 'rgs-37' || issue == 'rgs-38' || issue == 'rgs-39' || issue == 'rgs-40')'
1 stories excluded by filter: groovy: (issue == 'rgs-35' || issue == 'rgs-36' || issue == 'rgs-37' || issue == 'rgs-38' || issue == 'rgs-39' || issue == 'rgs-40')


(AfterStories)

Generating reports view to '/home/pedro/Documentos/Automação/testes-automatizados/mv-lojas-bdd/target/jbehave' using formats '[stats, console, html, xml, serenityreporter]' and view properties '{decorateNonHtml=true}'
Reports view generated with 2 stories (of which 0 pending) containing 1 scenarios (of which 0 pending)
Failures in reports view: 1 scenarios failed
Processing system properties {}
Using controls EmbedderControls[batch=false,skip=false,generateViewAfterStories=true,ignoreFailureInStories=false,ignoreFailureInView=true,verboseFailures=false,verboseFiltering=false,storyTimeouts=10000,threads=1,failOnStoryTimeout=false]
Meta[properties={narrative=Narrative[inOrderTo=,asA=,iWantTo=,soThat=], description=, path=stories/notas_fiscais/nota_transf_mat_uso_consumo_com_icms.story}] excluded by filter 'groovy: (issue == 'rgs-35' || issue == 'rgs-36' || issue == 'rgs-37' || issue == 'rgs-38' || issue == 'rgs-39' || issue == 'rgs-40')'
Meta[properties={examplesTable=, base=RELOH, context=NOTAS_FISCAIS, grupoInstancias=AdmCD, nf-36=, narrative=Narrative[inOrderTo=,asA=,iWantTo=,soThat=], title=Emite Nota Fiscal Avulsa Tipo 212 TRANSF. DE MAT. DE USO E CONSUMO C/ICMS, issue=nf-36, description=, givenStories=, tag=component:Processos - RELOH, path=stories/notas_fiscais/nota_transf_mat_uso_consumo_com_icms.story}] excluded by filter 'groovy: (issue == 'rgs-35' || issue == 'rgs-36' || issue == 'rgs-37' || issue == 'rgs-38' || issue == 'rgs-39' || issue == 'rgs-40')'

(BeforeStories)

Meta[properties={narrative=Narrative[inOrderTo=,asA=,iWantTo=,soThat=], description=, path=stories/notas_fiscais/nota_transf_mat_uso_consumo_com_icms.story}] excluded by filter 'groovy: (issue == 'rgs-35' || issue == 'rgs-36' || issue == 'rgs-37' || issue == 'rgs-38' || issue == 'rgs-39' || issue == 'rgs-40')'
Meta[properties={examplesTable=, base=RELOH, context=NOTAS_FISCAIS, grupoInstancias=AdmCD, nf-36=, narrative=Narrative[inOrderTo=,asA=,iWantTo=,soThat=], title=Emite Nota Fiscal Avulsa Tipo 212 TRANSF. DE MAT. DE USO E CONSUMO C/ICMS, issue=nf-36, description=, givenStories=, tag=component:Processos - RELOH, path=stories/notas_fiscais/nota_transf_mat_uso_consumo_com_icms.story}] excluded by filter 'groovy: (issue == 'rgs-35' || issue == 'rgs-36' || issue == 'rgs-37' || issue == 'rgs-38' || issue == 'rgs-39' || issue == 'rgs-40')'
1 stories excluded by filter: groovy: (issue == 'rgs-35' || issue == 'rgs-36' || issue == 'rgs-37' || issue == 'rgs-38' || issue == 'rgs-39' || issue == 'rgs-40')


(AfterStories)

Generating reports view to '/home/pedro/Documentos/Automação/testes-automatizados/mv-lojas-bdd/target/jbehave' using formats '[stats, console, html, xml, serenityreporter]' and view properties '{decorateNonHtml=true}'
Reports view generated with 2 stories (of which 0 pending) containing 1 scenarios (of which 0 pending)
Failures in reports view: 1 scenarios failed
Processing system properties {}
Using controls EmbedderControls[batch=false,skip=false,generateViewAfterStories=true,ignoreFailureInStories=false,ignoreFailureInView=true,verboseFailures=false,verboseFiltering=false,storyTimeouts=10000,threads=1,failOnStoryTimeout=false]

(BeforeStories)


(AfterStories)

Generating reports view to '/home/pedro/Documentos/Automação/testes-automatizados/mv-lojas-bdd/target/jbehave' using formats '[stats, console, html, xml, serenityreporter]' and view properties '{decorateNonHtml=true}'
Reports view generated with 2 stories (of which 0 pending) containing 1 scenarios (of which 0 pending)
Failures in reports view: 1 scenarios failed
Processing system properties {}
Using controls EmbedderControls[batch=false,skip=false,generateViewAfterStories=true,ignoreFailureInStories=false,ignoreFailureInView=true,verboseFailures=false,verboseFiltering=false,storyTimeouts=10000,threads=1,failOnStoryTimeout=false]
Meta[properties={narrative=Narrative[inOrderTo=,asA=,iWantTo=,soThat=], description=, path=stories/pedido/pedido_tipo_venda_cartao_credito17.story}] excluded by filter 'groovy: (issue == 'rgs-35' || issue == 'rgs-36' || issue == 'rgs-37' || issue == 'rgs-38' || issue == 'rgs-39' || issue == 'rgs-40')'
Meta[properties={examplesTable=, base=RELOH, context=PEDIDOS, grupoInstancias=Pedidos, rgs-17=, narrative=Narrative[inOrderTo=,asA=,iWantTo=,soThat=], title=Elaborar um pedido a vista com DEPOSITO/RETIRADA OUTRA LOJA COM RESERVA DEPOSITO, issue=rgs-17, description=, givenStories=, path=stories/pedido/pedido_tipo_venda_cartao_credito17.story, tag=component:Regressão - RELOH}] excluded by filter 'groovy: (issue == 'rgs-35' || issue == 'rgs-36' || issue == 'rgs-37' || issue == 'rgs-38' || issue == 'rgs-39' || issue == 'rgs-40')'
Meta[properties={examplesTable=, base=RELOH, context=PEDIDOS, grupoInstancias=Pedidos, rgs-17=, narrative=Narrative[inOrderTo=,asA=,iWantTo=,soThat=], title=Efetua a reabertura do pedido feito, issue=rgs-17, description=, givenStories=, path=stories/pedido/pedido_tipo_venda_cartao_credito17.story, tag=component:Regressão - RELOH}] excluded by filter 'groovy: (issue == 'rgs-35' || issue == 'rgs-36' || issue == 'rgs-37' || issue == 'rgs-38' || issue == 'rgs-39' || issue == 'rgs-40')'

(BeforeStories)

Meta[properties={narrative=Narrative[inOrderTo=,asA=,iWantTo=,soThat=], description=, path=stories/pedido/pedido_tipo_venda_cartao_credito17.story}] excluded by filter 'groovy: (issue == 'rgs-35' || issue == 'rgs-36' || issue == 'rgs-37' || issue == 'rgs-38' || issue == 'rgs-39' || issue == 'rgs-40')'
Meta[properties={examplesTable=, base=RELOH, context=PEDIDOS, grupoInstancias=Pedidos, rgs-17=, narrative=Narrative[inOrderTo=,asA=,iWantTo=,soThat=], title=Elaborar um pedido a vista com DEPOSITO/RETIRADA OUTRA LOJA COM RESERVA DEPOSITO, issue=rgs-17, description=, givenStories=, path=stories/pedido/pedido_tipo_venda_cartao_credito17.story, tag=component:Regressão - RELOH}] excluded by filter 'groovy: (issue == 'rgs-35' || issue == 'rgs-36' || issue == 'rgs-37' || issue == 'rgs-38' || issue == 'rgs-39' || issue == 'rgs-40')'
Meta[properties={examplesTable=, base=RELOH, context=PEDIDOS, grupoInstancias=Pedidos, rgs-17=, narrative=Narrative[inOrderTo=,asA=,iWantTo=,soThat=], title=Efetua a reabertura do pedido feito, issue=rgs-17, description=, givenStories=, path=stories/pedido/pedido_tipo_venda_cartao_credito17.story, tag=component:Regressão - RELOH}] excluded by filter 'groovy: (issue == 'rgs-35' || issue == 'rgs-36' || issue == 'rgs-37' || issue == 'rgs-38' || issue == 'rgs-39' || issue == 'rgs-40')'
1 stories excluded by filter: groovy: (issue == 'rgs-35' || issue == 'rgs-36' || issue == 'rgs-37' || issue == 'rgs-38' || issue == 'rgs-39' || issue == 'rgs-40')


(AfterStories)

Generating reports view to '/home/pedro/Documentos/Automação/testes-automatizados/mv-lojas-bdd/target/jbehave' using formats '[stats, console, html, xml, serenityreporter]' and view properties '{decorateNonHtml=true}'
Reports view generated with 2 stories (of which 0 pending) containing 1 scenarios (of which 0 pending)
Failures in reports view: 1 scenarios failed
Processing system properties {}
Using controls EmbedderControls[batch=false,skip=false,generateViewAfterStories=true,ignoreFailureInStories=false,ignoreFailureInView=true,verboseFailures=false,verboseFiltering=false,storyTimeouts=10000,threads=1,failOnStoryTimeout=false]
Meta[properties={narrative=Narrative[inOrderTo=,asA=,iWantTo=,soThat=], description=, path=stories/processos/confirmacao_deposito.story}] excluded by filter 'groovy: (issue == 'rgs-35' || issue == 'rgs-36' || issue == 'rgs-37' || issue == 'rgs-38' || issue == 'rgs-39' || issue == 'rgs-40')'
Meta[properties={examplesTable=, base=MVSH, context=PROCESSOS, grupoInstancias=AdmCD, narrative=Narrative[inOrderTo=,asA=,iWantTo=,soThat=], prcs-11=, title=Elaborar confirmação de depósito, issue=prcs-11, description=, givenStories=, tag=component:Processos - RELOH, path=stories/processos/confirmacao_deposito.story}] excluded by filter 'groovy: (issue == 'rgs-35' || issue == 'rgs-36' || issue == 'rgs-37' || issue == 'rgs-38' || issue == 'rgs-39' || issue == 'rgs-40')'
Meta[properties={examplesTable=, base=MVSH, context=PROCESSOS, grupoInstancias=AdmCD, narrative=Narrative[inOrderTo=,asA=,iWantTo=,soThat=], prcs-11=, title=Consultar depósitos confirmados, issue=prcs-11, description=, givenStories=, tag=component:Processos - RELOH, path=stories/processos/confirmacao_deposito.story}] excluded by filter 'groovy: (issue == 'rgs-35' || issue == 'rgs-36' || issue == 'rgs-37' || issue == 'rgs-38' || issue == 'rgs-39' || issue == 'rgs-40')'

(BeforeStories)

Meta[properties={narrative=Narrative[inOrderTo=,asA=,iWantTo=,soThat=], description=, path=stories/processos/confirmacao_deposito.story}] excluded by filter 'groovy: (issue == 'rgs-35' || issue == 'rgs-36' || issue == 'rgs-37' || issue == 'rgs-38' || issue == 'rgs-39' || issue == 'rgs-40')'
Meta[properties={examplesTable=, base=MVSH, context=PROCESSOS, grupoInstancias=AdmCD, narrative=Narrative[inOrderTo=,asA=,iWantTo=,soThat=], prcs-11=, title=Elaborar confirmação de depósito, issue=prcs-11, description=, givenStories=, tag=component:Processos - RELOH, path=stories/processos/confirmacao_deposito.story}] excluded by filter 'groovy: (issue == 'rgs-35' || issue == 'rgs-36' || issue == 'rgs-37' || issue == 'rgs-38' || issue == 'rgs-39' || issue == 'rgs-40')'
Meta[properties={examplesTable=, base=MVSH, context=PROCESSOS, grupoInstancias=AdmCD, narrative=Narrative[inOrderTo=,asA=,iWantTo=,soThat=], prcs-11=, title=Consultar depósitos confirmados, issue=prcs-11, description=, givenStories=, tag=component:Processos - RELOH, path=stories/processos/confirmacao_deposito.story}] excluded by filter 'groovy: (issue == 'rgs-35' || issue == 'rgs-36' || issue == 'rgs-37' || issue == 'rgs-38' || issue == 'rgs-39' || issue == 'rgs-40')'
1 stories excluded by filter: groovy: (issue == 'rgs-35' || issue == 'rgs-36' || issue == 'rgs-37' || issue == 'rgs-38' || issue == 'rgs-39' || issue == 'rgs-40')


(AfterStories)

Generating reports view to '/home/pedro/Documentos/Automação/testes-automatizados/mv-lojas-bdd/target/jbehave' using formats '[stats, console, html, xml, serenityreporter]' and view properties '{decorateNonHtml=true}'
Reports view generated with 2 stories (of which 0 pending) containing 1 scenarios (of which 0 pending)
Failures in reports view: 1 scenarios failed
Processing system properties {}
Using controls EmbedderControls[batch=false,skip=false,generateViewAfterStories=true,ignoreFailureInStories=false,ignoreFailureInView=true,verboseFailures=false,verboseFiltering=false,storyTimeouts=10000,threads=1,failOnStoryTimeout=false]
Meta[properties={narrative=Narrative[inOrderTo=,asA=,iWantTo=,soThat=], description=, path=stories/notas_fiscais/nota_devol_nf_acompanhamento.story}] excluded by filter 'groovy: (issue == 'rgs-35' || issue == 'rgs-36' || issue == 'rgs-37' || issue == 'rgs-38' || issue == 'rgs-39' || issue == 'rgs-40')'
Meta[properties={examplesTable=, base=RELOH, context=NOTAS_FISCAIS, grupoInstancias=AdmCD, nf-15=, narrative=Narrative[inOrderTo=,asA=,iWantTo=,soThat=], title=Emite Nota Fiscal Avulsa Tipo 32 DEVOL.DE NF ACOMPANHAMENTO CUPOM FISCAL - UF1550, issue=nf-15, description=, givenStories=, tag=component:Processos - RELOH, path=stories/notas_fiscais/nota_devol_nf_acompanhamento.story}] excluded by filter 'groovy: (issue == 'rgs-35' || issue == 'rgs-36' || issue == 'rgs-37' || issue == 'rgs-38' || issue == 'rgs-39' || issue == 'rgs-40')'

(BeforeStories)

Meta[properties={narrative=Narrative[inOrderTo=,asA=,iWantTo=,soThat=], description=, path=stories/notas_fiscais/nota_devol_nf_acompanhamento.story}] excluded by filter 'groovy: (issue == 'rgs-35' || issue == 'rgs-36' || issue == 'rgs-37' || issue == 'rgs-38' || issue == 'rgs-39' || issue == 'rgs-40')'
Meta[properties={examplesTable=, base=RELOH, context=NOTAS_FISCAIS, grupoInstancias=AdmCD, nf-15=, narrative=Narrative[inOrderTo=,asA=,iWantTo=,soThat=], title=Emite Nota Fiscal Avulsa Tipo 32 DEVOL.DE NF ACOMPANHAMENTO CUPOM FISCAL - UF1550, issue=nf-15, description=, givenStories=, tag=component:Processos - RELOH, path=stories/notas_fiscais/nota_devol_nf_acompanhamento.story}] excluded by filter 'groovy: (issue == 'rgs-35' || issue == 'rgs-36' || issue == 'rgs-37' || issue == 'rgs-38' || issue == 'rgs-39' || issue == 'rgs-40')'
1 stories excluded by filter: groovy: (issue == 'rgs-35' || issue == 'rgs-36' || issue == 'rgs-37' || issue == 'rgs-38' || issue == 'rgs-39' || issue == 'rgs-40')


(AfterStories)

Generating reports view to '/home/pedro/Documentos/Automação/testes-automatizados/mv-lojas-bdd/target/jbehave' using formats '[stats, console, html, xml, serenityreporter]' and view properties '{decorateNonHtml=true}'
Reports view generated with 2 stories (of which 0 pending) containing 1 scenarios (of which 0 pending)
Failures in reports view: 1 scenarios failed
Processing system properties {}
Using controls EmbedderControls[batch=false,skip=false,generateViewAfterStories=true,ignoreFailureInStories=false,ignoreFailureInView=true,verboseFailures=false,verboseFiltering=false,storyTimeouts=10000,threads=1,failOnStoryTimeout=false]
Meta[properties={narrative=Narrative[inOrderTo=,asA=,iWantTo=,soThat=], description=, path=stories/pedido/pedido_simples_tipo_venda_cartao_mvshop.story}] excluded by filter 'groovy: (issue == 'rgs-35' || issue == 'rgs-36' || issue == 'rgs-37' || issue == 'rgs-38' || issue == 'rgs-39' || issue == 'rgs-40')'
Meta[properties={examplesTable=, base=MVSH, context=VIRADA CL X CS, grupoInstancias=Pedidos, virada-pedido-mvshop=, narrative=Narrative[inOrderTo=,asA=,iWantTo=,soThat=], title=Elaborar um pedido CARTAO MVSHOP, issue=virada-pedido-mvshop, description=, givenStories=, path=stories/pedido/pedido_simples_tipo_venda_cartao_mvshop.story, tag=component:VIRADA CL X CS - MVSH}] excluded by filter 'groovy: (issue == 'rgs-35' || issue == 'rgs-36' || issue == 'rgs-37' || issue == 'rgs-38' || issue == 'rgs-39' || issue == 'rgs-40')'
Meta[properties={examplesTable=, base=MVSH, context=VIRADA CL X CS, grupoInstancias=Pedidos, virada-pedido-mvshop=, narrative=Narrative[inOrderTo=,asA=,iWantTo=,soThat=], title=Elaborar um pedido CARTAO MVSHOP, issue=virada-pedido-mvshop, description=, givenStories=, path=stories/pedido/pedido_simples_tipo_venda_cartao_mvshop.story, tag=component:VIRADA CL X CS - MVSH}] excluded by filter 'groovy: (issue == 'rgs-35' || issue == 'rgs-36' || issue == 'rgs-37' || issue == 'rgs-38' || issue == 'rgs-39' || issue == 'rgs-40')'

(BeforeStories)

Meta[properties={narrative=Narrative[inOrderTo=,asA=,iWantTo=,soThat=], description=, path=stories/pedido/pedido_simples_tipo_venda_cartao_mvshop.story}] excluded by filter 'groovy: (issue == 'rgs-35' || issue == 'rgs-36' || issue == 'rgs-37' || issue == 'rgs-38' || issue == 'rgs-39' || issue == 'rgs-40')'
Meta[properties={examplesTable=, base=MVSH, context=VIRADA CL X CS, grupoInstancias=Pedidos, virada-pedido-mvshop=, narrative=Narrative[inOrderTo=,asA=,iWantTo=,soThat=], title=Elaborar um pedido CARTAO MVSHOP, issue=virada-pedido-mvshop, description=, givenStories=, path=stories/pedido/pedido_simples_tipo_venda_cartao_mvshop.story, tag=component:VIRADA CL X CS - MVSH}] excluded by filter 'groovy: (issue == 'rgs-35' || issue == 'rgs-36' || issue == 'rgs-37' || issue == 'rgs-38' || issue == 'rgs-39' || issue == 'rgs-40')'
Meta[properties={examplesTable=, base=MVSH, context=VIRADA CL X CS, grupoInstancias=Pedidos, virada-pedido-mvshop=, narrative=Narrative[inOrderTo=,asA=,iWantTo=,soThat=], title=Elaborar um pedido CARTAO MVSHOP, issue=virada-pedido-mvshop, description=, givenStories=, path=stories/pedido/pedido_simples_tipo_venda_cartao_mvshop.story, tag=component:VIRADA CL X CS - MVSH}] excluded by filter 'groovy: (issue == 'rgs-35' || issue == 'rgs-36' || issue == 'rgs-37' || issue == 'rgs-38' || issue == 'rgs-39' || issue == 'rgs-40')'
1 stories excluded by filter: groovy: (issue == 'rgs-35' || issue == 'rgs-36' || issue == 'rgs-37' || issue == 'rgs-38' || issue == 'rgs-39' || issue == 'rgs-40')


(AfterStories)

Generating reports view to '/home/pedro/Documentos/Automação/testes-automatizados/mv-lojas-bdd/target/jbehave' using formats '[stats, console, html, xml, serenityreporter]' and view properties '{decorateNonHtml=true}'
Reports view generated with 2 stories (of which 0 pending) containing 1 scenarios (of which 0 pending)
Failures in reports view: 1 scenarios failed
Processing system properties {}
Using controls EmbedderControls[batch=false,skip=false,generateViewAfterStories=true,ignoreFailureInStories=false,ignoreFailureInView=true,verboseFailures=false,verboseFiltering=false,storyTimeouts=10000,threads=1,failOnStoryTimeout=false]
Meta[properties={narrative=Narrative[inOrderTo=,asA=,iWantTo=,soThat=], description=, path=stories/notas_fiscais/nota_entrada_produto_furtado_recuperado.story}] excluded by filter 'groovy: (issue == 'rgs-35' || issue == 'rgs-36' || issue == 'rgs-37' || issue == 'rgs-38' || issue == 'rgs-39' || issue == 'rgs-40')'
Meta[properties={nf-19=, examplesTable=, base=RELOH, context=NOTAS_FISCAIS, grupoInstancias=AdmCD, narrative=Narrative[inOrderTo=,asA=,iWantTo=,soThat=], title=Emite Nota Fiscal Avulsa Tipo 235 ENTRADA DE PRODUTOS FURTADOS RECUPERADOS - UF1500, issue=nf-19, description=, givenStories=, tag=component:Processos - RELOH, path=stories/notas_fiscais/nota_entrada_produto_furtado_recuperado.story}] excluded by filter 'groovy: (issue == 'rgs-35' || issue == 'rgs-36' || issue == 'rgs-37' || issue == 'rgs-38' || issue == 'rgs-39' || issue == 'rgs-40')'

(BeforeStories)

Meta[properties={narrative=Narrative[inOrderTo=,asA=,iWantTo=,soThat=], description=, path=stories/notas_fiscais/nota_entrada_produto_furtado_recuperado.story}] excluded by filter 'groovy: (issue == 'rgs-35' || issue == 'rgs-36' || issue == 'rgs-37' || issue == 'rgs-38' || issue == 'rgs-39' || issue == 'rgs-40')'
Meta[properties={nf-19=, examplesTable=, base=RELOH, context=NOTAS_FISCAIS, grupoInstancias=AdmCD, narrative=Narrative[inOrderTo=,asA=,iWantTo=,soThat=], title=Emite Nota Fiscal Avulsa Tipo 235 ENTRADA DE PRODUTOS FURTADOS RECUPERADOS - UF1500, issue=nf-19, description=, givenStories=, tag=component:Processos - RELOH, path=stories/notas_fiscais/nota_entrada_produto_furtado_recuperado.story}] excluded by filter 'groovy: (issue == 'rgs-35' || issue == 'rgs-36' || issue == 'rgs-37' || issue == 'rgs-38' || issue == 'rgs-39' || issue == 'rgs-40')'
1 stories excluded by filter: groovy: (issue == 'rgs-35' || issue == 'rgs-36' || issue == 'rgs-37' || issue == 'rgs-38' || issue == 'rgs-39' || issue == 'rgs-40')


(AfterStories)

Generating reports view to '/home/pedro/Documentos/Automação/testes-automatizados/mv-lojas-bdd/target/jbehave' using formats '[stats, console, html, xml, serenityreporter]' and view properties '{decorateNonHtml=true}'
Reports view generated with 2 stories (of which 0 pending) containing 1 scenarios (of which 0 pending)
Failures in reports view: 1 scenarios failed
Processing system properties {}
Using controls EmbedderControls[batch=false,skip=false,generateViewAfterStories=true,ignoreFailureInStories=false,ignoreFailureInView=true,verboseFailures=false,verboseFiltering=false,storyTimeouts=10000,threads=1,failOnStoryTimeout=false]
Meta[properties={narrative=Narrative[inOrderTo=,asA=,iWantTo=,soThat=], description=, path=stories/pedido/calculo_reverso16.story}] excluded by filter 'groovy: (issue == 'rgs-35' || issue == 'rgs-36' || issue == 'rgs-37' || issue == 'rgs-38' || issue == 'rgs-39' || issue == 'rgs-40')'
Meta[properties={examplesTable=, base=RELOH, context=PEDIDOS, grupoInstancias=Pedidos, rgs-79=, narrative=Narrative[inOrderTo=,asA=,iWantTo=,soThat=], title=Elaborar um pedido carne com empenho em loja/normal, issue=rgs-79, description=, givenStories=, tag=component:Processos - RELOH, path=stories/pedido/calculo_reverso16.story}] excluded by filter 'groovy: (issue == 'rgs-35' || issue == 'rgs-36' || issue == 'rgs-37' || issue == 'rgs-38' || issue == 'rgs-39' || issue == 'rgs-40')'

(BeforeStories)

Meta[properties={narrative=Narrative[inOrderTo=,asA=,iWantTo=,soThat=], description=, path=stories/pedido/calculo_reverso16.story}] excluded by filter 'groovy: (issue == 'rgs-35' || issue == 'rgs-36' || issue == 'rgs-37' || issue == 'rgs-38' || issue == 'rgs-39' || issue == 'rgs-40')'
Meta[properties={examplesTable=, base=RELOH, context=PEDIDOS, grupoInstancias=Pedidos, rgs-79=, narrative=Narrative[inOrderTo=,asA=,iWantTo=,soThat=], title=Elaborar um pedido carne com empenho em loja/normal, issue=rgs-79, description=, givenStories=, tag=component:Processos - RELOH, path=stories/pedido/calculo_reverso16.story}] excluded by filter 'groovy: (issue == 'rgs-35' || issue == 'rgs-36' || issue == 'rgs-37' || issue == 'rgs-38' || issue == 'rgs-39' || issue == 'rgs-40')'
1 stories excluded by filter: groovy: (issue == 'rgs-35' || issue == 'rgs-36' || issue == 'rgs-37' || issue == 'rgs-38' || issue == 'rgs-39' || issue == 'rgs-40')


(AfterStories)

Generating reports view to '/home/pedro/Documentos/Automação/testes-automatizados/mv-lojas-bdd/target/jbehave' using formats '[stats, console, html, xml, serenityreporter]' and view properties '{decorateNonHtml=true}'
Reports view generated with 2 stories (of which 0 pending) containing 1 scenarios (of which 0 pending)
Failures in reports view: 1 scenarios failed
Processing system properties {}
Using controls EmbedderControls[batch=false,skip=false,generateViewAfterStories=true,ignoreFailureInStories=false,ignoreFailureInView=true,verboseFailures=false,verboseFiltering=false,storyTimeouts=10000,threads=1,failOnStoryTimeout=false]
Meta[properties={narrative=Narrative[inOrderTo=,asA=,iWantTo=,soThat=], description=, path=stories/notas_fiscais/nota_devol_compra_ativo_imobilizado.story}] excluded by filter 'groovy: (issue == 'rgs-35' || issue == 'rgs-36' || issue == 'rgs-37' || issue == 'rgs-38' || issue == 'rgs-39' || issue == 'rgs-40')'
Meta[properties={examplesTable=, base=RELOH, nf-18=, context=NOTAS_FISCAIS, grupoInstancias=AdmCD, narrative=Narrative[inOrderTo=,asA=,iWantTo=,soThat=], title=Emite Nota Fiscal Avulsa Tipo 740 DEVOL.DE COMPRA BENS DE ATIVO IMOBILIZADO  UF2960, issue=nf-18, description=, givenStories=, tag=component:Processos - RELOH, path=stories/notas_fiscais/nota_devol_compra_ativo_imobilizado.story}] excluded by filter 'groovy: (issue == 'rgs-35' || issue == 'rgs-36' || issue == 'rgs-37' || issue == 'rgs-38' || issue == 'rgs-39' || issue == 'rgs-40')'

(BeforeStories)

Meta[properties={narrative=Narrative[inOrderTo=,asA=,iWantTo=,soThat=], description=, path=stories/notas_fiscais/nota_devol_compra_ativo_imobilizado.story}] excluded by filter 'groovy: (issue == 'rgs-35' || issue == 'rgs-36' || issue == 'rgs-37' || issue == 'rgs-38' || issue == 'rgs-39' || issue == 'rgs-40')'
Meta[properties={examplesTable=, base=RELOH, nf-18=, context=NOTAS_FISCAIS, grupoInstancias=AdmCD, narrative=Narrative[inOrderTo=,asA=,iWantTo=,soThat=], title=Emite Nota Fiscal Avulsa Tipo 740 DEVOL.DE COMPRA BENS DE ATIVO IMOBILIZADO  UF2960, issue=nf-18, description=, givenStories=, tag=component:Processos - RELOH, path=stories/notas_fiscais/nota_devol_compra_ativo_imobilizado.story}] excluded by filter 'groovy: (issue == 'rgs-35' || issue == 'rgs-36' || issue == 'rgs-37' || issue == 'rgs-38' || issue == 'rgs-39' || issue == 'rgs-40')'
1 stories excluded by filter: groovy: (issue == 'rgs-35' || issue == 'rgs-36' || issue == 'rgs-37' || issue == 'rgs-38' || issue == 'rgs-39' || issue == 'rgs-40')


(AfterStories)

Generating reports view to '/home/pedro/Documentos/Automação/testes-automatizados/mv-lojas-bdd/target/jbehave' using formats '[stats, console, html, xml, serenityreporter]' and view properties '{decorateNonHtml=true}'
Reports view generated with 2 stories (of which 0 pending) containing 1 scenarios (of which 0 pending)
Failures in reports view: 1 scenarios failed
Processing system properties {}
Using controls EmbedderControls[batch=false,skip=false,generateViewAfterStories=true,ignoreFailureInStories=false,ignoreFailureInView=true,verboseFailures=false,verboseFiltering=false,storyTimeouts=10000,threads=1,failOnStoryTimeout=false]
Meta[properties={narrative=Narrative[inOrderTo=,asA=,iWantTo=,soThat=], description=, path=stories/pedido/pedido_kit_remove_sem_estoque36.story}] excluded by filter 'groovy: (issue == 'rgs-35' || issue == 'rgs-36' || issue == 'rgs-37' || issue == 'rgs-38' || issue == 'rgs-39' || issue == 'rgs-40')'

(BeforeStories)

Meta[properties={narrative=Narrative[inOrderTo=,asA=,iWantTo=,soThat=], description=, path=stories/pedido/pedido_kit_remove_sem_estoque36.story}] excluded by filter 'groovy: (issue == 'rgs-35' || issue == 'rgs-36' || issue == 'rgs-37' || issue == 'rgs-38' || issue == 'rgs-39' || issue == 'rgs-40')'
Running story stories/pedido/pedido_kit_remove_sem_estoque36.story

(stories/pedido/pedido_kit_remove_sem_estoque36.story)
Story name for stories/pedido/pedido_kit_remove_sem_estoque36.story => TestTag{name='Pedido/Pedido kit remove sem estoque36', type='story'}
Story name for stories/pedido/pedido_kit_remove_sem_estoque36.story => TestTag{name='Pedido/Pedido kit remove sem estoque36', type='story'}
Scenario: Elaborar um pedido com KIT e empenho em DEPOSITO/NORMAL pagamento com cartão de crédito
Meta:
@base RELOH
@context PEDIDOS
@grupoInstancias Pedidos
@issue rgs-36
@rgs-36 
@tag component:Regressão - RELOH

Meu profile setado!! S2
Separator = ;
Using timeout for story pedido_kit_remove_sem_estoque36.story of 10000 secs.
DECLARE    BEGIN 	 update mv_item_kit set qtde_produto = 1, ind_permite_venda_avulsa = 1, flag_item_principal = 'N', ind_permite_promocao_item = 1, ind_remove_sem_estoque = 'S' where nro_produto = 158489 and nro_kit = 1044; update mv_item_kit set qtde_produto = 1, ind_permite_venda_avulsa = 0, flag_item_principal = 'N', ind_permite_promocao_item = 1, ind_remove_sem_estoque = 'N' where nro_produto = 158487 and nro_kit = 1044;  update mv_estoque_produto set qtde_estoque = 0 where nro_produto = 158487 and nro_loja = 601 and nro_grupo_estoque = 1; update mv_estoque_produto set qtde_estoque = 1000 where nro_produto = 158489 and nro_loja = 601 and nro_grupo_estoque = 1;  update mv_info_estoque set flag_saida_estoque = 1 where nro_produto in (158487, 158489) and nro_loja = 1101;  END; 
Given Eu executo o script de reset pedido_kit_remove_sem_estoque_36.sql
meta: {grupoInstancias=Pedidos, issue=rgs-36, context=PEDIDOS, rgs-36=, tag=component:Regressão - RELOH, base=RELOH}
GrupoInstâncias: Pedidos
Base: RELOH
urlPadrao: http://10.30.232.18:8080/lojas/seguranca?action=login
And Eu acesso a instancia padrao
When Eu faco login na loja 291 com usuario 69930 e senha 1
And Eu pesquiso o cpf 37778670550
And Eu clico no botao 'Elaborar Pedido'
And Eu seleciono o tipo de venda 53 - CARTAO DE CREDITO
And Eu clico no botao adicionar produto
And Eu pesquiso o produto 158488
!-- Produto (158486) sem estoque
!-- And Eu clico no botao Ok do modal
And Eu deixo o produto sem promocao
And Eu clico no botao Selecionar Produto
!-- And Eu pesquiso e seleciono o produto 158488
And Eu removo o produto 158488
And Eu clico no botao adicionar produto
And Eu pesquiso o produto 158488
!-- And Eu clico no botao Ok do modal
And Eu deixo o produto sem promocao
And Eu clico no botao Selecionar Produto
!-- And Eu pesquiso e seleciono o produto 158488
And Eu removo o produto 158486
!-- Desmembrar kit
And Eu clico no botao Sim do modal
And Eu clico no icone detalhes do produto 158488
And Eu seleciono o local de empenho DEPOSITO
And Eu seleciono a opcao de entrega AGENDADA
And Eu clico no botao Agendada
And Eu seleciono uma data disponivel
And Eu clico no botao Reservar
And Eu clico no botao Ok do modal
And Eu clico na aba Planilha
And Eu clico no botao Adicionar Forma Pagamento
And Eu seleciono o 1 º tipo de pagamento F
And Eu seleciono a 1 ª forma de pagamento Cartao Mastercard
Then Eu clico no botao Salvar
And Eu clico no botao Ok do modal
Numero pedido: 5024607
And Eu clico no botao Fechamento Total
And Eu valido o status do pedido 30 - Ag. Receb. ou em Analise p/Troca Minha Casa Melhor (FAILED)
(net.serenitybdd.core.exceptions.SerenityManagedException: O status do pedido está incorreto.)
!-- And Eu salvo o pedido do teste @rgs-36 no relatorio

net.serenitybdd.core.exceptions.SerenityManagedException: O status do pedido está incorreto.
	at net.thucydides.core.steps.ErrorConvertor.convertToAssertion(ErrorConvertor.java:22)
	at net.thucydides.core.steps.StepInterceptor.reportMethodError(StepInterceptor.java:350)
	at net.thucydides.core.steps.NormalMethodRunner.invokeMethodAndNotifyFailures(NormalMethodRunner.java:22)
	at net.thucydides.core.steps.StepInterceptor.runNormalMethod(StepInterceptor.java:337)
	at net.thucydides.core.steps.StepInterceptor.testStepResult(StepInterceptor.java:126)
	at net.thucydides.core.steps.StepInterceptor.intercept(StepInterceptor.java:62)
	at br.com.mv.pages.PedidoPage$$EnhancerByCGLIB$$fcb5426c.validarStatusPedido(<generated>)
	at br.com.mv.steps.PedidoSteps.euValidoStatusDoPedido(PedidoSteps.java:293)
	(reflection-invoke)
	at org.jbehave.core.steps.StepCreator$ParametrisedStep.perform(StepCreator.java:733)
	at org.jbehave.core.embedder.PerformableTree$FineSoFar.run(PerformableTree.java:346)
...


(AfterStories)

Generating reports view to '/home/pedro/Documentos/Automação/testes-automatizados/mv-lojas-bdd/target/jbehave' using formats '[stats, console, html, xml, serenityreporter]' and view properties '{decorateNonHtml=true}'
Reports view generated with 3 stories (of which 0 pending) containing 2 scenarios (of which 0 pending)
Failures in reports view: 2 scenarios failed
]]></system-out>
    <system-err><![CDATA[[main] INFO net.serenitybdd.core.Serenity - Test Suite Started: Atendimento cliente recibo troca pedido deposito ag faturamento
[main] INFO net.serenitybdd.core.Serenity - 
 _____ _____ ____ _____   ____ _____  _    ____ _____ _____ ____  
|_   _| ____/ ___|_   _| / ___|_   _|/ \  |  _ \_   _| ____|  _ \ 
  | | |  _| \___ \ | |   \___ \ | | / _ \ | |_) || | |  _| | | | |
  | | | |___ ___) || |    ___) || |/ ___ \|  _ < | | | |___| |_| |
  |_| |_____|____/ |_|   |____/ |_/_/   \_\_| \_\|_| |_____|____/ 
                                                                  

TEST STARTED: Elaborar um pedido a vista com empenho em loja/normal
-------------------------------------------------------------------(stories/processos/atendimento_cliente_recibo_troca_pedido_deposito_ag_faturamento.story;Elaborar um pedido a vista com empenho em loja/normal)
[main] INFO net.serenitybdd.core.Serenity - &amp#27;[33mTEST SKIPPED&amp#27;[0m
[main] INFO net.serenitybdd.core.Serenity - &amp#27;[33mTEST SKIPPED&amp#27;[0m
[main] INFO net.serenitybdd.core.Serenity - &amp#27;[33mTEST SKIPPED&amp#27;[0m
[main] INFO net.serenitybdd.core.Serenity - 
 _____ _____ ____ _____   ____ _____  _    ____ _____ _____ ____  
|_   _| ____/ ___|_   _| / ___|_   _|/ \  |  _ \_   _| ____|  _ \ 
  | | |  _| \___ \ | |   \___ \ | | / _ \ | |_) || | |  _| | | | |
  | | | |___ ___) || |    ___) || |/ ___ \|  _ < | | | |___| |_| |
  |_| |_____|____/ |_|   |____/ |_/_/   \_\_| \_\|_| |_____|____/ 
                                                                  

TEST STARTED: Efetua o recebimento do pedido
-------------------------------------------------------------------(stories/processos/atendimento_cliente_recibo_troca_pedido_deposito_ag_faturamento.story;Efetua o recebimento do pedido)
[main] INFO net.serenitybdd.core.Serenity - &amp#27;[33mTEST SKIPPED&amp#27;[0m
[main] INFO net.serenitybdd.core.Serenity - &amp#27;[33mTEST SKIPPED&amp#27;[0m
[main] INFO net.serenitybdd.core.Serenity - &amp#27;[33mTEST SKIPPED&amp#27;[0m
[main] INFO net.serenitybdd.core.Serenity - 
 _____ _____ ____ _____   ____ _____  _    ____ _____ _____ ____  
|_   _| ____/ ___|_   _| / ___|_   _|/ \  |  _ \_   _| ____|  _ \ 
  | | |  _| \___ \ | |   \___ \ | | / _ \ | |_) || | |  _| | | | |
  | | | |___ ___) || |    ___) || |/ ___ \|  _ < | | | |___| |_| |
  |_| |_____|____/ |_|   |____/ |_/_/   \_\_| \_\|_| |_____|____/ 
                                                                  

TEST STARTED: Elaborar um atendimento para o pedido realizado
-------------------------------------------------------------------(stories/processos/atendimento_cliente_recibo_troca_pedido_deposito_ag_faturamento.story;Elaborar um atendimento para o pedido realizado)
[main] INFO net.serenitybdd.core.Serenity - &amp#27;[33mTEST SKIPPED&amp#27;[0m
[main] INFO net.serenitybdd.core.Serenity - &amp#27;[33mTEST SKIPPED&amp#27;[0m
[main] INFO net.serenitybdd.core.Serenity - &amp#27;[33mTEST SKIPPED&amp#27;[0m
[main] INFO net.serenitybdd.core.Serenity - 
 _____ _____ ____ _____   ____ _____  _    ____ _____ _____ ____  
|_   _| ____/ ___|_   _| / ___|_   _|/ \  |  _ \_   _| ____|  _ \ 
  | | |  _| \___ \ | |   \___ \ | | / _ \ | |_) || | |  _| | | | |
  | | | |___ ___) || |    ___) || |/ ___ \|  _ < | | | |___| |_| |
  |_| |_____|____/ |_|   |____/ |_/_/   \_\_| \_\|_| |_____|____/ 
                                                                  

TEST STARTED: Elaborar um pedido utilizando o recibo de troca
-------------------------------------------------------------------(stories/processos/atendimento_cliente_recibo_troca_pedido_deposito_ag_faturamento.story;Elaborar um pedido utilizando o recibo de troca)
[main] INFO net.serenitybdd.core.Serenity - &amp#27;[33mTEST SKIPPED&amp#27;[0m
[main] INFO net.serenitybdd.core.Serenity - &amp#27;[33mTEST SKIPPED&amp#27;[0m
[main] INFO net.serenitybdd.core.Serenity - &amp#27;[33mTEST SKIPPED&amp#27;[0m
[main] INFO net.serenitybdd.core.Serenity - 
 _____ _____ ____ _____   ____ _____  _    ____ _____ _____ ____  
|_   _| ____/ ___|_   _| / ___|_   _|/ \  |  _ \_   _| ____|  _ \ 
  | | |  _| \___ \ | |   \___ \ | | / _ \ | |_) || | |  _| | | | |
  | | | |___ ___) || |    ___) || |/ ___ \|  _ < | | | |___| |_| |
  |_| |_____|____/ |_|   |____/ |_/_/   \_\_| \_\|_| |_____|____/ 
                                                                  

TEST STARTED: Efetua o recebimento do pedido feito com recibo de troca
-------------------------------------------------------------------(stories/processos/atendimento_cliente_recibo_troca_pedido_deposito_ag_faturamento.story;Efetua o recebimento do pedido feito com recibo de troca)
[main] INFO net.serenitybdd.core.Serenity - &amp#27;[33mTEST SKIPPED&amp#27;[0m
[main] INFO net.serenitybdd.core.Serenity - &amp#27;[33mTEST SKIPPED&amp#27;[0m
[main] INFO net.serenitybdd.core.Serenity - &amp#27;[33mTEST SKIPPED&amp#27;[0m
[pool-92-thread-1] INFO net.thucydides.core.reports.json.JSONTestOutcomeReporter - Generating JSON report for Elaborar um pedido a vista com empenho em loja/normal to file /home/pedro/Documentos/Automação/testes-automatizados/mv-lojas-bdd/target/site/serenity/98fbb789c26f54732dc12fe2616489c5895969c48ffd4a2033f9bb1ce54073e7.json (using temp file /home/pedro/Documentos/Automação/testes-automatizados/mv-lojas-bdd/target/site/serenity/98fbb789c26f54732dc12fe2616489c5895969c48ffd4a2033f9bb1ce54073e7.jsonbe341333-20f3-445f-bba5-e829a3729331)
[pool-92-thread-2] INFO net.thucydides.core.reports.json.JSONTestOutcomeReporter - Generating JSON report for Efetua o recebimento do pedido to file /home/pedro/Documentos/Automação/testes-automatizados/mv-lojas-bdd/target/site/serenity/6e005365b0c45d21cea6d57d6db051ca195d98c52f5446512badcbab96c6916b.json (using temp file /home/pedro/Documentos/Automação/testes-automatizados/mv-lojas-bdd/target/site/serenity/6e005365b0c45d21cea6d57d6db051ca195d98c52f5446512badcbab96c6916b.jsonfa2660ba-a539-499e-8cb5-454c8a4165a7)
[pool-92-thread-3] INFO net.thucydides.core.reports.json.JSONTestOutcomeReporter - Generating JSON report for Elaborar um atendimento para o pedido realizado to file /home/pedro/Documentos/Automação/testes-automatizados/mv-lojas-bdd/target/site/serenity/caed9d09a49675b98164668e55d3e681854f39321e1861d6309e18eea1d8a969.json (using temp file /home/pedro/Documentos/Automação/testes-automatizados/mv-lojas-bdd/target/site/serenity/caed9d09a49675b98164668e55d3e681854f39321e1861d6309e18eea1d8a969.jsona148d377-1c59-4d64-93ec-2c45165e2a5c)
[pool-92-thread-4] INFO net.thucydides.core.reports.json.JSONTestOutcomeReporter - Generating JSON report for Elaborar um pedido utilizando o recibo de troca to file /home/pedro/Documentos/Automação/testes-automatizados/mv-lojas-bdd/target/site/serenity/2abbb4a763dfd36efb7f8339f4c967808bb4a41497ae49ec2e582cfbf3e16df1.json (using temp file /home/pedro/Documentos/Automação/testes-automatizados/mv-lojas-bdd/target/site/serenity/2abbb4a763dfd36efb7f8339f4c967808bb4a41497ae49ec2e582cfbf3e16df1.json67e2aa0d-c24b-439f-8a86-5e843d6d966c)
[pool-92-thread-1] INFO net.thucydides.core.reports.json.JSONTestOutcomeReporter - Generating JSON report for Efetua o recebimento do pedido feito com recibo de troca to file /home/pedro/Documentos/Automação/testes-automatizados/mv-lojas-bdd/target/site/serenity/10e11db7f359c6b5a3e2204a92c03e67386e8b9f8d278639071c568b70188d26.json (using temp file /home/pedro/Documentos/Automação/testes-automatizados/mv-lojas-bdd/target/site/serenity/10e11db7f359c6b5a3e2204a92c03e67386e8b9f8d278639071c568b70188d26.json1b9afe51-c0d0-46c2-8f6b-7ecd95775f45)
[main] INFO net.serenitybdd.core.Serenity - Test Suite Started: Atendimento cliente troca simplificada loja
[main] INFO net.serenitybdd.core.Serenity - 
 _____ _____ ____ _____   ____ _____  _    ____ _____ _____ ____  
|_   _| ____/ ___|_   _| / ___|_   _|/ \  |  _ \_   _| ____|  _ \ 
  | | |  _| \___ \ | |   \___ \ | | / _ \ | |_) || | |  _| | | | |
  | | | |___ ___) || |    ___) || |/ ___ \|  _ < | | | |___| |_| |
  |_| |_____|____/ |_|   |____/ |_/_/   \_\_| \_\|_| |_____|____/ 
                                                                  

TEST STARTED: Elaborar um pedido a vista com empenho em loja/normal
-------------------------------------------------------------------(stories/processos/atendimento_cliente_troca_simplificada_loja.story;Elaborar um pedido a vista com empenho em loja/normal)
[main] INFO net.serenitybdd.core.Serenity - &amp#27;[33mTEST SKIPPED&amp#27;[0m
[main] INFO net.serenitybdd.core.Serenity - &amp#27;[33mTEST SKIPPED&amp#27;[0m
[main] INFO net.serenitybdd.core.Serenity - &amp#27;[33mTEST SKIPPED&amp#27;[0m
[main] INFO net.serenitybdd.core.Serenity - 
 _____ _____ ____ _____   ____ _____  _    ____ _____ _____ ____  
|_   _| ____/ ___|_   _| / ___|_   _|/ \  |  _ \_   _| ____|  _ \ 
  | | |  _| \___ \ | |   \___ \ | | / _ \ | |_) || | |  _| | | | |
  | | | |___ ___) || |    ___) || |/ ___ \|  _ < | | | |___| |_| |
  |_| |_____|____/ |_|   |____/ |_/_/   \_\_| \_\|_| |_____|____/ 
                                                                  

TEST STARTED: Efetua o recebimento do pedido
-------------------------------------------------------------------(stories/processos/atendimento_cliente_troca_simplificada_loja.story;Efetua o recebimento do pedido)
[main] INFO net.serenitybdd.core.Serenity - &amp#27;[33mTEST SKIPPED&amp#27;[0m
[main] INFO net.serenitybdd.core.Serenity - &amp#27;[33mTEST SKIPPED&amp#27;[0m
[main] INFO net.serenitybdd.core.Serenity - &amp#27;[33mTEST SKIPPED&amp#27;[0m
[main] INFO net.serenitybdd.core.Serenity - 
 _____ _____ ____ _____   ____ _____  _    ____ _____ _____ ____  
|_   _| ____/ ___|_   _| / ___|_   _|/ \  |  _ \_   _| ____|  _ \ 
  | | |  _| \___ \ | |   \___ \ | | / _ \ | |_) || | |  _| | | | |
  | | | |___ ___) || |    ___) || |/ ___ \|  _ < | | | |___| |_| |
  |_| |_____|____/ |_|   |____/ |_/_/   \_\_| \_\|_| |_____|____/ 
                                                                  

TEST STARTED: Fatura o pedido recebido
-------------------------------------------------------------------(stories/processos/atendimento_cliente_troca_simplificada_loja.story;Fatura o pedido recebido)
[main] INFO net.serenitybdd.core.Serenity - &amp#27;[33mTEST SKIPPED&amp#27;[0m
[main] INFO net.serenitybdd.core.Serenity - &amp#27;[33mTEST SKIPPED&amp#27;[0m
[main] INFO net.serenitybdd.core.Serenity - &amp#27;[33mTEST SKIPPED&amp#27;[0m
[main] INFO net.serenitybdd.core.Serenity - 
 _____ _____ ____ _____   ____ _____  _    ____ _____ _____ ____  
|_   _| ____/ ___|_   _| / ___|_   _|/ \  |  _ \_   _| ____|  _ \ 
  | | |  _| \___ \ | |   \___ \ | | / _ \ | |_) || | |  _| | | | |
  | | | |___ ___) || |    ___) || |/ ___ \|  _ < | | | |___| |_| |
  |_| |_____|____/ |_|   |____/ |_/_/   \_\_| \_\|_| |_____|____/ 
                                                                  

TEST STARTED: Elaborar um atendimento para o pedido realizado
-------------------------------------------------------------------(stories/processos/atendimento_cliente_troca_simplificada_loja.story;Elaborar um atendimento para o pedido realizado)
[main] INFO net.serenitybdd.core.Serenity - &amp#27;[33mTEST SKIPPED&amp#27;[0m
[main] INFO net.serenitybdd.core.Serenity - &amp#27;[33mTEST SKIPPED&amp#27;[0m
[main] INFO net.serenitybdd.core.Serenity - &amp#27;[33mTEST SKIPPED&amp#27;[0m
[main] INFO net.serenitybdd.core.Serenity - 
 _____ _____ ____ _____   ____ _____  _    ____ _____ _____ ____  
|_   _| ____/ ___|_   _| / ___|_   _|/ \  |  _ \_   _| ____|  _ \ 
  | | |  _| \___ \ | |   \___ \ | | / _ \ | |_) || | |  _| | | | |
  | | | |___ ___) || |    ___) || |/ ___ \|  _ < | | | |___| |_| |
  |_| |_____|____/ |_|   |____/ |_/_/   \_\_| \_\|_| |_____|____/ 
                                                                  

TEST STARTED: Fatura o pedido criado na troca simplificada
-------------------------------------------------------------------(stories/processos/atendimento_cliente_troca_simplificada_loja.story;Fatura o pedido criado na troca simplificada)
[main] INFO net.serenitybdd.core.Serenity - &amp#27;[33mTEST SKIPPED&amp#27;[0m
[main] INFO net.serenitybdd.core.Serenity - &amp#27;[33mTEST SKIPPED&amp#27;[0m
[main] INFO net.serenitybdd.core.Serenity - &amp#27;[33mTEST SKIPPED&amp#27;[0m
[main] INFO net.serenitybdd.core.Serenity - 
 _____ _____ ____ _____   ____ _____  _    ____ _____ _____ ____  
|_   _| ____/ ___|_   _| / ___|_   _|/ \  |  _ \_   _| ____|  _ \ 
  | | |  _| \___ \ | |   \___ \ | | / _ \ | |_) || | |  _| | | | |
  | | | |___ ___) || |    ___) || |/ ___ \|  _ < | | | |___| |_| |
  |_| |_____|____/ |_|   |____/ |_/_/   \_\_| \_\|_| |_____|____/ 
                                                                  

TEST STARTED: Realiza o Recolhimento de Produto
-------------------------------------------------------------------(stories/processos/atendimento_cliente_troca_simplificada_loja.story;Realiza o Recolhimento de Produto)
[main] INFO net.serenitybdd.core.Serenity - &amp#27;[33mTEST SKIPPED&amp#27;[0m
[main] INFO net.serenitybdd.core.Serenity - &amp#27;[33mTEST SKIPPED&amp#27;[0m
[main] INFO net.serenitybdd.core.Serenity - &amp#27;[33mTEST SKIPPED&amp#27;[0m
[pool-97-thread-1] INFO net.thucydides.core.reports.json.JSONTestOutcomeReporter - Generating JSON report for Elaborar um pedido a vista com empenho em loja/normal to file /home/pedro/Documentos/Automação/testes-automatizados/mv-lojas-bdd/target/site/serenity/56403c56f2d81588f36274faa1f8f9ad515470d237da27782eb5d393208224c7.json (using temp file /home/pedro/Documentos/Automação/testes-automatizados/mv-lojas-bdd/target/site/serenity/56403c56f2d81588f36274faa1f8f9ad515470d237da27782eb5d393208224c7.json5bc07afe-afa9-4330-aab5-e8f6496baf4d)
[pool-97-thread-2] INFO net.thucydides.core.reports.json.JSONTestOutcomeReporter - Generating JSON report for Efetua o recebimento do pedido to file /home/pedro/Documentos/Automação/testes-automatizados/mv-lojas-bdd/target/site/serenity/bb5c03228541a573a8dfb3352d9778b8bc63b761a14a2f04e67ebbf2c63cc389.json (using temp file /home/pedro/Documentos/Automação/testes-automatizados/mv-lojas-bdd/target/site/serenity/bb5c03228541a573a8dfb3352d9778b8bc63b761a14a2f04e67ebbf2c63cc389.json0314a282-1ac3-4383-8d0d-0c44cc1e879f)
[pool-97-thread-3] INFO net.thucydides.core.reports.json.JSONTestOutcomeReporter - Generating JSON report for Fatura o pedido recebido to file /home/pedro/Documentos/Automação/testes-automatizados/mv-lojas-bdd/target/site/serenity/15d310be90df4a476aae1f5ac5183db1ca7f8320864b275220542de146990a1c.json (using temp file /home/pedro/Documentos/Automação/testes-automatizados/mv-lojas-bdd/target/site/serenity/15d310be90df4a476aae1f5ac5183db1ca7f8320864b275220542de146990a1c.json9a562a49-5376-441d-8230-b7f69aa135bc)
[pool-97-thread-4] INFO net.thucydides.core.reports.json.JSONTestOutcomeReporter - Generating JSON report for Elaborar um atendimento para o pedido realizado to file /home/pedro/Documentos/Automação/testes-automatizados/mv-lojas-bdd/target/site/serenity/7508a03096ee0a840e924cd0e19801f7a99299adbbff96dfa3773403f5123258.json (using temp file /home/pedro/Documentos/Automação/testes-automatizados/mv-lojas-bdd/target/site/serenity/7508a03096ee0a840e924cd0e19801f7a99299adbbff96dfa3773403f5123258.jsone719f56e-39e3-4acc-a403-ad9a9eae0388)
[pool-97-thread-3] INFO net.thucydides.core.reports.json.JSONTestOutcomeReporter - Generating JSON report for Realiza o Recolhimento de Produto to file /home/pedro/Documentos/Automação/testes-automatizados/mv-lojas-bdd/target/site/serenity/ddf63afab4fd96f85a5f156e40bebd425c6d9b44bb841f30c44bc537d0373848.json (using temp file /home/pedro/Documentos/Automação/testes-automatizados/mv-lojas-bdd/target/site/serenity/ddf63afab4fd96f85a5f156e40bebd425c6d9b44bb841f30c44bc537d0373848.json5fe0969a-f208-4244-9387-aae8a143ce04)
[pool-97-thread-1] INFO net.thucydides.core.reports.json.JSONTestOutcomeReporter - Generating JSON report for Fatura o pedido criado na troca simplificada to file /home/pedro/Documentos/Automação/testes-automatizados/mv-lojas-bdd/target/site/serenity/46c0a81c0de41f26a51a179a8a3131f16d46df93caab672ebda90fd6fdfedcc6.json (using temp file /home/pedro/Documentos/Automação/testes-automatizados/mv-lojas-bdd/target/site/serenity/46c0a81c0de41f26a51a179a8a3131f16d46df93caab672ebda90fd6fdfedcc6.json7dc42d9c-9b5d-42b9-bb4d-890b2d9ec800)
[main] INFO net.serenitybdd.core.Serenity - Test Suite Started: Atendimento cliente recibo troca pedido deposito faturado
[main] INFO net.serenitybdd.core.Serenity - 
 _____ _____ ____ _____   ____ _____  _    ____ _____ _____ ____  
|_   _| ____/ ___|_   _| / ___|_   _|/ \  |  _ \_   _| ____|  _ \ 
  | | |  _| \___ \ | |   \___ \ | | / _ \ | |_) || | |  _| | | | |
  | | | |___ ___) || |    ___) || |/ ___ \|  _ < | | | |___| |_| |
  |_| |_____|____/ |_|   |____/ |_/_/   \_\_| \_\|_| |_____|____/ 
                                                                  

TEST STARTED: Elaborar um pedido a vista com empenho em loja/normal
-------------------------------------------------------------------(stories/processos/atendimento_cliente_recibo_troca_pedido_deposito_faturado.story;Elaborar um pedido a vista com empenho em loja/normal)
[main] INFO net.serenitybdd.core.Serenity - &amp#27;[33mTEST SKIPPED&amp#27;[0m
[main] INFO net.serenitybdd.core.Serenity - &amp#27;[33mTEST SKIPPED&amp#27;[0m
[main] INFO net.serenitybdd.core.Serenity - &amp#27;[33mTEST SKIPPED&amp#27;[0m
[main] INFO net.serenitybdd.core.Serenity - 
 _____ _____ ____ _____   ____ _____  _    ____ _____ _____ ____  
|_   _| ____/ ___|_   _| / ___|_   _|/ \  |  _ \_   _| ____|  _ \ 
  | | |  _| \___ \ | |   \___ \ | | / _ \ | |_) || | |  _| | | | |
  | | | |___ ___) || |    ___) || |/ ___ \|  _ < | | | |___| |_| |
  |_| |_____|____/ |_|   |____/ |_/_/   \_\_| \_\|_| |_____|____/ 
                                                                  

TEST STARTED: Efetua o recebimento do pedido
-------------------------------------------------------------------(stories/processos/atendimento_cliente_recibo_troca_pedido_deposito_faturado.story;Efetua o recebimento do pedido)
[main] INFO net.serenitybdd.core.Serenity - &amp#27;[33mTEST SKIPPED&amp#27;[0m
[main] INFO net.serenitybdd.core.Serenity - &amp#27;[33mTEST SKIPPED&amp#27;[0m
[main] INFO net.serenitybdd.core.Serenity - &amp#27;[33mTEST SKIPPED&amp#27;[0m
[main] INFO net.serenitybdd.core.Serenity - 
 _____ _____ ____ _____   ____ _____  _    ____ _____ _____ ____  
|_   _| ____/ ___|_   _| / ___|_   _|/ \  |  _ \_   _| ____|  _ \ 
  | | |  _| \___ \ | |   \___ \ | | / _ \ | |_) || | |  _| | | | |
  | | | |___ ___) || |    ___) || |/ ___ \|  _ < | | | |___| |_| |
  |_| |_____|____/ |_|   |____/ |_/_/   \_\_| \_\|_| |_____|____/ 
                                                                  

TEST STARTED: Cria a carga para associar ao controle de faturamento
-------------------------------------------------------------------(stories/processos/atendimento_cliente_recibo_troca_pedido_deposito_faturado.story;Cria a carga para associar ao controle de faturamento)
[main] INFO net.serenitybdd.core.Serenity - &amp#27;[33mTEST SKIPPED&amp#27;[0m
[main] INFO net.serenitybdd.core.Serenity - &amp#27;[33mTEST SKIPPED&amp#27;[0m
[main] INFO net.serenitybdd.core.Serenity - &amp#27;[33mTEST SKIPPED&amp#27;[0m
[main] INFO net.serenitybdd.core.Serenity - 
 _____ _____ ____ _____   ____ _____  _    ____ _____ _____ ____  
|_   _| ____/ ___|_   _| / ___|_   _|/ \  |  _ \_   _| ____|  _ \ 
  | | |  _| \___ \ | |   \___ \ | | / _ \ | |_) || | |  _| | | | |
  | | | |___ ___) || |    ___) || |/ ___ \|  _ < | | | |___| |_| |
  |_| |_____|____/ |_|   |____/ |_/_/   \_\_| \_\|_| |_____|____/ 
                                                                  

TEST STARTED: Cria a nota de transferencia do CD 47 para o CD 221
-------------------------------------------------------------------(stories/processos/atendimento_cliente_recibo_troca_pedido_deposito_faturado.story;Cria a nota de transferencia do CD 47 para o CD 221)
[main] INFO net.serenitybdd.core.Serenity - &amp#27;[33mTEST SKIPPED&amp#27;[0m
[main] INFO net.serenitybdd.core.Serenity - &amp#27;[33mTEST SKIPPED&amp#27;[0m
[main] INFO net.serenitybdd.core.Serenity - &amp#27;[33mTEST SKIPPED&amp#27;[0m
[main] INFO net.serenitybdd.core.Serenity - 
 _____ _____ ____ _____   ____ _____  _    ____ _____ _____ ____  
|_   _| ____/ ___|_   _| / ___|_   _|/ \  |  _ \_   _| ____|  _ \ 
  | | |  _| \___ \ | |   \___ \ | | / _ \ | |_) || | |  _| | | | |
  | | | |___ ___) || |    ___) || |/ ___ \|  _ < | | | |___| |_| |
  |_| |_____|____/ |_|   |____/ |_/_/   \_\_| \_\|_| |_____|____/ 
                                                                  

TEST STARTED: Processa a nota de transferencia a nota no CD 221
-------------------------------------------------------------------(stories/processos/atendimento_cliente_recibo_troca_pedido_deposito_faturado.story;Processa a nota de transferencia a nota no CD 221)
[main] INFO net.serenitybdd.core.Serenity - &amp#27;[33mTEST SKIPPED&amp#27;[0m
[main] INFO net.serenitybdd.core.Serenity - &amp#27;[33mTEST SKIPPED&amp#27;[0m
[main] INFO net.serenitybdd.core.Serenity - &amp#27;[33mTEST SKIPPED&amp#27;[0m
[main] INFO net.serenitybdd.core.Serenity - 
 _____ _____ ____ _____   ____ _____  _    ____ _____ _____ ____  
|_   _| ____/ ___|_   _| / ___|_   _|/ \  |  _ \_   _| ____|  _ \ 
  | | |  _| \___ \ | |   \___ \ | | / _ \ | |_) || | |  _| | | | |
  | | | |___ ___) || |    ___) || |/ ___ \|  _ < | | | |___| |_| |
  |_| |_____|____/ |_|   |____/ |_/_/   \_\_| \_\|_| |_____|____/ 
                                                                  

TEST STARTED: Fatura a nota de transferencia a nota no CD 221
-------------------------------------------------------------------(stories/processos/atendimento_cliente_recibo_troca_pedido_deposito_faturado.story;Fatura a nota de transferencia a nota no CD 221)
[main] INFO net.serenitybdd.core.Serenity - &amp#27;[33mTEST SKIPPED&amp#27;[0m
[main] INFO net.serenitybdd.core.Serenity - &amp#27;[33mTEST SKIPPED&amp#27;[0m
[main] INFO net.serenitybdd.core.Serenity - &amp#27;[33mTEST SKIPPED&amp#27;[0m
[main] INFO net.serenitybdd.core.Serenity - 
 _____ _____ ____ _____   ____ _____  _    ____ _____ _____ ____  
|_   _| ____/ ___|_   _| / ___|_   _|/ \  |  _ \_   _| ____|  _ \ 
  | | |  _| \___ \ | |   \___ \ | | / _ \ | |_) || | |  _| | | | |
  | | | |___ ___) || |    ___) || |/ ___ \|  _ < | | | |___| |_| |
  |_| |_____|____/ |_|   |____/ |_/_/   \_\_| \_\|_| |_____|____/ 
                                                                  

TEST STARTED: Elaborar um atendimento para o pedido realizado
-------------------------------------------------------------------(stories/processos/atendimento_cliente_recibo_troca_pedido_deposito_faturado.story;Elaborar um atendimento para o pedido realizado)
[main] INFO net.serenitybdd.core.Serenity - &amp#27;[33mTEST SKIPPED&amp#27;[0m
[main] INFO net.serenitybdd.core.Serenity - &amp#27;[33mTEST SKIPPED&amp#27;[0m
[main] INFO net.serenitybdd.core.Serenity - &amp#27;[33mTEST SKIPPED&amp#27;[0m
[main] INFO net.serenitybdd.core.Serenity - 
 _____ _____ ____ _____   ____ _____  _    ____ _____ _____ ____  
|_   _| ____/ ___|_   _| / ___|_   _|/ \  |  _ \_   _| ____|  _ \ 
  | | |  _| \___ \ | |   \___ \ | | / _ \ | |_) || | |  _| | | | |
  | | | |___ ___) || |    ___) || |/ ___ \|  _ < | | | |___| |_| |
  |_| |_____|____/ |_|   |____/ |_/_/   \_\_| \_\|_| |_____|____/ 
                                                                  

TEST STARTED: Cria a carga para associar ao controle de faturamento
-------------------------------------------------------------------(stories/processos/atendimento_cliente_recibo_troca_pedido_deposito_faturado.story;Cria a carga para associar ao controle de faturamento)
[main] INFO net.serenitybdd.core.Serenity - &amp#27;[33mTEST SKIPPED&amp#27;[0m
[main] INFO net.serenitybdd.core.Serenity - &amp#27;[33mTEST SKIPPED&amp#27;[0m
[main] INFO net.serenitybdd.core.Serenity - &amp#27;[33mTEST SKIPPED&amp#27;[0m
[main] INFO net.serenitybdd.core.Serenity - 
 _____ _____ ____ _____   ____ _____  _    ____ _____ _____ ____  
|_   _| ____/ ___|_   _| / ___|_   _|/ \  |  _ \_   _| ____|  _ \ 
  | | |  _| \___ \ | |   \___ \ | | / _ \ | |_) || | |  _| | | | |
  | | | |___ ___) || |    ___) || |/ ___ \|  _ < | | | |___| |_| |
  |_| |_____|____/ |_|   |____/ |_/_/   \_\_| \_\|_| |_____|____/ 
                                                                  

TEST STARTED: Cria a nota de transferencia do CD 47 para o CD 221
-------------------------------------------------------------------(stories/processos/atendimento_cliente_recibo_troca_pedido_deposito_faturado.story;Cria a nota de transferencia do CD 47 para o CD 221)
[main] INFO net.serenitybdd.core.Serenity - &amp#27;[33mTEST SKIPPED&amp#27;[0m
[main] INFO net.serenitybdd.core.Serenity - &amp#27;[33mTEST SKIPPED&amp#27;[0m
[main] INFO net.serenitybdd.core.Serenity - &amp#27;[33mTEST SKIPPED&amp#27;[0m
[main] INFO net.serenitybdd.core.Serenity - 
 _____ _____ ____ _____   ____ _____  _    ____ _____ _____ ____  
|_   _| ____/ ___|_   _| / ___|_   _|/ \  |  _ \_   _| ____|  _ \ 
  | | |  _| \___ \ | |   \___ \ | | / _ \ | |_) || | |  _| | | | |
  | | | |___ ___) || |    ___) || |/ ___ \|  _ < | | | |___| |_| |
  |_| |_____|____/ |_|   |____/ |_/_/   \_\_| \_\|_| |_____|____/ 
                                                                  

TEST STARTED: Processa a nota de transferencia a nota no CD 221
-------------------------------------------------------------------(stories/processos/atendimento_cliente_recibo_troca_pedido_deposito_faturado.story;Processa a nota de transferencia a nota no CD 221)
[main] INFO net.serenitybdd.core.Serenity - &amp#27;[33mTEST SKIPPED&amp#27;[0m
[main] INFO net.serenitybdd.core.Serenity - &amp#27;[33mTEST SKIPPED&amp#27;[0m
[main] INFO net.serenitybdd.core.Serenity - &amp#27;[33mTEST SKIPPED&amp#27;[0m
[main] INFO net.serenitybdd.core.Serenity - 
 _____ _____ ____ _____   ____ _____  _    ____ _____ _____ ____  
|_   _| ____/ ___|_   _| / ___|_   _|/ \  |  _ \_   _| ____|  _ \ 
  | | |  _| \___ \ | |   \___ \ | | / _ \ | |_) || | |  _| | | | |
  | | | |___ ___) || |    ___) || |/ ___ \|  _ < | | | |___| |_| |
  |_| |_____|____/ |_|   |____/ |_/_/   \_\_| \_\|_| |_____|____/ 
                                                                  

TEST STARTED: Fatura a nota de transferencia a nota no CD 221
-------------------------------------------------------------------(stories/processos/atendimento_cliente_recibo_troca_pedido_deposito_faturado.story;Fatura a nota de transferencia a nota no CD 221)
[main] INFO net.serenitybdd.core.Serenity - &amp#27;[33mTEST SKIPPED&amp#27;[0m
[main] INFO net.serenitybdd.core.Serenity - &amp#27;[33mTEST SKIPPED&amp#27;[0m
[main] INFO net.serenitybdd.core.Serenity - &amp#27;[33mTEST SKIPPED&amp#27;[0m
[main] INFO net.serenitybdd.core.Serenity - 
 _____ _____ ____ _____   ____ _____  _    ____ _____ _____ ____  
|_   _| ____/ ___|_   _| / ___|_   _|/ \  |  _ \_   _| ____|  _ \ 
  | | |  _| \___ \ | |   \___ \ | | / _ \ | |_) || | |  _| | | | |
  | | | |___ ___) || |    ___) || |/ ___ \|  _ < | | | |___| |_| |
  |_| |_____|____/ |_|   |____/ |_/_/   \_\_| \_\|_| |_____|____/ 
                                                                  

TEST STARTED: Realiza o Recolhimento de Produto
-------------------------------------------------------------------(stories/processos/atendimento_cliente_recibo_troca_pedido_deposito_faturado.story;Realiza o Recolhimento de Produto)
[main] INFO net.serenitybdd.core.Serenity - &amp#27;[33mTEST SKIPPED&amp#27;[0m
[main] INFO net.serenitybdd.core.Serenity - &amp#27;[33mTEST SKIPPED&amp#27;[0m
[main] INFO net.serenitybdd.core.Serenity - &amp#27;[33mTEST SKIPPED&amp#27;[0m
[main] INFO net.serenitybdd.core.Serenity - 
 _____ _____ ____ _____   ____ _____  _    ____ _____ _____ ____  
|_   _| ____/ ___|_   _| / ___|_   _|/ \  |  _ \_   _| ____|  _ \ 
  | | |  _| \___ \ | |   \___ \ | | / _ \ | |_) || | |  _| | | | |
  | | | |___ ___) || |    ___) || |/ ___ \|  _ < | | | |___| |_| |
  |_| |_____|____/ |_|   |____/ |_/_/   \_\_| \_\|_| |_____|____/ 
                                                                  

TEST STARTED: Elaborar um pedido utilizando o recibo de troca
-------------------------------------------------------------------(stories/processos/atendimento_cliente_recibo_troca_pedido_deposito_faturado.story;Elaborar um pedido utilizando o recibo de troca)
[main] INFO net.serenitybdd.core.Serenity - &amp#27;[33mTEST SKIPPED&amp#27;[0m
[main] INFO net.serenitybdd.core.Serenity - &amp#27;[33mTEST SKIPPED&amp#27;[0m
[main] INFO net.serenitybdd.core.Serenity - &amp#27;[33mTEST SKIPPED&amp#27;[0m
[main] INFO net.serenitybdd.core.Serenity - 
 _____ _____ ____ _____   ____ _____  _    ____ _____ _____ ____  
|_   _| ____/ ___|_   _| / ___|_   _|/ \  |  _ \_   _| ____|  _ \ 
  | | |  _| \___ \ | |   \___ \ | | / _ \ | |_) || | |  _| | | | |
  | | | |___ ___) || |    ___) || |/ ___ \|  _ < | | | |___| |_| |
  |_| |_____|____/ |_|   |____/ |_/_/   \_\_| \_\|_| |_____|____/ 
                                                                  

TEST STARTED: Efetua o recebimento do pedido feito com recibo de troca
-------------------------------------------------------------------(stories/processos/atendimento_cliente_recibo_troca_pedido_deposito_faturado.story;Efetua o recebimento do pedido feito com recibo de troca)
[main] INFO net.serenitybdd.core.Serenity - &amp#27;[33mTEST SKIPPED&amp#27;[0m
[main] INFO net.serenitybdd.core.Serenity - &amp#27;[33mTEST SKIPPED&amp#27;[0m
[main] INFO net.serenitybdd.core.Serenity - &amp#27;[33mTEST SKIPPED&amp#27;[0m
[pool-120-thread-1] INFO net.thucydides.core.reports.json.JSONTestOutcomeReporter - Generating JSON report for Elaborar um pedido a vista com empenho em loja/normal to file /home/pedro/Documentos/Automação/testes-automatizados/mv-lojas-bdd/target/site/serenity/ba54bf93cb00d1dc8464822eafdf5559f25b2aa88d4943a10e91d02209ad12d3.json (using temp file /home/pedro/Documentos/Automação/testes-automatizados/mv-lojas-bdd/target/site/serenity/ba54bf93cb00d1dc8464822eafdf5559f25b2aa88d4943a10e91d02209ad12d3.jsonc9632682-3ded-4e71-8b3a-305c4a5077ff)
[pool-120-thread-2] INFO net.thucydides.core.reports.json.JSONTestOutcomeReporter - Generating JSON report for Efetua o recebimento do pedido to file /home/pedro/Documentos/Automação/testes-automatizados/mv-lojas-bdd/target/site/serenity/3bd6a1bd2e62010cfa1fc0b3340449fb60fad6091f3daa22b9128e851a8e3465.json (using temp file /home/pedro/Documentos/Automação/testes-automatizados/mv-lojas-bdd/target/site/serenity/3bd6a1bd2e62010cfa1fc0b3340449fb60fad6091f3daa22b9128e851a8e3465.json6a117216-0e12-454b-8d62-60eaf7c507ec)
[pool-120-thread-3] INFO net.thucydides.core.reports.json.JSONTestOutcomeReporter - Generating JSON report for Cria a carga para associar ao controle de faturamento to file /home/pedro/Documentos/Automação/testes-automatizados/mv-lojas-bdd/target/site/serenity/1a60109995f7b473b4b444f32a4fc4a0a327b746ed864667fe83e99f1a2bfea9.json (using temp file /home/pedro/Documentos/Automação/testes-automatizados/mv-lojas-bdd/target/site/serenity/1a60109995f7b473b4b444f32a4fc4a0a327b746ed864667fe83e99f1a2bfea9.jsonbc0a9eab-91f5-4984-902f-caeddf1d8107)
[pool-120-thread-1] INFO net.thucydides.core.reports.json.JSONTestOutcomeReporter - Generating JSON report for Processa a nota de transferencia a nota no CD 221 to file /home/pedro/Documentos/Automação/testes-automatizados/mv-lojas-bdd/target/site/serenity/5779edb5c75ce5dfb106cd759826b427be5d8ca216d8d4c3a8314611d90a231d.json (using temp file /home/pedro/Documentos/Automação/testes-automatizados/mv-lojas-bdd/target/site/serenity/5779edb5c75ce5dfb106cd759826b427be5d8ca216d8d4c3a8314611d90a231d.jsond8b08a00-b1b6-45db-8bbe-8f75ac6b75cf)
[pool-120-thread-1] INFO net.thucydides.core.reports.json.JSONTestOutcomeReporter - Generating JSON report for Elaborar um atendimento para o pedido realizado to file /home/pedro/Documentos/Automação/testes-automatizados/mv-lojas-bdd/target/site/serenity/3b4a43ef68ac643ec961a60c854ac326f9750ddca152c5deba9daaed657d0f84.json (using temp file /home/pedro/Documentos/Automação/testes-automatizados/mv-lojas-bdd/target/site/serenity/3b4a43ef68ac643ec961a60c854ac326f9750ddca152c5deba9daaed657d0f84.jsonc10d373b-2d1a-4efe-a3e4-6886b25960cc)
[pool-120-thread-1] INFO net.thucydides.core.reports.json.JSONTestOutcomeReporter - Generating JSON report for Cria a carga para associar ao controle de faturamento to file /home/pedro/Documentos/Automação/testes-automatizados/mv-lojas-bdd/target/site/serenity/1a60109995f7b473b4b444f32a4fc4a0a327b746ed864667fe83e99f1a2bfea9.json (using temp file /home/pedro/Documentos/Automação/testes-automatizados/mv-lojas-bdd/target/site/serenity/1a60109995f7b473b4b444f32a4fc4a0a327b746ed864667fe83e99f1a2bfea9.jsonc42959b2-e79d-480d-8986-e2fd06a81d23)
[pool-120-thread-1] INFO net.thucydides.core.reports.json.JSONTestOutcomeReporter - Generating JSON report for Cria a nota de transferencia do CD 47 para o CD 221 to file /home/pedro/Documentos/Automação/testes-automatizados/mv-lojas-bdd/target/site/serenity/034426073d039f0a6f58a110ef3c8e798a251d2bb052e44033f595a7837e741e.json (using temp file /home/pedro/Documentos/Automação/testes-automatizados/mv-lojas-bdd/target/site/serenity/034426073d039f0a6f58a110ef3c8e798a251d2bb052e44033f595a7837e741e.jsonbc13d4cb-a2f0-4a94-91e3-1f0815fd2df1)
[pool-120-thread-3] INFO net.thucydides.core.reports.json.JSONTestOutcomeReporter - Generating JSON report for Processa a nota de transferencia a nota no CD 221 to file /home/pedro/Documentos/Automação/testes-automatizados/mv-lojas-bdd/target/site/serenity/5779edb5c75ce5dfb106cd759826b427be5d8ca216d8d4c3a8314611d90a231d.json (using temp file /home/pedro/Documentos/Automação/testes-automatizados/mv-lojas-bdd/target/site/serenity/5779edb5c75ce5dfb106cd759826b427be5d8ca216d8d4c3a8314611d90a231d.jsonc1648eef-035b-4241-88cb-3cfeee01a208)
[pool-120-thread-1] INFO net.thucydides.core.reports.json.JSONTestOutcomeReporter - Generating JSON report for Fatura a nota de transferencia a nota no CD 221 to file /home/pedro/Documentos/Automação/testes-automatizados/mv-lojas-bdd/target/site/serenity/a55d5bdd78ba6810eb04cbda2d1af693ef2192539fe15d9ddaf54eff9a4aeb89.json (using temp file /home/pedro/Documentos/Automação/testes-automatizados/mv-lojas-bdd/target/site/serenity/a55d5bdd78ba6810eb04cbda2d1af693ef2192539fe15d9ddaf54eff9a4aeb89.jsonc6fd5455-85da-41a0-b8a3-f2486cdd804d)
[pool-120-thread-1] INFO net.thucydides.core.reports.json.JSONTestOutcomeReporter - Generating JSON report for Realiza o Recolhimento de Produto to file /home/pedro/Documentos/Automação/testes-automatizados/mv-lojas-bdd/target/site/serenity/d836e883610dcc8caf415b91cdba5d5344e3027c0ce7941f0cc020d53eab1ce6.json (using temp file /home/pedro/Documentos/Automação/testes-automatizados/mv-lojas-bdd/target/site/serenity/d836e883610dcc8caf415b91cdba5d5344e3027c0ce7941f0cc020d53eab1ce6.json0a75b4e9-1b26-486a-ab36-46ce500962cb)
[pool-120-thread-3] INFO net.thucydides.core.reports.json.JSONTestOutcomeReporter - Generating JSON report for Elaborar um pedido utilizando o recibo de troca to file /home/pedro/Documentos/Automação/testes-automatizados/mv-lojas-bdd/target/site/serenity/90beb748118dc63e4b64bc380b4a678aa57dfbd7aa7cfcdc48aacc9b3ec936a4.json (using temp file /home/pedro/Documentos/Automação/testes-automatizados/mv-lojas-bdd/target/site/serenity/90beb748118dc63e4b64bc380b4a678aa57dfbd7aa7cfcdc48aacc9b3ec936a4.json8078db38-e99f-4670-9775-c11c6f05ed39)
[pool-120-thread-2] INFO net.thucydides.core.reports.json.JSONTestOutcomeReporter - Generating JSON report for Fatura a nota de transferencia a nota no CD 221 to file /home/pedro/Documentos/Automação/testes-automatizados/mv-lojas-bdd/target/site/serenity/a55d5bdd78ba6810eb04cbda2d1af693ef2192539fe15d9ddaf54eff9a4aeb89.json (using temp file /home/pedro/Documentos/Automação/testes-automatizados/mv-lojas-bdd/target/site/serenity/a55d5bdd78ba6810eb04cbda2d1af693ef2192539fe15d9ddaf54eff9a4aeb89.jsonabe41800-43b2-43f6-9169-1096cc238a71)
[pool-120-thread-1] INFO net.thucydides.core.reports.json.JSONTestOutcomeReporter - Generating JSON report for Efetua o recebimento do pedido feito com recibo de troca to file /home/pedro/Documentos/Automação/testes-automatizados/mv-lojas-bdd/target/site/serenity/4df388ef6b6f325bf5e2dd584ff918c3001eaf482de2b7df06cedd8f518cfbf9.json (using temp file /home/pedro/Documentos/Automação/testes-automatizados/mv-lojas-bdd/target/site/serenity/4df388ef6b6f325bf5e2dd584ff918c3001eaf482de2b7df06cedd8f518cfbf9.json34860195-2a01-497b-bb77-514eca0de415)
[pool-120-thread-4] INFO net.thucydides.core.reports.json.JSONTestOutcomeReporter - Generating JSON report for Cria a nota de transferencia do CD 47 para o CD 221 to file /home/pedro/Documentos/Automação/testes-automatizados/mv-lojas-bdd/target/site/serenity/034426073d039f0a6f58a110ef3c8e798a251d2bb052e44033f595a7837e741e.json (using temp file /home/pedro/Documentos/Automação/testes-automatizados/mv-lojas-bdd/target/site/serenity/034426073d039f0a6f58a110ef3c8e798a251d2bb052e44033f595a7837e741e.jsonbeaa725f-4e97-4290-b8b0-6bbebb834382)
[main] INFO net.serenitybdd.core.Serenity - Test Suite Started: Cadastro grupo acesso tratativa
[main] INFO net.serenitybdd.core.Serenity - 
 _____ _____ ____ _____   ____ _____  _    ____ _____ _____ ____  
|_   _| ____/ ___|_   _| / ___|_   _|/ \  |  _ \_   _| ____|  _ \ 
  | | |  _| \___ \ | |   \___ \ | | / _ \ | |_) || | |  _| | | | |
  | | | |___ ___) || |    ___) || |/ ___ \|  _ < | | | |___| |_| |
  |_| |_____|____/ |_|   |____/ |_/_/   \_\_| \_\|_| |_____|____/ 
                                                                  

TEST STARTED: Cadastrar Associação tratativa x Grupo de Acesso x Regras - UC012
-------------------------------------------------------------------(stories/cadastros/cadastro_grupo_acesso_tratativa.story;Cadastrar Associação tratativa x Grupo de Acesso x Regras - UC012)
[main] INFO net.serenitybdd.core.Serenity - &amp#27;[33mTEST SKIPPED&amp#27;[0m
[main] INFO net.serenitybdd.core.Serenity - &amp#27;[33mTEST SKIPPED&amp#27;[0m
[main] INFO net.serenitybdd.core.Serenity - &amp#27;[33mTEST SKIPPED&amp#27;[0m
[main] INFO net.serenitybdd.core.Serenity - 
 _____ _____ ____ _____   ____ _____  _    ____ _____ _____ ____  
|_   _| ____/ ___|_   _| / ___|_   _|/ \  |  _ \_   _| ____|  _ \ 
  | | |  _| \___ \ | |   \___ \ | | / _ \ | |_) || | |  _| | | | |
  | | | |___ ___) || |    ___) || |/ ___ \|  _ < | | | |___| |_| |
  |_| |_____|____/ |_|   |____/ |_/_/   \_\_| \_\|_| |_____|____/ 
                                                                  

TEST STARTED: Editar Associação tratativa x Grupo de Acesso x Regras
-------------------------------------------------------------------(stories/cadastros/cadastro_grupo_acesso_tratativa.story;Editar Associação tratativa x Grupo de Acesso x Regras)
[main] INFO net.serenitybdd.core.Serenity - &amp#27;[33mTEST SKIPPED&amp#27;[0m
[main] INFO net.serenitybdd.core.Serenity - &amp#27;[33mTEST SKIPPED&amp#27;[0m
[main] INFO net.serenitybdd.core.Serenity - &amp#27;[33mTEST SKIPPED&amp#27;[0m
[main] INFO net.serenitybdd.core.Serenity - 
 _____ _____ ____ _____   ____ _____  _    ____ _____ _____ ____  
|_   _| ____/ ___|_   _| / ___|_   _|/ \  |  _ \_   _| ____|  _ \ 
  | | |  _| \___ \ | |   \___ \ | | / _ \ | |_) || | |  _| | | | |
  | | | |___ ___) || |    ___) || |/ ___ \|  _ < | | | |___| |_| |
  |_| |_____|____/ |_|   |____/ |_/_/   \_\_| \_\|_| |_____|____/ 
                                                                  

TEST STARTED: Excluir Associação tratativa x Grupo de Acesso x Regras
-------------------------------------------------------------------(stories/cadastros/cadastro_grupo_acesso_tratativa.story;Excluir Associação tratativa x Grupo de Acesso x Regras)
[main] INFO net.serenitybdd.core.Serenity - &amp#27;[33mTEST SKIPPED&amp#27;[0m
[main] INFO net.serenitybdd.core.Serenity - &amp#27;[33mTEST SKIPPED&amp#27;[0m
[main] INFO net.serenitybdd.core.Serenity - &amp#27;[33mTEST SKIPPED&amp#27;[0m
[pool-137-thread-1] INFO net.thucydides.core.reports.json.JSONTestOutcomeReporter - Generating JSON report for Cadastrar Associação tratativa x Grupo de Acesso x Regras - UC012 to file /home/pedro/Documentos/Automação/testes-automatizados/mv-lojas-bdd/target/site/serenity/2c6f51aadf6c46185fd3be468be13d99b81575faa493608394cb70ae886d89e1.json (using temp file /home/pedro/Documentos/Automação/testes-automatizados/mv-lojas-bdd/target/site/serenity/2c6f51aadf6c46185fd3be468be13d99b81575faa493608394cb70ae886d89e1.json5bc642b6-e67f-4fa1-b306-3e0a48136b86)
[pool-137-thread-2] INFO net.thucydides.core.reports.json.JSONTestOutcomeReporter - Generating JSON report for Editar Associação tratativa x Grupo de Acesso x Regras to file /home/pedro/Documentos/Automação/testes-automatizados/mv-lojas-bdd/target/site/serenity/7730e97b0a48ca98ea054b616851a235202c877fd4720908c44071f4ad01ab40.json (using temp file /home/pedro/Documentos/Automação/testes-automatizados/mv-lojas-bdd/target/site/serenity/7730e97b0a48ca98ea054b616851a235202c877fd4720908c44071f4ad01ab40.jsond6dfc8b4-3fb9-444f-8b7f-7edce750f301)
[pool-137-thread-3] INFO net.thucydides.core.reports.json.JSONTestOutcomeReporter - Generating JSON report for Excluir Associação tratativa x Grupo de Acesso x Regras to file /home/pedro/Documentos/Automação/testes-automatizados/mv-lojas-bdd/target/site/serenity/d8c31b10c9c5a2efe7aa6b6e0a330b58b8eb236d3ff706bb817904dd54ffe734.json (using temp file /home/pedro/Documentos/Automação/testes-automatizados/mv-lojas-bdd/target/site/serenity/d8c31b10c9c5a2efe7aa6b6e0a330b58b8eb236d3ff706bb817904dd54ffe734.json94d97e6e-350b-42c4-9139-2f6e8190a5c5)
[main] INFO net.serenitybdd.core.Serenity - Test Suite Started: Cadastro regra loja sem autonomia
[main] INFO net.serenitybdd.core.Serenity - 
 _____ _____ ____ _____   ____ _____  _    ____ _____ _____ ____  
|_   _| ____/ ___|_   _| / ___|_   _|/ \  |  _ \_   _| ____|  _ \ 
  | | |  _| \___ \ | |   \___ \ | | / _ \ | |_) || | |  _| | | | |
  | | | |___ ___) || |    ___) || |/ ___ \|  _ < | | | |___| |_| |
  |_| |_____|____/ |_|   |____/ |_/_/   \_\_| \_\|_| |_____|____/ 
                                                                  

TEST STARTED: Cadastrar uma regra loja sem autonomia - UC006 - Fluxo Principal
-------------------------------------------------------------------(stories/cadastros/cadastro_regra_loja_sem_autonomia.story;Cadastrar uma regra loja sem autonomia - UC006 - Fluxo Principal)
[main] INFO net.serenitybdd.core.Serenity - &amp#27;[33mTEST SKIPPED&amp#27;[0m
[main] INFO net.serenitybdd.core.Serenity - &amp#27;[33mTEST SKIPPED&amp#27;[0m
[main] INFO net.serenitybdd.core.Serenity - &amp#27;[33mTEST SKIPPED&amp#27;[0m
[main] INFO net.serenitybdd.core.Serenity - 
 _____ _____ ____ _____   ____ _____  _    ____ _____ _____ ____  
|_   _| ____/ ___|_   _| / ___|_   _|/ \  |  _ \_   _| ____|  _ \ 
  | | |  _| \___ \ | |   \___ \ | | / _ \ | |_) || | |  _| | | | |
  | | | |___ ___) || |    ___) || |/ ___ \|  _ < | | | |___| |_| |
  |_| |_____|____/ |_|   |____/ |_/_/   \_\_| \_\|_| |_____|____/ 
                                                                  

TEST STARTED: Pesquisar/Desativar uma regra loja sem autonomia
-------------------------------------------------------------------(stories/cadastros/cadastro_regra_loja_sem_autonomia.story;Pesquisar/Desativar uma regra loja sem autonomia)
[main] INFO net.serenitybdd.core.Serenity - &amp#27;[33mTEST SKIPPED&amp#27;[0m
[main] INFO net.serenitybdd.core.Serenity - &amp#27;[33mTEST SKIPPED&amp#27;[0m
[main] INFO net.serenitybdd.core.Serenity - &amp#27;[33mTEST SKIPPED&amp#27;[0m
[main] INFO net.serenitybdd.core.Serenity - 
 _____ _____ ____ _____   ____ _____  _    ____ _____ _____ ____  
|_   _| ____/ ___|_   _| / ___|_   _|/ \  |  _ \_   _| ____|  _ \ 
  | | |  _| \___ \ | |   \___ \ | | / _ \ | |_) || | |  _| | | | |
  | | | |___ ___) || |    ___) || |/ ___ \|  _ < | | | |___| |_| |
  |_| |_____|____/ |_|   |____/ |_/_/   \_\_| \_\|_| |_____|____/ 
                                                                  

TEST STARTED: Pesquisar/Ativar uma regra loja sem autonomia
-------------------------------------------------------------------(stories/cadastros/cadastro_regra_loja_sem_autonomia.story;Pesquisar/Ativar uma regra loja sem autonomia)
[main] INFO net.serenitybdd.core.Serenity - &amp#27;[33mTEST SKIPPED&amp#27;[0m
[main] INFO net.serenitybdd.core.Serenity - &amp#27;[33mTEST SKIPPED&amp#27;[0m
[main] INFO net.serenitybdd.core.Serenity - &amp#27;[33mTEST SKIPPED&amp#27;[0m
[pool-178-thread-1] INFO net.thucydides.core.reports.json.JSONTestOutcomeReporter - Generating JSON report for Cadastrar uma regra loja sem autonomia - UC006 - Fluxo Principal to file /home/pedro/Documentos/Automação/testes-automatizados/mv-lojas-bdd/target/site/serenity/c646fe00e8180b4242d21aa70311cd40e78c6fa69ba72a6019db15185bb15f91.json (using temp file /home/pedro/Documentos/Automação/testes-automatizados/mv-lojas-bdd/target/site/serenity/c646fe00e8180b4242d21aa70311cd40e78c6fa69ba72a6019db15185bb15f91.json0e044011-41f8-455d-a06d-84959400ea2b)
[pool-178-thread-2] INFO net.thucydides.core.reports.json.JSONTestOutcomeReporter - Generating JSON report for Pesquisar/Desativar uma regra loja sem autonomia to file /home/pedro/Documentos/Automação/testes-automatizados/mv-lojas-bdd/target/site/serenity/dd9b0a242a6304557dd20fa3e08b9048bb64d8bc6ffcbcefbb7b35cf4c750770.json (using temp file /home/pedro/Documentos/Automação/testes-automatizados/mv-lojas-bdd/target/site/serenity/dd9b0a242a6304557dd20fa3e08b9048bb64d8bc6ffcbcefbb7b35cf4c750770.json208cc2bc-2ecf-4faf-b0ca-e83c8da35978)
[pool-178-thread-3] INFO net.thucydides.core.reports.json.JSONTestOutcomeReporter - Generating JSON report for Pesquisar/Ativar uma regra loja sem autonomia to file /home/pedro/Documentos/Automação/testes-automatizados/mv-lojas-bdd/target/site/serenity/75cfb53b8d121db60c235906687d26b8826496a5cb48517ef93db00587fc1d6a.json (using temp file /home/pedro/Documentos/Automação/testes-automatizados/mv-lojas-bdd/target/site/serenity/75cfb53b8d121db60c235906687d26b8826496a5cb48517ef93db00587fc1d6a.jsona432f281-7cb4-4255-8ceb-1ee93b08b739)
[main] INFO net.serenitybdd.core.Serenity - Test Suite Started: Cadastro regra data base
[main] INFO net.serenitybdd.core.Serenity - 
 _____ _____ ____ _____   ____ _____  _    ____ _____ _____ ____  
|_   _| ____/ ___|_   _| / ___|_   _|/ \  |  _ \_   _| ____|  _ \ 
  | | |  _| \___ \ | |   \___ \ | | / _ \ | |_) || | |  _| | | | |
  | | | |___ ___) || |    ___) || |/ ___ \|  _ < | | | |___| |_| |
  |_| |_____|____/ |_|   |____/ |_/_/   \_\_| \_\|_| |_____|____/ 
                                                                  

TEST STARTED: Cadastrar uma regra data base - UC004 - Fluxo Principal
-------------------------------------------------------------------(stories/cadastros/cadastro_regra_data_base.story;Cadastrar uma regra data base - UC004 - Fluxo Principal)
[main] INFO net.serenitybdd.core.Serenity - &amp#27;[33mTEST SKIPPED&amp#27;[0m
[main] INFO net.serenitybdd.core.Serenity - &amp#27;[33mTEST SKIPPED&amp#27;[0m
[main] INFO net.serenitybdd.core.Serenity - &amp#27;[33mTEST SKIPPED&amp#27;[0m
[main] INFO net.serenitybdd.core.Serenity - 
 _____ _____ ____ _____   ____ _____  _    ____ _____ _____ ____  
|_   _| ____/ ___|_   _| / ___|_   _|/ \  |  _ \_   _| ____|  _ \ 
  | | |  _| \___ \ | |   \___ \ | | / _ \ | |_) || | |  _| | | | |
  | | | |___ ___) || |    ___) || |/ ___ \|  _ < | | | |___| |_| |
  |_| |_____|____/ |_|   |____/ |_/_/   \_\_| \_\|_| |_____|____/ 
                                                                  

TEST STARTED: Cadastrar uma regra data base ja existente
-------------------------------------------------------------------(stories/cadastros/cadastro_regra_data_base.story;Cadastrar uma regra data base ja existente)
[main] INFO net.serenitybdd.core.Serenity - &amp#27;[33mTEST SKIPPED&amp#27;[0m
[main] INFO net.serenitybdd.core.Serenity - &amp#27;[33mTEST SKIPPED&amp#27;[0m
[main] INFO net.serenitybdd.core.Serenity - &amp#27;[33mTEST SKIPPED&amp#27;[0m
[main] INFO net.serenitybdd.core.Serenity - 
 _____ _____ ____ _____   ____ _____  _    ____ _____ _____ ____  
|_   _| ____/ ___|_   _| / ___|_   _|/ \  |  _ \_   _| ____|  _ \ 
  | | |  _| \___ \ | |   \___ \ | | / _ \ | |_) || | |  _| | | | |
  | | | |___ ___) || |    ___) || |/ ___ \|  _ < | | | |___| |_| |
  |_| |_____|____/ |_|   |____/ |_/_/   \_\_| \_\|_| |_____|____/ 
                                                                  

TEST STARTED: Pesquisar/Editar uma regra data base
-------------------------------------------------------------------(stories/cadastros/cadastro_regra_data_base.story;Pesquisar/Editar uma regra data base)
[main] INFO net.serenitybdd.core.Serenity - &amp#27;[33mTEST SKIPPED&amp#27;[0m
[main] INFO net.serenitybdd.core.Serenity - &amp#27;[33mTEST SKIPPED&amp#27;[0m
[main] INFO net.serenitybdd.core.Serenity - &amp#27;[33mTEST SKIPPED&amp#27;[0m
[main] INFO net.serenitybdd.core.Serenity - 
 _____ _____ ____ _____   ____ _____  _    ____ _____ _____ ____  
|_   _| ____/ ___|_   _| / ___|_   _|/ \  |  _ \_   _| ____|  _ \ 
  | | |  _| \___ \ | |   \___ \ | | / _ \ | |_) || | |  _| | | | |
  | | | |___ ___) || |    ___) || |/ ___ \|  _ < | | | |___| |_| |
  |_| |_____|____/ |_|   |____/ |_/_/   \_\_| \_\|_| |_____|____/ 
                                                                  

TEST STARTED: Pesquisar/Excluir uma regra data base
-------------------------------------------------------------------(stories/cadastros/cadastro_regra_data_base.story;Pesquisar/Excluir uma regra data base)
[main] INFO net.serenitybdd.core.Serenity - &amp#27;[33mTEST SKIPPED&amp#27;[0m
[main] INFO net.serenitybdd.core.Serenity - &amp#27;[33mTEST SKIPPED&amp#27;[0m
[main] INFO net.serenitybdd.core.Serenity - &amp#27;[33mTEST SKIPPED&amp#27;[0m
[pool-183-thread-1] INFO net.thucydides.core.reports.json.JSONTestOutcomeReporter - Generating JSON report for Cadastrar uma regra data base - UC004 - Fluxo Principal to file /home/pedro/Documentos/Automação/testes-automatizados/mv-lojas-bdd/target/site/serenity/e7836c10426b6c8ea192e4dd1d0557b10a5e75f5dbf4118f6197e29c67bfd272.json (using temp file /home/pedro/Documentos/Automação/testes-automatizados/mv-lojas-bdd/target/site/serenity/e7836c10426b6c8ea192e4dd1d0557b10a5e75f5dbf4118f6197e29c67bfd272.json62811ba3-35ee-4795-88d3-25c71f820ff7)
[pool-183-thread-2] INFO net.thucydides.core.reports.json.JSONTestOutcomeReporter - Generating JSON report for Cadastrar uma regra data base ja existente to file /home/pedro/Documentos/Automação/testes-automatizados/mv-lojas-bdd/target/site/serenity/c037d90c9f9bc225ce55b2ab0cf7494f2c578f9492152a3a3e02360ae06ce70f.json (using temp file /home/pedro/Documentos/Automação/testes-automatizados/mv-lojas-bdd/target/site/serenity/c037d90c9f9bc225ce55b2ab0cf7494f2c578f9492152a3a3e02360ae06ce70f.json9a0d6827-62e6-4251-9e41-505b82ddc4c6)
[pool-183-thread-3] INFO net.thucydides.core.reports.json.JSONTestOutcomeReporter - Generating JSON report for Pesquisar/Editar uma regra data base to file /home/pedro/Documentos/Automação/testes-automatizados/mv-lojas-bdd/target/site/serenity/fddf687fa32bd9281e1aa5be1f26525f7172ea9c64b88c22f627d2873503d568.json (using temp file /home/pedro/Documentos/Automação/testes-automatizados/mv-lojas-bdd/target/site/serenity/fddf687fa32bd9281e1aa5be1f26525f7172ea9c64b88c22f627d2873503d568.jsonbf36f67c-a8dd-4851-a4f8-59293b6dcc77)
[pool-183-thread-4] INFO net.thucydides.core.reports.json.JSONTestOutcomeReporter - Generating JSON report for Pesquisar/Excluir uma regra data base to file /home/pedro/Documentos/Automação/testes-automatizados/mv-lojas-bdd/target/site/serenity/b18f6543bd63f1a349fad8f615788096bbe9e2ac1ea8826f54ff7d25cfebe247.json (using temp file /home/pedro/Documentos/Automação/testes-automatizados/mv-lojas-bdd/target/site/serenity/b18f6543bd63f1a349fad8f615788096bbe9e2ac1ea8826f54ff7d25cfebe247.jsonbfcc2102-fb8d-4a60-91d5-e38c382498b3)
[main] INFO net.serenitybdd.core.Serenity - Test Suite Started: Troca devolucao um servico
[main] INFO net.serenitybdd.core.Serenity - 
 _____ _____ ____ _____   ____ _____  _    ____ _____ _____ ____  
|_   _| ____/ ___|_   _| / ___|_   _|/ \  |  _ \_   _| ____|  _ \ 
  | | |  _| \___ \ | |   \___ \ | | / _ \ | |_) || | |  _| | | | |
  | | | |___ ___) || |    ___) || |/ ___ \|  _ < | | | |___| |_| |
  |_| |_____|____/ |_|   |____/ |_/_/   \_\_| \_\|_| |_____|____/ 
                                                                  

TEST STARTED: Elaborar um pedido a vista
-------------------------------------------------------------------(stories/processos/troca_devolucao_um_servico.story;Elaborar um pedido a vista)
[main] INFO net.serenitybdd.core.Serenity - &amp#27;[33mTEST SKIPPED&amp#27;[0m
[main] INFO net.serenitybdd.core.Serenity - &amp#27;[33mTEST SKIPPED&amp#27;[0m
[main] INFO net.serenitybdd.core.Serenity - &amp#27;[33mTEST SKIPPED&amp#27;[0m
[main] INFO net.serenitybdd.core.Serenity - 
 _____ _____ ____ _____   ____ _____  _    ____ _____ _____ ____  
|_   _| ____/ ___|_   _| / ___|_   _|/ \  |  _ \_   _| ____|  _ \ 
  | | |  _| \___ \ | |   \___ \ | | / _ \ | |_) || | |  _| | | | |
  | | | |___ ___) || |    ___) || |/ ___ \|  _ < | | | |___| |_| |
  |_| |_____|____/ |_|   |____/ |_/_/   \_\_| \_\|_| |_____|____/ 
                                                                  

TEST STARTED: Efetua o recebimento do pedido
-------------------------------------------------------------------(stories/processos/troca_devolucao_um_servico.story;Efetua o recebimento do pedido)
[main] INFO net.serenitybdd.core.Serenity - &amp#27;[33mTEST SKIPPED&amp#27;[0m
[main] INFO net.serenitybdd.core.Serenity - &amp#27;[33mTEST SKIPPED&amp#27;[0m
[main] INFO net.serenitybdd.core.Serenity - &amp#27;[33mTEST SKIPPED&amp#27;[0m
[main] INFO net.serenitybdd.core.Serenity - 
 _____ _____ ____ _____   ____ _____  _    ____ _____ _____ ____  
|_   _| ____/ ___|_   _| / ___|_   _|/ \  |  _ \_   _| ____|  _ \ 
  | | |  _| \___ \ | |   \___ \ | | / _ \ | |_) || | |  _| | | | |
  | | | |___ ___) || |    ___) || |/ ___ \|  _ < | | | |___| |_| |
  |_| |_____|____/ |_|   |____/ |_/_/   \_\_| \_\|_| |_____|____/ 
                                                                  

TEST STARTED: Elaboração de Pré-recibo
-------------------------------------------------------------------(stories/processos/troca_devolucao_um_servico.story;Elaboração de Pré-recibo)
[main] INFO net.serenitybdd.core.Serenity - &amp#27;[33mTEST SKIPPED&amp#27;[0m
[main] INFO net.serenitybdd.core.Serenity - &amp#27;[33mTEST SKIPPED&amp#27;[0m
[main] INFO net.serenitybdd.core.Serenity - &amp#27;[33mTEST SKIPPED&amp#27;[0m
[pool-203-thread-1] INFO net.thucydides.core.reports.json.JSONTestOutcomeReporter - Generating JSON report for Elaborar um pedido a vista to file /home/pedro/Documentos/Automação/testes-automatizados/mv-lojas-bdd/target/site/serenity/4fd3615704c42c8fda6e8b03524bd6f198bade36c524711b883de87913f55b19.json (using temp file /home/pedro/Documentos/Automação/testes-automatizados/mv-lojas-bdd/target/site/serenity/4fd3615704c42c8fda6e8b03524bd6f198bade36c524711b883de87913f55b19.jsonb73320cf-4a18-4562-95bf-ee9054c12892)
[pool-203-thread-2] INFO net.thucydides.core.reports.json.JSONTestOutcomeReporter - Generating JSON report for Efetua o recebimento do pedido to file /home/pedro/Documentos/Automação/testes-automatizados/mv-lojas-bdd/target/site/serenity/1b5232211ac6fde274f71e076972e23442843860fc4159731570854ec9a6ce9e.json (using temp file /home/pedro/Documentos/Automação/testes-automatizados/mv-lojas-bdd/target/site/serenity/1b5232211ac6fde274f71e076972e23442843860fc4159731570854ec9a6ce9e.json1f7e3c35-4f38-4154-8438-926f7eb10a83)
[pool-203-thread-3] INFO net.thucydides.core.reports.json.JSONTestOutcomeReporter - Generating JSON report for Elaboração de Pré-recibo to file /home/pedro/Documentos/Automação/testes-automatizados/mv-lojas-bdd/target/site/serenity/39b29d65e1e6d10cc89c54f2eaf7a5f579962948242022959fb8288f107e1a2d.json (using temp file /home/pedro/Documentos/Automação/testes-automatizados/mv-lojas-bdd/target/site/serenity/39b29d65e1e6d10cc89c54f2eaf7a5f579962948242022959fb8288f107e1a2d.json778f07cd-782c-46cc-a02c-a057c58ccb6c)
[main] INFO net.serenitybdd.core.Serenity - Test Suite Started: Devolucao parcial pedido cartao
[main] INFO net.serenitybdd.core.Serenity - 
 _____ _____ ____ _____   ____ _____  _    ____ _____ _____ ____  
|_   _| ____/ ___|_   _| / ___|_   _|/ \  |  _ \_   _| ____|  _ \ 
  | | |  _| \___ \ | |   \___ \ | | / _ \ | |_) || | |  _| | | | |
  | | | |___ ___) || |    ___) || |/ ___ \|  _ < | | | |___| |_| |
  |_| |_____|____/ |_|   |____/ |_/_/   \_\_| \_\|_| |_____|____/ 
                                                                  

TEST STARTED: Controle de Faturamento PDV
-------------------------------------------------------------------(stories/processos/devolucao_parcial_pedido_cartao.story;Controle de Faturamento PDV)
[main] INFO net.serenitybdd.core.Serenity - &amp#27;[33mTEST SKIPPED&amp#27;[0m
[main] INFO net.serenitybdd.core.Serenity - &amp#27;[33mTEST SKIPPED&amp#27;[0m
[main] INFO net.serenitybdd.core.Serenity - &amp#27;[33mTEST SKIPPED&amp#27;[0m
[pool-226-thread-1] INFO net.thucydides.core.reports.json.JSONTestOutcomeReporter - Generating JSON report for Controle de Faturamento PDV to file /home/pedro/Documentos/Automação/testes-automatizados/mv-lojas-bdd/target/site/serenity/0fc0b8e110c103b271a403a005a4f9bb92e71acc45c4adeb5a92bf147884add2.json (using temp file /home/pedro/Documentos/Automação/testes-automatizados/mv-lojas-bdd/target/site/serenity/0fc0b8e110c103b271a403a005a4f9bb92e71acc45c4adeb5a92bf147884add2.json2174b0e1-9658-40f4-bb10-2a6616f1c8ae)
[main] INFO net.serenitybdd.core.Serenity - Test Suite Started: Atendimento cliente troca simplificada deposito
[main] INFO net.serenitybdd.core.Serenity - 
 _____ _____ ____ _____   ____ _____  _    ____ _____ _____ ____  
|_   _| ____/ ___|_   _| / ___|_   _|/ \  |  _ \_   _| ____|  _ \ 
  | | |  _| \___ \ | |   \___ \ | | / _ \ | |_) || | |  _| | | | |
  | | | |___ ___) || |    ___) || |/ ___ \|  _ < | | | |___| |_| |
  |_| |_____|____/ |_|   |____/ |_/_/   \_\_| \_\|_| |_____|____/ 
                                                                  

TEST STARTED: Elaborar um pedido a vista com empenho em deposito/normal
-------------------------------------------------------------------(stories/processos/atendimento_cliente_troca_simplificada_deposito.story;Elaborar um pedido a vista com empenho em deposito/normal)
[main] INFO net.serenitybdd.core.Serenity - &amp#27;[33mTEST SKIPPED&amp#27;[0m
[main] INFO net.serenitybdd.core.Serenity - &amp#27;[33mTEST SKIPPED&amp#27;[0m
[main] INFO net.serenitybdd.core.Serenity - &amp#27;[33mTEST SKIPPED&amp#27;[0m
[main] INFO net.serenitybdd.core.Serenity - 
 _____ _____ ____ _____   ____ _____  _    ____ _____ _____ ____  
|_   _| ____/ ___|_   _| / ___|_   _|/ \  |  _ \_   _| ____|  _ \ 
  | | |  _| \___ \ | |   \___ \ | | / _ \ | |_) || | |  _| | | | |
  | | | |___ ___) || |    ___) || |/ ___ \|  _ < | | | |___| |_| |
  |_| |_____|____/ |_|   |____/ |_/_/   \_\_| \_\|_| |_____|____/ 
                                                                  

TEST STARTED: Efetua o recebimento do pedido
-------------------------------------------------------------------(stories/processos/atendimento_cliente_troca_simplificada_deposito.story;Efetua o recebimento do pedido)
[main] INFO net.serenitybdd.core.Serenity - &amp#27;[33mTEST SKIPPED&amp#27;[0m
[main] INFO net.serenitybdd.core.Serenity - &amp#27;[33mTEST SKIPPED&amp#27;[0m
[main] INFO net.serenitybdd.core.Serenity - &amp#27;[33mTEST SKIPPED&amp#27;[0m
[main] INFO net.serenitybdd.core.Serenity - 
 _____ _____ ____ _____   ____ _____  _    ____ _____ _____ ____  
|_   _| ____/ ___|_   _| / ___|_   _|/ \  |  _ \_   _| ____|  _ \ 
  | | |  _| \___ \ | |   \___ \ | | / _ \ | |_) || | |  _| | | | |
  | | | |___ ___) || |    ___) || |/ ___ \|  _ < | | | |___| |_| |
  |_| |_____|____/ |_|   |____/ |_/_/   \_\_| \_\|_| |_____|____/ 
                                                                  

TEST STARTED: Cria a carga para associar ao controle de faturamento
-------------------------------------------------------------------(stories/processos/atendimento_cliente_troca_simplificada_deposito.story;Cria a carga para associar ao controle de faturamento)
[main] INFO net.serenitybdd.core.Serenity - &amp#27;[33mTEST SKIPPED&amp#27;[0m
[main] INFO net.serenitybdd.core.Serenity - &amp#27;[33mTEST SKIPPED&amp#27;[0m
[main] INFO net.serenitybdd.core.Serenity - &amp#27;[33mTEST SKIPPED&amp#27;[0m
[main] INFO net.serenitybdd.core.Serenity - 
 _____ _____ ____ _____   ____ _____  _    ____ _____ _____ ____  
|_   _| ____/ ___|_   _| / ___|_   _|/ \  |  _ \_   _| ____|  _ \ 
  | | |  _| \___ \ | |   \___ \ | | / _ \ | |_) || | |  _| | | | |
  | | | |___ ___) || |    ___) || |/ ___ \|  _ < | | | |___| |_| |
  |_| |_____|____/ |_|   |____/ |_/_/   \_\_| \_\|_| |_____|____/ 
                                                                  

TEST STARTED: Cria a nota de transferencia do CD 47 para o CD 221
-------------------------------------------------------------------(stories/processos/atendimento_cliente_troca_simplificada_deposito.story;Cria a nota de transferencia do CD 47 para o CD 221)
[main] INFO net.serenitybdd.core.Serenity - &amp#27;[33mTEST SKIPPED&amp#27;[0m
[main] INFO net.serenitybdd.core.Serenity - &amp#27;[33mTEST SKIPPED&amp#27;[0m
[main] INFO net.serenitybdd.core.Serenity - &amp#27;[33mTEST SKIPPED&amp#27;[0m
[main] INFO net.serenitybdd.core.Serenity - 
 _____ _____ ____ _____   ____ _____  _    ____ _____ _____ ____  
|_   _| ____/ ___|_   _| / ___|_   _|/ \  |  _ \_   _| ____|  _ \ 
  | | |  _| \___ \ | |   \___ \ | | / _ \ | |_) || | |  _| | | | |
  | | | |___ ___) || |    ___) || |/ ___ \|  _ < | | | |___| |_| |
  |_| |_____|____/ |_|   |____/ |_/_/   \_\_| \_\|_| |_____|____/ 
                                                                  

TEST STARTED: Processa a nota de transferencia a nota no CD 221
-------------------------------------------------------------------(stories/processos/atendimento_cliente_troca_simplificada_deposito.story;Processa a nota de transferencia a nota no CD 221)
[main] INFO net.serenitybdd.core.Serenity - &amp#27;[33mTEST SKIPPED&amp#27;[0m
[main] INFO net.serenitybdd.core.Serenity - &amp#27;[33mTEST SKIPPED&amp#27;[0m
[main] INFO net.serenitybdd.core.Serenity - &amp#27;[33mTEST SKIPPED&amp#27;[0m
[main] INFO net.serenitybdd.core.Serenity - 
 _____ _____ ____ _____   ____ _____  _    ____ _____ _____ ____  
|_   _| ____/ ___|_   _| / ___|_   _|/ \  |  _ \_   _| ____|  _ \ 
  | | |  _| \___ \ | |   \___ \ | | / _ \ | |_) || | |  _| | | | |
  | | | |___ ___) || |    ___) || |/ ___ \|  _ < | | | |___| |_| |
  |_| |_____|____/ |_|   |____/ |_/_/   \_\_| \_\|_| |_____|____/ 
                                                                  

TEST STARTED: Fatura a nota de transferencia a nota no CD 221
-------------------------------------------------------------------(stories/processos/atendimento_cliente_troca_simplificada_deposito.story;Fatura a nota de transferencia a nota no CD 221)
[main] INFO net.serenitybdd.core.Serenity - &amp#27;[33mTEST SKIPPED&amp#27;[0m
[main] INFO net.serenitybdd.core.Serenity - &amp#27;[33mTEST SKIPPED&amp#27;[0m
[main] INFO net.serenitybdd.core.Serenity - &amp#27;[33mTEST SKIPPED&amp#27;[0m
[main] INFO net.serenitybdd.core.Serenity - 
 _____ _____ ____ _____   ____ _____  _    ____ _____ _____ ____  
|_   _| ____/ ___|_   _| / ___|_   _|/ \  |  _ \_   _| ____|  _ \ 
  | | |  _| \___ \ | |   \___ \ | | / _ \ | |_) || | |  _| | | | |
  | | | |___ ___) || |    ___) || |/ ___ \|  _ < | | | |___| |_| |
  |_| |_____|____/ |_|   |____/ |_/_/   \_\_| \_\|_| |_____|____/ 
                                                                  

TEST STARTED: Elaborar um atendimento para o pedido realizado
-------------------------------------------------------------------(stories/processos/atendimento_cliente_troca_simplificada_deposito.story;Elaborar um atendimento para o pedido realizado)
[main] INFO net.serenitybdd.core.Serenity - &amp#27;[33mTEST SKIPPED&amp#27;[0m
[main] INFO net.serenitybdd.core.Serenity - &amp#27;[33mTEST SKIPPED&amp#27;[0m
[main] INFO net.serenitybdd.core.Serenity - &amp#27;[33mTEST SKIPPED&amp#27;[0m
[main] INFO net.serenitybdd.core.Serenity - 
 _____ _____ ____ _____   ____ _____  _    ____ _____ _____ ____  
|_   _| ____/ ___|_   _| / ___|_   _|/ \  |  _ \_   _| ____|  _ \ 
  | | |  _| \___ \ | |   \___ \ | | / _ \ | |_) || | |  _| | | | |
  | | | |___ ___) || |    ___) || |/ ___ \|  _ < | | | |___| |_| |
  |_| |_____|____/ |_|   |____/ |_/_/   \_\_| \_\|_| |_____|____/ 
                                                                  

TEST STARTED: Cria a carga para associar ao controle de faturamento TIPO R
-------------------------------------------------------------------(stories/processos/atendimento_cliente_troca_simplificada_deposito.story;Cria a carga para associar ao controle de faturamento TIPO R)
[main] INFO net.serenitybdd.core.Serenity - &amp#27;[33mTEST SKIPPED&amp#27;[0m
[main] INFO net.serenitybdd.core.Serenity - &amp#27;[33mTEST SKIPPED&amp#27;[0m
[main] INFO net.serenitybdd.core.Serenity - &amp#27;[33mTEST SKIPPED&amp#27;[0m
[main] INFO net.serenitybdd.core.Serenity - 
 _____ _____ ____ _____   ____ _____  _    ____ _____ _____ ____  
|_   _| ____/ ___|_   _| / ___|_   _|/ \  |  _ \_   _| ____|  _ \ 
  | | |  _| \___ \ | |   \___ \ | | / _ \ | |_) || | |  _| | | | |
  | | | |___ ___) || |    ___) || |/ ___ \|  _ < | | | |___| |_| |
  |_| |_____|____/ |_|   |____/ |_/_/   \_\_| \_\|_| |_____|____/ 
                                                                  

TEST STARTED: Cria a nota de transferencia do CD 47 para o CD 221
-------------------------------------------------------------------(stories/processos/atendimento_cliente_troca_simplificada_deposito.story;Cria a nota de transferencia do CD 47 para o CD 221)
[main] INFO net.serenitybdd.core.Serenity - &amp#27;[33mTEST SKIPPED&amp#27;[0m
[main] INFO net.serenitybdd.core.Serenity - &amp#27;[33mTEST SKIPPED&amp#27;[0m
[main] INFO net.serenitybdd.core.Serenity - &amp#27;[33mTEST SKIPPED&amp#27;[0m
[main] INFO net.serenitybdd.core.Serenity - 
 _____ _____ ____ _____   ____ _____  _    ____ _____ _____ ____  
|_   _| ____/ ___|_   _| / ___|_   _|/ \  |  _ \_   _| ____|  _ \ 
  | | |  _| \___ \ | |   \___ \ | | / _ \ | |_) || | |  _| | | | |
  | | | |___ ___) || |    ___) || |/ ___ \|  _ < | | | |___| |_| |
  |_| |_____|____/ |_|   |____/ |_/_/   \_\_| \_\|_| |_____|____/ 
                                                                  

TEST STARTED: Processa a nota de transferencia a nota no CD 221
-------------------------------------------------------------------(stories/processos/atendimento_cliente_troca_simplificada_deposito.story;Processa a nota de transferencia a nota no CD 221)
[main] INFO net.serenitybdd.core.Serenity - &amp#27;[33mTEST SKIPPED&amp#27;[0m
[main] INFO net.serenitybdd.core.Serenity - &amp#27;[33mTEST SKIPPED&amp#27;[0m
[main] INFO net.serenitybdd.core.Serenity - &amp#27;[33mTEST SKIPPED&amp#27;[0m
[main] INFO net.serenitybdd.core.Serenity - 
 _____ _____ ____ _____   ____ _____  _    ____ _____ _____ ____  
|_   _| ____/ ___|_   _| / ___|_   _|/ \  |  _ \_   _| ____|  _ \ 
  | | |  _| \___ \ | |   \___ \ | | / _ \ | |_) || | |  _| | | | |
  | | | |___ ___) || |    ___) || |/ ___ \|  _ < | | | |___| |_| |
  |_| |_____|____/ |_|   |____/ |_/_/   \_\_| \_\|_| |_____|____/ 
                                                                  

TEST STARTED: Fatura a nota de transferencia a nota no CD 221
-------------------------------------------------------------------(stories/processos/atendimento_cliente_troca_simplificada_deposito.story;Fatura a nota de transferencia a nota no CD 221)
[main] INFO net.serenitybdd.core.Serenity - &amp#27;[33mTEST SKIPPED&amp#27;[0m
[main] INFO net.serenitybdd.core.Serenity - &amp#27;[33mTEST SKIPPED&amp#27;[0m
[main] INFO net.serenitybdd.core.Serenity - &amp#27;[33mTEST SKIPPED&amp#27;[0m
[main] INFO net.serenitybdd.core.Serenity - 
 _____ _____ ____ _____   ____ _____  _    ____ _____ _____ ____  
|_   _| ____/ ___|_   _| / ___|_   _|/ \  |  _ \_   _| ____|  _ \ 
  | | |  _| \___ \ | |   \___ \ | | / _ \ | |_) || | |  _| | | | |
  | | | |___ ___) || |    ___) || |/ ___ \|  _ < | | | |___| |_| |
  |_| |_____|____/ |_|   |____/ |_/_/   \_\_| \_\|_| |_____|____/ 
                                                                  

TEST STARTED: Realiza o Recolhimento de Produto
-------------------------------------------------------------------(stories/processos/atendimento_cliente_troca_simplificada_deposito.story;Realiza o Recolhimento de Produto)
[main] INFO net.serenitybdd.core.Serenity - &amp#27;[33mTEST SKIPPED&amp#27;[0m
[main] INFO net.serenitybdd.core.Serenity - &amp#27;[33mTEST SKIPPED&amp#27;[0m
[main] INFO net.serenitybdd.core.Serenity - &amp#27;[33mTEST SKIPPED&amp#27;[0m
[pool-270-thread-1] INFO net.thucydides.core.reports.json.JSONTestOutcomeReporter - Generating JSON report for Elaborar um pedido a vista com empenho em deposito/normal to file /home/pedro/Documentos/Automação/testes-automatizados/mv-lojas-bdd/target/site/serenity/cfaf0535c5106b657813c9aae1838185490ccc17f1d2aabbd19b4c1d9fa48eff.json (using temp file /home/pedro/Documentos/Automação/testes-automatizados/mv-lojas-bdd/target/site/serenity/cfaf0535c5106b657813c9aae1838185490ccc17f1d2aabbd19b4c1d9fa48eff.json20117b19-8519-476f-a3c6-01fa1875584a)
[pool-270-thread-3] INFO net.thucydides.core.reports.json.JSONTestOutcomeReporter - Generating JSON report for Cria a carga para associar ao controle de faturamento to file /home/pedro/Documentos/Automação/testes-automatizados/mv-lojas-bdd/target/site/serenity/73ee127ca3b52ffe9fced4e222c600150fe324d3035fcdd295a82c52b6aa1f4e.json (using temp file /home/pedro/Documentos/Automação/testes-automatizados/mv-lojas-bdd/target/site/serenity/73ee127ca3b52ffe9fced4e222c600150fe324d3035fcdd295a82c52b6aa1f4e.jsonf335c624-a562-45ab-b703-2d2c5c794bd5)
[pool-270-thread-2] INFO net.thucydides.core.reports.json.JSONTestOutcomeReporter - Generating JSON report for Efetua o recebimento do pedido to file /home/pedro/Documentos/Automação/testes-automatizados/mv-lojas-bdd/target/site/serenity/82d418349a3cc246890901283048b2ce85ef5da70bff65d2e503719c10537109.json (using temp file /home/pedro/Documentos/Automação/testes-automatizados/mv-lojas-bdd/target/site/serenity/82d418349a3cc246890901283048b2ce85ef5da70bff65d2e503719c10537109.json41d242b4-6ef4-4843-a8ab-c7c47f8703f5)
[pool-270-thread-1] INFO net.thucydides.core.reports.json.JSONTestOutcomeReporter - Generating JSON report for Processa a nota de transferencia a nota no CD 221 to file /home/pedro/Documentos/Automação/testes-automatizados/mv-lojas-bdd/target/site/serenity/006095b1b41ae7b8a3d47e4b3d32d5f5a2f475f4f2fb946048151f6d4fd53ab4.json (using temp file /home/pedro/Documentos/Automação/testes-automatizados/mv-lojas-bdd/target/site/serenity/006095b1b41ae7b8a3d47e4b3d32d5f5a2f475f4f2fb946048151f6d4fd53ab4.jsona2546f9b-1756-4932-a769-1418cf2f674f)
[pool-270-thread-1] INFO net.thucydides.core.reports.json.JSONTestOutcomeReporter - Generating JSON report for Fatura a nota de transferencia a nota no CD 221 to file /home/pedro/Documentos/Automação/testes-automatizados/mv-lojas-bdd/target/site/serenity/142828f618b596d991fa890c9afdc27605399cebfe0d877efbe8ba3313ec7f03.json (using temp file /home/pedro/Documentos/Automação/testes-automatizados/mv-lojas-bdd/target/site/serenity/142828f618b596d991fa890c9afdc27605399cebfe0d877efbe8ba3313ec7f03.json60abe3ff-ddc4-433a-9384-791c9d9a8fa0)
[pool-270-thread-1] INFO net.thucydides.core.reports.json.JSONTestOutcomeReporter - Generating JSON report for Cria a carga para associar ao controle de faturamento TIPO R to file /home/pedro/Documentos/Automação/testes-automatizados/mv-lojas-bdd/target/site/serenity/2632cd5a3eff0f7d32618ee2f769d908becb0aad4a57bb10c58afd6ae59be539.json (using temp file /home/pedro/Documentos/Automação/testes-automatizados/mv-lojas-bdd/target/site/serenity/2632cd5a3eff0f7d32618ee2f769d908becb0aad4a57bb10c58afd6ae59be539.json2adab282-6045-4ab3-b6c8-40f76558bce1)
[pool-270-thread-1] INFO net.thucydides.core.reports.json.JSONTestOutcomeReporter - Generating JSON report for Cria a nota de transferencia do CD 47 para o CD 221 to file /home/pedro/Documentos/Automação/testes-automatizados/mv-lojas-bdd/target/site/serenity/3ec2fb4b4e1bcaab701124f35fd0f4e8e95bec6d1105ff376fcd7d6a6d7a51a9.json (using temp file /home/pedro/Documentos/Automação/testes-automatizados/mv-lojas-bdd/target/site/serenity/3ec2fb4b4e1bcaab701124f35fd0f4e8e95bec6d1105ff376fcd7d6a6d7a51a9.json777d2a78-e38b-463e-ab9a-2e628608f3ff)
[pool-270-thread-3] INFO net.thucydides.core.reports.json.JSONTestOutcomeReporter - Generating JSON report for Elaborar um atendimento para o pedido realizado to file /home/pedro/Documentos/Automação/testes-automatizados/mv-lojas-bdd/target/site/serenity/a358a683dea6f802a59b8e24fa6179e602928ecb4152408ec9e39084f028da4f.json (using temp file /home/pedro/Documentos/Automação/testes-automatizados/mv-lojas-bdd/target/site/serenity/a358a683dea6f802a59b8e24fa6179e602928ecb4152408ec9e39084f028da4f.json13e528a4-33f0-4945-aa4f-1a63c9204e36)
[pool-270-thread-2] INFO net.thucydides.core.reports.json.JSONTestOutcomeReporter - Generating JSON report for Fatura a nota de transferencia a nota no CD 221 to file /home/pedro/Documentos/Automação/testes-automatizados/mv-lojas-bdd/target/site/serenity/142828f618b596d991fa890c9afdc27605399cebfe0d877efbe8ba3313ec7f03.json (using temp file /home/pedro/Documentos/Automação/testes-automatizados/mv-lojas-bdd/target/site/serenity/142828f618b596d991fa890c9afdc27605399cebfe0d877efbe8ba3313ec7f03.json2b6993f4-9586-4bd2-8507-c9989f612d71)
[pool-270-thread-4] INFO net.thucydides.core.reports.json.JSONTestOutcomeReporter - Generating JSON report for Cria a nota de transferencia do CD 47 para o CD 221 to file /home/pedro/Documentos/Automação/testes-automatizados/mv-lojas-bdd/target/site/serenity/3ec2fb4b4e1bcaab701124f35fd0f4e8e95bec6d1105ff376fcd7d6a6d7a51a9.json (using temp file /home/pedro/Documentos/Automação/testes-automatizados/mv-lojas-bdd/target/site/serenity/3ec2fb4b4e1bcaab701124f35fd0f4e8e95bec6d1105ff376fcd7d6a6d7a51a9.jsonb71f8505-e6fa-4540-bc50-bce983bb4689)
[pool-270-thread-2] INFO net.thucydides.core.reports.json.JSONTestOutcomeReporter - Generating JSON report for Realiza o Recolhimento de Produto to file /home/pedro/Documentos/Automação/testes-automatizados/mv-lojas-bdd/target/site/serenity/07463998932cc4e34725da2acf2128de32459264f018bc81429014c616e348e8.json (using temp file /home/pedro/Documentos/Automação/testes-automatizados/mv-lojas-bdd/target/site/serenity/07463998932cc4e34725da2acf2128de32459264f018bc81429014c616e348e8.jsonf19212ce-a32d-4d02-a9ff-e1c4b190a283)
[pool-270-thread-1] INFO net.thucydides.core.reports.json.JSONTestOutcomeReporter - Generating JSON report for Processa a nota de transferencia a nota no CD 221 to file /home/pedro/Documentos/Automação/testes-automatizados/mv-lojas-bdd/target/site/serenity/006095b1b41ae7b8a3d47e4b3d32d5f5a2f475f4f2fb946048151f6d4fd53ab4.json (using temp file /home/pedro/Documentos/Automação/testes-automatizados/mv-lojas-bdd/target/site/serenity/006095b1b41ae7b8a3d47e4b3d32d5f5a2f475f4f2fb946048151f6d4fd53ab4.json1175d61b-ac69-4aef-a395-a52c4c7621f8)
[main] INFO net.serenitybdd.core.Serenity - Test Suite Started: Cadastro percentual plus
[main] INFO net.serenitybdd.core.Serenity - 
 _____ _____ ____ _____   ____ _____  _    ____ _____ _____ ____  
|_   _| ____/ ___|_   _| / ___|_   _|/ \  |  _ \_   _| ____|  _ \ 
  | | |  _| \___ \ | |   \___ \ | | / _ \ | |_) || | |  _| | | | |
  | | | |___ ___) || |    ___) || |/ ___ \|  _ < | | | |___| |_| |
  |_| |_____|____/ |_|   |____/ |_/_/   \_\_| \_\|_| |_____|____/ 
                                                                  

TEST STARTED: Cria pedido para validar percentual plus calculado para o vendedor
-------------------------------------------------------------------(stories/cadastros/cadastro_percentual_plus.story;Cria pedido para validar percentual plus calculado para o vendedor)
[main] INFO net.serenitybdd.core.Serenity - &amp#27;[33mTEST SKIPPED&amp#27;[0m
[main] INFO net.serenitybdd.core.Serenity - &amp#27;[33mTEST SKIPPED&amp#27;[0m
[main] INFO net.serenitybdd.core.Serenity - &amp#27;[33mTEST SKIPPED&amp#27;[0m
[pool-302-thread-1] INFO net.thucydides.core.reports.json.JSONTestOutcomeReporter - Generating JSON report for Cria pedido para validar percentual plus calculado para o vendedor to file /home/pedro/Documentos/Automação/testes-automatizados/mv-lojas-bdd/target/site/serenity/b4b1b4b003e77bfbdf00ddeaddc6c347e044e4f16217dbef8b3f8b8e402f1a25.json (using temp file /home/pedro/Documentos/Automação/testes-automatizados/mv-lojas-bdd/target/site/serenity/b4b1b4b003e77bfbdf00ddeaddc6c347e044e4f16217dbef8b3f8b8e402f1a25.json2504f5a5-55da-4de2-8c5d-dfd929827574)
[main] INFO net.serenitybdd.core.Serenity - Test Suite Started: Cadastro regra tratativas
[main] INFO net.serenitybdd.core.Serenity - 
 _____ _____ ____ _____   ____ _____  _    ____ _____ _____ ____  
|_   _| ____/ ___|_   _| / ___|_   _|/ \  |  _ \_   _| ____|  _ \ 
  | | |  _| \___ \ | |   \___ \ | | / _ \ | |_) || | |  _| | | | |
  | | | |___ ___) || |    ___) || |/ ___ \|  _ < | | | |___| |_| |
  |_| |_____|____/ |_|   |____/ |_/_/   \_\_| \_\|_| |_____|____/ 
                                                                  

TEST STARTED: Pesquisar/Editar uma tratativa - UC001 - Manter Tratativas - Fluxo Principal
-------------------------------------------------------------------(stories/cadastros/cadastro_regra_tratativas.story;Pesquisar/Editar uma tratativa - UC001 - Manter Tratativas - Fluxo Principal)
[main] INFO net.serenitybdd.core.Serenity - &amp#27;[33mTEST SKIPPED&amp#27;[0m
[main] INFO net.serenitybdd.core.Serenity - &amp#27;[33mTEST SKIPPED&amp#27;[0m
[main] INFO net.serenitybdd.core.Serenity - &amp#27;[33mTEST SKIPPED&amp#27;[0m
[pool-319-thread-1] INFO net.thucydides.core.reports.json.JSONTestOutcomeReporter - Generating JSON report for Pesquisar/Editar uma tratativa - UC001 - Manter Tratativas - Fluxo Principal to file /home/pedro/Documentos/Automação/testes-automatizados/mv-lojas-bdd/target/site/serenity/6c3ca01e76588560b1a33162e545f954a57300913c2964768b5fd98fbed0cd09.json (using temp file /home/pedro/Documentos/Automação/testes-automatizados/mv-lojas-bdd/target/site/serenity/6c3ca01e76588560b1a33162e545f954a57300913c2964768b5fd98fbed0cd09.jsondbec746c-3961-4d37-9d53-92cbe8d00025)
[pool-362-thread-1] INFO net.serenitybdd.jbehave.embedders.monitors.ReportingEmbedderMonitor - 405669042story running with path stories/pedido/pedido_kit_remove_sem_estoque36.story
[pool-362-thread-1] ERROR net.serenitybdd.jbehave.embedders.monitors.ReportingEmbedderMonitor - can not find any story by path stories/pedido/pedido_kit_remove_sem_estoque36.story
[pool-362-thread-1] INFO net.serenitybdd.core.Serenity - Test Suite Started: Pedido kit remove sem estoque36
[pool-362-thread-1] INFO net.serenitybdd.core.Serenity - 
 _____ _____ ____ _____   ____ _____  _    ____ _____ _____ ____  
|_   _| ____/ ___|_   _| / ___|_   _|/ \  |  _ \_   _| ____|  _ \ 
  | | |  _| \___ \ | |   \___ \ | | / _ \ | |_) || | |  _| | | | |
  | | | |___ ___) || |    ___) || |/ ___ \|  _ < | | | |___| |_| |
  |_| |_____|____/ |_|   |____/ |_/_/   \_\_| \_\|_| |_____|____/ 
                                                                  

TEST STARTED: Elaborar um pedido com KIT e empenho em DEPOSITO/NORMAL pagamento com cartão de crédito
-------------------------------------------------------------------(stories/pedido/pedido_kit_remove_sem_estoque36.story;Elaborar um pedido com KIT e empenho em DEPOSITO/NORMAL pagamento com cartão de crédito)
ago 24, 2018 2:27:15 PM org.openqa.selenium.remote.DesiredCapabilities firefox
INFORMAÇÕES: Using `new FirefoxOptions()` is preferred to `DesiredCapabilities.firefox()`
ago 24, 2018 2:27:15 PM org.openqa.selenium.remote.DesiredCapabilities firefox
INFORMAÇÕES: Using `new FirefoxOptions()` is preferred to `DesiredCapabilities.firefox()`
1535131635419	geckodriver	INFO	geckodriver 0.20.1
1535131635457	geckodriver	INFO	Listening on 127.0.0.1:13861
1535131635555	mozrunner::runner	INFO	Running command: "/usr/bin/firefox" "-marionette" "-profile" "/tmp/rust_mozprofile.x6XecuAlpTUz"
1535131637404	addons.manager	DEBUG	Application has been upgraded
1535131637808	addons.manager	DEBUG	Loaded provider scope for resource://gre/modules/addons/XPIProvider.jsm: ["XPIProvider", "XPIInternal"]
1535131637812	addons.manager	DEBUG	Loaded provider scope for resource://gre/modules/LightweightThemeManager.jsm: ["LightweightThemeManager"]
1535131638126	addons.manager	DEBUG	Loaded provider scope for resource://gre/modules/addons/GMPProvider.jsm
1535131638128	addons.manager	DEBUG	Loaded provider scope for resource://gre/modules/addons/PluginProvider.jsm
1535131638128	addons.manager	DEBUG	Starting provider: XPIProvider
1535131638128	addons.xpi	DEBUG	startup
1535131638128	addons.xpi	INFO	SystemAddonInstallLocation directory is missing
1535131638130	addons.xpi	INFO	Removing all system add-on upgrades.
1535131638130	addons.xpi	DEBUG	checkForChanges
1535131638130	addons.xpi	DEBUG	Loaded add-on state: ${}
1535131638294	addons.xpi	INFO	Mapping activity-stream@mozilla.org to /usr/lib/firefox/browser/features/activity-stream@mozilla.org.xpi
1535131638294	addons.xpi	INFO	Mapping aushelper@mozilla.org to /usr/lib/firefox/browser/features/aushelper@mozilla.org.xpi
1535131638296	addons.xpi	INFO	Mapping firefox@getpocket.com to /usr/lib/firefox/browser/features/firefox@getpocket.com.xpi
1535131638296	addons.xpi	INFO	Mapping followonsearch@mozilla.com to /usr/lib/firefox/browser/features/followonsearch@mozilla.com.xpi
1535131638296	addons.xpi	INFO	Mapping formautofill@mozilla.org to /usr/lib/firefox/browser/features/formautofill@mozilla.org.xpi
1535131638296	addons.xpi	INFO	Mapping onboarding@mozilla.org to /usr/lib/firefox/browser/features/onboarding@mozilla.org.xpi
1535131638296	addons.xpi	INFO	Mapping screenshots@mozilla.org to /usr/lib/firefox/browser/features/screenshots@mozilla.org.xpi
1535131638296	addons.xpi	INFO	Mapping shield-recipe-client@mozilla.org to /usr/lib/firefox/browser/features/shield-recipe-client@mozilla.org.xpi
1535131638296	addons.xpi	INFO	Mapping webcompat@mozilla.org to /usr/lib/firefox/browser/features/webcompat@mozilla.org.xpi
1535131638298	addons.xpi	DEBUG	New add-on activity-stream@mozilla.org in app-system-defaults
1535131638298	addons.xpi	DEBUG	New add-on aushelper@mozilla.org in app-system-defaults
1535131638300	addons.xpi	DEBUG	New add-on firefox@getpocket.com in app-system-defaults
1535131638300	addons.xpi	DEBUG	New add-on followonsearch@mozilla.com in app-system-defaults
1535131638300	addons.xpi	DEBUG	New add-on formautofill@mozilla.org in app-system-defaults
1535131638302	addons.xpi	DEBUG	New add-on onboarding@mozilla.org in app-system-defaults
1535131638302	addons.xpi	DEBUG	New add-on screenshots@mozilla.org in app-system-defaults
1535131638302	addons.xpi	DEBUG	New add-on shield-recipe-client@mozilla.org in app-system-defaults
1535131638302	addons.xpi	DEBUG	New add-on webcompat@mozilla.org in app-system-defaults
1535131638342	addons.xpi	INFO	Mapping langpack-en-ZA@firefox.mozilla.org to /usr/lib/firefox/browser/extensions/langpack-en-ZA@firefox.mozilla.org.xpi
1535131638344	addons.xpi	INFO	Mapping langpack-en-GB@firefox.mozilla.org to /usr/lib/firefox/browser/extensions/langpack-en-GB@firefox.mozilla.org.xpi
1535131638344	addons.xpi	INFO	Mapping {972ce4c6-7e08-4474-a285-3208198ce6fd} to /usr/lib/firefox/browser/extensions/{972ce4c6-7e08-4474-a285-3208198ce6fd}.xpi
1535131638344	addons.xpi	DEBUG	New add-on langpack-en-ZA@firefox.mozilla.org in app-global
1535131638344	addons.xpi	DEBUG	New add-on langpack-en-GB@firefox.mozilla.org in app-global
1535131638344	addons.xpi	DEBUG	New add-on {972ce4c6-7e08-4474-a285-3208198ce6fd} in app-global
1535131638346	addons.xpi	DEBUG	getInstallState changed: true, state: {}
1535131638346	addons.xpi	INFO	SystemAddonInstallLocation directory is missing
1535131638352	addons.xpi-utils	DEBUG	Opening XPI database /tmp/rust_mozprofile.x6XecuAlpTUz/extensions.json
1535131638354	addons.xpi-utils	DEBUG	New add-on activity-stream@mozilla.org installed in app-system-defaults
*** Blocklist::_loadBlocklistFromFile: blocklist is disabled
1535131638494	addons.xpi-utils	DEBUG	New add-on aushelper@mozilla.org installed in app-system-defaults
1535131638498	addons.xpi-utils	DEBUG	New add-on firefox@getpocket.com installed in app-system-defaults
1535131638598	addons.xpi-utils	DEBUG	New add-on followonsearch@mozilla.com installed in app-system-defaults
1535131638602	addons.xpi-utils	DEBUG	New add-on formautofill@mozilla.org installed in app-system-defaults
1535131638650	addons.xpi-utils	DEBUG	New add-on onboarding@mozilla.org installed in app-system-defaults
1535131638734	addons.xpi-utils	DEBUG	New add-on screenshots@mozilla.org installed in app-system-defaults
1535131638742	addons.xpi-utils	DEBUG	New add-on shield-recipe-client@mozilla.org installed in app-system-defaults
1535131638784	addons.xpi-utils	DEBUG	New add-on webcompat@mozilla.org installed in app-system-defaults
1535131638786	addons.xpi-utils	DEBUG	New add-on langpack-en-ZA@firefox.mozilla.org installed in app-global
1535131639418	addons.xpi-utils	DEBUG	New add-on langpack-en-GB@firefox.mozilla.org installed in app-global
1535131639516	addons.xpi-utils	DEBUG	New add-on {972ce4c6-7e08-4474-a285-3208198ce6fd} installed in app-global
1535131639520	addons.manager	DEBUG	Registering startup change 'installed' for activity-stream@mozilla.org
1535131639556	addons.xpi	DEBUG	Loading bootstrap scope from /usr/lib/firefox/browser/features/activity-stream@mozilla.org.xpi
1535131639558	addons.xpi	DEBUG	Calling bootstrap method install on activity-stream@mozilla.org version 2018.02.17.0026-173e2795
1535131639558	addons.xpi-utils	DEBUG	Make addon app-system-defaults:activity-stream@mozilla.org visible
1535131639560	addons.xpi	DEBUG	Updating XPIState for {"id":"activity-stream@mozilla.org","syncGUID":"{0d94117b-141b-40d4-a013-e890f5bac08f}","location":"app-system-defaults","version":"2018.02.17.0026-173e2795","type":"extension","internalName":null,"updateURL":null,"updateKey":null,"optionsURL":null,"optionsType":null,"aboutURL":null,"defaultLocale":{"name":"Activity Stream","description":"A rich visual history feed and a reimagined home page make it easier than ever to find exactly what you're looking for in Firefox.","creator":null,"homepageURL":null},"visible":true,"active":false,"userDisabled":false,"appDisabled":false,"installDate":1522183948000,"updateDate":1522183948000,"applyBackgroundUpdates":1,"bootstrap":true,"path":"/usr/lib/firefox/browser/features/activity-stream@mozilla.org.xpi","skinnable":false,"size":2766941,"sourceURI":null,"releaseNotesURI":null,"softDisabled":false,"foreignInstall":false,"hasBinaryComponents":false,"strictCompatibility":false,"locales":[],"targetApplications":[{"id":"{ec8030f7-c20a-464f-9b0e-13a3a9e97384}","minVersion":"59.0.2","maxVersion":"59.*"}],"targetPlatforms":[],"multiprocessCompatible":true,"seen":true,"dependencies":[],"hasEmbeddedWebExtension":false,"mpcOptedOut":false,"userPermissions":null,"icons":{},"iconURL":null,"icon64URL":null,"blocklistState":0,"blocklistURL":null,"startupData":null}
1535131639562	addons.manager	DEBUG	Registering startup change 'installed' for aushelper@mozilla.org
1535131639562	addons.xpi	DEBUG	Loading bootstrap scope from /usr/lib/firefox/browser/features/aushelper@mozilla.org.xpi
1535131639564	addons.xpi	DEBUG	Calling bootstrap method install on aushelper@mozilla.org version 2.0
1535131639564	addons.xpi-utils	DEBUG	Make addon app-system-defaults:aushelper@mozilla.org visible
1535131639566	addons.xpi	DEBUG	Updating XPIState for {"id":"aushelper@mozilla.org","syncGUID":"{a2b2f973-79c5-4199-9898-32a424dcb04e}","location":"app-system-defaults","version":"2.0","type":"extension","internalName":null,"updateURL":null,"updateKey":null,"optionsURL":null,"optionsType":null,"aboutURL":null,"defaultLocale":{"name":"Application Update Service Helper","description":"Sets value(s) in the update url based on custom checks.","creator":null,"homepageURL":null},"visible":true,"active":false,"userDisabled":false,"appDisabled":false,"installDate":1522183948000,"updateDate":1522183948000,"applyBackgroundUpdates":1,"bootstrap":true,"path":"/usr/lib/firefox/browser/features/aushelper@mozilla.org.xpi","skinnable":false,"size":8488,"sourceURI":null,"releaseNotesURI":null,"softDisabled":false,"foreignInstall":false,"hasBinaryComponents":false,"strictCompatibility":false,"locales":[],"targetApplications":[{"id":"{ec8030f7-c20a-464f-9b0e-13a3a9e97384}","minVersion":"59.0.2","maxVersion":"59.*"}],"targetPlatforms":[],"multiprocessCompatible":true,"seen":true,"dependencies":[],"hasEmbeddedWebExtension":false,"mpcOptedOut":false,"userPermissions":null,"icons":{},"iconURL":null,"icon64URL":null,"blocklistState":0,"blocklistURL":null,"startupData":null}
1535131639566	addons.manager	DEBUG	Registering startup change 'installed' for firefox@getpocket.com
1535131639566	addons.xpi	DEBUG	Loading bootstrap scope from /usr/lib/firefox/browser/features/firefox@getpocket.com.xpi
1535131639608	addons.xpi	DEBUG	Calling bootstrap method install on firefox@getpocket.com version 1.0.5
1535131639608	addons.xpi-utils	DEBUG	Make addon app-system-defaults:firefox@getpocket.com visible
1535131639608	addons.xpi	DEBUG	Updating XPIState for {"id":"firefox@getpocket.com","syncGUID":"{cd49b742-9c9a-48c5-b682-59047c45caac}","location":"app-system-defaults","version":"1.0.5","type":"extension","internalName":null,"updateURL":null,"updateKey":null,"optionsURL":null,"optionsType":null,"aboutURL":null,"defaultLocale":{"name":"Pocket","description":"When you find something you want to view later, put it in Pocket.","creator":null,"homepageURL":null},"visible":true,"active":false,"userDisabled":false,"appDisabled":false,"installDate":1522183948000,"updateDate":1522183948000,"applyBackgroundUpdates":1,"bootstrap":true,"path":"/usr/lib/firefox/browser/features/firefox@getpocket.com.xpi","skinnable":false,"size":909105,"sourceURI":null,"releaseNotesURI":null,"softDisabled":false,"foreignInstall":false,"hasBinaryComponents":false,"strictCompatibility":false,"locales":[],"targetApplications":[{"id":"{ec8030f7-c20a-464f-9b0e-13a3a9e97384}","minVersion":"59.0.2","maxVersion":"59.*"}],"targetPlatforms":[],"multiprocessCompatible":true,"seen":true,"dependencies":[],"hasEmbeddedWebExtension":false,"mpcOptedOut":false,"userPermissions":null,"icons":{},"iconURL":null,"icon64URL":null,"blocklistState":0,"blocklistURL":null,"startupData":null}
1535131639608	addons.manager	DEBUG	Registering startup change 'installed' for followonsearch@mozilla.com
1535131639610	addons.xpi	DEBUG	Loading bootstrap scope from /usr/lib/firefox/browser/features/followonsearch@mozilla.com.xpi
1535131639610	addons.xpi	DEBUG	Calling bootstrap method install on followonsearch@mozilla.com version 0.9.6
1535131639612	addons.xpi-utils	DEBUG	Make addon app-system-defaults:followonsearch@mozilla.com visible
1535131639612	addons.xpi	DEBUG	Updating XPIState for {"id":"followonsearch@mozilla.com","syncGUID":"{fbf85c6b-a879-4dc2-aaaa-48a428315a9f}","location":"app-system-defaults","version":"0.9.6","type":"extension","internalName":null,"updateURL":null,"updateKey":null,"optionsURL":null,"optionsType":null,"aboutURL":null,"defaultLocale":{"name":"Follow-on Search Telemetry","description":null,"creator":null,"homepageURL":null},"visible":true,"active":false,"userDisabled":false,"appDisabled":false,"installDate":1522183948000,"updateDate":1522183948000,"applyBackgroundUpdates":1,"bootstrap":true,"path":"/usr/lib/firefox/browser/features/followonsearch@mozilla.com.xpi","skinnable":false,"size":18625,"sourceURI":null,"releaseNotesURI":null,"softDisabled":false,"foreignInstall":false,"hasBinaryComponents":false,"strictCompatibility":false,"locales":[],"targetApplications":[{"id":"{ec8030f7-c20a-464f-9b0e-13a3a9e97384}","minVersion":"52.0","maxVersion":"66.*"}],"targetPlatforms":[],"multiprocessCompatible":true,"seen":true,"dependencies":[],"hasEmbeddedWebExtension":false,"mpcOptedOut":false,"userPermissions":null,"icons":{},"iconURL":null,"icon64URL":null,"blocklistState":0,"blocklistURL":null,"startupData":null}
1535131639612	addons.manager	DEBUG	Registering startup change 'installed' for formautofill@mozilla.org
1535131639612	addons.xpi	DEBUG	Loading bootstrap scope from /usr/lib/firefox/browser/features/formautofill@mozilla.org.xpi
1535131639614	addons.xpi	DEBUG	Calling bootstrap method install on formautofill@mozilla.org version 1.0
1535131639614	addons.xpi-utils	DEBUG	Make addon app-system-defaults:formautofill@mozilla.org visible
1535131639614	addons.xpi	DEBUG	Updating XPIState for {"id":"formautofill@mozilla.org","syncGUID":"{ff3d6a49-c337-473b-b03e-5ad2b5f4bd39}","location":"app-system-defaults","version":"1.0","type":"extension","internalName":null,"updateURL":null,"updateKey":null,"optionsURL":null,"optionsType":null,"aboutURL":null,"defaultLocale":{"name":"Form Autofill","description":"Autofill forms with saved profiles","creator":null,"homepageURL":null},"visible":true,"active":false,"userDisabled":false,"appDisabled":false,"installDate":1522183948000,"updateDate":1522183948000,"applyBackgroundUpdates":1,"bootstrap":true,"path":"/usr/lib/firefox/browser/features/formautofill@mozilla.org.xpi","skinnable":false,"size":457638,"sourceURI":null,"releaseNotesURI":null,"softDisabled":false,"foreignInstall":false,"hasBinaryComponents":false,"strictCompatibility":false,"locales":[],"targetApplications":[{"id":"{ec8030f7-c20a-464f-9b0e-13a3a9e97384}","minVersion":"59.0.2","maxVersion":"59.*"}],"targetPlatforms":[],"multiprocessCompatible":true,"seen":true,"dependencies":[],"hasEmbeddedWebExtension":false,"mpcOptedOut":false,"userPermissions":null,"icons":{},"iconURL":null,"icon64URL":null,"blocklistState":0,"blocklistURL":null,"startupData":null}
1535131639614	addons.manager	DEBUG	Registering startup change 'installed' for onboarding@mozilla.org
1535131639614	addons.xpi	DEBUG	Loading bootstrap scope from /usr/lib/firefox/browser/features/onboarding@mozilla.org.xpi
1535131639618	addons.xpi	DEBUG	Calling bootstrap method install on onboarding@mozilla.org version 1.0
1535131639618	addons.xpi-utils	DEBUG	Make addon app-system-defaults:onboarding@mozilla.org visible
1535131639618	addons.xpi	DEBUG	Updating XPIState for {"id":"onboarding@mozilla.org","syncGUID":"{303f08e0-5206-4946-adb5-495f44eee23c}","location":"app-system-defaults","version":"1.0","type":"extension","internalName":null,"updateURL":null,"updateKey":null,"optionsURL":null,"optionsType":null,"aboutURL":null,"defaultLocale":{"name":"Photon onboarding","description":"Photon onboarding","creator":null,"homepageURL":null},"visible":true,"active":false,"userDisabled":false,"appDisabled":false,"installDate":1522183948000,"updateDate":1522183948000,"applyBackgroundUpdates":1,"bootstrap":true,"path":"/usr/lib/firefox/browser/features/onboarding@mozilla.org.xpi","skinnable":false,"size":566884,"sourceURI":null,"releaseNotesURI":null,"softDisabled":false,"foreignInstall":false,"hasBinaryComponents":false,"strictCompatibility":false,"locales":[],"targetApplications":[{"id":"{ec8030f7-c20a-464f-9b0e-13a3a9e97384}","minVersion":"59.0.2","maxVersion":"59.*"}],"targetPlatforms":[],"multiprocessCompatible":true,"seen":true,"dependencies":[],"hasEmbeddedWebExtension":false,"mpcOptedOut":false,"userPermissions":null,"icons":{},"iconURL":null,"icon64URL":null,"blocklistState":0,"blocklistURL":null,"startupData":null}
1535131639618	addons.manager	DEBUG	Registering startup change 'installed' for screenshots@mozilla.org
1535131639618	addons.xpi	DEBUG	Loading bootstrap scope from /usr/lib/firefox/browser/features/screenshots@mozilla.org.xpi
1535131639622	addons.xpi	DEBUG	Calling bootstrap method install on screenshots@mozilla.org version 25.0.0
1535131639622	addons.xpi-utils	DEBUG	Make addon app-system-defaults:screenshots@mozilla.org visible
1535131639622	addons.xpi	DEBUG	Updating XPIState for {"id":"screenshots@mozilla.org","syncGUID":"{b7092044-95e7-49de-a8dd-91a14f1a3a02}","location":"app-system-defaults","version":"25.0.0","type":"extension","internalName":null,"updateURL":null,"updateKey":null,"optionsURL":null,"optionsType":null,"aboutURL":null,"defaultLocale":{"name":"Firefox Screenshots","description":null,"creator":null,"homepageURL":"https://screenshots.firefox.com/"},"visible":true,"active":false,"userDisabled":false,"appDisabled":false,"installDate":1522183948000,"updateDate":1522183948000,"applyBackgroundUpdates":1,"bootstrap":true,"path":"/usr/lib/firefox/browser/features/screenshots@mozilla.org.xpi","skinnable":false,"size":994512,"sourceURI":null,"releaseNotesURI":null,"softDisabled":false,"foreignInstall":false,"hasBinaryComponents":false,"strictCompatibility":false,"locales":[],"targetApplications":[{"id":"{ec8030f7-c20a-464f-9b0e-13a3a9e97384}","minVersion":"57.0a1","maxVersion":"*"}],"targetPlatforms":[],"multiprocessCompatible":true,"seen":true,"dependencies":[],"hasEmbeddedWebExtension":false,"mpcOptedOut":false,"userPermissions":null,"icons":{},"iconURL":null,"icon64URL":null,"blocklistState":0,"blocklistURL":null,"startupData":null}
1535131639622	addons.manager	DEBUG	Registering startup change 'installed' for shield-recipe-client@mozilla.org
1535131639628	addons.xpi	DEBUG	Loading bootstrap scope from /usr/lib/firefox/browser/features/shield-recipe-client@mozilla.org.xpi
1535131639632	addons.xpi	DEBUG	Calling bootstrap method install on shield-recipe-client@mozilla.org version 80
1535131639632	addons.xpi-utils	DEBUG	Make addon app-system-defaults:shield-recipe-client@mozilla.org visible
1535131639634	addons.xpi	DEBUG	Updating XPIState for {"id":"shield-recipe-client@mozilla.org","syncGUID":"{9146482c-83d1-40cf-b5f1-c0fc132b884c}","location":"app-system-defaults","version":"80","type":"extension","internalName":null,"updateURL":null,"updateKey":null,"optionsURL":null,"optionsType":null,"aboutURL":null,"defaultLocale":{"name":"Shield Recipe Client","description":"Client to download and run recipes for SHIELD, Heartbeat, etc.","creator":null,"homepageURL":null},"visible":true,"active":false,"userDisabled":false,"appDisabled":false,"installDate":1522183948000,"updateDate":1522183948000,"applyBackgroundUpdates":1,"bootstrap":true,"path":"/usr/lib/firefox/browser/features/shield-recipe-client@mozilla.org.xpi","skinnable":false,"size":365969,"sourceURI":null,"releaseNotesURI":null,"softDisabled":false,"foreignInstall":false,"hasBinaryComponents":false,"strictCompatibility":false,"locales":[],"targetApplications":[{"id":"{ec8030f7-c20a-464f-9b0e-13a3a9e97384}","minVersion":"59.0.2","maxVersion":"59.*"}],"targetPlatforms":[],"multiprocessCompatible":true,"seen":true,"dependencies":[],"hasEmbeddedWebExtension":false,"mpcOptedOut":false,"userPermissions":null,"icons":{},"iconURL":null,"icon64URL":null,"blocklistState":0,"blocklistURL":null,"startupData":null}
1535131639634	addons.manager	DEBUG	Registering startup change 'installed' for webcompat@mozilla.org
1535131639634	addons.xpi	DEBUG	Loading bootstrap scope from /usr/lib/firefox/browser/features/webcompat@mozilla.org.xpi
1535131639636	addons.xpi	DEBUG	Calling bootstrap method install on webcompat@mozilla.org version 1.1
1535131639636	addons.xpi-utils	DEBUG	Make addon app-system-defaults:webcompat@mozilla.org visible
1535131639636	addons.xpi	DEBUG	Updating XPIState for {"id":"webcompat@mozilla.org","syncGUID":"{7ff2859e-8087-4047-a860-e31c29d02470}","location":"app-system-defaults","version":"1.1","type":"extension","internalName":null,"updateURL":null,"updateKey":null,"optionsURL":null,"optionsType":null,"aboutURL":null,"defaultLocale":{"name":"Web Compat","description":"Urgent post-release fixes for web compatibility.","creator":null,"homepageURL":null},"visible":true,"active":false,"userDisabled":false,"appDisabled":false,"installDate":1522183948000,"updateDate":1522183948000,"applyBackgroundUpdates":1,"bootstrap":true,"path":"/usr/lib/firefox/browser/features/webcompat@mozilla.org.xpi","skinnable":false,"size":9268,"sourceURI":null,"releaseNotesURI":null,"softDisabled":false,"foreignInstall":false,"hasBinaryComponents":false,"strictCompatibility":false,"locales":[],"targetApplications":[{"id":"{ec8030f7-c20a-464f-9b0e-13a3a9e97384}","minVersion":"59.0.2","maxVersion":"59.*"}],"targetPlatforms":[],"multiprocessCompatible":true,"seen":true,"dependencies":[],"hasEmbeddedWebExtension":false,"mpcOptedOut":false,"userPermissions":null,"icons":{},"iconURL":null,"icon64URL":null,"blocklistState":0,"blocklistURL":null,"startupData":null}
1535131639636	addons.manager	DEBUG	Registering startup change 'installed' for langpack-en-ZA@firefox.mozilla.org
1535131639636	addons.manager	DEBUG	Registering startup change 'installed' for langpack-en-ZA@firefox.mozilla.org
1535131639638	addons.xpi	DEBUG	Loading bootstrap scope from /usr/lib/firefox/browser/extensions/langpack-en-ZA@firefox.mozilla.org.xpi
1535131639638	addons.xpi	DEBUG	Calling bootstrap method install on langpack-en-ZA@firefox.mozilla.org version 59.0.2
1535131639638	addons.xpi-utils	DEBUG	Make addon app-global:langpack-en-ZA@firefox.mozilla.org visible
1535131639638	addons.xpi	DEBUG	Updating XPIState for {"id":"langpack-en-ZA@firefox.mozilla.org","syncGUID":"{8a2953f6-dc07-4a50-8ed4-ad9168997d9f}","location":"app-global","version":"59.0.2","type":"webextension-langpack","internalName":null,"updateURL":null,"updateKey":null,"optionsURL":null,"optionsType":null,"optionsBrowserStyle":true,"aboutURL":null,"defaultLocale":{"name":"English (South Africa) Language Pack","description":"Language pack for Firefox for en-ZA","creator":"Translate.org.za (contributors: Translate.org.za, Dwayne Bailey)","developers":null,"translators":null,"contributors":null},"visible":true,"active":false,"userDisabled":false,"appDisabled":false,"installDate":1522184308000,"updateDate":1522184308000,"applyBackgroundUpdates":1,"bootstrap":true,"path":"/usr/lib/firefox/browser/extensions/langpack-en-ZA@firefox.mozilla.org.xpi","skinnable":false,"size":1206572,"sourceURI":null,"releaseNotesURI":null,"softDisabled":false,"foreignInstall":true,"hasBinaryComponents":false,"strictCompatibility":true,"locales":[],"targetApplications":[{"id":"toolkit@mozilla.org","minVersion":"59.0.2","maxVersion":"59.*"}],"targetPlatforms":[],"multiprocessCompatible":true,"seen":true,"dependencies":[],"hasEmbeddedWebExtension":false,"userPermissions":null,"icons":{},"iconURL":null,"icon64URL":null,"blocklistState":0,"blocklistURL":null,"startupData":{"chromeEntries":[["locale","necko","en-ZA","chrome/en-ZA/locale/en-ZA/necko/"],["locale","pdf.js","en-ZA","browser/chrome/en-ZA/locale/pdfviewer/"],["locale","global","en-ZA","chrome/en-ZA/locale/en-ZA/global/"],["locale","onboarding","en-ZA","browser/features/onboarding@mozilla.org/en-ZA/locale/en-ZA/"],["locale","devtools","en-ZA","browser/chrome/en-ZA/locale/en-ZA/devtools/client/"],["locale","pipnss","en-ZA","chrome/en-ZA/locale/en-ZA/pipnss/"],["locale","devtools-shim","en-ZA","browser/chrome/en-ZA/locale/en-ZA/devtools/shim/"],["locale","alerts","en-ZA","chrome/en-ZA/locale/en-ZA/alerts/"],["locale","branding","en-ZA","browser/chrome/en-ZA/locale/branding/"],["locale","autoconfig","en-ZA","chrome/en-ZA/locale/en-ZA/autoconfig/"],["locale","devtools-shared","en-ZA","browser/chrome/en-ZA/locale/en-ZA/devtools/shared/"],["locale","global-platform","en-ZA","chrome/en-ZA/locale/en-ZA/global-platform/unix/"],["locale","browser-region","en-ZA","browser/chrome/en-ZA/locale/browser-region/"],["locale","mozapps","en-ZA","chrome/en-ZA/locale/en-ZA/mozapps/"],["locale","pluginproblem","en-ZA","chrome/en-ZA/locale/en-ZA/pluginproblem/"],["locale","formautofill","en-ZA","browser/features/formautofill@mozilla.org/en-ZA/locale/en-ZA/"],["locale","weave","en-ZA","chrome/en-ZA/locale/en-ZA/services/"],["locale","pocket","en-ZA","browser/features/firefox@getpocket.com/en-ZA/locale/en-ZA/"],["locale","places","en-ZA","chrome/en-ZA/locale/en-ZA/places/"],["locale","passwordmgr","en-ZA","chrome/en-ZA/locale/en-ZA/passwordmgr/"],["locale","pippki","en-ZA","chrome/en-ZA/locale/en-ZA/pippki/"],["locale","browser","en-ZA","browser/chrome/en-ZA/locale/browser/"]]}}
1535131639640	addons.manager	DEBUG	Registering startup change 'installed' for langpack-en-GB@firefox.mozilla.org
1535131639640	addons.manager	DEBUG	Registering startup change 'installed' for langpack-en-GB@firefox.mozilla.org
1535131639640	addons.xpi	DEBUG	Loading bootstrap scope from /usr/lib/firefox/browser/extensions/langpack-en-GB@firefox.mozilla.org.xpi
1535131639642	addons.xpi	DEBUG	Calling bootstrap method install on langpack-en-GB@firefox.mozilla.org version 59.0.2
1535131639642	addons.xpi-utils	DEBUG	Make addon app-global:langpack-en-GB@firefox.mozilla.org visible
1535131639642	addons.xpi	DEBUG	Updating XPIState for {"id":"langpack-en-GB@firefox.mozilla.org","syncGUID":"{94aae3d7-c3e1-4630-8ca6-b46085a2c043}","location":"app-global","version":"59.0.2","type":"webextension-langpack","internalName":null,"updateURL":null,"updateKey":null,"optionsURL":null,"optionsType":null,"optionsBrowserStyle":true,"aboutURL":null,"defaultLocale":{"name":"English (GB) Language Pack","description":"Language pack for Firefox for en-GB","creator":"Mark Tyndall (contributors: David Bartlett, Constantine Murenin, Ian Neal)","developers":null,"translators":null,"contributors":null},"visible":true,"active":false,"userDisabled":false,"appDisabled":false,"installDate":1522184308000,"updateDate":1522184308000,"applyBackgroundUpdates":1,"bootstrap":true,"path":"/usr/lib/firefox/browser/extensions/langpack-en-GB@firefox.mozilla.org.xpi","skinnable":false,"size":1229648,"sourceURI":null,"releaseNotesURI":null,"softDisabled":false,"foreignInstall":true,"hasBinaryComponents":false,"strictCompatibility":true,"locales":[],"targetApplications":[{"id":"toolkit@mozilla.org","minVersion":"59.0.2","maxVersion":"59.*"}],"targetPlatforms":[],"multiprocessCompatible":true,"seen":true,"dependencies":[],"hasEmbeddedWebExtension":false,"userPermissions":null,"icons":{},"iconURL":null,"icon64URL":null,"blocklistState":0,"blocklistURL":null,"startupData":{"chromeEntries":[["locale","necko","en-GB","chrome/en-GB/locale/en-GB/necko/"],["locale","pdf.js","en-GB","browser/chrome/en-GB/locale/pdfviewer/"],["locale","global","en-GB","chrome/en-GB/locale/en-GB/global/"],["locale","onboarding","en-GB","browser/features/onboarding@mozilla.org/en-GB/locale/en-GB/"],["locale","devtools","en-GB","browser/chrome/en-GB/locale/en-GB/devtools/client/"],["locale","pipnss","en-GB","chrome/en-GB/locale/en-GB/pipnss/"],["locale","devtools-shim","en-GB","browser/chrome/en-GB/locale/en-GB/devtools/shim/"],["locale","alerts","en-GB","chrome/en-GB/locale/en-GB/alerts/"],["locale","branding","en-GB","browser/chrome/en-GB/locale/branding/"],["locale","autoconfig","en-GB","chrome/en-GB/locale/en-GB/autoconfig/"],["locale","devtools-shared","en-GB","browser/chrome/en-GB/locale/en-GB/devtools/shared/"],["locale","global-platform","en-GB","chrome/en-GB/locale/en-GB/global-platform/unix/"],["locale","browser-region","en-GB","browser/chrome/en-GB/locale/browser-region/"],["locale","mozapps","en-GB","chrome/en-GB/locale/en-GB/mozapps/"],["locale","pluginproblem","en-GB","chrome/en-GB/locale/en-GB/pluginproblem/"],["locale","formautofill","en-GB","browser/features/formautofill@mozilla.org/en-GB/locale/en-GB/"],["locale","weave","en-GB","chrome/en-GB/locale/en-GB/services/"],["locale","pocket","en-GB","browser/features/firefox@getpocket.com/en-GB/locale/en-GB/"],["locale","places","en-GB","chrome/en-GB/locale/en-GB/places/"],["locale","passwordmgr","en-GB","chrome/en-GB/locale/en-GB/passwordmgr/"],["locale","pippki","en-GB","chrome/en-GB/locale/en-GB/pippki/"],["locale","browser","en-GB","browser/chrome/en-GB/locale/browser/"]]}}
1535131639644	addons.xpi-utils	DEBUG	Make addon app-global:{972ce4c6-7e08-4474-a285-3208198ce6fd} visible
1535131639644	addons.xpi	DEBUG	Updating XPIState for {"id":"{972ce4c6-7e08-4474-a285-3208198ce6fd}","syncGUID":"{23e0caf2-b328-48c2-953a-5b09830bd0ec}","location":"app-global","version":"59.0.2","type":"theme","internalName":"classic/1.0","updateURL":null,"updateKey":null,"optionsURL":null,"optionsType":null,"optionsBrowserStyle":null,"aboutURL":null,"defaultLocale":{"name":"Default","description":"The default theme.","creator":"Mozilla","homepageURL":null,"contributors":["Mozilla Contributors"]},"visible":true,"active":false,"userDisabled":false,"appDisabled":false,"installDate":1522183948000,"updateDate":1522183948000,"applyBackgroundUpdates":1,"path":"/usr/lib/firefox/browser/extensions/{972ce4c6-7e08-4474-a285-3208198ce6fd}.xpi","skinnable":true,"size":1907,"sourceURI":null,"releaseNotesURI":null,"softDisabled":false,"foreignInstall":false,"hasBinaryComponents":false,"strictCompatibility":true,"locales":[],"targetApplications":[{"id":"{ec8030f7-c20a-464f-9b0e-13a3a9e97384}","minVersion":"59.0.2","maxVersion":"59.0.2"}],"targetPlatforms":[],"seen":true,"dependencies":[],"hasEmbeddedWebExtension":false,"userPermissions":null,"icons":{},"iconURL":"chrome://browser/content/default-theme-icon.svg","icon64URL":null,"blocklistState":0,"blocklistURL":null,"startupData":null}
1535131639644	addons.xpi	DEBUG	Updating XPIState for {"id":"activity-stream@mozilla.org","syncGUID":"{0d94117b-141b-40d4-a013-e890f5bac08f}","location":"app-system-defaults","version":"2018.02.17.0026-173e2795","type":"extension","internalName":null,"updateURL":null,"updateKey":null,"optionsURL":null,"optionsType":null,"aboutURL":null,"defaultLocale":{"name":"Activity Stream","description":"A rich visual history feed and a reimagined home page make it easier than ever to find exactly what you're looking for in Firefox.","creator":null,"homepageURL":null},"visible":true,"active":true,"userDisabled":false,"appDisabled":false,"installDate":1522183948000,"updateDate":1522183948000,"applyBackgroundUpdates":1,"bootstrap":true,"path":"/usr/lib/firefox/browser/features/activity-stream@mozilla.org.xpi","skinnable":false,"size":2766941,"sourceURI":null,"releaseNotesURI":null,"softDisabled":false,"foreignInstall":false,"hasBinaryComponents":false,"strictCompatibility":false,"locales":[],"targetApplications":[{"id":"{ec8030f7-c20a-464f-9b0e-13a3a9e97384}","minVersion":"59.0.2","maxVersion":"59.*"}],"targetPlatforms":[],"multiprocessCompatible":true,"seen":true,"dependencies":[],"hasEmbeddedWebExtension":false,"mpcOptedOut":false,"userPermissions":null,"icons":{},"iconURL":null,"icon64URL":null,"blocklistState":0,"blocklistURL":null,"startupData":null}
1535131639644	addons.xpi	DEBUG	Updating XPIState for {"id":"aushelper@mozilla.org","syncGUID":"{a2b2f973-79c5-4199-9898-32a424dcb04e}","location":"app-system-defaults","version":"2.0","type":"extension","internalName":null,"updateURL":null,"updateKey":null,"optionsURL":null,"optionsType":null,"aboutURL":null,"defaultLocale":{"name":"Application Update Service Helper","description":"Sets value(s) in the update url based on custom checks.","creator":null,"homepageURL":null},"visible":true,"active":true,"userDisabled":false,"appDisabled":false,"installDate":1522183948000,"updateDate":1522183948000,"applyBackgroundUpdates":1,"bootstrap":true,"path":"/usr/lib/firefox/browser/features/aushelper@mozilla.org.xpi","skinnable":false,"size":8488,"sourceURI":null,"releaseNotesURI":null,"softDisabled":false,"foreignInstall":false,"hasBinaryComponents":false,"strictCompatibility":false,"locales":[],"targetApplications":[{"id":"{ec8030f7-c20a-464f-9b0e-13a3a9e97384}","minVersion":"59.0.2","maxVersion":"59.*"}],"targetPlatforms":[],"multiprocessCompatible":true,"seen":true,"dependencies":[],"hasEmbeddedWebExtension":false,"mpcOptedOut":false,"userPermissions":null,"icons":{},"iconURL":null,"icon64URL":null,"blocklistState":0,"blocklistURL":null,"startupData":null}
1535131639646	addons.xpi	DEBUG	Updating XPIState for {"id":"firefox@getpocket.com","syncGUID":"{cd49b742-9c9a-48c5-b682-59047c45caac}","location":"app-system-defaults","version":"1.0.5","type":"extension","internalName":null,"updateURL":null,"updateKey":null,"optionsURL":null,"optionsType":null,"aboutURL":null,"defaultLocale":{"name":"Pocket","description":"When you find something you want to view later, put it in Pocket.","creator":null,"homepageURL":null},"visible":true,"active":true,"userDisabled":false,"appDisabled":false,"installDate":1522183948000,"updateDate":1522183948000,"applyBackgroundUpdates":1,"bootstrap":true,"path":"/usr/lib/firefox/browser/features/firefox@getpocket.com.xpi","skinnable":false,"size":909105,"sourceURI":null,"releaseNotesURI":null,"softDisabled":false,"foreignInstall":false,"hasBinaryComponents":false,"strictCompatibility":false,"locales":[],"targetApplications":[{"id":"{ec8030f7-c20a-464f-9b0e-13a3a9e97384}","minVersion":"59.0.2","maxVersion":"59.*"}],"targetPlatforms":[],"multiprocessCompatible":true,"seen":true,"dependencies":[],"hasEmbeddedWebExtension":false,"mpcOptedOut":false,"userPermissions":null,"icons":{},"iconURL":null,"icon64URL":null,"blocklistState":0,"blocklistURL":null,"startupData":null}
1535131639646	addons.xpi	DEBUG	Updating XPIState for {"id":"followonsearch@mozilla.com","syncGUID":"{fbf85c6b-a879-4dc2-aaaa-48a428315a9f}","location":"app-system-defaults","version":"0.9.6","type":"extension","internalName":null,"updateURL":null,"updateKey":null,"optionsURL":null,"optionsType":null,"aboutURL":null,"defaultLocale":{"name":"Follow-on Search Telemetry","description":null,"creator":null,"homepageURL":null},"visible":true,"active":true,"userDisabled":false,"appDisabled":false,"installDate":1522183948000,"updateDate":1522183948000,"applyBackgroundUpdates":1,"bootstrap":true,"path":"/usr/lib/firefox/browser/features/followonsearch@mozilla.com.xpi","skinnable":false,"size":18625,"sourceURI":null,"releaseNotesURI":null,"softDisabled":false,"foreignInstall":false,"hasBinaryComponents":false,"strictCompatibility":false,"locales":[],"targetApplications":[{"id":"{ec8030f7-c20a-464f-9b0e-13a3a9e97384}","minVersion":"52.0","maxVersion":"66.*"}],"targetPlatforms":[],"multiprocessCompatible":true,"seen":true,"dependencies":[],"hasEmbeddedWebExtension":false,"mpcOptedOut":false,"userPermissions":null,"icons":{},"iconURL":null,"icon64URL":null,"blocklistState":0,"blocklistURL":null,"startupData":null}
1535131639646	addons.xpi	DEBUG	Updating XPIState for {"id":"formautofill@mozilla.org","syncGUID":"{ff3d6a49-c337-473b-b03e-5ad2b5f4bd39}","location":"app-system-defaults","version":"1.0","type":"extension","internalName":null,"updateURL":null,"updateKey":null,"optionsURL":null,"optionsType":null,"aboutURL":null,"defaultLocale":{"name":"Form Autofill","description":"Autofill forms with saved profiles","creator":null,"homepageURL":null},"visible":true,"active":true,"userDisabled":false,"appDisabled":false,"installDate":1522183948000,"updateDate":1522183948000,"applyBackgroundUpdates":1,"bootstrap":true,"path":"/usr/lib/firefox/browser/features/formautofill@mozilla.org.xpi","skinnable":false,"size":457638,"sourceURI":null,"releaseNotesURI":null,"softDisabled":false,"foreignInstall":false,"hasBinaryComponents":false,"strictCompatibility":false,"locales":[],"targetApplications":[{"id":"{ec8030f7-c20a-464f-9b0e-13a3a9e97384}","minVersion":"59.0.2","maxVersion":"59.*"}],"targetPlatforms":[],"multiprocessCompatible":true,"seen":true,"dependencies":[],"hasEmbeddedWebExtension":false,"mpcOptedOut":false,"userPermissions":null,"icons":{},"iconURL":null,"icon64URL":null,"blocklistState":0,"blocklistURL":null,"startupData":null}
1535131639646	addons.xpi	DEBUG	Updating XPIState for {"id":"onboarding@mozilla.org","syncGUID":"{303f08e0-5206-4946-adb5-495f44eee23c}","location":"app-system-defaults","version":"1.0","type":"extension","internalName":null,"updateURL":null,"updateKey":null,"optionsURL":null,"optionsType":null,"aboutURL":null,"defaultLocale":{"name":"Photon onboarding","description":"Photon onboarding","creator":null,"homepageURL":null},"visible":true,"active":true,"userDisabled":false,"appDisabled":false,"installDate":1522183948000,"updateDate":1522183948000,"applyBackgroundUpdates":1,"bootstrap":true,"path":"/usr/lib/firefox/browser/features/onboarding@mozilla.org.xpi","skinnable":false,"size":566884,"sourceURI":null,"releaseNotesURI":null,"softDisabled":false,"foreignInstall":false,"hasBinaryComponents":false,"strictCompatibility":false,"locales":[],"targetApplications":[{"id":"{ec8030f7-c20a-464f-9b0e-13a3a9e97384}","minVersion":"59.0.2","maxVersion":"59.*"}],"targetPlatforms":[],"multiprocessCompatible":true,"seen":true,"dependencies":[],"hasEmbeddedWebExtension":false,"mpcOptedOut":false,"userPermissions":null,"icons":{},"iconURL":null,"icon64URL":null,"blocklistState":0,"blocklistURL":null,"startupData":null}
1535131639646	addons.xpi	DEBUG	Updating XPIState for {"id":"screenshots@mozilla.org","syncGUID":"{b7092044-95e7-49de-a8dd-91a14f1a3a02}","location":"app-system-defaults","version":"25.0.0","type":"extension","internalName":null,"updateURL":null,"updateKey":null,"optionsURL":null,"optionsType":null,"aboutURL":null,"defaultLocale":{"name":"Firefox Screenshots","description":null,"creator":null,"homepageURL":"https://screenshots.firefox.com/"},"visible":true,"active":true,"userDisabled":false,"appDisabled":false,"installDate":1522183948000,"updateDate":1522183948000,"applyBackgroundUpdates":1,"bootstrap":true,"path":"/usr/lib/firefox/browser/features/screenshots@mozilla.org.xpi","skinnable":false,"size":994512,"sourceURI":null,"releaseNotesURI":null,"softDisabled":false,"foreignInstall":false,"hasBinaryComponents":false,"strictCompatibility":false,"locales":[],"targetApplications":[{"id":"{ec8030f7-c20a-464f-9b0e-13a3a9e97384}","minVersion":"57.0a1","maxVersion":"*"}],"targetPlatforms":[],"multiprocessCompatible":true,"seen":true,"dependencies":[],"hasEmbeddedWebExtension":false,"mpcOptedOut":false,"userPermissions":null,"icons":{},"iconURL":null,"icon64URL":null,"blocklistState":0,"blocklistURL":null,"startupData":null}
1535131639646	addons.xpi	DEBUG	Updating XPIState for {"id":"shield-recipe-client@mozilla.org","syncGUID":"{9146482c-83d1-40cf-b5f1-c0fc132b884c}","location":"app-system-defaults","version":"80","type":"extension","internalName":null,"updateURL":null,"updateKey":null,"optionsURL":null,"optionsType":null,"aboutURL":null,"defaultLocale":{"name":"Shield Recipe Client","description":"Client to download and run recipes for SHIELD, Heartbeat, etc.","creator":null,"homepageURL":null},"visible":true,"active":true,"userDisabled":false,"appDisabled":false,"installDate":1522183948000,"updateDate":1522183948000,"applyBackgroundUpdates":1,"bootstrap":true,"path":"/usr/lib/firefox/browser/features/shield-recipe-client@mozilla.org.xpi","skinnable":false,"size":365969,"sourceURI":null,"releaseNotesURI":null,"softDisabled":false,"foreignInstall":false,"hasBinaryComponents":false,"strictCompatibility":false,"locales":[],"targetApplications":[{"id":"{ec8030f7-c20a-464f-9b0e-13a3a9e97384}","minVersion":"59.0.2","maxVersion":"59.*"}],"targetPlatforms":[],"multiprocessCompatible":true,"seen":true,"dependencies":[],"hasEmbeddedWebExtension":false,"mpcOptedOut":false,"userPermissions":null,"icons":{},"iconURL":null,"icon64URL":null,"blocklistState":0,"blocklistURL":null,"startupData":null}
1535131639646	addons.xpi	DEBUG	Updating XPIState for {"id":"webcompat@mozilla.org","syncGUID":"{7ff2859e-8087-4047-a860-e31c29d02470}","location":"app-system-defaults","version":"1.1","type":"extension","internalName":null,"updateURL":null,"updateKey":null,"optionsURL":null,"optionsType":null,"aboutURL":null,"defaultLocale":{"name":"Web Compat","description":"Urgent post-release fixes for web compatibility.","creator":null,"homepageURL":null},"visible":true,"active":true,"userDisabled":false,"appDisabled":false,"installDate":1522183948000,"updateDate":1522183948000,"applyBackgroundUpdates":1,"bootstrap":true,"path":"/usr/lib/firefox/browser/features/webcompat@mozilla.org.xpi","skinnable":false,"size":9268,"sourceURI":null,"releaseNotesURI":null,"softDisabled":false,"foreignInstall":false,"hasBinaryComponents":false,"strictCompatibility":false,"locales":[],"targetApplications":[{"id":"{ec8030f7-c20a-464f-9b0e-13a3a9e97384}","minVersion":"59.0.2","maxVersion":"59.*"}],"targetPlatforms":[],"multiprocessCompatible":true,"seen":true,"dependencies":[],"hasEmbeddedWebExtension":false,"mpcOptedOut":false,"userPermissions":null,"icons":{},"iconURL":null,"icon64URL":null,"blocklistState":0,"blocklistURL":null,"startupData":null}
1535131639646	addons.xpi	DEBUG	Updating XPIState for {"id":"langpack-en-ZA@firefox.mozilla.org","syncGUID":"{8a2953f6-dc07-4a50-8ed4-ad9168997d9f}","location":"app-global","version":"59.0.2","type":"webextension-langpack","internalName":null,"updateURL":null,"updateKey":null,"optionsURL":null,"optionsType":null,"optionsBrowserStyle":true,"aboutURL":null,"defaultLocale":{"name":"English (South Africa) Language Pack","description":"Language pack for Firefox for en-ZA","creator":"Translate.org.za (contributors: Translate.org.za, Dwayne Bailey)","developers":null,"translators":null,"contributors":null},"visible":true,"active":true,"userDisabled":false,"appDisabled":false,"installDate":1522184308000,"updateDate":1522184308000,"applyBackgroundUpdates":1,"bootstrap":true,"path":"/usr/lib/firefox/browser/extensions/langpack-en-ZA@firefox.mozilla.org.xpi","skinnable":false,"size":1206572,"sourceURI":null,"releaseNotesURI":null,"softDisabled":false,"foreignInstall":true,"hasBinaryComponents":false,"strictCompatibility":true,"locales":[],"targetApplications":[{"id":"toolkit@mozilla.org","minVersion":"59.0.2","maxVersion":"59.*"}],"targetPlatforms":[],"multiprocessCompatible":true,"seen":true,"dependencies":[],"hasEmbeddedWebExtension":false,"userPermissions":null,"icons":{},"iconURL":null,"icon64URL":null,"blocklistState":0,"blocklistURL":null,"startupData":{"chromeEntries":[["locale","necko","en-ZA","chrome/en-ZA/locale/en-ZA/necko/"],["locale","pdf.js","en-ZA","browser/chrome/en-ZA/locale/pdfviewer/"],["locale","global","en-ZA","chrome/en-ZA/locale/en-ZA/global/"],["locale","onboarding","en-ZA","browser/features/onboarding@mozilla.org/en-ZA/locale/en-ZA/"],["locale","devtools","en-ZA","browser/chrome/en-ZA/locale/en-ZA/devtools/client/"],["locale","pipnss","en-ZA","chrome/en-ZA/locale/en-ZA/pipnss/"],["locale","devtools-shim","en-ZA","browser/chrome/en-ZA/locale/en-ZA/devtools/shim/"],["locale","alerts","en-ZA","chrome/en-ZA/locale/en-ZA/alerts/"],["locale","branding","en-ZA","browser/chrome/en-ZA/locale/branding/"],["locale","autoconfig","en-ZA","chrome/en-ZA/locale/en-ZA/autoconfig/"],["locale","devtools-shared","en-ZA","browser/chrome/en-ZA/locale/en-ZA/devtools/shared/"],["locale","global-platform","en-ZA","chrome/en-ZA/locale/en-ZA/global-platform/unix/"],["locale","browser-region","en-ZA","browser/chrome/en-ZA/locale/browser-region/"],["locale","mozapps","en-ZA","chrome/en-ZA/locale/en-ZA/mozapps/"],["locale","pluginproblem","en-ZA","chrome/en-ZA/locale/en-ZA/pluginproblem/"],["locale","formautofill","en-ZA","browser/features/formautofill@mozilla.org/en-ZA/locale/en-ZA/"],["locale","weave","en-ZA","chrome/en-ZA/locale/en-ZA/services/"],["locale","pocket","en-ZA","browser/features/firefox@getpocket.com/en-ZA/locale/en-ZA/"],["locale","places","en-ZA","chrome/en-ZA/locale/en-ZA/places/"],["locale","passwordmgr","en-ZA","chrome/en-ZA/locale/en-ZA/passwordmgr/"],["locale","pippki","en-ZA","chrome/en-ZA/locale/en-ZA/pippki/"],["locale","browser","en-ZA","browser/chrome/en-ZA/locale/browser/"]]}}
1535131639646	addons.xpi	DEBUG	Updating XPIState for {"id":"langpack-en-GB@firefox.mozilla.org","syncGUID":"{94aae3d7-c3e1-4630-8ca6-b46085a2c043}","location":"app-global","version":"59.0.2","type":"webextension-langpack","internalName":null,"updateURL":null,"updateKey":null,"optionsURL":null,"optionsType":null,"optionsBrowserStyle":true,"aboutURL":null,"defaultLocale":{"name":"English (GB) Language Pack","description":"Language pack for Firefox for en-GB","creator":"Mark Tyndall (contributors: David Bartlett, Constantine Murenin, Ian Neal)","developers":null,"translators":null,"contributors":null},"visible":true,"active":true,"userDisabled":false,"appDisabled":false,"installDate":1522184308000,"updateDate":1522184308000,"applyBackgroundUpdates":1,"bootstrap":true,"path":"/usr/lib/firefox/browser/extensions/langpack-en-GB@firefox.mozilla.org.xpi","skinnable":false,"size":1229648,"sourceURI":null,"releaseNotesURI":null,"softDisabled":false,"foreignInstall":true,"hasBinaryComponents":false,"strictCompatibility":true,"locales":[],"targetApplications":[{"id":"toolkit@mozilla.org","minVersion":"59.0.2","maxVersion":"59.*"}],"targetPlatforms":[],"multiprocessCompatible":true,"seen":true,"dependencies":[],"hasEmbeddedWebExtension":false,"userPermissions":null,"icons":{},"iconURL":null,"icon64URL":null,"blocklistState":0,"blocklistURL":null,"startupData":{"chromeEntries":[["locale","necko","en-GB","chrome/en-GB/locale/en-GB/necko/"],["locale","pdf.js","en-GB","browser/chrome/en-GB/locale/pdfviewer/"],["locale","global","en-GB","chrome/en-GB/locale/en-GB/global/"],["locale","onboarding","en-GB","browser/features/onboarding@mozilla.org/en-GB/locale/en-GB/"],["locale","devtools","en-GB","browser/chrome/en-GB/locale/en-GB/devtools/client/"],["locale","pipnss","en-GB","chrome/en-GB/locale/en-GB/pipnss/"],["locale","devtools-shim","en-GB","browser/chrome/en-GB/locale/en-GB/devtools/shim/"],["locale","alerts","en-GB","chrome/en-GB/locale/en-GB/alerts/"],["locale","branding","en-GB","browser/chrome/en-GB/locale/branding/"],["locale","autoconfig","en-GB","chrome/en-GB/locale/en-GB/autoconfig/"],["locale","devtools-shared","en-GB","browser/chrome/en-GB/locale/en-GB/devtools/shared/"],["locale","global-platform","en-GB","chrome/en-GB/locale/en-GB/global-platform/unix/"],["locale","browser-region","en-GB","browser/chrome/en-GB/locale/browser-region/"],["locale","mozapps","en-GB","chrome/en-GB/locale/en-GB/mozapps/"],["locale","pluginproblem","en-GB","chrome/en-GB/locale/en-GB/pluginproblem/"],["locale","formautofill","en-GB","browser/features/formautofill@mozilla.org/en-GB/locale/en-GB/"],["locale","weave","en-GB","chrome/en-GB/locale/en-GB/services/"],["locale","pocket","en-GB","browser/features/firefox@getpocket.com/en-GB/locale/en-GB/"],["locale","places","en-GB","chrome/en-GB/locale/en-GB/places/"],["locale","passwordmgr","en-GB","chrome/en-GB/locale/en-GB/passwordmgr/"],["locale","pippki","en-GB","chrome/en-GB/locale/en-GB/pippki/"],["locale","browser","en-GB","browser/chrome/en-GB/locale/browser/"]]}}
1535131639646	addons.xpi	DEBUG	Updating XPIState for {"id":"{972ce4c6-7e08-4474-a285-3208198ce6fd}","syncGUID":"{23e0caf2-b328-48c2-953a-5b09830bd0ec}","location":"app-global","version":"59.0.2","type":"theme","internalName":"classic/1.0","updateURL":null,"updateKey":null,"optionsURL":null,"optionsType":null,"optionsBrowserStyle":null,"aboutURL":null,"defaultLocale":{"name":"Default","description":"The default theme.","creator":"Mozilla","homepageURL":null,"contributors":["Mozilla Contributors"]},"visible":true,"active":true,"userDisabled":false,"appDisabled":false,"installDate":1522183948000,"updateDate":1522183948000,"applyBackgroundUpdates":1,"path":"/usr/lib/firefox/browser/extensions/{972ce4c6-7e08-4474-a285-3208198ce6fd}.xpi","skinnable":true,"size":1907,"sourceURI":null,"releaseNotesURI":null,"softDisabled":false,"foreignInstall":false,"hasBinaryComponents":false,"strictCompatibility":true,"locales":[],"targetApplications":[{"id":"{ec8030f7-c20a-464f-9b0e-13a3a9e97384}","minVersion":"59.0.2","maxVersion":"59.0.2"}],"targetPlatforms":[],"seen":true,"dependencies":[],"hasEmbeddedWebExtension":false,"userPermissions":null,"icons":{},"iconURL":"chrome://browser/content/default-theme-icon.svg","icon64URL":null,"blocklistState":0,"blocklistURL":null,"startupData":null}
1535131639646	addons.xpi	DEBUG	Updating database with changes to installed add-ons
1535131639648	addons.xpi-utils	DEBUG	Updating add-on states
1535131639654	addons.xpi	DEBUG	Registering manifest for /usr/lib/firefox/browser/features/activity-stream@mozilla.org.xpi
1535131639656	addons.xpi	DEBUG	Calling bootstrap method startup on activity-stream@mozilla.org version 2018.02.17.0026-173e2795
1535131639656	addons.xpi	DEBUG	Registering manifest for /usr/lib/firefox/browser/features/aushelper@mozilla.org.xpi
1535131639658	addons.xpi	DEBUG	Calling bootstrap method startup on aushelper@mozilla.org version 2.0
1535131639658	addons.xpi	DEBUG	Registering manifest for /usr/lib/firefox/browser/features/firefox@getpocket.com.xpi
1535131639660	addons.xpi	DEBUG	Calling bootstrap method startup on firefox@getpocket.com version 1.0.5
1535131639750	addons.xpi	DEBUG	Registering manifest for /usr/lib/firefox/browser/features/followonsearch@mozilla.com.xpi
1535131639750	addons.xpi	DEBUG	Calling bootstrap method startup on followonsearch@mozilla.com version 0.9.6
1535131639750	addons.xpi	DEBUG	Registering manifest for /usr/lib/firefox/browser/features/formautofill@mozilla.org.xpi
1535131639750	addons.xpi	DEBUG	Calling bootstrap method startup on formautofill@mozilla.org version 1.0
1535131639752	addons.xpi	DEBUG	Calling bootstrap method startup on langpack-en-GB@firefox.mozilla.org version 59.0.2
1535131639754	addons.xpi	DEBUG	Calling bootstrap method startup on langpack-en-ZA@firefox.mozilla.org version 59.0.2
1535131639754	addons.xpi	DEBUG	Registering manifest for /usr/lib/firefox/browser/features/onboarding@mozilla.org.xpi
1535131639754	addons.xpi	DEBUG	Calling bootstrap method startup on onboarding@mozilla.org version 1.0
1535131639754	addons.xpi	DEBUG	Registering manifest for /usr/lib/firefox/browser/features/screenshots@mozilla.org.xpi
1535131639754	addons.xpi	DEBUG	Calling bootstrap method startup on screenshots@mozilla.org version 25.0.0
1535131639756	addons.xpi	DEBUG	Registering manifest for /usr/lib/firefox/browser/features/shield-recipe-client@mozilla.org.xpi
1535131639756	addons.xpi	DEBUG	Calling bootstrap method startup on shield-recipe-client@mozilla.org version 80
1535131639816	addons.xpi	DEBUG	Registering manifest for /usr/lib/firefox/browser/features/webcompat@mozilla.org.xpi
1535131639816	addons.xpi	DEBUG	Calling bootstrap method startup on webcompat@mozilla.org version 1.1
1535131639820	addons.manager	DEBUG	Registering shutdown blocker for XPIProvider
1535131639820	addons.manager	DEBUG	Provider finished startup: XPIProvider
1535131639820	addons.manager	DEBUG	Starting provider: LightweightThemeManager
1535131639820	addons.manager	DEBUG	Registering shutdown blocker for LightweightThemeManager
1535131639820	addons.manager	DEBUG	Provider finished startup: LightweightThemeManager
1535131639820	addons.manager	DEBUG	Starting provider: GMPProvider
1535131639822	addons.manager	DEBUG	Registering shutdown blocker for GMPProvider
1535131639822	addons.manager	DEBUG	Provider finished startup: GMPProvider
1535131639822	addons.manager	DEBUG	Starting provider: PluginProvider
1535131639822	addons.manager	DEBUG	Registering shutdown blocker for PluginProvider
1535131639822	addons.manager	DEBUG	Provider finished startup: PluginProvider
1535131639822	addons.manager	DEBUG	Completed startup sequence
1535131640218	Marionette	INFO	Enabled via --marionette
1535131641242	addons.manager	DEBUG	Starting provider: PreviousExperimentProvider
1535131641242	addons.manager	DEBUG	Registering shutdown blocker for PreviousExperimentProvider
1535131641242	addons.manager	DEBUG	Provider finished startup: PreviousExperimentProvider
1535131642628	addons.xpi-utils	DEBUG	XPI Database saved, setting schema version preference to 24
1535131643658	addons.xpi	INFO	Mapping activity-stream@mozilla.org to /usr/lib/firefox/browser/features/activity-stream@mozilla.org.xpi
1535131643658	addons.xpi	INFO	Mapping aushelper@mozilla.org to /usr/lib/firefox/browser/features/aushelper@mozilla.org.xpi
1535131643658	addons.xpi	INFO	Mapping firefox@getpocket.com to /usr/lib/firefox/browser/features/firefox@getpocket.com.xpi
1535131643658	addons.xpi	INFO	Mapping followonsearch@mozilla.com to /usr/lib/firefox/browser/features/followonsearch@mozilla.com.xpi
1535131643658	addons.xpi	INFO	Mapping formautofill@mozilla.org to /usr/lib/firefox/browser/features/formautofill@mozilla.org.xpi
1535131643658	addons.xpi	INFO	Mapping onboarding@mozilla.org to /usr/lib/firefox/browser/features/onboarding@mozilla.org.xpi
1535131643658	addons.xpi	INFO	Mapping screenshots@mozilla.org to /usr/lib/firefox/browser/features/screenshots@mozilla.org.xpi
1535131643658	addons.xpi	INFO	Mapping shield-recipe-client@mozilla.org to /usr/lib/firefox/browser/features/shield-recipe-client@mozilla.org.xpi
1535131643658	addons.xpi	INFO	Mapping webcompat@mozilla.org to /usr/lib/firefox/browser/features/webcompat@mozilla.org.xpi
1535131643660	addons.xpi	DEBUG	Existing add-on activity-stream@mozilla.org in app-system-defaults
1535131643660	addons.xpi	DEBUG	Existing add-on aushelper@mozilla.org in app-system-defaults
1535131643660	addons.xpi	DEBUG	Existing add-on firefox@getpocket.com in app-system-defaults
1535131643660	addons.xpi	DEBUG	Existing add-on followonsearch@mozilla.com in app-system-defaults
1535131643660	addons.xpi	DEBUG	Existing add-on formautofill@mozilla.org in app-system-defaults
1535131643660	addons.xpi	DEBUG	Existing add-on onboarding@mozilla.org in app-system-defaults
1535131643660	addons.xpi	DEBUG	Existing add-on screenshots@mozilla.org in app-system-defaults
1535131643660	addons.xpi	DEBUG	Existing add-on shield-recipe-client@mozilla.org in app-system-defaults
1535131643662	addons.xpi	DEBUG	Existing add-on webcompat@mozilla.org in app-system-defaults
1535131643662	addons.xpi	INFO	Mapping langpack-en-ZA@firefox.mozilla.org to /usr/lib/firefox/browser/extensions/langpack-en-ZA@firefox.mozilla.org.xpi
1535131643662	addons.xpi	INFO	Mapping langpack-en-GB@firefox.mozilla.org to /usr/lib/firefox/browser/extensions/langpack-en-GB@firefox.mozilla.org.xpi
1535131643662	addons.xpi	INFO	Mapping {972ce4c6-7e08-4474-a285-3208198ce6fd} to /usr/lib/firefox/browser/extensions/{972ce4c6-7e08-4474-a285-3208198ce6fd}.xpi
1535131643662	addons.xpi	DEBUG	Existing add-on langpack-en-ZA@firefox.mozilla.org in app-global
1535131643662	addons.xpi	DEBUG	Existing add-on langpack-en-GB@firefox.mozilla.org in app-global
1535131643662	addons.xpi	DEBUG	Existing add-on {972ce4c6-7e08-4474-a285-3208198ce6fd} in app-global
1535131643662	addons.xpi	DEBUG	getInstallState changed: false, state: {}
1535131643922	Marionette	INFO	Listening on port 43115
1535131644048	Marionette	WARN	TLS certificate errors will be ignored for this session
ago 24, 2018 2:27:24 PM org.openqa.selenium.remote.ProtocolHandshake createSession
INFORMAÇÕES: Detected dialect: W3C

(firefox:28356): GLib-GObject-WARNING **: /build/glib2.0-prJhLS/glib2.0-2.48.2/./gobject/gsignal.c:3486: signal name 'selection_changed' is invalid for instance '0x7febbb0306a0' of type 'MaiAtkType139'

(firefox:28356): GLib-GObject-WARNING **: /build/glib2.0-prJhLS/glib2.0-2.48.2/./gobject/gsignal.c:3486: signal name 'selection_changed' is invalid for instance '0x7febbb0307e0' of type 'MaiAtkType139'

(firefox:28356): GLib-GObject-WARNING **: /build/glib2.0-prJhLS/glib2.0-2.48.2/./gobject/gsignal.c:3486: signal name 'selection_changed' is invalid for instance '0x7febbb030920' of type 'MaiAtkType139'

(/usr/lib/firefox/firefox:28405): dconf-WARNING **: Unable to open /var/lib/snapd/desktop/dconf/profile/user: Permission denied

(firefox:28356): GLib-GObject-WARNING **: /build/glib2.0-prJhLS/glib2.0-2.48.2/./gobject/gsignal.c:3486: signal name 'selection_changed' is invalid for instance '0x7febabf33ab0' of type 'MaiAtkType139'

(firefox:28356): GLib-GObject-WARNING **: /build/glib2.0-prJhLS/glib2.0-2.48.2/./gobject/gsignal.c:3486: signal name 'selection_changed' is invalid for instance '0x7febad949830' of type 'MaiAtkType139'

(firefox:28356): GLib-GObject-WARNING **: /build/glib2.0-prJhLS/glib2.0-2.48.2/./gobject/gsignal.c:3486: signal name 'selection_changed' is invalid for instance '0x7febad949830' of type 'MaiAtkType139'
1535131665388	addons.productaddons	INFO	sending request to: https://aus5.mozilla.org/update/3/GMP/59.0.2/20180327185825/Linux_x86_64-gcc3/null/release-cck- âmintâ/Linux%204.8.0-53-generic%20(GTK%203.18.9%2Clibpulse%208.0.0)/mint/1.0/update.xml
1535131666136	addons.productaddons	INFO	Completed downloading document
1535131666898	addons.productaddons	INFO	downloadXHR File download. status=200
1535131666902	addons.productaddons	INFO	Downloaded file will be saved to /tmp/tmpaddon-298ea2

(firefox:28356): GLib-GObject-WARNING **: /build/glib2.0-prJhLS/glib2.0-2.48.2/./gobject/gsignal.c:3486: signal name 'load_complete' is invalid for instance '0x7febb89ec650' of type 'MaiAtkType13b'

(firefox:28356): GLib-GObject-WARNING **: /build/glib2.0-prJhLS/glib2.0-2.48.2/./gobject/gsignal.c:3486: signal name 'selection_changed' is invalid for instance '0x7febb89ec650' of type 'MaiAtkType13b'

(firefox:28356): GLib-GObject-WARNING **: /build/glib2.0-prJhLS/glib2.0-2.48.2/./gobject/gsignal.c:3486: signal name 'selection_changed' is invalid for instance '0x7febbe31e880' of type 'MaiAtkType139'

(firefox:28356): GLib-GObject-WARNING **: /build/glib2.0-prJhLS/glib2.0-2.48.2/./gobject/gsignal.c:3486: signal name 'selection_changed' is invalid for instance '0x7febbe31e880' of type 'MaiAtkType139'

(firefox:28356): GLib-GObject-WARNING **: /build/glib2.0-prJhLS/glib2.0-2.48.2/./gobject/gsignal.c:3486: signal name 'load_complete' is invalid for instance '0x7febb8b03e20' of type 'MaiAtkType13b'

(firefox:28356): GLib-GObject-WARNING **: /build/glib2.0-prJhLS/glib2.0-2.48.2/./gobject/gsignal.c:3486: signal name 'selection_changed' is invalid for instance '0x7febb8b03e20' of type 'MaiAtkType13b'

(firefox:28356): GLib-GObject-WARNING **: /build/glib2.0-prJhLS/glib2.0-2.48.2/./gobject/gsignal.c:3486: signal name 'selection_changed' is invalid for instance '0x7febbe9a6ab0' of type 'MaiAtkType139'

(firefox:28356): GLib-GObject-WARNING **: /build/glib2.0-prJhLS/glib2.0-2.48.2/./gobject/gsignal.c:3486: signal name 'load_complete' is invalid for instance '0x7febbfb51420' of type 'MaiAtkType13b'

(firefox:28356): GLib-GObject-WARNING **: /build/glib2.0-prJhLS/glib2.0-2.48.2/./gobject/gsignal.c:3486: signal name 'selection_changed' is invalid for instance '0x7febc0fe7470' of type 'MaiAtkType139'

(firefox:28356): GLib-GObject-WARNING **: /build/glib2.0-prJhLS/glib2.0-2.48.2/./gobject/gsignal.c:3486: signal name 'load_complete' is invalid for instance '0x7febbfb51650' of type 'MaiAtkType13b'

(firefox:28356): GLib-GObject-WARNING **: /build/glib2.0-prJhLS/glib2.0-2.48.2/./gobject/gsignal.c:3486: signal name 'selection_changed' is invalid for instance '0x7febc1650790' of type 'MaiAtkType139'

(firefox:28356): GLib-GObject-WARNING **: /build/glib2.0-prJhLS/glib2.0-2.48.2/./gobject/gsignal.c:3486: signal name 'selection_changed' is invalid for instance '0x7febb8c51790' of type 'MaiAtkType139'

(firefox:28356): GLib-GObject-WARNING **: /build/glib2.0-prJhLS/glib2.0-2.48.2/./gobject/gsignal.c:3486: signal name 'load_complete' is invalid for instance '0x7febbe9ffbf0' of type 'MaiAtkType13b'

(firefox:28356): GLib-GObject-WARNING **: /build/glib2.0-prJhLS/glib2.0-2.48.2/./gobject/gsignal.c:3486: signal name 'selection_changed' is invalid for instance '0x7febbecf5830' of type 'MaiAtkType139'

(firefox:28356): GLib-GObject-WARNING **: /build/glib2.0-prJhLS/glib2.0-2.48.2/./gobject/gsignal.c:3486: signal name 'load_complete' is invalid for instance '0x7febb8958d80' of type 'MaiAtkType13b'

(firefox:28356): GLib-GObject-WARNING **: /build/glib2.0-prJhLS/glib2.0-2.48.2/./gobject/gsignal.c:3486: signal name 'selection_changed' is invalid for instance '0x7febbe518b50' of type 'MaiAtkType139'

(firefox:28356): GLib-GObject-WARNING **: /build/glib2.0-prJhLS/glib2.0-2.48.2/./gobject/gsignal.c:3486: signal name 'load_complete' is invalid for instance '0x7febb0732a60' of type 'MaiAtkType13b'

(firefox:28356): GLib-GObject-WARNING **: /build/glib2.0-prJhLS/glib2.0-2.48.2/./gobject/gsignal.c:3486: signal name 'selection_changed' is invalid for instance '0x7febb07e4e20' of type 'MaiAtkType139'

(firefox:28356): GLib-GObject-WARNING **: /build/glib2.0-prJhLS/glib2.0-2.48.2/./gobject/gsignal.c:3486: signal name 'load_complete' is invalid for instance '0x7febad949dd0' of type 'MaiAtkType13b'

(firefox:28356): GLib-GObject-WARNING **: /build/glib2.0-prJhLS/glib2.0-2.48.2/./gobject/gsignal.c:3486: signal name 'load_complete' is invalid for instance '0x7febb89d2650' of type 'MaiAtkType13b'

(firefox:28356): GLib-GObject-WARNING **: /build/glib2.0-prJhLS/glib2.0-2.48.2/./gobject/gsignal.c:3486: signal name 'load_complete' is invalid for instance '0x7febab47bfb0' of type 'MaiAtkType13b'

(firefox:28356): GLib-GObject-WARNING **: /build/glib2.0-prJhLS/glib2.0-2.48.2/./gobject/gsignal.c:3486: signal name 'load_complete' is invalid for instance '0x7febaed8bb00' of type 'MaiAtkType13b'

(firefox:28356): GLib-GObject-WARNING **: /build/glib2.0-prJhLS/glib2.0-2.48.2/./gobject/gsignal.c:3486: signal name 'load_complete' is invalid for instance '0x7febbe6afbf0' of type 'MaiAtkType13b'
1535131817528	addons.xpi	DEBUG	Calling bootstrap method shutdown on webcompat@mozilla.org version 1.1
1535131817528	addons.xpi	DEBUG	Calling bootstrap method shutdown on shield-recipe-client@mozilla.org version 80
1535131817558	addons.xpi	DEBUG	Calling bootstrap method shutdown on screenshots@mozilla.org version 25.0.0
1535131817826	addons.xpi	DEBUG	Calling bootstrap method shutdown on onboarding@mozilla.org version 1.0
1535131817860	addons.xpi	DEBUG	Calling bootstrap method shutdown on langpack-en-ZA@firefox.mozilla.org version 59.0.2
1535131818264	addons.xpi	DEBUG	Calling bootstrap method shutdown on langpack-en-GB@firefox.mozilla.org version 59.0.2
1535131818266	addons.xpi	DEBUG	Calling bootstrap method shutdown on formautofill@mozilla.org version 1.0
1535131818268	addons.xpi	DEBUG	Calling bootstrap method shutdown on followonsearch@mozilla.com version 0.9.6
1535131818268	addons.xpi	DEBUG	Calling bootstrap method shutdown on firefox@getpocket.com version 1.0.5
1535131818268	addons.xpi	DEBUG	Calling bootstrap method shutdown on aushelper@mozilla.org version 2.0
1535131818268	addons.xpi	DEBUG	Calling bootstrap method shutdown on activity-stream@mozilla.org version 2018.02.17.0026-173e2795

(firefox:28356): GLib-GObject-WARNING **: /build/glib2.0-prJhLS/glib2.0-2.48.2/./gobject/gsignal.c:3486: signal name 'selection_changed' is invalid for instance '0x7febbe6afbf0' of type 'MaiAtkType13b'
1535131824112	addons.manager	DEBUG	shutdown
1535131824114	addons.manager	DEBUG	Calling shutdown blocker for XPIProvider
1535131824114	addons.xpi	DEBUG	shutdown
1535131824114	addons.xpi-utils	DEBUG	shutdown
1535131824114	addons.manager	DEBUG	Calling shutdown blocker for LightweightThemeManager
1535131824114	addons.manager	DEBUG	Calling shutdown blocker for GMPProvider
1535131824114	addons.manager	DEBUG	Calling shutdown blocker for PluginProvider
1535131824114	addons.manager	DEBUG	Calling shutdown blocker for PreviousExperimentProvider
1535131824120	addons.manager	DEBUG	Async provider shutdown done
[pool-362-thread-1] ERROR net.serenitybdd.core.Serenity - &amp#27;[91m
           __  _____ _____ ____ _____   _____ _    ___ _     _____ ____  
  _       / / |_   _| ____/ ___|_   _| |  ___/ \  |_ _| |   | ____|  _ \ 
 (_)_____| |    | | |  _| \___ \ | |   | |_ / _ \  | || |   |  _| | | | |
  _|_____| |    | | | |___ ___) || |   |  _/ ___ \ | || |___| |___| |_| |
 (_)     | |    |_| |_____|____/ |_|   |_|/_/   \_\___|_____|_____|____/ 
          \_\                                                            

TEST FAILED: Elaborar um pedido com KIT e empenho em DEPOSITO/NORMAL pagamento com cartão de crédito
--------------------------------------------------------------------------&amp#27;[0m
[pool-362-thread-1] ERROR net.serenitybdd.core.Serenity - O status do pedido está incorreto.
[pool-363-thread-1] INFO net.thucydides.core.reports.json.JSONTestOutcomeReporter - Generating JSON report for Elaborar um pedido com KIT e empenho em DEPOSITO/NORMAL pagamento com cartão de crédito to file /home/pedro/Documentos/Automação/testes-automatizados/mv-lojas-bdd/target/site/serenity/6d1e526c31e1275ffc1d7da6f418fc874f2ac9c44a9a35a9b33fb3db7978402d.json (using temp file /home/pedro/Documentos/Automação/testes-automatizados/mv-lojas-bdd/target/site/serenity/6d1e526c31e1275ffc1d7da6f418fc874f2ac9c44a9a35a9b33fb3db7978402d.json54fd5de0-05ce-4181-afd0-aff3b093a2bf)
]]></system-err>
  </testcase>
</testsuite>