<?xml version="1.0" encoding="UTF-8"?>
<testsuite name="br.com.mv.test.PedidoKitRemoveSemEstoque38" time="209.623" tests="1" errors="1" skipped="0" failures="0">
  <properties>
    <property name="java.runtime.name" value="OpenJDK Runtime Environment"/>
    <property name="sun.boot.library.path" value="/usr/lib/jvm/java-8-openjdk-amd64/jre/lib/amd64"/>
    <property name="java.vm.version" value="25.162-b12"/>
    <property name="java.vm.vendor" value="Oracle Corporation"/>
    <property name="maven.multiModuleProjectDirectory" value="/home/pedro/Documentos/Automação/testes-automatizados/mv-lojas-bdd"/>
    <property name="java.vendor.url" value="http://java.oracle.com/"/>
    <property name="path.separator" value=":"/>
    <property name="guice.disable.misplaced.annotation.check" value="true"/>
    <property name="java.vm.name" value="OpenJDK 64-Bit Server VM"/>
    <property name="file.encoding.pkg" value="sun.io"/>
    <property name="user.country" value="BR"/>
    <property name="sun.java.launcher" value="SUN_STANDARD"/>
    <property name="sun.os.patch.level" value="unknown"/>
    <property name="java.vm.specification.name" value="Java Virtual Machine Specification"/>
    <property name="user.dir" value="/home/pedro/Documentos/Automação/testes-automatizados/mv-lojas-bdd"/>
    <property name="java.runtime.version" value="1.8.0_162-8u162-b12-0ubuntu0.16.04.2-b12"/>
    <property name="java.awt.graphicsenv" value="sun.awt.X11GraphicsEnvironment"/>
    <property name="java.endorsed.dirs" value="/usr/lib/jvm/java-8-openjdk-amd64/jre/lib/endorsed"/>
    <property name="os.arch" value="amd64"/>
    <property name="java.io.tmpdir" value="/tmp"/>
    <property name="line.separator" value="&#10;"/>
    <property name="java.vm.specification.vendor" value="Oracle Corporation"/>
    <property name="os.name" value="Linux"/>
    <property name="classworlds.conf" value="/home/pedro/Documentos/workspaces/workspace-treinamento/treinamento/pedro/.metadata/.plugins/org.eclipse.m2e.launching/launches/m2conf4424884547866480067.tmp"/>
    <property name="sun.jnu.encoding" value="UTF-8"/>
    <property name="java.library.path" value="/usr/java/packages/lib/amd64:/usr/lib/x86_64-linux-gnu/jni:/lib/x86_64-linux-gnu:/usr/lib/x86_64-linux-gnu:/usr/lib/jni:/lib:/usr/lib"/>
    <property name="java.specification.name" value="Java Platform API Specification"/>
    <property name="java.class.version" value="52.0"/>
    <property name="sun.management.compiler" value="HotSpot 64-Bit Tiered Compilers"/>
    <property name="os.version" value="4.8.0-53-generic"/>
    <property name="user.home" value="/home/pedro"/>
    <property name="user.timezone" value="America/Sao_Paulo"/>
    <property name="java.awt.printerjob" value="sun.print.PSPrinterJob"/>
    <property name="file.encoding" value="UTF-8"/>
    <property name="java.specification.version" value="1.8"/>
    <property name="metafilter" value="groovy: (issue == &apos;rgs-35&apos; || issue == &apos;rgs-36&apos; || issue == &apos;rgs-37&apos; || issue == &apos;rgs-38&apos; || issue == &apos;rgs-39&apos; || issue == &apos;rgs-40&apos;)"/>
    <property name="user.name" value="pedro"/>
    <property name="java.class.path" value="/home/pedro/.p2/pool/plugins/org.eclipse.m2e.maven.runtime_1.8.2.20171007-0216/jars/plexus-classworlds-2.5.2.jar"/>
    <property name="java.vm.specification.version" value="1.8"/>
    <property name="sun.arch.data.model" value="64"/>
    <property name="java.home" value="/usr/lib/jvm/java-8-openjdk-amd64/jre"/>
    <property name="sun.java.command" value="org.codehaus.plexus.classworlds.launcher.Launcher -B clean verify -Dmetafilter=groovy: (issue == &apos;rgs-35&apos; || issue == &apos;rgs-36&apos; || issue == &apos;rgs-37&apos; || issue == &apos;rgs-38&apos; || issue == &apos;rgs-39&apos; || issue == &apos;rgs-40&apos;)"/>
    <property name="java.specification.vendor" value="Oracle Corporation"/>
    <property name="user.language" value="pt"/>
    <property name="awt.toolkit" value="sun.awt.X11.XToolkit"/>
    <property name="java.vm.info" value="mixed mode"/>
    <property name="java.version" value="1.8.0_162"/>
    <property name="java.ext.dirs" value="/usr/lib/jvm/java-8-openjdk-amd64/jre/lib/ext:/usr/java/packages/lib/ext"/>
    <property name="securerandom.source" value="file:/dev/./urandom"/>
    <property name="sun.boot.class.path" value="/usr/lib/jvm/java-8-openjdk-amd64/jre/lib/resources.jar:/usr/lib/jvm/java-8-openjdk-amd64/jre/lib/rt.jar:/usr/lib/jvm/java-8-openjdk-amd64/jre/lib/sunrsasign.jar:/usr/lib/jvm/java-8-openjdk-amd64/jre/lib/jsse.jar:/usr/lib/jvm/java-8-openjdk-amd64/jre/lib/jce.jar:/usr/lib/jvm/java-8-openjdk-amd64/jre/lib/charsets.jar:/usr/lib/jvm/java-8-openjdk-amd64/jre/lib/jfr.jar:/usr/lib/jvm/java-8-openjdk-amd64/jre/classes"/>
    <property name="java.vendor" value="Oracle Corporation"/>
    <property name="maven.home" value="/home/pedro/Documentos/Automação/testes-automatizados/mv-lojas-bdd/EMBEDDED"/>
    <property name="file.separator" value="/"/>
    <property name="java.vendor.url.bug" value="http://bugreport.sun.com/bugreport/"/>
    <property name="sun.cpu.endian" value="little"/>
    <property name="sun.io.unicode.encoding" value="UnicodeLittle"/>
    <property name="sun.desktop" value="gnome"/>
    <property name="sun.cpu.isalist" value=""/>
  </properties>
  <testcase name="br.com.mv.test.PedidoKitRemoveSemEstoque38" classname="org.apache.maven.surefire.junit4.JUnit4Provider" time="209.623">
    <error message="org.jbehave.core.embedder.Embedder$RunningStoriesFailed: Failures in running stories: &#10;org.jbehave.core.embedder.PerformableTree$SomethingHappened@179343b3: net.serenitybdd.core.exceptions.SerenityManagedException: O status do pedido está incorreto." type="java.lang.RuntimeException">java.lang.RuntimeException: org.jbehave.core.embedder.Embedder$RunningStoriesFailed: Failures in running stories: 
org.jbehave.core.embedder.PerformableTree$SomethingHappened@179343b3: net.serenitybdd.core.exceptions.SerenityManagedException: O status do pedido está incorreto.
	at org.jbehave.core.embedder.Embedder$ThrowingRunningStoriesFailed.handleFailures(Embedder.java:553)
	at org.jbehave.core.embedder.Embedder.handleFailures(Embedder.java:238)
	at org.jbehave.core.embedder.Embedder.runStoriesAsPaths(Embedder.java:216)
	at net.serenitybdd.jbehave.embedders.ExtendedEmbedder.runStoriesAsPaths(ExtendedEmbedder.java:60)
	at net.serenitybdd.jbehave.runners.SerenityReportingRunner.run(SerenityReportingRunner.java:168)
	at org.apache.maven.surefire.junit4.JUnit4Provider.execute(JUnit4Provider.java:283)
	at org.apache.maven.surefire.junit4.JUnit4Provider.executeWithRerun(JUnit4Provider.java:173)
	at org.apache.maven.surefire.junit4.JUnit4Provider.executeTestSet(JUnit4Provider.java:153)
	at org.apache.maven.surefire.junit4.JUnit4Provider.invoke(JUnit4Provider.java:128)
</error>
    <system-out><![CDATA[Processing system properties {}
Using controls EmbedderControls[batch=false,skip=false,generateViewAfterStories=true,ignoreFailureInStories=false,ignoreFailureInView=true,verboseFailures=false,verboseFiltering=false,storyTimeouts=10000,threads=1,failOnStoryTimeout=false]
Meta[properties={narrative=Narrative[inOrderTo=,asA=,iWantTo=,soThat=], description=, path=stories/pedido/calculo_reverso17_mvs.story}] excluded by filter 'groovy: (issue == 'rgs-35' || issue == 'rgs-36' || issue == 'rgs-37' || issue == 'rgs-38' || issue == 'rgs-39' || issue == 'rgs-40')'
Meta[properties={examplesTable=, base=MVSH, context=PROCESSOS_VALIDACAO, grupoInstancias=Pedidos, narrative=Narrative[inOrderTo=,asA=,iWantTo=,soThat=], title=Elaborar um pedido carne com empenho em loja/normal, issue=rgs-90, rgs-90=, description=, givenStories=, path=stories/pedido/calculo_reverso17_mvs.story, tag=component:Processos - MVS}] excluded by filter 'groovy: (issue == 'rgs-35' || issue == 'rgs-36' || issue == 'rgs-37' || issue == 'rgs-38' || issue == 'rgs-39' || issue == 'rgs-40')'
Meta[properties={examplesTable=, base=MVSH, context=PROCESSOS_VALIDACAO, grupoInstancias=Pedidos, narrative=Narrative[inOrderTo=,asA=,iWantTo=,soThat=], title=Cancelar pedido, issue=rgs-90, rgs-90=, description=, givenStories=, path=stories/pedido/calculo_reverso17_mvs.story, tag=component:Processos Ambiente Validacao - MVS}] excluded by filter 'groovy: (issue == 'rgs-35' || issue == 'rgs-36' || issue == 'rgs-37' || issue == 'rgs-38' || issue == 'rgs-39' || issue == 'rgs-40')'

(BeforeStories)

Meta[properties={narrative=Narrative[inOrderTo=,asA=,iWantTo=,soThat=], description=, path=stories/pedido/calculo_reverso17_mvs.story}] excluded by filter 'groovy: (issue == 'rgs-35' || issue == 'rgs-36' || issue == 'rgs-37' || issue == 'rgs-38' || issue == 'rgs-39' || issue == 'rgs-40')'
Meta[properties={examplesTable=, base=MVSH, context=PROCESSOS_VALIDACAO, grupoInstancias=Pedidos, narrative=Narrative[inOrderTo=,asA=,iWantTo=,soThat=], title=Elaborar um pedido carne com empenho em loja/normal, issue=rgs-90, rgs-90=, description=, givenStories=, path=stories/pedido/calculo_reverso17_mvs.story, tag=component:Processos - MVS}] excluded by filter 'groovy: (issue == 'rgs-35' || issue == 'rgs-36' || issue == 'rgs-37' || issue == 'rgs-38' || issue == 'rgs-39' || issue == 'rgs-40')'
Meta[properties={examplesTable=, base=MVSH, context=PROCESSOS_VALIDACAO, grupoInstancias=Pedidos, narrative=Narrative[inOrderTo=,asA=,iWantTo=,soThat=], title=Cancelar pedido, issue=rgs-90, rgs-90=, description=, givenStories=, path=stories/pedido/calculo_reverso17_mvs.story, tag=component:Processos Ambiente Validacao - MVS}] excluded by filter 'groovy: (issue == 'rgs-35' || issue == 'rgs-36' || issue == 'rgs-37' || issue == 'rgs-38' || issue == 'rgs-39' || issue == 'rgs-40')'
1 stories excluded by filter: groovy: (issue == 'rgs-35' || issue == 'rgs-36' || issue == 'rgs-37' || issue == 'rgs-38' || issue == 'rgs-39' || issue == 'rgs-40')


(AfterStories)

Generating reports view to '/home/pedro/Documentos/Automação/testes-automatizados/mv-lojas-bdd/target/jbehave' using formats '[stats, console, html, xml, serenityreporter]' and view properties '{decorateNonHtml=true}'
Reports view generated with 3 stories (of which 0 pending) containing 2 scenarios (of which 0 pending)
Failures in reports view: 2 scenarios failed
Processing system properties {}
Using controls EmbedderControls[batch=false,skip=false,generateViewAfterStories=true,ignoreFailureInStories=false,ignoreFailureInView=true,verboseFailures=false,verboseFiltering=false,storyTimeouts=10000,threads=1,failOnStoryTimeout=false]
Meta[properties={narrative=Narrative[inOrderTo=,asA=,iWantTo=,soThat=], description=, path=stories/cadastros/edicao_cadastro_cliente_pf.story}] excluded by filter 'groovy: (issue == 'rgs-35' || issue == 'rgs-36' || issue == 'rgs-37' || issue == 'rgs-38' || issue == 'rgs-39' || issue == 'rgs-40')'
Meta[properties={examplesTable=, base=RELOH, context=CADASTROS, grupoInstancias=Pedidos, cad-20=, narrative=Narrative[inOrderTo=,asA=,iWantTo=,soThat=], title=editar o cadastro de um cliente Pessoa Física, perfil crediário próprio, issue=cad-20, description=, givenStories=, tag=component:Regressao - RELOH, path=stories/cadastros/edicao_cadastro_cliente_pf.story}] excluded by filter 'groovy: (issue == 'rgs-35' || issue == 'rgs-36' || issue == 'rgs-37' || issue == 'rgs-38' || issue == 'rgs-39' || issue == 'rgs-40')'

(BeforeStories)

Meta[properties={narrative=Narrative[inOrderTo=,asA=,iWantTo=,soThat=], description=, path=stories/cadastros/edicao_cadastro_cliente_pf.story}] excluded by filter 'groovy: (issue == 'rgs-35' || issue == 'rgs-36' || issue == 'rgs-37' || issue == 'rgs-38' || issue == 'rgs-39' || issue == 'rgs-40')'
Meta[properties={examplesTable=, base=RELOH, context=CADASTROS, grupoInstancias=Pedidos, cad-20=, narrative=Narrative[inOrderTo=,asA=,iWantTo=,soThat=], title=editar o cadastro de um cliente Pessoa Física, perfil crediário próprio, issue=cad-20, description=, givenStories=, tag=component:Regressao - RELOH, path=stories/cadastros/edicao_cadastro_cliente_pf.story}] excluded by filter 'groovy: (issue == 'rgs-35' || issue == 'rgs-36' || issue == 'rgs-37' || issue == 'rgs-38' || issue == 'rgs-39' || issue == 'rgs-40')'
1 stories excluded by filter: groovy: (issue == 'rgs-35' || issue == 'rgs-36' || issue == 'rgs-37' || issue == 'rgs-38' || issue == 'rgs-39' || issue == 'rgs-40')


(AfterStories)

Generating reports view to '/home/pedro/Documentos/Automação/testes-automatizados/mv-lojas-bdd/target/jbehave' using formats '[stats, console, html, xml, serenityreporter]' and view properties '{decorateNonHtml=true}'
Reports view generated with 3 stories (of which 0 pending) containing 2 scenarios (of which 0 pending)
Failures in reports view: 2 scenarios failed
Processing system properties {}
Using controls EmbedderControls[batch=false,skip=false,generateViewAfterStories=true,ignoreFailureInStories=false,ignoreFailureInView=true,verboseFailures=false,verboseFiltering=false,storyTimeouts=10000,threads=1,failOnStoryTimeout=false]
Meta[properties={narrative=Narrative[inOrderTo=,asA=,iWantTo=,soThat=], description=, path=stories/pedido/pedido_smoking_producao1.story}] excluded by filter 'groovy: (issue == 'rgs-35' || issue == 'rgs-36' || issue == 'rgs-37' || issue == 'rgs-38' || issue == 'rgs-39' || issue == 'rgs-40')'
Meta[properties={examplesTable=, base=RELOH, context=SMOKE_TESTING_PRD, grupoInstancias=Pedidos, narrative=Narrative[inOrderTo=,asA=,iWantTo=,soThat=], prd-smk-01=, title=Elaborar um pedido a vista de um servico, issue=prd-smk-01, description=, givenStories=, path=stories/pedido/pedido_smoking_producao1.story, tag=component:Smoke testing Producao - RELOH}] excluded by filter 'groovy: (issue == 'rgs-35' || issue == 'rgs-36' || issue == 'rgs-37' || issue == 'rgs-38' || issue == 'rgs-39' || issue == 'rgs-40')'
Meta[properties={examplesTable=, base=RELOH, context=SMOKE_TESTING_PRD, grupoInstancias=Pedidos, narrative=Narrative[inOrderTo=,asA=,iWantTo=,soThat=], prd-smk-01=, title=Elaborar um pedido a vista de um servico, issue=prd-smk-01, description=, givenStories=, path=stories/pedido/pedido_smoking_producao1.story, tag=component:Smoke testing Producao - RELOH}] excluded by filter 'groovy: (issue == 'rgs-35' || issue == 'rgs-36' || issue == 'rgs-37' || issue == 'rgs-38' || issue == 'rgs-39' || issue == 'rgs-40')'
Meta[properties={examplesTable=, base=RELOH, context=SMOKE_TESTING_PRD, grupoInstancias=Pedidos, narrative=Narrative[inOrderTo=,asA=,iWantTo=,soThat=], prd-smk-02=, title=Elaborar um pedido a vista de um servico, issue=prd-smk-02, description=, givenStories=, path=stories/pedido/pedido_smoking_producao1.story, tag=component:Smoke testing Producao - RELOH}] excluded by filter 'groovy: (issue == 'rgs-35' || issue == 'rgs-36' || issue == 'rgs-37' || issue == 'rgs-38' || issue == 'rgs-39' || issue == 'rgs-40')'

(BeforeStories)

Meta[properties={narrative=Narrative[inOrderTo=,asA=,iWantTo=,soThat=], description=, path=stories/pedido/pedido_smoking_producao1.story}] excluded by filter 'groovy: (issue == 'rgs-35' || issue == 'rgs-36' || issue == 'rgs-37' || issue == 'rgs-38' || issue == 'rgs-39' || issue == 'rgs-40')'
Meta[properties={examplesTable=, base=RELOH, context=SMOKE_TESTING_PRD, grupoInstancias=Pedidos, narrative=Narrative[inOrderTo=,asA=,iWantTo=,soThat=], prd-smk-01=, title=Elaborar um pedido a vista de um servico, issue=prd-smk-01, description=, givenStories=, path=stories/pedido/pedido_smoking_producao1.story, tag=component:Smoke testing Producao - RELOH}] excluded by filter 'groovy: (issue == 'rgs-35' || issue == 'rgs-36' || issue == 'rgs-37' || issue == 'rgs-38' || issue == 'rgs-39' || issue == 'rgs-40')'
Meta[properties={examplesTable=, base=RELOH, context=SMOKE_TESTING_PRD, grupoInstancias=Pedidos, narrative=Narrative[inOrderTo=,asA=,iWantTo=,soThat=], prd-smk-01=, title=Elaborar um pedido a vista de um servico, issue=prd-smk-01, description=, givenStories=, path=stories/pedido/pedido_smoking_producao1.story, tag=component:Smoke testing Producao - RELOH}] excluded by filter 'groovy: (issue == 'rgs-35' || issue == 'rgs-36' || issue == 'rgs-37' || issue == 'rgs-38' || issue == 'rgs-39' || issue == 'rgs-40')'
Meta[properties={examplesTable=, base=RELOH, context=SMOKE_TESTING_PRD, grupoInstancias=Pedidos, narrative=Narrative[inOrderTo=,asA=,iWantTo=,soThat=], prd-smk-02=, title=Elaborar um pedido a vista de um servico, issue=prd-smk-02, description=, givenStories=, path=stories/pedido/pedido_smoking_producao1.story, tag=component:Smoke testing Producao - RELOH}] excluded by filter 'groovy: (issue == 'rgs-35' || issue == 'rgs-36' || issue == 'rgs-37' || issue == 'rgs-38' || issue == 'rgs-39' || issue == 'rgs-40')'
1 stories excluded by filter: groovy: (issue == 'rgs-35' || issue == 'rgs-36' || issue == 'rgs-37' || issue == 'rgs-38' || issue == 'rgs-39' || issue == 'rgs-40')


(AfterStories)

Generating reports view to '/home/pedro/Documentos/Automação/testes-automatizados/mv-lojas-bdd/target/jbehave' using formats '[stats, console, html, xml, serenityreporter]' and view properties '{decorateNonHtml=true}'
Reports view generated with 3 stories (of which 0 pending) containing 2 scenarios (of which 0 pending)
Failures in reports view: 2 scenarios failed
Processing system properties {}
Using controls EmbedderControls[batch=false,skip=false,generateViewAfterStories=true,ignoreFailureInStories=false,ignoreFailureInView=true,verboseFailures=false,verboseFiltering=false,storyTimeouts=10000,threads=1,failOnStoryTimeout=false]
Meta[properties={narrative=Narrative[inOrderTo=,asA=,iWantTo=,soThat=], description=, path=stories/pedido/pedido_tipo_venda_pessoa_juridica15.story}] excluded by filter 'groovy: (issue == 'rgs-35' || issue == 'rgs-36' || issue == 'rgs-37' || issue == 'rgs-38' || issue == 'rgs-39' || issue == 'rgs-40')'
Meta[properties={examplesTable=, base=RELOH, context=PEDIDOS, grupoInstancias=Pedidos, rgs-15=, narrative=Narrative[inOrderTo=,asA=,iWantTo=,soThat=], title=Elaborar um pedido a vista com DEPOSITO/RETIRADA OUTRA LOJA COM RESERVA DEPOSITO, issue=rgs-15, description=, givenStories=, tag=component:Regressão - RELOH, path=stories/pedido/pedido_tipo_venda_pessoa_juridica15.story}] excluded by filter 'groovy: (issue == 'rgs-35' || issue == 'rgs-36' || issue == 'rgs-37' || issue == 'rgs-38' || issue == 'rgs-39' || issue == 'rgs-40')'
Meta[properties={examplesTable=, base=RELOH, context=PEDIDOS, grupoInstancias=Pedidos, rgs-15=, narrative=Narrative[inOrderTo=,asA=,iWantTo=,soThat=], title=Efetua a reabertura do pedido feito, issue=rgs-15, description=, givenStories=, tag=component:Regressão - RELOH, path=stories/pedido/pedido_tipo_venda_pessoa_juridica15.story}] excluded by filter 'groovy: (issue == 'rgs-35' || issue == 'rgs-36' || issue == 'rgs-37' || issue == 'rgs-38' || issue == 'rgs-39' || issue == 'rgs-40')'

(BeforeStories)

Meta[properties={narrative=Narrative[inOrderTo=,asA=,iWantTo=,soThat=], description=, path=stories/pedido/pedido_tipo_venda_pessoa_juridica15.story}] excluded by filter 'groovy: (issue == 'rgs-35' || issue == 'rgs-36' || issue == 'rgs-37' || issue == 'rgs-38' || issue == 'rgs-39' || issue == 'rgs-40')'
Meta[properties={examplesTable=, base=RELOH, context=PEDIDOS, grupoInstancias=Pedidos, rgs-15=, narrative=Narrative[inOrderTo=,asA=,iWantTo=,soThat=], title=Elaborar um pedido a vista com DEPOSITO/RETIRADA OUTRA LOJA COM RESERVA DEPOSITO, issue=rgs-15, description=, givenStories=, tag=component:Regressão - RELOH, path=stories/pedido/pedido_tipo_venda_pessoa_juridica15.story}] excluded by filter 'groovy: (issue == 'rgs-35' || issue == 'rgs-36' || issue == 'rgs-37' || issue == 'rgs-38' || issue == 'rgs-39' || issue == 'rgs-40')'
Meta[properties={examplesTable=, base=RELOH, context=PEDIDOS, grupoInstancias=Pedidos, rgs-15=, narrative=Narrative[inOrderTo=,asA=,iWantTo=,soThat=], title=Efetua a reabertura do pedido feito, issue=rgs-15, description=, givenStories=, tag=component:Regressão - RELOH, path=stories/pedido/pedido_tipo_venda_pessoa_juridica15.story}] excluded by filter 'groovy: (issue == 'rgs-35' || issue == 'rgs-36' || issue == 'rgs-37' || issue == 'rgs-38' || issue == 'rgs-39' || issue == 'rgs-40')'
1 stories excluded by filter: groovy: (issue == 'rgs-35' || issue == 'rgs-36' || issue == 'rgs-37' || issue == 'rgs-38' || issue == 'rgs-39' || issue == 'rgs-40')


(AfterStories)

Generating reports view to '/home/pedro/Documentos/Automação/testes-automatizados/mv-lojas-bdd/target/jbehave' using formats '[stats, console, html, xml, serenityreporter]' and view properties '{decorateNonHtml=true}'
Reports view generated with 3 stories (of which 0 pending) containing 2 scenarios (of which 0 pending)
Failures in reports view: 2 scenarios failed
Processing system properties {}
Using controls EmbedderControls[batch=false,skip=false,generateViewAfterStories=true,ignoreFailureInStories=false,ignoreFailureInView=true,verboseFailures=false,verboseFiltering=false,storyTimeouts=10000,threads=1,failOnStoryTimeout=false]
Meta[properties={narrative=Narrative[inOrderTo=,asA=,iWantTo=,soThat=], description=, path=stories/notas_fiscais/nota_remessa_em_bonif_brinde_ativo_imobilizado_com_icms.story}] excluded by filter 'groovy: (issue == 'rgs-35' || issue == 'rgs-36' || issue == 'rgs-37' || issue == 'rgs-38' || issue == 'rgs-39' || issue == 'rgs-40')'
Meta[properties={examplesTable=, base=RELOH, context=NOTAS_FISCAIS, grupoInstancias=AdmCD, nf-45=, narrative=Narrative[inOrderTo=,asA=,iWantTo=,soThat=], title=Emite Nota Fiscal Avulsa Tipo 421 REMESSA EM BONIF  DOACAO OU BRINDE DE ATIVO IMOBILIZADO C/ICMS, issue=nf-45, description=, givenStories=, tag=component:Processos - RELOH, path=stories/notas_fiscais/nota_remessa_em_bonif_brinde_ativo_imobilizado_com_icms.story}] excluded by filter 'groovy: (issue == 'rgs-35' || issue == 'rgs-36' || issue == 'rgs-37' || issue == 'rgs-38' || issue == 'rgs-39' || issue == 'rgs-40')'

(BeforeStories)

Meta[properties={narrative=Narrative[inOrderTo=,asA=,iWantTo=,soThat=], description=, path=stories/notas_fiscais/nota_remessa_em_bonif_brinde_ativo_imobilizado_com_icms.story}] excluded by filter 'groovy: (issue == 'rgs-35' || issue == 'rgs-36' || issue == 'rgs-37' || issue == 'rgs-38' || issue == 'rgs-39' || issue == 'rgs-40')'
Meta[properties={examplesTable=, base=RELOH, context=NOTAS_FISCAIS, grupoInstancias=AdmCD, nf-45=, narrative=Narrative[inOrderTo=,asA=,iWantTo=,soThat=], title=Emite Nota Fiscal Avulsa Tipo 421 REMESSA EM BONIF  DOACAO OU BRINDE DE ATIVO IMOBILIZADO C/ICMS, issue=nf-45, description=, givenStories=, tag=component:Processos - RELOH, path=stories/notas_fiscais/nota_remessa_em_bonif_brinde_ativo_imobilizado_com_icms.story}] excluded by filter 'groovy: (issue == 'rgs-35' || issue == 'rgs-36' || issue == 'rgs-37' || issue == 'rgs-38' || issue == 'rgs-39' || issue == 'rgs-40')'
1 stories excluded by filter: groovy: (issue == 'rgs-35' || issue == 'rgs-36' || issue == 'rgs-37' || issue == 'rgs-38' || issue == 'rgs-39' || issue == 'rgs-40')


(AfterStories)

Generating reports view to '/home/pedro/Documentos/Automação/testes-automatizados/mv-lojas-bdd/target/jbehave' using formats '[stats, console, html, xml, serenityreporter]' and view properties '{decorateNonHtml=true}'
Reports view generated with 3 stories (of which 0 pending) containing 2 scenarios (of which 0 pending)
Failures in reports view: 2 scenarios failed
Processing system properties {}
Using controls EmbedderControls[batch=false,skip=false,generateViewAfterStories=true,ignoreFailureInStories=false,ignoreFailureInView=true,verboseFailures=false,verboseFiltering=false,storyTimeouts=10000,threads=1,failOnStoryTimeout=false]
Meta[properties={narrative=Narrative[inOrderTo=,asA=,iWantTo=,soThat=], description=, path=stories/avulsos/pedido_dinheiro_empenho_loja_normal2.story}] excluded by filter 'groovy: (issue == 'rgs-35' || issue == 'rgs-36' || issue == 'rgs-37' || issue == 'rgs-38' || issue == 'rgs-39' || issue == 'rgs-40')'
Meta[properties={avl-07=, examplesTable=, base=RELOH, context=AVULSOS, grupoInstancias=Pedidos, narrative=Narrative[inOrderTo=,asA=,iWantTo=,soThat=], title=Elaborar um pedido a vista com empenho em loja/normal, issue=avl-07, description=, givenStories=, tag=component:Smoke testing - RELOH, path=stories/avulsos/pedido_dinheiro_empenho_loja_normal2.story}] excluded by filter 'groovy: (issue == 'rgs-35' || issue == 'rgs-36' || issue == 'rgs-37' || issue == 'rgs-38' || issue == 'rgs-39' || issue == 'rgs-40')'

(BeforeStories)

Meta[properties={narrative=Narrative[inOrderTo=,asA=,iWantTo=,soThat=], description=, path=stories/avulsos/pedido_dinheiro_empenho_loja_normal2.story}] excluded by filter 'groovy: (issue == 'rgs-35' || issue == 'rgs-36' || issue == 'rgs-37' || issue == 'rgs-38' || issue == 'rgs-39' || issue == 'rgs-40')'
Meta[properties={avl-07=, examplesTable=, base=RELOH, context=AVULSOS, grupoInstancias=Pedidos, narrative=Narrative[inOrderTo=,asA=,iWantTo=,soThat=], title=Elaborar um pedido a vista com empenho em loja/normal, issue=avl-07, description=, givenStories=, tag=component:Smoke testing - RELOH, path=stories/avulsos/pedido_dinheiro_empenho_loja_normal2.story}] excluded by filter 'groovy: (issue == 'rgs-35' || issue == 'rgs-36' || issue == 'rgs-37' || issue == 'rgs-38' || issue == 'rgs-39' || issue == 'rgs-40')'
1 stories excluded by filter: groovy: (issue == 'rgs-35' || issue == 'rgs-36' || issue == 'rgs-37' || issue == 'rgs-38' || issue == 'rgs-39' || issue == 'rgs-40')


(AfterStories)

Generating reports view to '/home/pedro/Documentos/Automação/testes-automatizados/mv-lojas-bdd/target/jbehave' using formats '[stats, console, html, xml, serenityreporter]' and view properties '{decorateNonHtml=true}'
Reports view generated with 3 stories (of which 0 pending) containing 2 scenarios (of which 0 pending)
Failures in reports view: 2 scenarios failed
Processing system properties {}
Using controls EmbedderControls[batch=false,skip=false,generateViewAfterStories=true,ignoreFailureInStories=false,ignoreFailureInView=true,verboseFailures=false,verboseFiltering=false,storyTimeouts=10000,threads=1,failOnStoryTimeout=false]
Meta[properties={narrative=Narrative[inOrderTo=,asA=,iWantTo=,soThat=], description=, path=stories/notas_fiscais/nota_transf_credito_icms.story}] excluded by filter 'groovy: (issue == 'rgs-35' || issue == 'rgs-36' || issue == 'rgs-37' || issue == 'rgs-38' || issue == 'rgs-39' || issue == 'rgs-40')'
Meta[properties={nf-49=, examplesTable=, base=RELOH, context=NOTAS_FISCAIS, grupoInstancias=AdmCD, narrative=Narrative[inOrderTo=,asA=,iWantTo=,soThat=], title=Emite Nota Fiscal Avulsa Tipo 620 TRANSF. DE CREDITO DE ICMS, issue=nf-49, description=, givenStories=, tag=component:Processos - RELOH, path=stories/notas_fiscais/nota_transf_credito_icms.story}] excluded by filter 'groovy: (issue == 'rgs-35' || issue == 'rgs-36' || issue == 'rgs-37' || issue == 'rgs-38' || issue == 'rgs-39' || issue == 'rgs-40')'

(BeforeStories)

Meta[properties={narrative=Narrative[inOrderTo=,asA=,iWantTo=,soThat=], description=, path=stories/notas_fiscais/nota_transf_credito_icms.story}] excluded by filter 'groovy: (issue == 'rgs-35' || issue == 'rgs-36' || issue == 'rgs-37' || issue == 'rgs-38' || issue == 'rgs-39' || issue == 'rgs-40')'
Meta[properties={nf-49=, examplesTable=, base=RELOH, context=NOTAS_FISCAIS, grupoInstancias=AdmCD, narrative=Narrative[inOrderTo=,asA=,iWantTo=,soThat=], title=Emite Nota Fiscal Avulsa Tipo 620 TRANSF. DE CREDITO DE ICMS, issue=nf-49, description=, givenStories=, tag=component:Processos - RELOH, path=stories/notas_fiscais/nota_transf_credito_icms.story}] excluded by filter 'groovy: (issue == 'rgs-35' || issue == 'rgs-36' || issue == 'rgs-37' || issue == 'rgs-38' || issue == 'rgs-39' || issue == 'rgs-40')'
1 stories excluded by filter: groovy: (issue == 'rgs-35' || issue == 'rgs-36' || issue == 'rgs-37' || issue == 'rgs-38' || issue == 'rgs-39' || issue == 'rgs-40')


(AfterStories)

Generating reports view to '/home/pedro/Documentos/Automação/testes-automatizados/mv-lojas-bdd/target/jbehave' using formats '[stats, console, html, xml, serenityreporter]' and view properties '{decorateNonHtml=true}'
Reports view generated with 3 stories (of which 0 pending) containing 2 scenarios (of which 0 pending)
Failures in reports view: 2 scenarios failed
Processing system properties {}
Using controls EmbedderControls[batch=false,skip=false,generateViewAfterStories=true,ignoreFailureInStories=false,ignoreFailureInView=true,verboseFailures=false,verboseFiltering=false,storyTimeouts=10000,threads=1,failOnStoryTimeout=false]
Meta[properties={narrative=Narrative[inOrderTo=,asA=,iWantTo=,soThat=], description=, path=stories/pedido/pedido_servico_culinaria_microondas52.story}] excluded by filter 'groovy: (issue == 'rgs-35' || issue == 'rgs-36' || issue == 'rgs-37' || issue == 'rgs-38' || issue == 'rgs-39' || issue == 'rgs-40')'
Meta[properties={examplesTable=, base=RELOH, context=PEDIDOS, grupoInstancias=Pedidos, rgs-52=, narrative=Narrative[inOrderTo=,asA=,iWantTo=,soThat=], title=Elaborar um pedido a vista com DEPOSITO/RETIRADA OUTRA LOJA COM RESERVA DEPOSITO, issue=rgs-52, description=, givenStories=, tag=component:Regressão - RELOH, path=stories/pedido/pedido_servico_culinaria_microondas52.story}] excluded by filter 'groovy: (issue == 'rgs-35' || issue == 'rgs-36' || issue == 'rgs-37' || issue == 'rgs-38' || issue == 'rgs-39' || issue == 'rgs-40')'
Meta[properties={examplesTable=, base=RELOH, context=PEDIDOS, grupoInstancias=Caixa, rgs-52=, narrative=Narrative[inOrderTo=,asA=,iWantTo=,soThat=], title=Efetua o recebimento do pedido, issue=rgs-52, description=, givenStories=, tag=component:Regressão - RELOH, path=stories/pedido/pedido_servico_culinaria_microondas52.story}] excluded by filter 'groovy: (issue == 'rgs-35' || issue == 'rgs-36' || issue == 'rgs-37' || issue == 'rgs-38' || issue == 'rgs-39' || issue == 'rgs-40')'
Meta[properties={examplesTable=, base=RELOH, context=PEDIDOS, grupoInstancias=Pedidos, rgs-52=, narrative=Narrative[inOrderTo=,asA=,iWantTo=,soThat=], title=Imprimir termo de adesão do passaporte, issue=rgs-52, description=, givenStories=, tag=component:Regressão - RELOH, path=stories/pedido/pedido_servico_culinaria_microondas52.story}] excluded by filter 'groovy: (issue == 'rgs-35' || issue == 'rgs-36' || issue == 'rgs-37' || issue == 'rgs-38' || issue == 'rgs-39' || issue == 'rgs-40')'

(BeforeStories)

Meta[properties={narrative=Narrative[inOrderTo=,asA=,iWantTo=,soThat=], description=, path=stories/pedido/pedido_servico_culinaria_microondas52.story}] excluded by filter 'groovy: (issue == 'rgs-35' || issue == 'rgs-36' || issue == 'rgs-37' || issue == 'rgs-38' || issue == 'rgs-39' || issue == 'rgs-40')'
Meta[properties={examplesTable=, base=RELOH, context=PEDIDOS, grupoInstancias=Pedidos, rgs-52=, narrative=Narrative[inOrderTo=,asA=,iWantTo=,soThat=], title=Elaborar um pedido a vista com DEPOSITO/RETIRADA OUTRA LOJA COM RESERVA DEPOSITO, issue=rgs-52, description=, givenStories=, tag=component:Regressão - RELOH, path=stories/pedido/pedido_servico_culinaria_microondas52.story}] excluded by filter 'groovy: (issue == 'rgs-35' || issue == 'rgs-36' || issue == 'rgs-37' || issue == 'rgs-38' || issue == 'rgs-39' || issue == 'rgs-40')'
Meta[properties={examplesTable=, base=RELOH, context=PEDIDOS, grupoInstancias=Caixa, rgs-52=, narrative=Narrative[inOrderTo=,asA=,iWantTo=,soThat=], title=Efetua o recebimento do pedido, issue=rgs-52, description=, givenStories=, tag=component:Regressão - RELOH, path=stories/pedido/pedido_servico_culinaria_microondas52.story}] excluded by filter 'groovy: (issue == 'rgs-35' || issue == 'rgs-36' || issue == 'rgs-37' || issue == 'rgs-38' || issue == 'rgs-39' || issue == 'rgs-40')'
Meta[properties={examplesTable=, base=RELOH, context=PEDIDOS, grupoInstancias=Pedidos, rgs-52=, narrative=Narrative[inOrderTo=,asA=,iWantTo=,soThat=], title=Imprimir termo de adesão do passaporte, issue=rgs-52, description=, givenStories=, tag=component:Regressão - RELOH, path=stories/pedido/pedido_servico_culinaria_microondas52.story}] excluded by filter 'groovy: (issue == 'rgs-35' || issue == 'rgs-36' || issue == 'rgs-37' || issue == 'rgs-38' || issue == 'rgs-39' || issue == 'rgs-40')'
1 stories excluded by filter: groovy: (issue == 'rgs-35' || issue == 'rgs-36' || issue == 'rgs-37' || issue == 'rgs-38' || issue == 'rgs-39' || issue == 'rgs-40')


(AfterStories)

Generating reports view to '/home/pedro/Documentos/Automação/testes-automatizados/mv-lojas-bdd/target/jbehave' using formats '[stats, console, html, xml, serenityreporter]' and view properties '{decorateNonHtml=true}'
Reports view generated with 3 stories (of which 0 pending) containing 2 scenarios (of which 0 pending)
Failures in reports view: 2 scenarios failed
Processing system properties {}
Using controls EmbedderControls[batch=false,skip=false,generateViewAfterStories=true,ignoreFailureInStories=false,ignoreFailureInView=true,verboseFailures=false,verboseFiltering=false,storyTimeouts=10000,threads=1,failOnStoryTimeout=false]
Meta[properties={narrative=Narrative[inOrderTo=,asA=,iWantTo=,soThat=], description=, path=stories/pedido/calculo_reverso14.story}] excluded by filter 'groovy: (issue == 'rgs-35' || issue == 'rgs-36' || issue == 'rgs-37' || issue == 'rgs-38' || issue == 'rgs-39' || issue == 'rgs-40')'
Meta[properties={examplesTable=, base=RELOH, context=PROCESSOS_VALIDACAO, grupoInstancias=Pedidos, rgs-72=, narrative=Narrative[inOrderTo=,asA=,iWantTo=,soThat=], title=Elaborar um pedido carne com empenho em loja/normal, issue=rgs-72, description=, givenStories=, tag=component:Processos Ambiente Validacao - RELO, path=stories/pedido/calculo_reverso14.story}] excluded by filter 'groovy: (issue == 'rgs-35' || issue == 'rgs-36' || issue == 'rgs-37' || issue == 'rgs-38' || issue == 'rgs-39' || issue == 'rgs-40')'
Meta[properties={examplesTable=, base=RELOH, context=PROCESSOS_VALIDACAO, grupoInstancias=Pedidos, rgs-72=, narrative=Narrative[inOrderTo=,asA=,iWantTo=,soThat=], title=Cancelar pedido, issue=rgs-72, description=, givenStories=, tag=component:Processos Ambiente Validacao - RELO, path=stories/pedido/calculo_reverso14.story}] excluded by filter 'groovy: (issue == 'rgs-35' || issue == 'rgs-36' || issue == 'rgs-37' || issue == 'rgs-38' || issue == 'rgs-39' || issue == 'rgs-40')'

(BeforeStories)

Meta[properties={narrative=Narrative[inOrderTo=,asA=,iWantTo=,soThat=], description=, path=stories/pedido/calculo_reverso14.story}] excluded by filter 'groovy: (issue == 'rgs-35' || issue == 'rgs-36' || issue == 'rgs-37' || issue == 'rgs-38' || issue == 'rgs-39' || issue == 'rgs-40')'
Meta[properties={examplesTable=, base=RELOH, context=PROCESSOS_VALIDACAO, grupoInstancias=Pedidos, rgs-72=, narrative=Narrative[inOrderTo=,asA=,iWantTo=,soThat=], title=Elaborar um pedido carne com empenho em loja/normal, issue=rgs-72, description=, givenStories=, tag=component:Processos Ambiente Validacao - RELO, path=stories/pedido/calculo_reverso14.story}] excluded by filter 'groovy: (issue == 'rgs-35' || issue == 'rgs-36' || issue == 'rgs-37' || issue == 'rgs-38' || issue == 'rgs-39' || issue == 'rgs-40')'
Meta[properties={examplesTable=, base=RELOH, context=PROCESSOS_VALIDACAO, grupoInstancias=Pedidos, rgs-72=, narrative=Narrative[inOrderTo=,asA=,iWantTo=,soThat=], title=Cancelar pedido, issue=rgs-72, description=, givenStories=, tag=component:Processos Ambiente Validacao - RELO, path=stories/pedido/calculo_reverso14.story}] excluded by filter 'groovy: (issue == 'rgs-35' || issue == 'rgs-36' || issue == 'rgs-37' || issue == 'rgs-38' || issue == 'rgs-39' || issue == 'rgs-40')'
1 stories excluded by filter: groovy: (issue == 'rgs-35' || issue == 'rgs-36' || issue == 'rgs-37' || issue == 'rgs-38' || issue == 'rgs-39' || issue == 'rgs-40')


(AfterStories)

Generating reports view to '/home/pedro/Documentos/Automação/testes-automatizados/mv-lojas-bdd/target/jbehave' using formats '[stats, console, html, xml, serenityreporter]' and view properties '{decorateNonHtml=true}'
Reports view generated with 3 stories (of which 0 pending) containing 2 scenarios (of which 0 pending)
Failures in reports view: 2 scenarios failed
Processing system properties {}
Using controls EmbedderControls[batch=false,skip=false,generateViewAfterStories=true,ignoreFailureInStories=false,ignoreFailureInView=true,verboseFailures=false,verboseFiltering=false,storyTimeouts=10000,threads=1,failOnStoryTimeout=false]
Meta[properties={narrative=Narrative[inOrderTo=,asA=,iWantTo=,soThat=], description=, path=stories/relatorios/relatorio_deposito.story}] excluded by filter 'groovy: (issue == 'rgs-35' || issue == 'rgs-36' || issue == 'rgs-37' || issue == 'rgs-38' || issue == 'rgs-39' || issue == 'rgs-40')'
Meta[properties={examplesTable=, base=RELOH, context=RELATORIOS, grupoInstancias=AdmCD, narrative=Narrative[inOrderTo=,asA=,iWantTo=,soThat=], title=Gerar relatorio deposito, issue=rel-03, rel-03=, description=, givenStories=, path=stories/relatorios/relatorio_deposito.story, tag=component:Regressao - RELOH}] excluded by filter 'groovy: (issue == 'rgs-35' || issue == 'rgs-36' || issue == 'rgs-37' || issue == 'rgs-38' || issue == 'rgs-39' || issue == 'rgs-40')'

(BeforeStories)

Meta[properties={narrative=Narrative[inOrderTo=,asA=,iWantTo=,soThat=], description=, path=stories/relatorios/relatorio_deposito.story}] excluded by filter 'groovy: (issue == 'rgs-35' || issue == 'rgs-36' || issue == 'rgs-37' || issue == 'rgs-38' || issue == 'rgs-39' || issue == 'rgs-40')'
Meta[properties={examplesTable=, base=RELOH, context=RELATORIOS, grupoInstancias=AdmCD, narrative=Narrative[inOrderTo=,asA=,iWantTo=,soThat=], title=Gerar relatorio deposito, issue=rel-03, rel-03=, description=, givenStories=, path=stories/relatorios/relatorio_deposito.story, tag=component:Regressao - RELOH}] excluded by filter 'groovy: (issue == 'rgs-35' || issue == 'rgs-36' || issue == 'rgs-37' || issue == 'rgs-38' || issue == 'rgs-39' || issue == 'rgs-40')'
1 stories excluded by filter: groovy: (issue == 'rgs-35' || issue == 'rgs-36' || issue == 'rgs-37' || issue == 'rgs-38' || issue == 'rgs-39' || issue == 'rgs-40')


(AfterStories)

Generating reports view to '/home/pedro/Documentos/Automação/testes-automatizados/mv-lojas-bdd/target/jbehave' using formats '[stats, console, html, xml, serenityreporter]' and view properties '{decorateNonHtml=true}'
Reports view generated with 3 stories (of which 0 pending) containing 2 scenarios (of which 0 pending)
Failures in reports view: 2 scenarios failed
Processing system properties {}
Using controls EmbedderControls[batch=false,skip=false,generateViewAfterStories=true,ignoreFailureInStories=false,ignoreFailureInView=true,verboseFailures=false,verboseFiltering=false,storyTimeouts=10000,threads=1,failOnStoryTimeout=false]
Meta[properties={narrative=Narrative[inOrderTo=,asA=,iWantTo=,soThat=], description=, path=stories/pedido/crediario_proprio.story}] excluded by filter 'groovy: (issue == 'rgs-35' || issue == 'rgs-36' || issue == 'rgs-37' || issue == 'rgs-38' || issue == 'rgs-39' || issue == 'rgs-40')'
Meta[properties={examplesTable=, base=MVSH, context=PEDIDOS, grupoInstancias=Pedidos, rgs-74=, narrative=Narrative[inOrderTo=,asA=,iWantTo=,soThat=], title=Elaborar um pedido CREDIARIO PROPRIO com empenho em loja/normal, issue=rgs-74, description=, givenStories=, tag=component:Processos - MVSH, path=stories/pedido/crediario_proprio.story}] excluded by filter 'groovy: (issue == 'rgs-35' || issue == 'rgs-36' || issue == 'rgs-37' || issue == 'rgs-38' || issue == 'rgs-39' || issue == 'rgs-40')'

(BeforeStories)

Meta[properties={narrative=Narrative[inOrderTo=,asA=,iWantTo=,soThat=], description=, path=stories/pedido/crediario_proprio.story}] excluded by filter 'groovy: (issue == 'rgs-35' || issue == 'rgs-36' || issue == 'rgs-37' || issue == 'rgs-38' || issue == 'rgs-39' || issue == 'rgs-40')'
Meta[properties={examplesTable=, base=MVSH, context=PEDIDOS, grupoInstancias=Pedidos, rgs-74=, narrative=Narrative[inOrderTo=,asA=,iWantTo=,soThat=], title=Elaborar um pedido CREDIARIO PROPRIO com empenho em loja/normal, issue=rgs-74, description=, givenStories=, tag=component:Processos - MVSH, path=stories/pedido/crediario_proprio.story}] excluded by filter 'groovy: (issue == 'rgs-35' || issue == 'rgs-36' || issue == 'rgs-37' || issue == 'rgs-38' || issue == 'rgs-39' || issue == 'rgs-40')'
1 stories excluded by filter: groovy: (issue == 'rgs-35' || issue == 'rgs-36' || issue == 'rgs-37' || issue == 'rgs-38' || issue == 'rgs-39' || issue == 'rgs-40')


(AfterStories)

Generating reports view to '/home/pedro/Documentos/Automação/testes-automatizados/mv-lojas-bdd/target/jbehave' using formats '[stats, console, html, xml, serenityreporter]' and view properties '{decorateNonHtml=true}'
Reports view generated with 3 stories (of which 0 pending) containing 2 scenarios (of which 0 pending)
Failures in reports view: 2 scenarios failed
Processing system properties {}
Using controls EmbedderControls[batch=false,skip=false,generateViewAfterStories=true,ignoreFailureInStories=false,ignoreFailureInView=true,verboseFailures=false,verboseFiltering=false,storyTimeouts=10000,threads=1,failOnStoryTimeout=false]
Meta[properties={narrative=Narrative[inOrderTo=,asA=,iWantTo=,soThat=], description=, path=stories/notas_fiscais/nota_venda_nfce.story}] excluded by filter 'groovy: (issue == 'rgs-35' || issue == 'rgs-36' || issue == 'rgs-37' || issue == 'rgs-38' || issue == 'rgs-39' || issue == 'rgs-40')'
Meta[properties={examplesTable=, base=RELOH, context=NOTAS_FISCAIS, grupoInstancias=Pedidos, narrative=Narrative[inOrderTo=,asA=,iWantTo=,soThat=], nf-03=, title=Nota fiscal de venda ao final do processo 5 - VENDA NFCE, issue=nf-03, description=, givenStories=, tag=component:Smoke testing - RELOH, path=stories/notas_fiscais/nota_venda_nfce.story}] excluded by filter 'groovy: (issue == 'rgs-35' || issue == 'rgs-36' || issue == 'rgs-37' || issue == 'rgs-38' || issue == 'rgs-39' || issue == 'rgs-40')'
Meta[properties={examplesTable=, base=RELOH, context=NOTAS_FISCAIS, grupoInstancias=Caixa, narrative=Narrative[inOrderTo=,asA=,iWantTo=,soThat=], nf-03=, title=Efetua o recebimento do pedido, issue=nf-03, description=, givenStories=, tag=component:Regressão - RELOH, path=stories/notas_fiscais/nota_venda_nfce.story}] excluded by filter 'groovy: (issue == 'rgs-35' || issue == 'rgs-36' || issue == 'rgs-37' || issue == 'rgs-38' || issue == 'rgs-39' || issue == 'rgs-40')'
Meta[properties={examplesTable=, base=RELOH, context=NOTAS_FISCAIS, grupoInstancias=AdmCD, narrative=Narrative[inOrderTo=,asA=,iWantTo=,soThat=], nf-03=, title=Realiza a consulta da nota fiscal, issue=nf-03, description=, givenStories=, tag=component:Processos - RELOH, path=stories/notas_fiscais/nota_venda_nfce.story}] excluded by filter 'groovy: (issue == 'rgs-35' || issue == 'rgs-36' || issue == 'rgs-37' || issue == 'rgs-38' || issue == 'rgs-39' || issue == 'rgs-40')'

(BeforeStories)

Meta[properties={narrative=Narrative[inOrderTo=,asA=,iWantTo=,soThat=], description=, path=stories/notas_fiscais/nota_venda_nfce.story}] excluded by filter 'groovy: (issue == 'rgs-35' || issue == 'rgs-36' || issue == 'rgs-37' || issue == 'rgs-38' || issue == 'rgs-39' || issue == 'rgs-40')'
Meta[properties={examplesTable=, base=RELOH, context=NOTAS_FISCAIS, grupoInstancias=Pedidos, narrative=Narrative[inOrderTo=,asA=,iWantTo=,soThat=], nf-03=, title=Nota fiscal de venda ao final do processo 5 - VENDA NFCE, issue=nf-03, description=, givenStories=, tag=component:Smoke testing - RELOH, path=stories/notas_fiscais/nota_venda_nfce.story}] excluded by filter 'groovy: (issue == 'rgs-35' || issue == 'rgs-36' || issue == 'rgs-37' || issue == 'rgs-38' || issue == 'rgs-39' || issue == 'rgs-40')'
Meta[properties={examplesTable=, base=RELOH, context=NOTAS_FISCAIS, grupoInstancias=Caixa, narrative=Narrative[inOrderTo=,asA=,iWantTo=,soThat=], nf-03=, title=Efetua o recebimento do pedido, issue=nf-03, description=, givenStories=, tag=component:Regressão - RELOH, path=stories/notas_fiscais/nota_venda_nfce.story}] excluded by filter 'groovy: (issue == 'rgs-35' || issue == 'rgs-36' || issue == 'rgs-37' || issue == 'rgs-38' || issue == 'rgs-39' || issue == 'rgs-40')'
Meta[properties={examplesTable=, base=RELOH, context=NOTAS_FISCAIS, grupoInstancias=AdmCD, narrative=Narrative[inOrderTo=,asA=,iWantTo=,soThat=], nf-03=, title=Realiza a consulta da nota fiscal, issue=nf-03, description=, givenStories=, tag=component:Processos - RELOH, path=stories/notas_fiscais/nota_venda_nfce.story}] excluded by filter 'groovy: (issue == 'rgs-35' || issue == 'rgs-36' || issue == 'rgs-37' || issue == 'rgs-38' || issue == 'rgs-39' || issue == 'rgs-40')'
1 stories excluded by filter: groovy: (issue == 'rgs-35' || issue == 'rgs-36' || issue == 'rgs-37' || issue == 'rgs-38' || issue == 'rgs-39' || issue == 'rgs-40')


(AfterStories)

Generating reports view to '/home/pedro/Documentos/Automação/testes-automatizados/mv-lojas-bdd/target/jbehave' using formats '[stats, console, html, xml, serenityreporter]' and view properties '{decorateNonHtml=true}'
Reports view generated with 3 stories (of which 0 pending) containing 2 scenarios (of which 0 pending)
Failures in reports view: 2 scenarios failed
Processing system properties {}
Using controls EmbedderControls[batch=false,skip=false,generateViewAfterStories=true,ignoreFailureInStories=false,ignoreFailureInView=true,verboseFailures=false,verboseFiltering=false,storyTimeouts=10000,threads=1,failOnStoryTimeout=false]
Meta[properties={narrative=Narrative[inOrderTo=,asA=,iWantTo=,soThat=], description=, path=stories/notas_fiscais/nota_transf_ativo_imobilizado.story}] excluded by filter 'groovy: (issue == 'rgs-35' || issue == 'rgs-36' || issue == 'rgs-37' || issue == 'rgs-38' || issue == 'rgs-39' || issue == 'rgs-40')'
Meta[properties={examplesTable=, base=RELOH, context=NOTAS_FISCAIS, grupoInstancias=AdmCD, narrative=Narrative[inOrderTo=,asA=,iWantTo=,soThat=], title=Emite Nota Fiscal Avulsa Tipo 110 TRANSF. DE ATIVO IMOBILIZADO (COM REDUCAO BASE DE ICMS), nf-28=, issue=nf-28, description=, givenStories=, tag=component:Processos - RELOH, path=stories/notas_fiscais/nota_transf_ativo_imobilizado.story}] excluded by filter 'groovy: (issue == 'rgs-35' || issue == 'rgs-36' || issue == 'rgs-37' || issue == 'rgs-38' || issue == 'rgs-39' || issue == 'rgs-40')'

(BeforeStories)

Meta[properties={narrative=Narrative[inOrderTo=,asA=,iWantTo=,soThat=], description=, path=stories/notas_fiscais/nota_transf_ativo_imobilizado.story}] excluded by filter 'groovy: (issue == 'rgs-35' || issue == 'rgs-36' || issue == 'rgs-37' || issue == 'rgs-38' || issue == 'rgs-39' || issue == 'rgs-40')'
Meta[properties={examplesTable=, base=RELOH, context=NOTAS_FISCAIS, grupoInstancias=AdmCD, narrative=Narrative[inOrderTo=,asA=,iWantTo=,soThat=], title=Emite Nota Fiscal Avulsa Tipo 110 TRANSF. DE ATIVO IMOBILIZADO (COM REDUCAO BASE DE ICMS), nf-28=, issue=nf-28, description=, givenStories=, tag=component:Processos - RELOH, path=stories/notas_fiscais/nota_transf_ativo_imobilizado.story}] excluded by filter 'groovy: (issue == 'rgs-35' || issue == 'rgs-36' || issue == 'rgs-37' || issue == 'rgs-38' || issue == 'rgs-39' || issue == 'rgs-40')'
1 stories excluded by filter: groovy: (issue == 'rgs-35' || issue == 'rgs-36' || issue == 'rgs-37' || issue == 'rgs-38' || issue == 'rgs-39' || issue == 'rgs-40')


(AfterStories)

Generating reports view to '/home/pedro/Documentos/Automação/testes-automatizados/mv-lojas-bdd/target/jbehave' using formats '[stats, console, html, xml, serenityreporter]' and view properties '{decorateNonHtml=true}'
Reports view generated with 3 stories (of which 0 pending) containing 2 scenarios (of which 0 pending)
Failures in reports view: 2 scenarios failed
Processing system properties {}
Using controls EmbedderControls[batch=false,skip=false,generateViewAfterStories=true,ignoreFailureInStories=false,ignoreFailureInView=true,verboseFailures=false,verboseFiltering=false,storyTimeouts=10000,threads=1,failOnStoryTimeout=false]
Meta[properties={narrative=Narrative[inOrderTo=,asA=,iWantTo=,soThat=], description=, path=stories/notas_fiscais/nota_outras_entradas_regularizacao_estoque.story}] excluded by filter 'groovy: (issue == 'rgs-35' || issue == 'rgs-36' || issue == 'rgs-37' || issue == 'rgs-38' || issue == 'rgs-39' || issue == 'rgs-40')'
Meta[properties={examplesTable=, base=RELOH, context=NOTAS_FISCAIS, grupoInstancias=AdmCD, nf-07=, narrative=Narrative[inOrderTo=,asA=,iWantTo=,soThat=], title=Emite Nota Fiscal Avulsa Tipo 160	OUTRAS ENTRADAS REGULARIZACAO ESTOQUE - UF1460, issue=nf-07, description=, givenStories=, tag=component:Processos - RELOH, path=stories/notas_fiscais/nota_outras_entradas_regularizacao_estoque.story}] excluded by filter 'groovy: (issue == 'rgs-35' || issue == 'rgs-36' || issue == 'rgs-37' || issue == 'rgs-38' || issue == 'rgs-39' || issue == 'rgs-40')'

(BeforeStories)

Meta[properties={narrative=Narrative[inOrderTo=,asA=,iWantTo=,soThat=], description=, path=stories/notas_fiscais/nota_outras_entradas_regularizacao_estoque.story}] excluded by filter 'groovy: (issue == 'rgs-35' || issue == 'rgs-36' || issue == 'rgs-37' || issue == 'rgs-38' || issue == 'rgs-39' || issue == 'rgs-40')'
Meta[properties={examplesTable=, base=RELOH, context=NOTAS_FISCAIS, grupoInstancias=AdmCD, nf-07=, narrative=Narrative[inOrderTo=,asA=,iWantTo=,soThat=], title=Emite Nota Fiscal Avulsa Tipo 160	OUTRAS ENTRADAS REGULARIZACAO ESTOQUE - UF1460, issue=nf-07, description=, givenStories=, tag=component:Processos - RELOH, path=stories/notas_fiscais/nota_outras_entradas_regularizacao_estoque.story}] excluded by filter 'groovy: (issue == 'rgs-35' || issue == 'rgs-36' || issue == 'rgs-37' || issue == 'rgs-38' || issue == 'rgs-39' || issue == 'rgs-40')'
1 stories excluded by filter: groovy: (issue == 'rgs-35' || issue == 'rgs-36' || issue == 'rgs-37' || issue == 'rgs-38' || issue == 'rgs-39' || issue == 'rgs-40')


(AfterStories)

Generating reports view to '/home/pedro/Documentos/Automação/testes-automatizados/mv-lojas-bdd/target/jbehave' using formats '[stats, console, html, xml, serenityreporter]' and view properties '{decorateNonHtml=true}'
Reports view generated with 3 stories (of which 0 pending) containing 2 scenarios (of which 0 pending)
Failures in reports view: 2 scenarios failed
Processing system properties {}
Using controls EmbedderControls[batch=false,skip=false,generateViewAfterStories=true,ignoreFailureInStories=false,ignoreFailureInView=true,verboseFailures=false,verboseFiltering=false,storyTimeouts=10000,threads=1,failOnStoryTimeout=false]
Meta[properties={narrative=Narrative[inOrderTo=,asA=,iWantTo=,soThat=], description=, path=stories/pedido/pedido_avista_siv_produto58.story}] excluded by filter 'groovy: (issue == 'rgs-35' || issue == 'rgs-36' || issue == 'rgs-37' || issue == 'rgs-38' || issue == 'rgs-39' || issue == 'rgs-40')'
Meta[properties={examplesTable=, base=RELOH, context=PEDIDOS, grupoInstancias=Pedidos, narrative=Narrative[inOrderTo=,asA=,iWantTo=,soThat=], title=Elaborar um pedido a vista com kit, promoção e que tenha serviço vinculado obrigatorio, issue=rgs-58, description=, rgs-58=, givenStories=, tag=component:Regressão - RELOH, path=stories/pedido/pedido_avista_siv_produto58.story}] excluded by filter 'groovy: (issue == 'rgs-35' || issue == 'rgs-36' || issue == 'rgs-37' || issue == 'rgs-38' || issue == 'rgs-39' || issue == 'rgs-40')'

(BeforeStories)

Meta[properties={narrative=Narrative[inOrderTo=,asA=,iWantTo=,soThat=], description=, path=stories/pedido/pedido_avista_siv_produto58.story}] excluded by filter 'groovy: (issue == 'rgs-35' || issue == 'rgs-36' || issue == 'rgs-37' || issue == 'rgs-38' || issue == 'rgs-39' || issue == 'rgs-40')'
Meta[properties={examplesTable=, base=RELOH, context=PEDIDOS, grupoInstancias=Pedidos, narrative=Narrative[inOrderTo=,asA=,iWantTo=,soThat=], title=Elaborar um pedido a vista com kit, promoção e que tenha serviço vinculado obrigatorio, issue=rgs-58, description=, rgs-58=, givenStories=, tag=component:Regressão - RELOH, path=stories/pedido/pedido_avista_siv_produto58.story}] excluded by filter 'groovy: (issue == 'rgs-35' || issue == 'rgs-36' || issue == 'rgs-37' || issue == 'rgs-38' || issue == 'rgs-39' || issue == 'rgs-40')'
1 stories excluded by filter: groovy: (issue == 'rgs-35' || issue == 'rgs-36' || issue == 'rgs-37' || issue == 'rgs-38' || issue == 'rgs-39' || issue == 'rgs-40')


(AfterStories)

Generating reports view to '/home/pedro/Documentos/Automação/testes-automatizados/mv-lojas-bdd/target/jbehave' using formats '[stats, console, html, xml, serenityreporter]' and view properties '{decorateNonHtml=true}'
Reports view generated with 3 stories (of which 0 pending) containing 2 scenarios (of which 0 pending)
Failures in reports view: 2 scenarios failed
Processing system properties {}
Using controls EmbedderControls[batch=false,skip=false,generateViewAfterStories=true,ignoreFailureInStories=false,ignoreFailureInView=true,verboseFailures=false,verboseFiltering=false,storyTimeouts=10000,threads=1,failOnStoryTimeout=false]
Meta[properties={narrative=Narrative[inOrderTo=,asA=,iWantTo=,soThat=], description=, path=stories/pedido/pedido_tipo_venda_pessoa_juridica13.story}] excluded by filter 'groovy: (issue == 'rgs-35' || issue == 'rgs-36' || issue == 'rgs-37' || issue == 'rgs-38' || issue == 'rgs-39' || issue == 'rgs-40')'
Meta[properties={examplesTable=, base=RELOH, context=PEDIDOS, grupoInstancias=Pedidos, rgs-13=, narrative=Narrative[inOrderTo=,asA=,iWantTo=,soThat=], title=Elaborar um pedido a vista com DEPOSITO/RETIRADA OUTRA LOJA COM RESERVA DEPOSITO, issue=rgs-13, description=, givenStories=, tag=component:Regressão - RELOH, path=stories/pedido/pedido_tipo_venda_pessoa_juridica13.story}] excluded by filter 'groovy: (issue == 'rgs-35' || issue == 'rgs-36' || issue == 'rgs-37' || issue == 'rgs-38' || issue == 'rgs-39' || issue == 'rgs-40')'
Meta[properties={examplesTable=, base=RELOH, context=PEDIDOS, grupoInstancias=Pedidos, rgs-13=, narrative=Narrative[inOrderTo=,asA=,iWantTo=,soThat=], title=Efetua a reabertura do pedido feito, issue=rgs-13, description=, givenStories=, tag=component:Regressão - RELOH, path=stories/pedido/pedido_tipo_venda_pessoa_juridica13.story}] excluded by filter 'groovy: (issue == 'rgs-35' || issue == 'rgs-36' || issue == 'rgs-37' || issue == 'rgs-38' || issue == 'rgs-39' || issue == 'rgs-40')'

(BeforeStories)

Meta[properties={narrative=Narrative[inOrderTo=,asA=,iWantTo=,soThat=], description=, path=stories/pedido/pedido_tipo_venda_pessoa_juridica13.story}] excluded by filter 'groovy: (issue == 'rgs-35' || issue == 'rgs-36' || issue == 'rgs-37' || issue == 'rgs-38' || issue == 'rgs-39' || issue == 'rgs-40')'
Meta[properties={examplesTable=, base=RELOH, context=PEDIDOS, grupoInstancias=Pedidos, rgs-13=, narrative=Narrative[inOrderTo=,asA=,iWantTo=,soThat=], title=Elaborar um pedido a vista com DEPOSITO/RETIRADA OUTRA LOJA COM RESERVA DEPOSITO, issue=rgs-13, description=, givenStories=, tag=component:Regressão - RELOH, path=stories/pedido/pedido_tipo_venda_pessoa_juridica13.story}] excluded by filter 'groovy: (issue == 'rgs-35' || issue == 'rgs-36' || issue == 'rgs-37' || issue == 'rgs-38' || issue == 'rgs-39' || issue == 'rgs-40')'
Meta[properties={examplesTable=, base=RELOH, context=PEDIDOS, grupoInstancias=Pedidos, rgs-13=, narrative=Narrative[inOrderTo=,asA=,iWantTo=,soThat=], title=Efetua a reabertura do pedido feito, issue=rgs-13, description=, givenStories=, tag=component:Regressão - RELOH, path=stories/pedido/pedido_tipo_venda_pessoa_juridica13.story}] excluded by filter 'groovy: (issue == 'rgs-35' || issue == 'rgs-36' || issue == 'rgs-37' || issue == 'rgs-38' || issue == 'rgs-39' || issue == 'rgs-40')'
1 stories excluded by filter: groovy: (issue == 'rgs-35' || issue == 'rgs-36' || issue == 'rgs-37' || issue == 'rgs-38' || issue == 'rgs-39' || issue == 'rgs-40')


(AfterStories)

Generating reports view to '/home/pedro/Documentos/Automação/testes-automatizados/mv-lojas-bdd/target/jbehave' using formats '[stats, console, html, xml, serenityreporter]' and view properties '{decorateNonHtml=true}'
Reports view generated with 3 stories (of which 0 pending) containing 2 scenarios (of which 0 pending)
Failures in reports view: 2 scenarios failed
Processing system properties {}
Using controls EmbedderControls[batch=false,skip=false,generateViewAfterStories=true,ignoreFailureInStories=false,ignoreFailureInView=true,verboseFailures=false,verboseFiltering=false,storyTimeouts=10000,threads=1,failOnStoryTimeout=false]
Meta[properties={narrative=Narrative[inOrderTo=,asA=,iWantTo=,soThat=], description=, path=stories/pedido/pedido_tipo_venda_avista7.story}] excluded by filter 'groovy: (issue == 'rgs-35' || issue == 'rgs-36' || issue == 'rgs-37' || issue == 'rgs-38' || issue == 'rgs-39' || issue == 'rgs-40')'
Meta[properties={examplesTable=, base=RELOH, context=PEDIDOS, grupoInstancias=Pedidos, narrative=Narrative[inOrderTo=,asA=,iWantTo=,soThat=], rgs-07=, title=Elaborar um pedido a vista com LOJA/NORMAL e reabertura, issue=rgs-07, description=, givenStories=, path=stories/pedido/pedido_tipo_venda_avista7.story, tag=component:Regressão - RELOH}] excluded by filter 'groovy: (issue == 'rgs-35' || issue == 'rgs-36' || issue == 'rgs-37' || issue == 'rgs-38' || issue == 'rgs-39' || issue == 'rgs-40')'
Meta[properties={examplesTable=, base=RELOH, context=PEDIDOS, grupoInstancias=Pedidos, narrative=Narrative[inOrderTo=,asA=,iWantTo=,soThat=], rgs-07=, title=Efetua a reabertura do pedido feito, issue=rgs-07, description=, givenStories=, path=stories/pedido/pedido_tipo_venda_avista7.story, tag=component:Regressão - RELOH}] excluded by filter 'groovy: (issue == 'rgs-35' || issue == 'rgs-36' || issue == 'rgs-37' || issue == 'rgs-38' || issue == 'rgs-39' || issue == 'rgs-40')'

(BeforeStories)

Meta[properties={narrative=Narrative[inOrderTo=,asA=,iWantTo=,soThat=], description=, path=stories/pedido/pedido_tipo_venda_avista7.story}] excluded by filter 'groovy: (issue == 'rgs-35' || issue == 'rgs-36' || issue == 'rgs-37' || issue == 'rgs-38' || issue == 'rgs-39' || issue == 'rgs-40')'
Meta[properties={examplesTable=, base=RELOH, context=PEDIDOS, grupoInstancias=Pedidos, narrative=Narrative[inOrderTo=,asA=,iWantTo=,soThat=], rgs-07=, title=Elaborar um pedido a vista com LOJA/NORMAL e reabertura, issue=rgs-07, description=, givenStories=, path=stories/pedido/pedido_tipo_venda_avista7.story, tag=component:Regressão - RELOH}] excluded by filter 'groovy: (issue == 'rgs-35' || issue == 'rgs-36' || issue == 'rgs-37' || issue == 'rgs-38' || issue == 'rgs-39' || issue == 'rgs-40')'
Meta[properties={examplesTable=, base=RELOH, context=PEDIDOS, grupoInstancias=Pedidos, narrative=Narrative[inOrderTo=,asA=,iWantTo=,soThat=], rgs-07=, title=Efetua a reabertura do pedido feito, issue=rgs-07, description=, givenStories=, path=stories/pedido/pedido_tipo_venda_avista7.story, tag=component:Regressão - RELOH}] excluded by filter 'groovy: (issue == 'rgs-35' || issue == 'rgs-36' || issue == 'rgs-37' || issue == 'rgs-38' || issue == 'rgs-39' || issue == 'rgs-40')'
1 stories excluded by filter: groovy: (issue == 'rgs-35' || issue == 'rgs-36' || issue == 'rgs-37' || issue == 'rgs-38' || issue == 'rgs-39' || issue == 'rgs-40')


(AfterStories)

Generating reports view to '/home/pedro/Documentos/Automação/testes-automatizados/mv-lojas-bdd/target/jbehave' using formats '[stats, console, html, xml, serenityreporter]' and view properties '{decorateNonHtml=true}'
Reports view generated with 3 stories (of which 0 pending) containing 2 scenarios (of which 0 pending)
Failures in reports view: 2 scenarios failed
Processing system properties {}
Using controls EmbedderControls[batch=false,skip=false,generateViewAfterStories=true,ignoreFailureInStories=false,ignoreFailureInView=true,verboseFailures=false,verboseFiltering=false,storyTimeouts=10000,threads=1,failOnStoryTimeout=false]
Meta[properties={narrative=Narrative[inOrderTo=,asA=,iWantTo=,soThat=], description=, path=stories/notas_fiscais/nota_transf_ativo_imobilizado_menos_um_ano_uso.story}] excluded by filter 'groovy: (issue == 'rgs-35' || issue == 'rgs-36' || issue == 'rgs-37' || issue == 'rgs-38' || issue == 'rgs-39' || issue == 'rgs-40')'
Meta[properties={examplesTable=, base=RELOH, context=NOTAS_FISCAIS, grupoInstancias=AdmCD, narrative=Narrative[inOrderTo=,asA=,iWantTo=,soThat=], nf-30=, title=Emite Nota Fiscal Avulsa Tipo 110 TRANSF. DE ATIVO IMOBILIZADO (COM REDUCAO BASE DE ICMS), issue=nf-30, description=, givenStories=, path=stories/notas_fiscais/nota_transf_ativo_imobilizado_menos_um_ano_uso.story, tag=component:Processos - RELOH}] excluded by filter 'groovy: (issue == 'rgs-35' || issue == 'rgs-36' || issue == 'rgs-37' || issue == 'rgs-38' || issue == 'rgs-39' || issue == 'rgs-40')'

(BeforeStories)

Meta[properties={narrative=Narrative[inOrderTo=,asA=,iWantTo=,soThat=], description=, path=stories/notas_fiscais/nota_transf_ativo_imobilizado_menos_um_ano_uso.story}] excluded by filter 'groovy: (issue == 'rgs-35' || issue == 'rgs-36' || issue == 'rgs-37' || issue == 'rgs-38' || issue == 'rgs-39' || issue == 'rgs-40')'
Meta[properties={examplesTable=, base=RELOH, context=NOTAS_FISCAIS, grupoInstancias=AdmCD, narrative=Narrative[inOrderTo=,asA=,iWantTo=,soThat=], nf-30=, title=Emite Nota Fiscal Avulsa Tipo 110 TRANSF. DE ATIVO IMOBILIZADO (COM REDUCAO BASE DE ICMS), issue=nf-30, description=, givenStories=, path=stories/notas_fiscais/nota_transf_ativo_imobilizado_menos_um_ano_uso.story, tag=component:Processos - RELOH}] excluded by filter 'groovy: (issue == 'rgs-35' || issue == 'rgs-36' || issue == 'rgs-37' || issue == 'rgs-38' || issue == 'rgs-39' || issue == 'rgs-40')'
1 stories excluded by filter: groovy: (issue == 'rgs-35' || issue == 'rgs-36' || issue == 'rgs-37' || issue == 'rgs-38' || issue == 'rgs-39' || issue == 'rgs-40')


(AfterStories)

Generating reports view to '/home/pedro/Documentos/Automação/testes-automatizados/mv-lojas-bdd/target/jbehave' using formats '[stats, console, html, xml, serenityreporter]' and view properties '{decorateNonHtml=true}'
Reports view generated with 3 stories (of which 0 pending) containing 2 scenarios (of which 0 pending)
Failures in reports view: 2 scenarios failed
Processing system properties {}
Using controls EmbedderControls[batch=false,skip=false,generateViewAfterStories=true,ignoreFailureInStories=false,ignoreFailureInView=true,verboseFailures=false,verboseFiltering=false,storyTimeouts=10000,threads=1,failOnStoryTimeout=false]

(BeforeStories)


(AfterStories)

Generating reports view to '/home/pedro/Documentos/Automação/testes-automatizados/mv-lojas-bdd/target/jbehave' using formats '[stats, console, html, xml, serenityreporter]' and view properties '{decorateNonHtml=true}'
Reports view generated with 3 stories (of which 0 pending) containing 2 scenarios (of which 0 pending)
Failures in reports view: 2 scenarios failed
Processing system properties {}
Using controls EmbedderControls[batch=false,skip=false,generateViewAfterStories=true,ignoreFailureInStories=false,ignoreFailureInView=true,verboseFailures=false,verboseFiltering=false,storyTimeouts=10000,threads=1,failOnStoryTimeout=false]
Meta[properties={narrative=Narrative[inOrderTo=,asA=,iWantTo=,soThat=], description=, path=stories/pedido/pedido_tipo_venda_avista1.story}] excluded by filter 'groovy: (issue == 'rgs-35' || issue == 'rgs-36' || issue == 'rgs-37' || issue == 'rgs-38' || issue == 'rgs-39' || issue == 'rgs-40')'
Meta[properties={examplesTable=, base=RELOH, context=PEDIDOS, grupoInstancias=Pedidos, narrative=Narrative[inOrderTo=,asA=,iWantTo=,soThat=], title=Elaborar um pedido a vista com DEPOSITO/AGENDADA, issue=rgs-01, description=, rgs-01=, givenStories=, tag=component:Regressão - RELOH, path=stories/pedido/pedido_tipo_venda_avista1.story}] excluded by filter 'groovy: (issue == 'rgs-35' || issue == 'rgs-36' || issue == 'rgs-37' || issue == 'rgs-38' || issue == 'rgs-39' || issue == 'rgs-40')'
Meta[properties={examplesTable=, base=RELOH, context=PEDIDOS, grupoInstancias=Pedidos, narrative=Narrative[inOrderTo=,asA=,iWantTo=,soThat=], title=Elaborar um pedido a vista com depósito/agendada e garantia avulsa interna do pedido anterior, issue=rgs-01, description=, rgs-01=, givenStories=, tag=component:Regressão - RELOH, path=stories/pedido/pedido_tipo_venda_avista1.story}] excluded by filter 'groovy: (issue == 'rgs-35' || issue == 'rgs-36' || issue == 'rgs-37' || issue == 'rgs-38' || issue == 'rgs-39' || issue == 'rgs-40')'
Meta[properties={examplesTable=, base=RELOH, context=PEDIDOS, grupoInstancias=Pedidos, narrative=Narrative[inOrderTo=,asA=,iWantTo=,soThat=], title=Efetua a reabertura do pedido feito, issue=rgs-01, description=, rgs-01=, givenStories=, tag=component:Regressão - RELOH, path=stories/pedido/pedido_tipo_venda_avista1.story}] excluded by filter 'groovy: (issue == 'rgs-35' || issue == 'rgs-36' || issue == 'rgs-37' || issue == 'rgs-38' || issue == 'rgs-39' || issue == 'rgs-40')'

(BeforeStories)

Meta[properties={narrative=Narrative[inOrderTo=,asA=,iWantTo=,soThat=], description=, path=stories/pedido/pedido_tipo_venda_avista1.story}] excluded by filter 'groovy: (issue == 'rgs-35' || issue == 'rgs-36' || issue == 'rgs-37' || issue == 'rgs-38' || issue == 'rgs-39' || issue == 'rgs-40')'
Meta[properties={examplesTable=, base=RELOH, context=PEDIDOS, grupoInstancias=Pedidos, narrative=Narrative[inOrderTo=,asA=,iWantTo=,soThat=], title=Elaborar um pedido a vista com DEPOSITO/AGENDADA, issue=rgs-01, description=, rgs-01=, givenStories=, tag=component:Regressão - RELOH, path=stories/pedido/pedido_tipo_venda_avista1.story}] excluded by filter 'groovy: (issue == 'rgs-35' || issue == 'rgs-36' || issue == 'rgs-37' || issue == 'rgs-38' || issue == 'rgs-39' || issue == 'rgs-40')'
Meta[properties={examplesTable=, base=RELOH, context=PEDIDOS, grupoInstancias=Pedidos, narrative=Narrative[inOrderTo=,asA=,iWantTo=,soThat=], title=Elaborar um pedido a vista com depósito/agendada e garantia avulsa interna do pedido anterior, issue=rgs-01, description=, rgs-01=, givenStories=, tag=component:Regressão - RELOH, path=stories/pedido/pedido_tipo_venda_avista1.story}] excluded by filter 'groovy: (issue == 'rgs-35' || issue == 'rgs-36' || issue == 'rgs-37' || issue == 'rgs-38' || issue == 'rgs-39' || issue == 'rgs-40')'
Meta[properties={examplesTable=, base=RELOH, context=PEDIDOS, grupoInstancias=Pedidos, narrative=Narrative[inOrderTo=,asA=,iWantTo=,soThat=], title=Efetua a reabertura do pedido feito, issue=rgs-01, description=, rgs-01=, givenStories=, tag=component:Regressão - RELOH, path=stories/pedido/pedido_tipo_venda_avista1.story}] excluded by filter 'groovy: (issue == 'rgs-35' || issue == 'rgs-36' || issue == 'rgs-37' || issue == 'rgs-38' || issue == 'rgs-39' || issue == 'rgs-40')'
1 stories excluded by filter: groovy: (issue == 'rgs-35' || issue == 'rgs-36' || issue == 'rgs-37' || issue == 'rgs-38' || issue == 'rgs-39' || issue == 'rgs-40')


(AfterStories)

Generating reports view to '/home/pedro/Documentos/Automação/testes-automatizados/mv-lojas-bdd/target/jbehave' using formats '[stats, console, html, xml, serenityreporter]' and view properties '{decorateNonHtml=true}'
Reports view generated with 3 stories (of which 0 pending) containing 2 scenarios (of which 0 pending)
Failures in reports view: 2 scenarios failed
Processing system properties {}
Using controls EmbedderControls[batch=false,skip=false,generateViewAfterStories=true,ignoreFailureInStories=false,ignoreFailureInView=true,verboseFailures=false,verboseFiltering=false,storyTimeouts=10000,threads=1,failOnStoryTimeout=false]
Meta[properties={narrative=Narrative[inOrderTo=,asA=,iWantTo=,soThat=], description=, path=stories/cadastros/cadastro_estoque_limite.story}] excluded by filter 'groovy: (issue == 'rgs-35' || issue == 'rgs-36' || issue == 'rgs-37' || issue == 'rgs-38' || issue == 'rgs-39' || issue == 'rgs-40')'
Meta[properties={examplesTable=, base=RELOH, context=CADASTROS, grupoInstancias=AdmCD, narrative=Narrative[inOrderTo=,asA=,iWantTo=,soThat=], cad-03=, title=Cadastra o estoque limite para uma loja, issue=cad-03, description=, givenStories=, path=stories/cadastros/cadastro_estoque_limite.story, tag=component:Regressao - RELOH}] excluded by filter 'groovy: (issue == 'rgs-35' || issue == 'rgs-36' || issue == 'rgs-37' || issue == 'rgs-38' || issue == 'rgs-39' || issue == 'rgs-40')'
Meta[properties={examplesTable=, base=RELOH, context=CADASTROS, grupoInstancias=AdmCD, narrative=Narrative[inOrderTo=,asA=,iWantTo=,soThat=], cad-03=, title=Pesquisa / Edita o estoque limite para uma loja, issue=cad-03, description=, givenStories=, path=stories/cadastros/cadastro_estoque_limite.story, tag=component:Regressao - RELOH}] excluded by filter 'groovy: (issue == 'rgs-35' || issue == 'rgs-36' || issue == 'rgs-37' || issue == 'rgs-38' || issue == 'rgs-39' || issue == 'rgs-40')'
Meta[properties={examplesTable=, base=RELOH, context=CADASTROS, grupoInstancias=AdmCD, narrative=Narrative[inOrderTo=,asA=,iWantTo=,soThat=], cad-03=, title=Exclui o estoque limite para uma loja, issue=cad-03, description=, givenStories=, path=stories/cadastros/cadastro_estoque_limite.story, tag=component:Regressao - RELOH}] excluded by filter 'groovy: (issue == 'rgs-35' || issue == 'rgs-36' || issue == 'rgs-37' || issue == 'rgs-38' || issue == 'rgs-39' || issue == 'rgs-40')'

(BeforeStories)

Meta[properties={narrative=Narrative[inOrderTo=,asA=,iWantTo=,soThat=], description=, path=stories/cadastros/cadastro_estoque_limite.story}] excluded by filter 'groovy: (issue == 'rgs-35' || issue == 'rgs-36' || issue == 'rgs-37' || issue == 'rgs-38' || issue == 'rgs-39' || issue == 'rgs-40')'
Meta[properties={examplesTable=, base=RELOH, context=CADASTROS, grupoInstancias=AdmCD, narrative=Narrative[inOrderTo=,asA=,iWantTo=,soThat=], cad-03=, title=Cadastra o estoque limite para uma loja, issue=cad-03, description=, givenStories=, path=stories/cadastros/cadastro_estoque_limite.story, tag=component:Regressao - RELOH}] excluded by filter 'groovy: (issue == 'rgs-35' || issue == 'rgs-36' || issue == 'rgs-37' || issue == 'rgs-38' || issue == 'rgs-39' || issue == 'rgs-40')'
Meta[properties={examplesTable=, base=RELOH, context=CADASTROS, grupoInstancias=AdmCD, narrative=Narrative[inOrderTo=,asA=,iWantTo=,soThat=], cad-03=, title=Pesquisa / Edita o estoque limite para uma loja, issue=cad-03, description=, givenStories=, path=stories/cadastros/cadastro_estoque_limite.story, tag=component:Regressao - RELOH}] excluded by filter 'groovy: (issue == 'rgs-35' || issue == 'rgs-36' || issue == 'rgs-37' || issue == 'rgs-38' || issue == 'rgs-39' || issue == 'rgs-40')'
Meta[properties={examplesTable=, base=RELOH, context=CADASTROS, grupoInstancias=AdmCD, narrative=Narrative[inOrderTo=,asA=,iWantTo=,soThat=], cad-03=, title=Exclui o estoque limite para uma loja, issue=cad-03, description=, givenStories=, path=stories/cadastros/cadastro_estoque_limite.story, tag=component:Regressao - RELOH}] excluded by filter 'groovy: (issue == 'rgs-35' || issue == 'rgs-36' || issue == 'rgs-37' || issue == 'rgs-38' || issue == 'rgs-39' || issue == 'rgs-40')'
1 stories excluded by filter: groovy: (issue == 'rgs-35' || issue == 'rgs-36' || issue == 'rgs-37' || issue == 'rgs-38' || issue == 'rgs-39' || issue == 'rgs-40')


(AfterStories)

Generating reports view to '/home/pedro/Documentos/Automação/testes-automatizados/mv-lojas-bdd/target/jbehave' using formats '[stats, console, html, xml, serenityreporter]' and view properties '{decorateNonHtml=true}'
Reports view generated with 3 stories (of which 0 pending) containing 2 scenarios (of which 0 pending)
Failures in reports view: 2 scenarios failed
Processing system properties {}
Using controls EmbedderControls[batch=false,skip=false,generateViewAfterStories=true,ignoreFailureInStories=false,ignoreFailureInView=true,verboseFailures=false,verboseFiltering=false,storyTimeouts=10000,threads=1,failOnStoryTimeout=false]
Meta[properties={narrative=Narrative[inOrderTo=,asA=,iWantTo=,soThat=], description=, path=stories/pedido/calculo_reverso9_mvs.story}] excluded by filter 'groovy: (issue == 'rgs-35' || issue == 'rgs-36' || issue == 'rgs-37' || issue == 'rgs-38' || issue == 'rgs-39' || issue == 'rgs-40')'
Meta[properties={rgs-84=, examplesTable=, base=MVSH, context=PROCESSOS_VALIDACAO, grupoInstancias=Pedidos, narrative=Narrative[inOrderTo=,asA=,iWantTo=,soThat=], title=Elaborar um pedido carne com empenho em loja/normal, issue=rgs-84, description=, givenStories=, tag=component:Processos Ambiente Validacao - MVS, path=stories/pedido/calculo_reverso9_mvs.story}] excluded by filter 'groovy: (issue == 'rgs-35' || issue == 'rgs-36' || issue == 'rgs-37' || issue == 'rgs-38' || issue == 'rgs-39' || issue == 'rgs-40')'
Meta[properties={rgs-84=, examplesTable=, base=MVSH, context=PROCESSOS_VALIDACAO, grupoInstancias=Pedidos, narrative=Narrative[inOrderTo=,asA=,iWantTo=,soThat=], title=Cancelar pedido, issue=rgs-84, description=, givenStories=, tag=component:Processos Ambiente Validacao - MVS, path=stories/pedido/calculo_reverso9_mvs.story}] excluded by filter 'groovy: (issue == 'rgs-35' || issue == 'rgs-36' || issue == 'rgs-37' || issue == 'rgs-38' || issue == 'rgs-39' || issue == 'rgs-40')'

(BeforeStories)

Meta[properties={narrative=Narrative[inOrderTo=,asA=,iWantTo=,soThat=], description=, path=stories/pedido/calculo_reverso9_mvs.story}] excluded by filter 'groovy: (issue == 'rgs-35' || issue == 'rgs-36' || issue == 'rgs-37' || issue == 'rgs-38' || issue == 'rgs-39' || issue == 'rgs-40')'
Meta[properties={rgs-84=, examplesTable=, base=MVSH, context=PROCESSOS_VALIDACAO, grupoInstancias=Pedidos, narrative=Narrative[inOrderTo=,asA=,iWantTo=,soThat=], title=Elaborar um pedido carne com empenho em loja/normal, issue=rgs-84, description=, givenStories=, tag=component:Processos Ambiente Validacao - MVS, path=stories/pedido/calculo_reverso9_mvs.story}] excluded by filter 'groovy: (issue == 'rgs-35' || issue == 'rgs-36' || issue == 'rgs-37' || issue == 'rgs-38' || issue == 'rgs-39' || issue == 'rgs-40')'
Meta[properties={rgs-84=, examplesTable=, base=MVSH, context=PROCESSOS_VALIDACAO, grupoInstancias=Pedidos, narrative=Narrative[inOrderTo=,asA=,iWantTo=,soThat=], title=Cancelar pedido, issue=rgs-84, description=, givenStories=, tag=component:Processos Ambiente Validacao - MVS, path=stories/pedido/calculo_reverso9_mvs.story}] excluded by filter 'groovy: (issue == 'rgs-35' || issue == 'rgs-36' || issue == 'rgs-37' || issue == 'rgs-38' || issue == 'rgs-39' || issue == 'rgs-40')'
1 stories excluded by filter: groovy: (issue == 'rgs-35' || issue == 'rgs-36' || issue == 'rgs-37' || issue == 'rgs-38' || issue == 'rgs-39' || issue == 'rgs-40')


(AfterStories)

Generating reports view to '/home/pedro/Documentos/Automação/testes-automatizados/mv-lojas-bdd/target/jbehave' using formats '[stats, console, html, xml, serenityreporter]' and view properties '{decorateNonHtml=true}'
Reports view generated with 3 stories (of which 0 pending) containing 2 scenarios (of which 0 pending)
Failures in reports view: 2 scenarios failed
Processing system properties {}
Using controls EmbedderControls[batch=false,skip=false,generateViewAfterStories=true,ignoreFailureInStories=false,ignoreFailureInView=true,verboseFailures=false,verboseFiltering=false,storyTimeouts=10000,threads=1,failOnStoryTimeout=false]
Meta[properties={narrative=Narrative[inOrderTo=,asA=,iWantTo=,soThat=], description=, path=stories/notas_fiscais/nota_intercompany_re_rnv.story}] excluded by filter 'groovy: (issue == 'rgs-35' || issue == 'rgs-36' || issue == 'rgs-37' || issue == 'rgs-38' || issue == 'rgs-39' || issue == 'rgs-40')'
Meta[properties={examplesTable=, base=RELOH, context=NOTAS_FISCAIS, grupoInstancias=AdmCD, nf-47=, narrative=Narrative[inOrderTo=,asA=,iWantTo=,soThat=], title=Emite Nota Fiscal Avulsa Tipo 480 INTERCOMPANY RERNV  UF 2970, issue=nf-47, description=, givenStories=, tag=component:Processos - RELOH, path=stories/notas_fiscais/nota_intercompany_re_rnv.story}] excluded by filter 'groovy: (issue == 'rgs-35' || issue == 'rgs-36' || issue == 'rgs-37' || issue == 'rgs-38' || issue == 'rgs-39' || issue == 'rgs-40')'

(BeforeStories)

Meta[properties={narrative=Narrative[inOrderTo=,asA=,iWantTo=,soThat=], description=, path=stories/notas_fiscais/nota_intercompany_re_rnv.story}] excluded by filter 'groovy: (issue == 'rgs-35' || issue == 'rgs-36' || issue == 'rgs-37' || issue == 'rgs-38' || issue == 'rgs-39' || issue == 'rgs-40')'
Meta[properties={examplesTable=, base=RELOH, context=NOTAS_FISCAIS, grupoInstancias=AdmCD, nf-47=, narrative=Narrative[inOrderTo=,asA=,iWantTo=,soThat=], title=Emite Nota Fiscal Avulsa Tipo 480 INTERCOMPANY RERNV  UF 2970, issue=nf-47, description=, givenStories=, tag=component:Processos - RELOH, path=stories/notas_fiscais/nota_intercompany_re_rnv.story}] excluded by filter 'groovy: (issue == 'rgs-35' || issue == 'rgs-36' || issue == 'rgs-37' || issue == 'rgs-38' || issue == 'rgs-39' || issue == 'rgs-40')'
1 stories excluded by filter: groovy: (issue == 'rgs-35' || issue == 'rgs-36' || issue == 'rgs-37' || issue == 'rgs-38' || issue == 'rgs-39' || issue == 'rgs-40')


(AfterStories)

Generating reports view to '/home/pedro/Documentos/Automação/testes-automatizados/mv-lojas-bdd/target/jbehave' using formats '[stats, console, html, xml, serenityreporter]' and view properties '{decorateNonHtml=true}'
Reports view generated with 3 stories (of which 0 pending) containing 2 scenarios (of which 0 pending)
Failures in reports view: 2 scenarios failed
Processing system properties {}
Using controls EmbedderControls[batch=false,skip=false,generateViewAfterStories=true,ignoreFailureInStories=false,ignoreFailureInView=true,verboseFailures=false,verboseFiltering=false,storyTimeouts=10000,threads=1,failOnStoryTimeout=false]
Meta[properties={narrative=Narrative[inOrderTo=,asA=,iWantTo=,soThat=], description=, path=stories/pedido/pedido_avista_siv_sem_privilegio_liberacao_sem_ativacao.story}] excluded by filter 'groovy: (issue == 'rgs-35' || issue == 'rgs-36' || issue == 'rgs-37' || issue == 'rgs-38' || issue == 'rgs-39' || issue == 'rgs-40')'
Meta[properties={examplesTable=, base=RELOH, context=PEDIDOS, grupoInstancias=Pedidos, rgs-81=, narrative=Narrative[inOrderTo=,asA=,iWantTo=,soThat=], title=Elabora um pedido com plano controle e utiliza o privilégio para liberar o pedido sem ativação do plano, issue=rgs-81, description=, givenStories=, tag=component:Regressão - RELOH, path=stories/pedido/pedido_avista_siv_sem_privilegio_liberacao_sem_ativacao.story}] excluded by filter 'groovy: (issue == 'rgs-35' || issue == 'rgs-36' || issue == 'rgs-37' || issue == 'rgs-38' || issue == 'rgs-39' || issue == 'rgs-40')'

(BeforeStories)

Meta[properties={narrative=Narrative[inOrderTo=,asA=,iWantTo=,soThat=], description=, path=stories/pedido/pedido_avista_siv_sem_privilegio_liberacao_sem_ativacao.story}] excluded by filter 'groovy: (issue == 'rgs-35' || issue == 'rgs-36' || issue == 'rgs-37' || issue == 'rgs-38' || issue == 'rgs-39' || issue == 'rgs-40')'
Meta[properties={examplesTable=, base=RELOH, context=PEDIDOS, grupoInstancias=Pedidos, rgs-81=, narrative=Narrative[inOrderTo=,asA=,iWantTo=,soThat=], title=Elabora um pedido com plano controle e utiliza o privilégio para liberar o pedido sem ativação do plano, issue=rgs-81, description=, givenStories=, tag=component:Regressão - RELOH, path=stories/pedido/pedido_avista_siv_sem_privilegio_liberacao_sem_ativacao.story}] excluded by filter 'groovy: (issue == 'rgs-35' || issue == 'rgs-36' || issue == 'rgs-37' || issue == 'rgs-38' || issue == 'rgs-39' || issue == 'rgs-40')'
1 stories excluded by filter: groovy: (issue == 'rgs-35' || issue == 'rgs-36' || issue == 'rgs-37' || issue == 'rgs-38' || issue == 'rgs-39' || issue == 'rgs-40')


(AfterStories)

Generating reports view to '/home/pedro/Documentos/Automação/testes-automatizados/mv-lojas-bdd/target/jbehave' using formats '[stats, console, html, xml, serenityreporter]' and view properties '{decorateNonHtml=true}'
Reports view generated with 3 stories (of which 0 pending) containing 2 scenarios (of which 0 pending)
Failures in reports view: 2 scenarios failed
Processing system properties {}
Using controls EmbedderControls[batch=false,skip=false,generateViewAfterStories=true,ignoreFailureInStories=false,ignoreFailureInView=true,verboseFailures=false,verboseFiltering=false,storyTimeouts=10000,threads=1,failOnStoryTimeout=false]
Meta[properties={narrative=Narrative[inOrderTo=,asA=,iWantTo=,soThat=], description=, path=stories/pedido/pedido_tipo_venda_avista_empenho_outraloja29.story}] excluded by filter 'groovy: (issue == 'rgs-35' || issue == 'rgs-36' || issue == 'rgs-37' || issue == 'rgs-38' || issue == 'rgs-39' || issue == 'rgs-40')'
Meta[properties={examplesTable=, base=RELOH, context=PEDIDOS, grupoInstancias=Pedidos, narrative=Narrative[inOrderTo=,asA=,iWantTo=,soThat=], title=Elaborar um pedido a vista com DEPOSITO/RETIRADA OUTRA LOJA COM RESERVA DEPOSITO, issue=rgs-29, description=, rgs-29=, givenStories=, path=stories/pedido/pedido_tipo_venda_avista_empenho_outraloja29.story, tag=component:Regressão - RELOH}] excluded by filter 'groovy: (issue == 'rgs-35' || issue == 'rgs-36' || issue == 'rgs-37' || issue == 'rgs-38' || issue == 'rgs-39' || issue == 'rgs-40')'
Meta[properties={examplesTable=, base=RELOH, context=PEDIDOS, grupoInstancias=Pedidos, narrative=Narrative[inOrderTo=,asA=,iWantTo=,soThat=], title=Efetua 1ª reabertura do pedido feito, issue=rgs-29, description=, rgs-29=, givenStories=, path=stories/pedido/pedido_tipo_venda_avista_empenho_outraloja29.story, tag=component:Regressão - RELOH}] excluded by filter 'groovy: (issue == 'rgs-35' || issue == 'rgs-36' || issue == 'rgs-37' || issue == 'rgs-38' || issue == 'rgs-39' || issue == 'rgs-40')'

(BeforeStories)

Meta[properties={narrative=Narrative[inOrderTo=,asA=,iWantTo=,soThat=], description=, path=stories/pedido/pedido_tipo_venda_avista_empenho_outraloja29.story}] excluded by filter 'groovy: (issue == 'rgs-35' || issue == 'rgs-36' || issue == 'rgs-37' || issue == 'rgs-38' || issue == 'rgs-39' || issue == 'rgs-40')'
Meta[properties={examplesTable=, base=RELOH, context=PEDIDOS, grupoInstancias=Pedidos, narrative=Narrative[inOrderTo=,asA=,iWantTo=,soThat=], title=Elaborar um pedido a vista com DEPOSITO/RETIRADA OUTRA LOJA COM RESERVA DEPOSITO, issue=rgs-29, description=, rgs-29=, givenStories=, path=stories/pedido/pedido_tipo_venda_avista_empenho_outraloja29.story, tag=component:Regressão - RELOH}] excluded by filter 'groovy: (issue == 'rgs-35' || issue == 'rgs-36' || issue == 'rgs-37' || issue == 'rgs-38' || issue == 'rgs-39' || issue == 'rgs-40')'
Meta[properties={examplesTable=, base=RELOH, context=PEDIDOS, grupoInstancias=Pedidos, narrative=Narrative[inOrderTo=,asA=,iWantTo=,soThat=], title=Efetua 1ª reabertura do pedido feito, issue=rgs-29, description=, rgs-29=, givenStories=, path=stories/pedido/pedido_tipo_venda_avista_empenho_outraloja29.story, tag=component:Regressão - RELOH}] excluded by filter 'groovy: (issue == 'rgs-35' || issue == 'rgs-36' || issue == 'rgs-37' || issue == 'rgs-38' || issue == 'rgs-39' || issue == 'rgs-40')'
1 stories excluded by filter: groovy: (issue == 'rgs-35' || issue == 'rgs-36' || issue == 'rgs-37' || issue == 'rgs-38' || issue == 'rgs-39' || issue == 'rgs-40')


(AfterStories)

Generating reports view to '/home/pedro/Documentos/Automação/testes-automatizados/mv-lojas-bdd/target/jbehave' using formats '[stats, console, html, xml, serenityreporter]' and view properties '{decorateNonHtml=true}'
Reports view generated with 3 stories (of which 0 pending) containing 2 scenarios (of which 0 pending)
Failures in reports view: 2 scenarios failed
Processing system properties {}
Using controls EmbedderControls[batch=false,skip=false,generateViewAfterStories=true,ignoreFailureInStories=false,ignoreFailureInView=true,verboseFailures=false,verboseFiltering=false,storyTimeouts=10000,threads=1,failOnStoryTimeout=false]
Meta[properties={narrative=Narrative[inOrderTo=,asA=,iWantTo=,soThat=], description=, path=stories/avulsos/pedido_cartao_empenho_loja_normal.story}] excluded by filter 'groovy: (issue == 'rgs-35' || issue == 'rgs-36' || issue == 'rgs-37' || issue == 'rgs-38' || issue == 'rgs-39' || issue == 'rgs-40')'
Meta[properties={examplesTable=, base=RELOH, context=AVULSOS, grupoInstancias=Pedidos, avl-03=, narrative=Narrative[inOrderTo=,asA=,iWantTo=,soThat=], title=Elaborar um pedido a vista com empenho em loja/normal, issue=avl-03, description=, givenStories=, path=stories/avulsos/pedido_cartao_empenho_loja_normal.story, tag=component:Smoke testing - RELOH}] excluded by filter 'groovy: (issue == 'rgs-35' || issue == 'rgs-36' || issue == 'rgs-37' || issue == 'rgs-38' || issue == 'rgs-39' || issue == 'rgs-40')'

(BeforeStories)

Meta[properties={narrative=Narrative[inOrderTo=,asA=,iWantTo=,soThat=], description=, path=stories/avulsos/pedido_cartao_empenho_loja_normal.story}] excluded by filter 'groovy: (issue == 'rgs-35' || issue == 'rgs-36' || issue == 'rgs-37' || issue == 'rgs-38' || issue == 'rgs-39' || issue == 'rgs-40')'
Meta[properties={examplesTable=, base=RELOH, context=AVULSOS, grupoInstancias=Pedidos, avl-03=, narrative=Narrative[inOrderTo=,asA=,iWantTo=,soThat=], title=Elaborar um pedido a vista com empenho em loja/normal, issue=avl-03, description=, givenStories=, path=stories/avulsos/pedido_cartao_empenho_loja_normal.story, tag=component:Smoke testing - RELOH}] excluded by filter 'groovy: (issue == 'rgs-35' || issue == 'rgs-36' || issue == 'rgs-37' || issue == 'rgs-38' || issue == 'rgs-39' || issue == 'rgs-40')'
1 stories excluded by filter: groovy: (issue == 'rgs-35' || issue == 'rgs-36' || issue == 'rgs-37' || issue == 'rgs-38' || issue == 'rgs-39' || issue == 'rgs-40')


(AfterStories)

Generating reports view to '/home/pedro/Documentos/Automação/testes-automatizados/mv-lojas-bdd/target/jbehave' using formats '[stats, console, html, xml, serenityreporter]' and view properties '{decorateNonHtml=true}'
Reports view generated with 3 stories (of which 0 pending) containing 2 scenarios (of which 0 pending)
Failures in reports view: 2 scenarios failed
Processing system properties {}
Using controls EmbedderControls[batch=false,skip=false,generateViewAfterStories=true,ignoreFailureInStories=false,ignoreFailureInView=true,verboseFailures=false,verboseFiltering=false,storyTimeouts=10000,threads=1,failOnStoryTimeout=false]
Meta[properties={narrative=Narrative[inOrderTo=,asA=,iWantTo=,soThat=], description=, path=stories/processos/troca_devolucao_enterprise.story}] excluded by filter 'groovy: (issue == 'rgs-35' || issue == 'rgs-36' || issue == 'rgs-37' || issue == 'rgs-38' || issue == 'rgs-39' || issue == 'rgs-40')'
Meta[properties={examplesTable=, base=MVSH, context=PROCESSOS, grupoInstancias=Pedidos, trkdev-06=, narrative=Narrative[inOrderTo=,asA=,iWantTo=,soThat=], title=Elaborar um pedido a vista, issue=trkdev-06, description=, givenStories=, tag=component:Regressão - MVSH, path=stories/processos/troca_devolucao_enterprise.story}] excluded by filter 'groovy: (issue == 'rgs-35' || issue == 'rgs-36' || issue == 'rgs-37' || issue == 'rgs-38' || issue == 'rgs-39' || issue == 'rgs-40')'

(BeforeStories)

Meta[properties={narrative=Narrative[inOrderTo=,asA=,iWantTo=,soThat=], description=, path=stories/processos/troca_devolucao_enterprise.story}] excluded by filter 'groovy: (issue == 'rgs-35' || issue == 'rgs-36' || issue == 'rgs-37' || issue == 'rgs-38' || issue == 'rgs-39' || issue == 'rgs-40')'
Meta[properties={examplesTable=, base=MVSH, context=PROCESSOS, grupoInstancias=Pedidos, trkdev-06=, narrative=Narrative[inOrderTo=,asA=,iWantTo=,soThat=], title=Elaborar um pedido a vista, issue=trkdev-06, description=, givenStories=, tag=component:Regressão - MVSH, path=stories/processos/troca_devolucao_enterprise.story}] excluded by filter 'groovy: (issue == 'rgs-35' || issue == 'rgs-36' || issue == 'rgs-37' || issue == 'rgs-38' || issue == 'rgs-39' || issue == 'rgs-40')'
1 stories excluded by filter: groovy: (issue == 'rgs-35' || issue == 'rgs-36' || issue == 'rgs-37' || issue == 'rgs-38' || issue == 'rgs-39' || issue == 'rgs-40')


(AfterStories)

Generating reports view to '/home/pedro/Documentos/Automação/testes-automatizados/mv-lojas-bdd/target/jbehave' using formats '[stats, console, html, xml, serenityreporter]' and view properties '{decorateNonHtml=true}'
Reports view generated with 3 stories (of which 0 pending) containing 2 scenarios (of which 0 pending)
Failures in reports view: 2 scenarios failed
Processing system properties {}
Using controls EmbedderControls[batch=false,skip=false,generateViewAfterStories=true,ignoreFailureInStories=false,ignoreFailureInView=true,verboseFailures=false,verboseFiltering=false,storyTimeouts=10000,threads=1,failOnStoryTimeout=false]
Meta[properties={narrative=Narrative[inOrderTo=,asA=,iWantTo=,soThat=], description=, path=stories/notas_fiscais/nota_remessa_ativo_imob_para_uso_fora_estado.story}] excluded by filter 'groovy: (issue == 'rgs-35' || issue == 'rgs-36' || issue == 'rgs-37' || issue == 'rgs-38' || issue == 'rgs-39' || issue == 'rgs-40')'
Meta[properties={examplesTable=, base=RELOH, context=NOTAS_FISCAIS, grupoInstancias=AdmCD, narrative=Narrative[inOrderTo=,asA=,iWantTo=,soThat=], nf-33=, title=Emite Nota Fiscal Avulsa Tipo 207 REMESSA ATIVO IMOB. PARA USO FORA DO ESTAB., issue=nf-33, description=, givenStories=, tag=component:Processos - RELOH, path=stories/notas_fiscais/nota_remessa_ativo_imob_para_uso_fora_estado.story}] excluded by filter 'groovy: (issue == 'rgs-35' || issue == 'rgs-36' || issue == 'rgs-37' || issue == 'rgs-38' || issue == 'rgs-39' || issue == 'rgs-40')'

(BeforeStories)

Meta[properties={narrative=Narrative[inOrderTo=,asA=,iWantTo=,soThat=], description=, path=stories/notas_fiscais/nota_remessa_ativo_imob_para_uso_fora_estado.story}] excluded by filter 'groovy: (issue == 'rgs-35' || issue == 'rgs-36' || issue == 'rgs-37' || issue == 'rgs-38' || issue == 'rgs-39' || issue == 'rgs-40')'
Meta[properties={examplesTable=, base=RELOH, context=NOTAS_FISCAIS, grupoInstancias=AdmCD, narrative=Narrative[inOrderTo=,asA=,iWantTo=,soThat=], nf-33=, title=Emite Nota Fiscal Avulsa Tipo 207 REMESSA ATIVO IMOB. PARA USO FORA DO ESTAB., issue=nf-33, description=, givenStories=, tag=component:Processos - RELOH, path=stories/notas_fiscais/nota_remessa_ativo_imob_para_uso_fora_estado.story}] excluded by filter 'groovy: (issue == 'rgs-35' || issue == 'rgs-36' || issue == 'rgs-37' || issue == 'rgs-38' || issue == 'rgs-39' || issue == 'rgs-40')'
1 stories excluded by filter: groovy: (issue == 'rgs-35' || issue == 'rgs-36' || issue == 'rgs-37' || issue == 'rgs-38' || issue == 'rgs-39' || issue == 'rgs-40')


(AfterStories)

Generating reports view to '/home/pedro/Documentos/Automação/testes-automatizados/mv-lojas-bdd/target/jbehave' using formats '[stats, console, html, xml, serenityreporter]' and view properties '{decorateNonHtml=true}'
Reports view generated with 3 stories (of which 0 pending) containing 2 scenarios (of which 0 pending)
Failures in reports view: 2 scenarios failed
Processing system properties {}
Using controls EmbedderControls[batch=false,skip=false,generateViewAfterStories=true,ignoreFailureInStories=false,ignoreFailureInView=true,verboseFailures=false,verboseFiltering=false,storyTimeouts=10000,threads=1,failOnStoryTimeout=false]
Meta[properties={narrative=Narrative[inOrderTo=,asA=,iWantTo=,soThat=], description=, path=stories/pedido/pedido_servico_garantia_antivirus_hero_combo54.story}] excluded by filter 'groovy: (issue == 'rgs-35' || issue == 'rgs-36' || issue == 'rgs-37' || issue == 'rgs-38' || issue == 'rgs-39' || issue == 'rgs-40')'
Meta[properties={examplesTable=, rgs-54=, base=RELOH, context=PEDIDOS, grupoInstancias=Pedidos, narrative=Narrative[inOrderTo=,asA=,iWantTo=,soThat=], title=Elaborar um pedido a vista com LOJA/NORMAL, forma de pagamento dinheiro, issue=rgs-54, description=, givenStories=, tag=component:Regressão - RELOH, path=stories/pedido/pedido_servico_garantia_antivirus_hero_combo54.story}] excluded by filter 'groovy: (issue == 'rgs-35' || issue == 'rgs-36' || issue == 'rgs-37' || issue == 'rgs-38' || issue == 'rgs-39' || issue == 'rgs-40')'
Meta[properties={examplesTable=, rgs-54=, base=RELOH, context=PEDIDOS, grupoInstancias=Caixa, narrative=Narrative[inOrderTo=,asA=,iWantTo=,soThat=], title=Efetua o recebimento do pedido, issue=rgs-54, description=, givenStories=, tag=component:Regressão - RELOH, path=stories/pedido/pedido_servico_garantia_antivirus_hero_combo54.story}] excluded by filter 'groovy: (issue == 'rgs-35' || issue == 'rgs-36' || issue == 'rgs-37' || issue == 'rgs-38' || issue == 'rgs-39' || issue == 'rgs-40')'
Meta[properties={examplesTable=, rgs-54=, base=RELOH, context=PEDIDOS, grupoInstancias=Pedidos, narrative=Narrative[inOrderTo=,asA=,iWantTo=,soThat=], title=Imprimir termo de adesão do antivirus hero, issue=rgs-54, description=, givenStories=, tag=component:Regressão - RELOH, path=stories/pedido/pedido_servico_garantia_antivirus_hero_combo54.story}] excluded by filter 'groovy: (issue == 'rgs-35' || issue == 'rgs-36' || issue == 'rgs-37' || issue == 'rgs-38' || issue == 'rgs-39' || issue == 'rgs-40')'

(BeforeStories)

Meta[properties={narrative=Narrative[inOrderTo=,asA=,iWantTo=,soThat=], description=, path=stories/pedido/pedido_servico_garantia_antivirus_hero_combo54.story}] excluded by filter 'groovy: (issue == 'rgs-35' || issue == 'rgs-36' || issue == 'rgs-37' || issue == 'rgs-38' || issue == 'rgs-39' || issue == 'rgs-40')'
Meta[properties={examplesTable=, rgs-54=, base=RELOH, context=PEDIDOS, grupoInstancias=Pedidos, narrative=Narrative[inOrderTo=,asA=,iWantTo=,soThat=], title=Elaborar um pedido a vista com LOJA/NORMAL, forma de pagamento dinheiro, issue=rgs-54, description=, givenStories=, tag=component:Regressão - RELOH, path=stories/pedido/pedido_servico_garantia_antivirus_hero_combo54.story}] excluded by filter 'groovy: (issue == 'rgs-35' || issue == 'rgs-36' || issue == 'rgs-37' || issue == 'rgs-38' || issue == 'rgs-39' || issue == 'rgs-40')'
Meta[properties={examplesTable=, rgs-54=, base=RELOH, context=PEDIDOS, grupoInstancias=Caixa, narrative=Narrative[inOrderTo=,asA=,iWantTo=,soThat=], title=Efetua o recebimento do pedido, issue=rgs-54, description=, givenStories=, tag=component:Regressão - RELOH, path=stories/pedido/pedido_servico_garantia_antivirus_hero_combo54.story}] excluded by filter 'groovy: (issue == 'rgs-35' || issue == 'rgs-36' || issue == 'rgs-37' || issue == 'rgs-38' || issue == 'rgs-39' || issue == 'rgs-40')'
Meta[properties={examplesTable=, rgs-54=, base=RELOH, context=PEDIDOS, grupoInstancias=Pedidos, narrative=Narrative[inOrderTo=,asA=,iWantTo=,soThat=], title=Imprimir termo de adesão do antivirus hero, issue=rgs-54, description=, givenStories=, tag=component:Regressão - RELOH, path=stories/pedido/pedido_servico_garantia_antivirus_hero_combo54.story}] excluded by filter 'groovy: (issue == 'rgs-35' || issue == 'rgs-36' || issue == 'rgs-37' || issue == 'rgs-38' || issue == 'rgs-39' || issue == 'rgs-40')'
1 stories excluded by filter: groovy: (issue == 'rgs-35' || issue == 'rgs-36' || issue == 'rgs-37' || issue == 'rgs-38' || issue == 'rgs-39' || issue == 'rgs-40')


(AfterStories)

Generating reports view to '/home/pedro/Documentos/Automação/testes-automatizados/mv-lojas-bdd/target/jbehave' using formats '[stats, console, html, xml, serenityreporter]' and view properties '{decorateNonHtml=true}'
Reports view generated with 3 stories (of which 0 pending) containing 2 scenarios (of which 0 pending)
Failures in reports view: 2 scenarios failed
Processing system properties {}
Using controls EmbedderControls[batch=false,skip=false,generateViewAfterStories=true,ignoreFailureInStories=false,ignoreFailureInView=true,verboseFailures=false,verboseFiltering=false,storyTimeouts=10000,threads=1,failOnStoryTimeout=false]
Meta[properties={narrative=Narrative[inOrderTo=,asA=,iWantTo=,soThat=], description=, path=stories/processos/devolucao_total_pedido_avista.story}] excluded by filter 'groovy: (issue == 'rgs-35' || issue == 'rgs-36' || issue == 'rgs-37' || issue == 'rgs-38' || issue == 'rgs-39' || issue == 'rgs-40')'
Meta[properties={examplesTable=, base=RELOH, context=PROCESSOS, grupoInstancias=Pedidos, trkdev-09=, narrative=Narrative[inOrderTo=,asA=,iWantTo=,soThat=], title=Elaborar um pedido a vista, issue=trkdev-09, description=, givenStories=, tag=component:Regressão - RELOH, path=stories/processos/devolucao_total_pedido_avista.story}] excluded by filter 'groovy: (issue == 'rgs-35' || issue == 'rgs-36' || issue == 'rgs-37' || issue == 'rgs-38' || issue == 'rgs-39' || issue == 'rgs-40')'
Meta[properties={examplesTable=, base=RELOH, context=PROCESSOS, grupoInstancias=Caixa, trkdev-09=, narrative=Narrative[inOrderTo=,asA=,iWantTo=,soThat=], title=Efetua o recebimento do pedido, issue=trkdev-09, description=, givenStories=, tag=component:Regressão - RELOH, path=stories/processos/devolucao_total_pedido_avista.story}] excluded by filter 'groovy: (issue == 'rgs-35' || issue == 'rgs-36' || issue == 'rgs-37' || issue == 'rgs-38' || issue == 'rgs-39' || issue == 'rgs-40')'
Meta[properties={examplesTable=, base=RELOH, context=PROCESSOS, grupoInstancias=AdmCD, trkdev-09=, narrative=Narrative[inOrderTo=,asA=,iWantTo=,soThat=], title=Elaboração de Pré-recibo, issue=trkdev-09, description=, givenStories=, tag=component:Regressão - RELOH, path=stories/processos/devolucao_total_pedido_avista.story}] excluded by filter 'groovy: (issue == 'rgs-35' || issue == 'rgs-36' || issue == 'rgs-37' || issue == 'rgs-38' || issue == 'rgs-39' || issue == 'rgs-40')'
Meta[properties={examplesTable=, base=RELOH, context=PROCESSOS, grupoInstancias=AdmCD, trkdev-09=, narrative=Narrative[inOrderTo=,asA=,iWantTo=,soThat=], title=Emissao Nota Fiscal Avulsa, issue=trkdev-09, description=, givenStories=, tag=component:Regressão - RELOH, path=stories/processos/devolucao_total_pedido_avista.story}] excluded by filter 'groovy: (issue == 'rgs-35' || issue == 'rgs-36' || issue == 'rgs-37' || issue == 'rgs-38' || issue == 'rgs-39' || issue == 'rgs-40')'
Meta[properties={examplesTable=, base=RELOH, context=PROCESSOS, grupoInstancias=AdmCD, trkdev-09=, narrative=Narrative[inOrderTo=,asA=,iWantTo=,soThat=], title=Controle de Devolução de Produtos, issue=trkdev-09, description=, givenStories=, tag=component:Regressão - RELOH, path=stories/processos/devolucao_total_pedido_avista.story}] excluded by filter 'groovy: (issue == 'rgs-35' || issue == 'rgs-36' || issue == 'rgs-37' || issue == 'rgs-38' || issue == 'rgs-39' || issue == 'rgs-40')'

(BeforeStories)

Meta[properties={narrative=Narrative[inOrderTo=,asA=,iWantTo=,soThat=], description=, path=stories/processos/devolucao_total_pedido_avista.story}] excluded by filter 'groovy: (issue == 'rgs-35' || issue == 'rgs-36' || issue == 'rgs-37' || issue == 'rgs-38' || issue == 'rgs-39' || issue == 'rgs-40')'
Meta[properties={examplesTable=, base=RELOH, context=PROCESSOS, grupoInstancias=Pedidos, trkdev-09=, narrative=Narrative[inOrderTo=,asA=,iWantTo=,soThat=], title=Elaborar um pedido a vista, issue=trkdev-09, description=, givenStories=, tag=component:Regressão - RELOH, path=stories/processos/devolucao_total_pedido_avista.story}] excluded by filter 'groovy: (issue == 'rgs-35' || issue == 'rgs-36' || issue == 'rgs-37' || issue == 'rgs-38' || issue == 'rgs-39' || issue == 'rgs-40')'
Meta[properties={examplesTable=, base=RELOH, context=PROCESSOS, grupoInstancias=Caixa, trkdev-09=, narrative=Narrative[inOrderTo=,asA=,iWantTo=,soThat=], title=Efetua o recebimento do pedido, issue=trkdev-09, description=, givenStories=, tag=component:Regressão - RELOH, path=stories/processos/devolucao_total_pedido_avista.story}] excluded by filter 'groovy: (issue == 'rgs-35' || issue == 'rgs-36' || issue == 'rgs-37' || issue == 'rgs-38' || issue == 'rgs-39' || issue == 'rgs-40')'
Meta[properties={examplesTable=, base=RELOH, context=PROCESSOS, grupoInstancias=AdmCD, trkdev-09=, narrative=Narrative[inOrderTo=,asA=,iWantTo=,soThat=], title=Elaboração de Pré-recibo, issue=trkdev-09, description=, givenStories=, tag=component:Regressão - RELOH, path=stories/processos/devolucao_total_pedido_avista.story}] excluded by filter 'groovy: (issue == 'rgs-35' || issue == 'rgs-36' || issue == 'rgs-37' || issue == 'rgs-38' || issue == 'rgs-39' || issue == 'rgs-40')'
Meta[properties={examplesTable=, base=RELOH, context=PROCESSOS, grupoInstancias=AdmCD, trkdev-09=, narrative=Narrative[inOrderTo=,asA=,iWantTo=,soThat=], title=Emissao Nota Fiscal Avulsa, issue=trkdev-09, description=, givenStories=, tag=component:Regressão - RELOH, path=stories/processos/devolucao_total_pedido_avista.story}] excluded by filter 'groovy: (issue == 'rgs-35' || issue == 'rgs-36' || issue == 'rgs-37' || issue == 'rgs-38' || issue == 'rgs-39' || issue == 'rgs-40')'
Meta[properties={examplesTable=, base=RELOH, context=PROCESSOS, grupoInstancias=AdmCD, trkdev-09=, narrative=Narrative[inOrderTo=,asA=,iWantTo=,soThat=], title=Controle de Devolução de Produtos, issue=trkdev-09, description=, givenStories=, tag=component:Regressão - RELOH, path=stories/processos/devolucao_total_pedido_avista.story}] excluded by filter 'groovy: (issue == 'rgs-35' || issue == 'rgs-36' || issue == 'rgs-37' || issue == 'rgs-38' || issue == 'rgs-39' || issue == 'rgs-40')'
1 stories excluded by filter: groovy: (issue == 'rgs-35' || issue == 'rgs-36' || issue == 'rgs-37' || issue == 'rgs-38' || issue == 'rgs-39' || issue == 'rgs-40')


(AfterStories)

Generating reports view to '/home/pedro/Documentos/Automação/testes-automatizados/mv-lojas-bdd/target/jbehave' using formats '[stats, console, html, xml, serenityreporter]' and view properties '{decorateNonHtml=true}'
Reports view generated with 3 stories (of which 0 pending) containing 2 scenarios (of which 0 pending)
Failures in reports view: 2 scenarios failed
Processing system properties {}
Using controls EmbedderControls[batch=false,skip=false,generateViewAfterStories=true,ignoreFailureInStories=false,ignoreFailureInView=true,verboseFailures=false,verboseFiltering=false,storyTimeouts=10000,threads=1,failOnStoryTimeout=false]
Meta[properties={narrative=Narrative[inOrderTo=,asA=,iWantTo=,soThat=], description=, path=stories/processos/troca_devolucao_regra8.story}] excluded by filter 'groovy: (issue == 'rgs-35' || issue == 'rgs-36' || issue == 'rgs-37' || issue == 'rgs-38' || issue == 'rgs-39' || issue == 'rgs-40')'
Meta[properties={examplesTable=, base=MVSH, context=PROCESSOS, narrative=Narrative[inOrderTo=,asA=,iWantTo=,soThat=], trkdev-05=, title=Elaborar um pedido a vista, issue=trkdev-05, description=, givenStories=, path=stories/processos/troca_devolucao_regra8.story, tag=component:Regressão - MVSH}] excluded by filter 'groovy: (issue == 'rgs-35' || issue == 'rgs-36' || issue == 'rgs-37' || issue == 'rgs-38' || issue == 'rgs-39' || issue == 'rgs-40')'
Meta[properties={examplesTable=, base=MVSH, context=PROCESSOS, narrative=Narrative[inOrderTo=,asA=,iWantTo=,soThat=], trkdev-05=, title=Efetua o recebimento do pedido, issue=trkdev-05, description=, givenStories=, path=stories/processos/troca_devolucao_regra8.story, tag=component:Regressão - MVSH}] excluded by filter 'groovy: (issue == 'rgs-35' || issue == 'rgs-36' || issue == 'rgs-37' || issue == 'rgs-38' || issue == 'rgs-39' || issue == 'rgs-40')'
Meta[properties={examplesTable=, base=MVSH, context=PROCESSOS, narrative=Narrative[inOrderTo=,asA=,iWantTo=,soThat=], trkdev-05=, title=Controle de Faturamento PDV, issue=trkdev-05, description=, givenStories=, path=stories/processos/troca_devolucao_regra8.story, tag=component:Regressão - MVSH}] excluded by filter 'groovy: (issue == 'rgs-35' || issue == 'rgs-36' || issue == 'rgs-37' || issue == 'rgs-38' || issue == 'rgs-39' || issue == 'rgs-40')'
Meta[properties={examplesTable=, base=MVSH, context=PROCESSOS, narrative=Narrative[inOrderTo=,asA=,iWantTo=,soThat=], trkdev-05=, title=Elaboração de Pré-recibo, issue=trkdev-05, description=, givenStories=, path=stories/processos/troca_devolucao_regra8.story, tag=component:Regressão - MVSH}] excluded by filter 'groovy: (issue == 'rgs-35' || issue == 'rgs-36' || issue == 'rgs-37' || issue == 'rgs-38' || issue == 'rgs-39' || issue == 'rgs-40')'

(BeforeStories)

Meta[properties={narrative=Narrative[inOrderTo=,asA=,iWantTo=,soThat=], description=, path=stories/processos/troca_devolucao_regra8.story}] excluded by filter 'groovy: (issue == 'rgs-35' || issue == 'rgs-36' || issue == 'rgs-37' || issue == 'rgs-38' || issue == 'rgs-39' || issue == 'rgs-40')'
Meta[properties={examplesTable=, base=MVSH, context=PROCESSOS, narrative=Narrative[inOrderTo=,asA=,iWantTo=,soThat=], trkdev-05=, title=Elaborar um pedido a vista, issue=trkdev-05, description=, givenStories=, path=stories/processos/troca_devolucao_regra8.story, tag=component:Regressão - MVSH}] excluded by filter 'groovy: (issue == 'rgs-35' || issue == 'rgs-36' || issue == 'rgs-37' || issue == 'rgs-38' || issue == 'rgs-39' || issue == 'rgs-40')'
Meta[properties={examplesTable=, base=MVSH, context=PROCESSOS, narrative=Narrative[inOrderTo=,asA=,iWantTo=,soThat=], trkdev-05=, title=Efetua o recebimento do pedido, issue=trkdev-05, description=, givenStories=, path=stories/processos/troca_devolucao_regra8.story, tag=component:Regressão - MVSH}] excluded by filter 'groovy: (issue == 'rgs-35' || issue == 'rgs-36' || issue == 'rgs-37' || issue == 'rgs-38' || issue == 'rgs-39' || issue == 'rgs-40')'
Meta[properties={examplesTable=, base=MVSH, context=PROCESSOS, narrative=Narrative[inOrderTo=,asA=,iWantTo=,soThat=], trkdev-05=, title=Controle de Faturamento PDV, issue=trkdev-05, description=, givenStories=, path=stories/processos/troca_devolucao_regra8.story, tag=component:Regressão - MVSH}] excluded by filter 'groovy: (issue == 'rgs-35' || issue == 'rgs-36' || issue == 'rgs-37' || issue == 'rgs-38' || issue == 'rgs-39' || issue == 'rgs-40')'
Meta[properties={examplesTable=, base=MVSH, context=PROCESSOS, narrative=Narrative[inOrderTo=,asA=,iWantTo=,soThat=], trkdev-05=, title=Elaboração de Pré-recibo, issue=trkdev-05, description=, givenStories=, path=stories/processos/troca_devolucao_regra8.story, tag=component:Regressão - MVSH}] excluded by filter 'groovy: (issue == 'rgs-35' || issue == 'rgs-36' || issue == 'rgs-37' || issue == 'rgs-38' || issue == 'rgs-39' || issue == 'rgs-40')'
1 stories excluded by filter: groovy: (issue == 'rgs-35' || issue == 'rgs-36' || issue == 'rgs-37' || issue == 'rgs-38' || issue == 'rgs-39' || issue == 'rgs-40')


(AfterStories)

Generating reports view to '/home/pedro/Documentos/Automação/testes-automatizados/mv-lojas-bdd/target/jbehave' using formats '[stats, console, html, xml, serenityreporter]' and view properties '{decorateNonHtml=true}'
Reports view generated with 3 stories (of which 0 pending) containing 2 scenarios (of which 0 pending)
Failures in reports view: 2 scenarios failed
Processing system properties {}
Using controls EmbedderControls[batch=false,skip=false,generateViewAfterStories=true,ignoreFailureInStories=false,ignoreFailureInView=true,verboseFailures=false,verboseFiltering=false,storyTimeouts=10000,threads=1,failOnStoryTimeout=false]
Meta[properties={narrative=Narrative[inOrderTo=,asA=,iWantTo=,soThat=], description=, path=stories/pedido/pedido_garantia_culinaria_microondas51.story}] excluded by filter 'groovy: (issue == 'rgs-35' || issue == 'rgs-36' || issue == 'rgs-37' || issue == 'rgs-38' || issue == 'rgs-39' || issue == 'rgs-40')'
Meta[properties={examplesTable=, base=RELOH, context=PEDIDOS, grupoInstancias=Pedidos, rgs-51=, narrative=Narrative[inOrderTo=,asA=,iWantTo=,soThat=], title=Elaborar um pedido a vista com DEPOSITO/RETIRADA OUTRA LOJA COM RESERVA DEPOSITO, issue=rgs-51, description=, givenStories=, tag=component:Regressão - RELOH, path=stories/pedido/pedido_garantia_culinaria_microondas51.story}] excluded by filter 'groovy: (issue == 'rgs-35' || issue == 'rgs-36' || issue == 'rgs-37' || issue == 'rgs-38' || issue == 'rgs-39' || issue == 'rgs-40')'
Meta[properties={examplesTable=, base=RELOH, context=PEDIDOS, grupoInstancias=Caixa, rgs-51=, narrative=Narrative[inOrderTo=,asA=,iWantTo=,soThat=], title=Efetua o recebimento do pedido, issue=rgs-51, description=, givenStories=, tag=component:Regressão - RELOH, path=stories/pedido/pedido_garantia_culinaria_microondas51.story}] excluded by filter 'groovy: (issue == 'rgs-35' || issue == 'rgs-36' || issue == 'rgs-37' || issue == 'rgs-38' || issue == 'rgs-39' || issue == 'rgs-40')'
Meta[properties={examplesTable=, base=RELOH, context=PEDIDOS, grupoInstancias=Pedidos, rgs-51=, narrative=Narrative[inOrderTo=,asA=,iWantTo=,soThat=], title=Imprimir termo de adesão do passaporte, issue=rgs-51, description=, givenStories=, tag=component:Regressão - RELOH, path=stories/pedido/pedido_garantia_culinaria_microondas51.story}] excluded by filter 'groovy: (issue == 'rgs-35' || issue == 'rgs-36' || issue == 'rgs-37' || issue == 'rgs-38' || issue == 'rgs-39' || issue == 'rgs-40')'

(BeforeStories)

Meta[properties={narrative=Narrative[inOrderTo=,asA=,iWantTo=,soThat=], description=, path=stories/pedido/pedido_garantia_culinaria_microondas51.story}] excluded by filter 'groovy: (issue == 'rgs-35' || issue == 'rgs-36' || issue == 'rgs-37' || issue == 'rgs-38' || issue == 'rgs-39' || issue == 'rgs-40')'
Meta[properties={examplesTable=, base=RELOH, context=PEDIDOS, grupoInstancias=Pedidos, rgs-51=, narrative=Narrative[inOrderTo=,asA=,iWantTo=,soThat=], title=Elaborar um pedido a vista com DEPOSITO/RETIRADA OUTRA LOJA COM RESERVA DEPOSITO, issue=rgs-51, description=, givenStories=, tag=component:Regressão - RELOH, path=stories/pedido/pedido_garantia_culinaria_microondas51.story}] excluded by filter 'groovy: (issue == 'rgs-35' || issue == 'rgs-36' || issue == 'rgs-37' || issue == 'rgs-38' || issue == 'rgs-39' || issue == 'rgs-40')'
Meta[properties={examplesTable=, base=RELOH, context=PEDIDOS, grupoInstancias=Caixa, rgs-51=, narrative=Narrative[inOrderTo=,asA=,iWantTo=,soThat=], title=Efetua o recebimento do pedido, issue=rgs-51, description=, givenStories=, tag=component:Regressão - RELOH, path=stories/pedido/pedido_garantia_culinaria_microondas51.story}] excluded by filter 'groovy: (issue == 'rgs-35' || issue == 'rgs-36' || issue == 'rgs-37' || issue == 'rgs-38' || issue == 'rgs-39' || issue == 'rgs-40')'
Meta[properties={examplesTable=, base=RELOH, context=PEDIDOS, grupoInstancias=Pedidos, rgs-51=, narrative=Narrative[inOrderTo=,asA=,iWantTo=,soThat=], title=Imprimir termo de adesão do passaporte, issue=rgs-51, description=, givenStories=, tag=component:Regressão - RELOH, path=stories/pedido/pedido_garantia_culinaria_microondas51.story}] excluded by filter 'groovy: (issue == 'rgs-35' || issue == 'rgs-36' || issue == 'rgs-37' || issue == 'rgs-38' || issue == 'rgs-39' || issue == 'rgs-40')'
1 stories excluded by filter: groovy: (issue == 'rgs-35' || issue == 'rgs-36' || issue == 'rgs-37' || issue == 'rgs-38' || issue == 'rgs-39' || issue == 'rgs-40')


(AfterStories)

Generating reports view to '/home/pedro/Documentos/Automação/testes-automatizados/mv-lojas-bdd/target/jbehave' using formats '[stats, console, html, xml, serenityreporter]' and view properties '{decorateNonHtml=true}'
Reports view generated with 3 stories (of which 0 pending) containing 2 scenarios (of which 0 pending)
Failures in reports view: 2 scenarios failed
Processing system properties {}
Using controls EmbedderControls[batch=false,skip=false,generateViewAfterStories=true,ignoreFailureInStories=false,ignoreFailureInView=true,verboseFailures=false,verboseFiltering=false,storyTimeouts=10000,threads=1,failOnStoryTimeout=false]
Meta[properties={narrative=Narrative[inOrderTo=,asA=,iWantTo=,soThat=], description=, path=stories/notas_fiscais/nota_outras_saidas_nao_especificadas_sem_estoque.story}] excluded by filter 'groovy: (issue == 'rgs-35' || issue == 'rgs-36' || issue == 'rgs-37' || issue == 'rgs-38' || issue == 'rgs-39' || issue == 'rgs-40')'
Meta[properties={examplesTable=, base=RELOH, context=NOTAS_FISCAIS, grupoInstancias=AdmCD, nf-34=, narrative=Narrative[inOrderTo=,asA=,iWantTo=,soThat=], title=Emite Nota Fiscal Avulsa Tipo 209 OUTRAS SAIDAS NAO ESPECIFICADAS  SEM ESTOQUE, issue=nf-34, description=, givenStories=, tag=component:Processos - RELOH, path=stories/notas_fiscais/nota_outras_saidas_nao_especificadas_sem_estoque.story}] excluded by filter 'groovy: (issue == 'rgs-35' || issue == 'rgs-36' || issue == 'rgs-37' || issue == 'rgs-38' || issue == 'rgs-39' || issue == 'rgs-40')'

(BeforeStories)

Meta[properties={narrative=Narrative[inOrderTo=,asA=,iWantTo=,soThat=], description=, path=stories/notas_fiscais/nota_outras_saidas_nao_especificadas_sem_estoque.story}] excluded by filter 'groovy: (issue == 'rgs-35' || issue == 'rgs-36' || issue == 'rgs-37' || issue == 'rgs-38' || issue == 'rgs-39' || issue == 'rgs-40')'
Meta[properties={examplesTable=, base=RELOH, context=NOTAS_FISCAIS, grupoInstancias=AdmCD, nf-34=, narrative=Narrative[inOrderTo=,asA=,iWantTo=,soThat=], title=Emite Nota Fiscal Avulsa Tipo 209 OUTRAS SAIDAS NAO ESPECIFICADAS  SEM ESTOQUE, issue=nf-34, description=, givenStories=, tag=component:Processos - RELOH, path=stories/notas_fiscais/nota_outras_saidas_nao_especificadas_sem_estoque.story}] excluded by filter 'groovy: (issue == 'rgs-35' || issue == 'rgs-36' || issue == 'rgs-37' || issue == 'rgs-38' || issue == 'rgs-39' || issue == 'rgs-40')'
1 stories excluded by filter: groovy: (issue == 'rgs-35' || issue == 'rgs-36' || issue == 'rgs-37' || issue == 'rgs-38' || issue == 'rgs-39' || issue == 'rgs-40')


(AfterStories)

Generating reports view to '/home/pedro/Documentos/Automação/testes-automatizados/mv-lojas-bdd/target/jbehave' using formats '[stats, console, html, xml, serenityreporter]' and view properties '{decorateNonHtml=true}'
Reports view generated with 3 stories (of which 0 pending) containing 2 scenarios (of which 0 pending)
Failures in reports view: 2 scenarios failed
Processing system properties {}
Using controls EmbedderControls[batch=false,skip=false,generateViewAfterStories=true,ignoreFailureInStories=false,ignoreFailureInView=true,verboseFailures=false,verboseFiltering=false,storyTimeouts=10000,threads=1,failOnStoryTimeout=false]
Meta[properties={narrative=Narrative[inOrderTo=,asA=,iWantTo=,soThat=], description=, path=stories/pedido/pedido_a_vista_empenho_outra_loja_normal.story}] excluded by filter 'groovy: (issue == 'rgs-35' || issue == 'rgs-36' || issue == 'rgs-37' || issue == 'rgs-38' || issue == 'rgs-39' || issue == 'rgs-40')'
Meta[properties={examplesTable=, base=RELOH, context=SMOKE_TESTING, grupoInstancias=Pedidos, narrative=Narrative[inOrderTo=,asA=,iWantTo=,soThat=], smk-03=, title=Elaborar um pedido a vista com empenho em outra loja/normal, issue=smk-03, description=, givenStories=, tag=component:Smoke testing - RELOH, path=stories/pedido/pedido_a_vista_empenho_outra_loja_normal.story}] excluded by filter 'groovy: (issue == 'rgs-35' || issue == 'rgs-36' || issue == 'rgs-37' || issue == 'rgs-38' || issue == 'rgs-39' || issue == 'rgs-40')'

(BeforeStories)

Meta[properties={narrative=Narrative[inOrderTo=,asA=,iWantTo=,soThat=], description=, path=stories/pedido/pedido_a_vista_empenho_outra_loja_normal.story}] excluded by filter 'groovy: (issue == 'rgs-35' || issue == 'rgs-36' || issue == 'rgs-37' || issue == 'rgs-38' || issue == 'rgs-39' || issue == 'rgs-40')'
Meta[properties={examplesTable=, base=RELOH, context=SMOKE_TESTING, grupoInstancias=Pedidos, narrative=Narrative[inOrderTo=,asA=,iWantTo=,soThat=], smk-03=, title=Elaborar um pedido a vista com empenho em outra loja/normal, issue=smk-03, description=, givenStories=, tag=component:Smoke testing - RELOH, path=stories/pedido/pedido_a_vista_empenho_outra_loja_normal.story}] excluded by filter 'groovy: (issue == 'rgs-35' || issue == 'rgs-36' || issue == 'rgs-37' || issue == 'rgs-38' || issue == 'rgs-39' || issue == 'rgs-40')'
1 stories excluded by filter: groovy: (issue == 'rgs-35' || issue == 'rgs-36' || issue == 'rgs-37' || issue == 'rgs-38' || issue == 'rgs-39' || issue == 'rgs-40')


(AfterStories)

Generating reports view to '/home/pedro/Documentos/Automação/testes-automatizados/mv-lojas-bdd/target/jbehave' using formats '[stats, console, html, xml, serenityreporter]' and view properties '{decorateNonHtml=true}'
Reports view generated with 3 stories (of which 0 pending) containing 2 scenarios (of which 0 pending)
Failures in reports view: 2 scenarios failed
Processing system properties {}
Using controls EmbedderControls[batch=false,skip=false,generateViewAfterStories=true,ignoreFailureInStories=false,ignoreFailureInView=true,verboseFailures=false,verboseFiltering=false,storyTimeouts=10000,threads=1,failOnStoryTimeout=false]
Meta[properties={narrative=Narrative[inOrderTo=,asA=,iWantTo=,soThat=], description=, path=stories/pedido/pedido_a_vista_empenho_loja_normal.story}] excluded by filter 'groovy: (issue == 'rgs-35' || issue == 'rgs-36' || issue == 'rgs-37' || issue == 'rgs-38' || issue == 'rgs-39' || issue == 'rgs-40')'
Meta[properties={examplesTable=, base=MVSH, context=SMOKE_TESTING-, grupoInstancias=Pedidos, narrative=Narrative[inOrderTo=,asA=,iWantTo=,soThat=], smk-03=, title=Elaborar um pedido a vista com empenho em loja/normal, issue=smk-03, description=, givenStories=, tag=component:Smoke testing - MVSH, path=stories/pedido/pedido_a_vista_empenho_loja_normal.story}] excluded by filter 'groovy: (issue == 'rgs-35' || issue == 'rgs-36' || issue == 'rgs-37' || issue == 'rgs-38' || issue == 'rgs-39' || issue == 'rgs-40')'

(BeforeStories)

Meta[properties={narrative=Narrative[inOrderTo=,asA=,iWantTo=,soThat=], description=, path=stories/pedido/pedido_a_vista_empenho_loja_normal.story}] excluded by filter 'groovy: (issue == 'rgs-35' || issue == 'rgs-36' || issue == 'rgs-37' || issue == 'rgs-38' || issue == 'rgs-39' || issue == 'rgs-40')'
Meta[properties={examplesTable=, base=MVSH, context=SMOKE_TESTING-, grupoInstancias=Pedidos, narrative=Narrative[inOrderTo=,asA=,iWantTo=,soThat=], smk-03=, title=Elaborar um pedido a vista com empenho em loja/normal, issue=smk-03, description=, givenStories=, tag=component:Smoke testing - MVSH, path=stories/pedido/pedido_a_vista_empenho_loja_normal.story}] excluded by filter 'groovy: (issue == 'rgs-35' || issue == 'rgs-36' || issue == 'rgs-37' || issue == 'rgs-38' || issue == 'rgs-39' || issue == 'rgs-40')'
1 stories excluded by filter: groovy: (issue == 'rgs-35' || issue == 'rgs-36' || issue == 'rgs-37' || issue == 'rgs-38' || issue == 'rgs-39' || issue == 'rgs-40')


(AfterStories)

Generating reports view to '/home/pedro/Documentos/Automação/testes-automatizados/mv-lojas-bdd/target/jbehave' using formats '[stats, console, html, xml, serenityreporter]' and view properties '{decorateNonHtml=true}'
Reports view generated with 3 stories (of which 0 pending) containing 2 scenarios (of which 0 pending)
Failures in reports view: 2 scenarios failed
Processing system properties {}
Using controls EmbedderControls[batch=false,skip=false,generateViewAfterStories=true,ignoreFailureInStories=false,ignoreFailureInView=true,verboseFailures=false,verboseFiltering=false,storyTimeouts=10000,threads=1,failOnStoryTimeout=false]
Meta[properties={narrative=Narrative[inOrderTo=,asA=,iWantTo=,soThat=], description=, path=stories/pedido/pedido_cartao_mv_shop.story}] excluded by filter 'groovy: (issue == 'rgs-35' || issue == 'rgs-36' || issue == 'rgs-37' || issue == 'rgs-38' || issue == 'rgs-39' || issue == 'rgs-40')'
Meta[properties={examplesTable=, base=RELOH, context=SMOKE_TESTING, grupoInstancias=Pedidos, smk-07=, narrative=Narrative[inOrderTo=,asA=,iWantTo=,soThat=], title=Elaborar um pedido com cartão MVShop, issue=smk-07, description=, givenStories=, path=stories/pedido/pedido_cartao_mv_shop.story, tag=component:Smoke testing - RELOH}] excluded by filter 'groovy: (issue == 'rgs-35' || issue == 'rgs-36' || issue == 'rgs-37' || issue == 'rgs-38' || issue == 'rgs-39' || issue == 'rgs-40')'

(BeforeStories)

Meta[properties={narrative=Narrative[inOrderTo=,asA=,iWantTo=,soThat=], description=, path=stories/pedido/pedido_cartao_mv_shop.story}] excluded by filter 'groovy: (issue == 'rgs-35' || issue == 'rgs-36' || issue == 'rgs-37' || issue == 'rgs-38' || issue == 'rgs-39' || issue == 'rgs-40')'
Meta[properties={examplesTable=, base=RELOH, context=SMOKE_TESTING, grupoInstancias=Pedidos, smk-07=, narrative=Narrative[inOrderTo=,asA=,iWantTo=,soThat=], title=Elaborar um pedido com cartão MVShop, issue=smk-07, description=, givenStories=, path=stories/pedido/pedido_cartao_mv_shop.story, tag=component:Smoke testing - RELOH}] excluded by filter 'groovy: (issue == 'rgs-35' || issue == 'rgs-36' || issue == 'rgs-37' || issue == 'rgs-38' || issue == 'rgs-39' || issue == 'rgs-40')'
1 stories excluded by filter: groovy: (issue == 'rgs-35' || issue == 'rgs-36' || issue == 'rgs-37' || issue == 'rgs-38' || issue == 'rgs-39' || issue == 'rgs-40')


(AfterStories)

Generating reports view to '/home/pedro/Documentos/Automação/testes-automatizados/mv-lojas-bdd/target/jbehave' using formats '[stats, console, html, xml, serenityreporter]' and view properties '{decorateNonHtml=true}'
Reports view generated with 3 stories (of which 0 pending) containing 2 scenarios (of which 0 pending)
Failures in reports view: 2 scenarios failed
Processing system properties {}
Using controls EmbedderControls[batch=false,skip=false,generateViewAfterStories=true,ignoreFailureInStories=false,ignoreFailureInView=true,verboseFailures=false,verboseFiltering=false,storyTimeouts=10000,threads=1,failOnStoryTimeout=false]
Meta[properties={narrative=Narrative[inOrderTo=,asA=,iWantTo=,soThat=], description=, path=stories/notas_fiscais/nota_complemento_icms_transf.story}] excluded by filter 'groovy: (issue == 'rgs-35' || issue == 'rgs-36' || issue == 'rgs-37' || issue == 'rgs-38' || issue == 'rgs-39' || issue == 'rgs-40')'
Meta[properties={examplesTable=, base=RELOH, context=NOTAS_FISCAIS, grupoInstancias=AdmCD, narrative=Narrative[inOrderTo=,asA=,iWantTo=,soThat=], title=Emite Nota Fiscal Avulsa Tipo 825 COMPLEMENTO ICMS TRANSF, issue=nf-52, description=, nf-52=, givenStories=, path=stories/notas_fiscais/nota_complemento_icms_transf.story, tag=component:Processos - RELOH}] excluded by filter 'groovy: (issue == 'rgs-35' || issue == 'rgs-36' || issue == 'rgs-37' || issue == 'rgs-38' || issue == 'rgs-39' || issue == 'rgs-40')'

(BeforeStories)

Meta[properties={narrative=Narrative[inOrderTo=,asA=,iWantTo=,soThat=], description=, path=stories/notas_fiscais/nota_complemento_icms_transf.story}] excluded by filter 'groovy: (issue == 'rgs-35' || issue == 'rgs-36' || issue == 'rgs-37' || issue == 'rgs-38' || issue == 'rgs-39' || issue == 'rgs-40')'
Meta[properties={examplesTable=, base=RELOH, context=NOTAS_FISCAIS, grupoInstancias=AdmCD, narrative=Narrative[inOrderTo=,asA=,iWantTo=,soThat=], title=Emite Nota Fiscal Avulsa Tipo 825 COMPLEMENTO ICMS TRANSF, issue=nf-52, description=, nf-52=, givenStories=, path=stories/notas_fiscais/nota_complemento_icms_transf.story, tag=component:Processos - RELOH}] excluded by filter 'groovy: (issue == 'rgs-35' || issue == 'rgs-36' || issue == 'rgs-37' || issue == 'rgs-38' || issue == 'rgs-39' || issue == 'rgs-40')'
1 stories excluded by filter: groovy: (issue == 'rgs-35' || issue == 'rgs-36' || issue == 'rgs-37' || issue == 'rgs-38' || issue == 'rgs-39' || issue == 'rgs-40')


(AfterStories)

Generating reports view to '/home/pedro/Documentos/Automação/testes-automatizados/mv-lojas-bdd/target/jbehave' using formats '[stats, console, html, xml, serenityreporter]' and view properties '{decorateNonHtml=true}'
Reports view generated with 3 stories (of which 0 pending) containing 2 scenarios (of which 0 pending)
Failures in reports view: 2 scenarios failed
Processing system properties {}
Using controls EmbedderControls[batch=false,skip=false,generateViewAfterStories=true,ignoreFailureInStories=false,ignoreFailureInView=true,verboseFailures=false,verboseFiltering=false,storyTimeouts=10000,threads=1,failOnStoryTimeout=false]
Meta[properties={narrative=Narrative[inOrderTo=,asA=,iWantTo=,soThat=], description=, path=stories/pedido/calculo_reverso15.story}] excluded by filter 'groovy: (issue == 'rgs-35' || issue == 'rgs-36' || issue == 'rgs-37' || issue == 'rgs-38' || issue == 'rgs-39' || issue == 'rgs-40')'
Meta[properties={examplesTable=, base=RELOH, context=PEDIDOS, grupoInstancias=Pedidos, rgs-73=, narrative=Narrative[inOrderTo=,asA=,iWantTo=,soThat=], title=Elaborar um pedido carne com empenho em loja/normal, issue=rgs-73, description=, givenStories=, tag=component:Processos - RELOH, path=stories/pedido/calculo_reverso15.story}] excluded by filter 'groovy: (issue == 'rgs-35' || issue == 'rgs-36' || issue == 'rgs-37' || issue == 'rgs-38' || issue == 'rgs-39' || issue == 'rgs-40')'

(BeforeStories)

Meta[properties={narrative=Narrative[inOrderTo=,asA=,iWantTo=,soThat=], description=, path=stories/pedido/calculo_reverso15.story}] excluded by filter 'groovy: (issue == 'rgs-35' || issue == 'rgs-36' || issue == 'rgs-37' || issue == 'rgs-38' || issue == 'rgs-39' || issue == 'rgs-40')'
Meta[properties={examplesTable=, base=RELOH, context=PEDIDOS, grupoInstancias=Pedidos, rgs-73=, narrative=Narrative[inOrderTo=,asA=,iWantTo=,soThat=], title=Elaborar um pedido carne com empenho em loja/normal, issue=rgs-73, description=, givenStories=, tag=component:Processos - RELOH, path=stories/pedido/calculo_reverso15.story}] excluded by filter 'groovy: (issue == 'rgs-35' || issue == 'rgs-36' || issue == 'rgs-37' || issue == 'rgs-38' || issue == 'rgs-39' || issue == 'rgs-40')'
1 stories excluded by filter: groovy: (issue == 'rgs-35' || issue == 'rgs-36' || issue == 'rgs-37' || issue == 'rgs-38' || issue == 'rgs-39' || issue == 'rgs-40')


(AfterStories)

Generating reports view to '/home/pedro/Documentos/Automação/testes-automatizados/mv-lojas-bdd/target/jbehave' using formats '[stats, console, html, xml, serenityreporter]' and view properties '{decorateNonHtml=true}'
Reports view generated with 3 stories (of which 0 pending) containing 2 scenarios (of which 0 pending)
Failures in reports view: 2 scenarios failed
Processing system properties {}
Using controls EmbedderControls[batch=false,skip=false,generateViewAfterStories=true,ignoreFailureInStories=false,ignoreFailureInView=true,verboseFailures=false,verboseFiltering=false,storyTimeouts=10000,threads=1,failOnStoryTimeout=false]
Meta[properties={narrative=Narrative[inOrderTo=,asA=,iWantTo=,soThat=], description=, path=stories/notas_fiscais/nota_ressarcimento_icms_saida.story}] excluded by filter 'groovy: (issue == 'rgs-35' || issue == 'rgs-36' || issue == 'rgs-37' || issue == 'rgs-38' || issue == 'rgs-39' || issue == 'rgs-40')'
Meta[properties={examplesTable=, base=RELOH, context=NOTAS_FISCAIS, grupoInstancias=AdmCD, narrative=Narrative[inOrderTo=,asA=,iWantTo=,soThat=], title=Emite Nota Fiscal Avulsa Tipo 845 RESSARCIMENTO DE ICMS  SAIDA, issue=nf-55, nf-55=, description=, givenStories=, tag=component:Processos - RELOH, path=stories/notas_fiscais/nota_ressarcimento_icms_saida.story}] excluded by filter 'groovy: (issue == 'rgs-35' || issue == 'rgs-36' || issue == 'rgs-37' || issue == 'rgs-38' || issue == 'rgs-39' || issue == 'rgs-40')'

(BeforeStories)

Meta[properties={narrative=Narrative[inOrderTo=,asA=,iWantTo=,soThat=], description=, path=stories/notas_fiscais/nota_ressarcimento_icms_saida.story}] excluded by filter 'groovy: (issue == 'rgs-35' || issue == 'rgs-36' || issue == 'rgs-37' || issue == 'rgs-38' || issue == 'rgs-39' || issue == 'rgs-40')'
Meta[properties={examplesTable=, base=RELOH, context=NOTAS_FISCAIS, grupoInstancias=AdmCD, narrative=Narrative[inOrderTo=,asA=,iWantTo=,soThat=], title=Emite Nota Fiscal Avulsa Tipo 845 RESSARCIMENTO DE ICMS  SAIDA, issue=nf-55, nf-55=, description=, givenStories=, tag=component:Processos - RELOH, path=stories/notas_fiscais/nota_ressarcimento_icms_saida.story}] excluded by filter 'groovy: (issue == 'rgs-35' || issue == 'rgs-36' || issue == 'rgs-37' || issue == 'rgs-38' || issue == 'rgs-39' || issue == 'rgs-40')'
1 stories excluded by filter: groovy: (issue == 'rgs-35' || issue == 'rgs-36' || issue == 'rgs-37' || issue == 'rgs-38' || issue == 'rgs-39' || issue == 'rgs-40')


(AfterStories)

Generating reports view to '/home/pedro/Documentos/Automação/testes-automatizados/mv-lojas-bdd/target/jbehave' using formats '[stats, console, html, xml, serenityreporter]' and view properties '{decorateNonHtml=true}'
Reports view generated with 3 stories (of which 0 pending) containing 2 scenarios (of which 0 pending)
Failures in reports view: 2 scenarios failed
Processing system properties {}
Using controls EmbedderControls[batch=false,skip=false,generateViewAfterStories=true,ignoreFailureInStories=false,ignoreFailureInView=true,verboseFailures=false,verboseFiltering=false,storyTimeouts=10000,threads=1,failOnStoryTimeout=false]
Meta[properties={narrative=Narrative[inOrderTo=,asA=,iWantTo=,soThat=], description=, path=stories/processos/pesquisa_atendimento.story}] excluded by filter 'groovy: (issue == 'rgs-35' || issue == 'rgs-36' || issue == 'rgs-37' || issue == 'rgs-38' || issue == 'rgs-39' || issue == 'rgs-40')'
Meta[properties={examplesTable=, base=RELOH, context=PROCESSOS, grupoInstancias=AdmCD, narrative=Narrative[inOrderTo=,asA=,iWantTo=,soThat=], title=UC015 - Consultar atendimentos, issue=prcs-01, description=, skip=, givenStories=, tag=component:Regressao - RELOH, path=stories/processos/pesquisa_atendimento.story, prcs-01=}] excluded by filter 'groovy: (issue == 'rgs-35' || issue == 'rgs-36' || issue == 'rgs-37' || issue == 'rgs-38' || issue == 'rgs-39' || issue == 'rgs-40')'

(BeforeStories)

Meta[properties={narrative=Narrative[inOrderTo=,asA=,iWantTo=,soThat=], description=, path=stories/processos/pesquisa_atendimento.story}] excluded by filter 'groovy: (issue == 'rgs-35' || issue == 'rgs-36' || issue == 'rgs-37' || issue == 'rgs-38' || issue == 'rgs-39' || issue == 'rgs-40')'
Meta[properties={examplesTable=, base=RELOH, context=PROCESSOS, grupoInstancias=AdmCD, narrative=Narrative[inOrderTo=,asA=,iWantTo=,soThat=], title=UC015 - Consultar atendimentos, issue=prcs-01, description=, skip=, givenStories=, tag=component:Regressao - RELOH, path=stories/processos/pesquisa_atendimento.story, prcs-01=}] excluded by filter 'groovy: (issue == 'rgs-35' || issue == 'rgs-36' || issue == 'rgs-37' || issue == 'rgs-38' || issue == 'rgs-39' || issue == 'rgs-40')'
Story name for stories/processos/pesquisa_atendimento.story => TestTag{name='Processos/Pesquisa atendimento', type='story'}
Story name for stories/processos/pesquisa_atendimento.story => TestTag{name='Processos/Pesquisa atendimento', type='story'}
1 stories excluded by filter: groovy: (issue == 'rgs-35' || issue == 'rgs-36' || issue == 'rgs-37' || issue == 'rgs-38' || issue == 'rgs-39' || issue == 'rgs-40')


(AfterStories)

Generating reports view to '/home/pedro/Documentos/Automação/testes-automatizados/mv-lojas-bdd/target/jbehave' using formats '[stats, console, html, xml, serenityreporter]' and view properties '{decorateNonHtml=true}'
Reports view generated with 3 stories (of which 0 pending) containing 2 scenarios (of which 0 pending)
Failures in reports view: 2 scenarios failed
Processing system properties {}
Using controls EmbedderControls[batch=false,skip=false,generateViewAfterStories=true,ignoreFailureInStories=false,ignoreFailureInView=true,verboseFailures=false,verboseFiltering=false,storyTimeouts=10000,threads=1,failOnStoryTimeout=false]
Meta[properties={narrative=Narrative[inOrderTo=,asA=,iWantTo=,soThat=], description=, path=stories/notas_fiscais/nota_devolucao_venda_mais90dias.story}] excluded by filter 'groovy: (issue == 'rgs-35' || issue == 'rgs-36' || issue == 'rgs-37' || issue == 'rgs-38' || issue == 'rgs-39' || issue == 'rgs-40')'
Meta[properties={examplesTable=, base=RELOH, context=NOTAS_FISCAIS, grupoInstancias=AdmCD, nf-05=, narrative=Narrative[inOrderTo=,asA=,iWantTo=,soThat=], title=Emite Nota Fiscal Avulsa Tipo 23	DEVOL.DE VENDAS (COM MAIS DE 90 DIAS) - UF1275, issue=nf-05, description=, givenStories=, tag=component:Processos - RELOH, path=stories/notas_fiscais/nota_devolucao_venda_mais90dias.story}] excluded by filter 'groovy: (issue == 'rgs-35' || issue == 'rgs-36' || issue == 'rgs-37' || issue == 'rgs-38' || issue == 'rgs-39' || issue == 'rgs-40')'

(BeforeStories)

Meta[properties={narrative=Narrative[inOrderTo=,asA=,iWantTo=,soThat=], description=, path=stories/notas_fiscais/nota_devolucao_venda_mais90dias.story}] excluded by filter 'groovy: (issue == 'rgs-35' || issue == 'rgs-36' || issue == 'rgs-37' || issue == 'rgs-38' || issue == 'rgs-39' || issue == 'rgs-40')'
Meta[properties={examplesTable=, base=RELOH, context=NOTAS_FISCAIS, grupoInstancias=AdmCD, nf-05=, narrative=Narrative[inOrderTo=,asA=,iWantTo=,soThat=], title=Emite Nota Fiscal Avulsa Tipo 23	DEVOL.DE VENDAS (COM MAIS DE 90 DIAS) - UF1275, issue=nf-05, description=, givenStories=, tag=component:Processos - RELOH, path=stories/notas_fiscais/nota_devolucao_venda_mais90dias.story}] excluded by filter 'groovy: (issue == 'rgs-35' || issue == 'rgs-36' || issue == 'rgs-37' || issue == 'rgs-38' || issue == 'rgs-39' || issue == 'rgs-40')'
1 stories excluded by filter: groovy: (issue == 'rgs-35' || issue == 'rgs-36' || issue == 'rgs-37' || issue == 'rgs-38' || issue == 'rgs-39' || issue == 'rgs-40')


(AfterStories)

Generating reports view to '/home/pedro/Documentos/Automação/testes-automatizados/mv-lojas-bdd/target/jbehave' using formats '[stats, console, html, xml, serenityreporter]' and view properties '{decorateNonHtml=true}'
Reports view generated with 3 stories (of which 0 pending) containing 2 scenarios (of which 0 pending)
Failures in reports view: 2 scenarios failed
Processing system properties {}
Using controls EmbedderControls[batch=false,skip=false,generateViewAfterStories=true,ignoreFailureInStories=false,ignoreFailureInView=true,verboseFailures=false,verboseFiltering=false,storyTimeouts=10000,threads=1,failOnStoryTimeout=false]
Meta[properties={narrative=Narrative[inOrderTo=,asA=,iWantTo=,soThat=], description=, path=stories/pedido/pedido_dois_kits_diferentes.story}] excluded by filter 'groovy: (issue == 'rgs-35' || issue == 'rgs-36' || issue == 'rgs-37' || issue == 'rgs-38' || issue == 'rgs-39' || issue == 'rgs-40')'
Meta[properties={examplesTable=, base=RELOH, context=PEDIDOS, grupoInstancias=Pedidos, rgs-76=, narrative=Narrative[inOrderTo=,asA=,iWantTo=,soThat=], title=Elaborar um pedido 2 Kits diferentes, issue=rgs-76, description=, givenStories=, tag=component:Regressão - RELOH, path=stories/pedido/pedido_dois_kits_diferentes.story}] excluded by filter 'groovy: (issue == 'rgs-35' || issue == 'rgs-36' || issue == 'rgs-37' || issue == 'rgs-38' || issue == 'rgs-39' || issue == 'rgs-40')'

(BeforeStories)

Meta[properties={narrative=Narrative[inOrderTo=,asA=,iWantTo=,soThat=], description=, path=stories/pedido/pedido_dois_kits_diferentes.story}] excluded by filter 'groovy: (issue == 'rgs-35' || issue == 'rgs-36' || issue == 'rgs-37' || issue == 'rgs-38' || issue == 'rgs-39' || issue == 'rgs-40')'
Meta[properties={examplesTable=, base=RELOH, context=PEDIDOS, grupoInstancias=Pedidos, rgs-76=, narrative=Narrative[inOrderTo=,asA=,iWantTo=,soThat=], title=Elaborar um pedido 2 Kits diferentes, issue=rgs-76, description=, givenStories=, tag=component:Regressão - RELOH, path=stories/pedido/pedido_dois_kits_diferentes.story}] excluded by filter 'groovy: (issue == 'rgs-35' || issue == 'rgs-36' || issue == 'rgs-37' || issue == 'rgs-38' || issue == 'rgs-39' || issue == 'rgs-40')'
1 stories excluded by filter: groovy: (issue == 'rgs-35' || issue == 'rgs-36' || issue == 'rgs-37' || issue == 'rgs-38' || issue == 'rgs-39' || issue == 'rgs-40')


(AfterStories)

Generating reports view to '/home/pedro/Documentos/Automação/testes-automatizados/mv-lojas-bdd/target/jbehave' using formats '[stats, console, html, xml, serenityreporter]' and view properties '{decorateNonHtml=true}'
Reports view generated with 3 stories (of which 0 pending) containing 2 scenarios (of which 0 pending)
Failures in reports view: 2 scenarios failed
Processing system properties {}
Using controls EmbedderControls[batch=false,skip=false,generateViewAfterStories=true,ignoreFailureInStories=false,ignoreFailureInView=true,verboseFailures=false,verboseFiltering=false,storyTimeouts=10000,threads=1,failOnStoryTimeout=false]
Meta[properties={narrative=Narrative[inOrderTo=,asA=,iWantTo=,soThat=], description=, path=stories/pedido/calculo_reverso10.story}] excluded by filter 'groovy: (issue == 'rgs-35' || issue == 'rgs-36' || issue == 'rgs-37' || issue == 'rgs-38' || issue == 'rgs-39' || issue == 'rgs-40')'
Meta[properties={examplesTable=, base=RELOH, context=PROCESSOS_VALIDACAO, grupoInstancias=Pedidos, rgs-68=, narrative=Narrative[inOrderTo=,asA=,iWantTo=,soThat=], title=Elaborar um pedido carne com empenho em loja/normal, issue=rgs-68, description=, givenStories=, tag=component:Processos Ambiente Validacao - RELO, path=stories/pedido/calculo_reverso10.story}] excluded by filter 'groovy: (issue == 'rgs-35' || issue == 'rgs-36' || issue == 'rgs-37' || issue == 'rgs-38' || issue == 'rgs-39' || issue == 'rgs-40')'
Meta[properties={examplesTable=, base=RELOH, context=PROCESSOS_VALIDACAO, grupoInstancias=Pedidos, rgs-68=, narrative=Narrative[inOrderTo=,asA=,iWantTo=,soThat=], title=Cancelar pedido, issue=rgs-68, description=, givenStories=, tag=component:Processos Ambiente Validacao - RELO, path=stories/pedido/calculo_reverso10.story}] excluded by filter 'groovy: (issue == 'rgs-35' || issue == 'rgs-36' || issue == 'rgs-37' || issue == 'rgs-38' || issue == 'rgs-39' || issue == 'rgs-40')'

(BeforeStories)

Meta[properties={narrative=Narrative[inOrderTo=,asA=,iWantTo=,soThat=], description=, path=stories/pedido/calculo_reverso10.story}] excluded by filter 'groovy: (issue == 'rgs-35' || issue == 'rgs-36' || issue == 'rgs-37' || issue == 'rgs-38' || issue == 'rgs-39' || issue == 'rgs-40')'
Meta[properties={examplesTable=, base=RELOH, context=PROCESSOS_VALIDACAO, grupoInstancias=Pedidos, rgs-68=, narrative=Narrative[inOrderTo=,asA=,iWantTo=,soThat=], title=Elaborar um pedido carne com empenho em loja/normal, issue=rgs-68, description=, givenStories=, tag=component:Processos Ambiente Validacao - RELO, path=stories/pedido/calculo_reverso10.story}] excluded by filter 'groovy: (issue == 'rgs-35' || issue == 'rgs-36' || issue == 'rgs-37' || issue == 'rgs-38' || issue == 'rgs-39' || issue == 'rgs-40')'
Meta[properties={examplesTable=, base=RELOH, context=PROCESSOS_VALIDACAO, grupoInstancias=Pedidos, rgs-68=, narrative=Narrative[inOrderTo=,asA=,iWantTo=,soThat=], title=Cancelar pedido, issue=rgs-68, description=, givenStories=, tag=component:Processos Ambiente Validacao - RELO, path=stories/pedido/calculo_reverso10.story}] excluded by filter 'groovy: (issue == 'rgs-35' || issue == 'rgs-36' || issue == 'rgs-37' || issue == 'rgs-38' || issue == 'rgs-39' || issue == 'rgs-40')'
1 stories excluded by filter: groovy: (issue == 'rgs-35' || issue == 'rgs-36' || issue == 'rgs-37' || issue == 'rgs-38' || issue == 'rgs-39' || issue == 'rgs-40')


(AfterStories)

Generating reports view to '/home/pedro/Documentos/Automação/testes-automatizados/mv-lojas-bdd/target/jbehave' using formats '[stats, console, html, xml, serenityreporter]' and view properties '{decorateNonHtml=true}'
Reports view generated with 3 stories (of which 0 pending) containing 2 scenarios (of which 0 pending)
Failures in reports view: 2 scenarios failed
Processing system properties {}
Using controls EmbedderControls[batch=false,skip=false,generateViewAfterStories=true,ignoreFailureInStories=false,ignoreFailureInView=true,verboseFailures=false,verboseFiltering=false,storyTimeouts=10000,threads=1,failOnStoryTimeout=false]
Meta[properties={narrative=Narrative[inOrderTo=,asA=,iWantTo=,soThat=], description=, path=stories/pedido/pedido_garantia_antivirus_hero44.story}] excluded by filter 'groovy: (issue == 'rgs-35' || issue == 'rgs-36' || issue == 'rgs-37' || issue == 'rgs-38' || issue == 'rgs-39' || issue == 'rgs-40')'
Meta[properties={examplesTable=, base=RELOH, context=PEDIDOS, grupoInstancias=Pedidos, rgs-44=, narrative=Narrative[inOrderTo=,asA=,iWantTo=,soThat=], title=Elaborar um pedido a vista com DEPOSITO/RETIRADA OUTRA LOJA COM RESERVA DEPOSITO, issue=rgs-44, description=, givenStories=, tag=component:Regressão - RELOH, path=stories/pedido/pedido_garantia_antivirus_hero44.story}] excluded by filter 'groovy: (issue == 'rgs-35' || issue == 'rgs-36' || issue == 'rgs-37' || issue == 'rgs-38' || issue == 'rgs-39' || issue == 'rgs-40')'
Meta[properties={examplesTable=, base=RELOH, context=PEDIDOS, grupoInstancias=Pedidos, rgs-44=, narrative=Narrative[inOrderTo=,asA=,iWantTo=,soThat=], title=Efetua a reabertura do pedido feito, issue=rgs-44, description=, givenStories=, tag=component:Regressão - RELOH, path=stories/pedido/pedido_garantia_antivirus_hero44.story}] excluded by filter 'groovy: (issue == 'rgs-35' || issue == 'rgs-36' || issue == 'rgs-37' || issue == 'rgs-38' || issue == 'rgs-39' || issue == 'rgs-40')'

(BeforeStories)

Meta[properties={narrative=Narrative[inOrderTo=,asA=,iWantTo=,soThat=], description=, path=stories/pedido/pedido_garantia_antivirus_hero44.story}] excluded by filter 'groovy: (issue == 'rgs-35' || issue == 'rgs-36' || issue == 'rgs-37' || issue == 'rgs-38' || issue == 'rgs-39' || issue == 'rgs-40')'
Meta[properties={examplesTable=, base=RELOH, context=PEDIDOS, grupoInstancias=Pedidos, rgs-44=, narrative=Narrative[inOrderTo=,asA=,iWantTo=,soThat=], title=Elaborar um pedido a vista com DEPOSITO/RETIRADA OUTRA LOJA COM RESERVA DEPOSITO, issue=rgs-44, description=, givenStories=, tag=component:Regressão - RELOH, path=stories/pedido/pedido_garantia_antivirus_hero44.story}] excluded by filter 'groovy: (issue == 'rgs-35' || issue == 'rgs-36' || issue == 'rgs-37' || issue == 'rgs-38' || issue == 'rgs-39' || issue == 'rgs-40')'
Meta[properties={examplesTable=, base=RELOH, context=PEDIDOS, grupoInstancias=Pedidos, rgs-44=, narrative=Narrative[inOrderTo=,asA=,iWantTo=,soThat=], title=Efetua a reabertura do pedido feito, issue=rgs-44, description=, givenStories=, tag=component:Regressão - RELOH, path=stories/pedido/pedido_garantia_antivirus_hero44.story}] excluded by filter 'groovy: (issue == 'rgs-35' || issue == 'rgs-36' || issue == 'rgs-37' || issue == 'rgs-38' || issue == 'rgs-39' || issue == 'rgs-40')'
1 stories excluded by filter: groovy: (issue == 'rgs-35' || issue == 'rgs-36' || issue == 'rgs-37' || issue == 'rgs-38' || issue == 'rgs-39' || issue == 'rgs-40')


(AfterStories)

Generating reports view to '/home/pedro/Documentos/Automação/testes-automatizados/mv-lojas-bdd/target/jbehave' using formats '[stats, console, html, xml, serenityreporter]' and view properties '{decorateNonHtml=true}'
Reports view generated with 3 stories (of which 0 pending) containing 2 scenarios (of which 0 pending)
Failures in reports view: 2 scenarios failed
Processing system properties {}
Using controls EmbedderControls[batch=false,skip=false,generateViewAfterStories=true,ignoreFailureInStories=false,ignoreFailureInView=true,verboseFailures=false,verboseFiltering=false,storyTimeouts=10000,threads=1,failOnStoryTimeout=false]
Meta[properties={narrative=Narrative[inOrderTo=,asA=,iWantTo=,soThat=], description=, path=stories/notas_fiscais/nota_outras_saidas_dep_por_conta_e_ordem_terceiros.story}] excluded by filter 'groovy: (issue == 'rgs-35' || issue == 'rgs-36' || issue == 'rgs-37' || issue == 'rgs-38' || issue == 'rgs-39' || issue == 'rgs-40')'
Meta[properties={examplesTable=, base=RELOH, context=NOTAS_FISCAIS, grupoInstancias=AdmCD, narrative=Narrative[inOrderTo=,asA=,iWantTo=,soThat=], title=Emite Nota Fiscal Avulsa Tipo 830 O.SAIDAS P/ DEP POR CONTA E ORDEM TERCEIROS, issue=nf-53, description=, nf-53=, givenStories=, path=stories/notas_fiscais/nota_outras_saidas_dep_por_conta_e_ordem_terceiros.story, tag=component:Processos - RELOH}] excluded by filter 'groovy: (issue == 'rgs-35' || issue == 'rgs-36' || issue == 'rgs-37' || issue == 'rgs-38' || issue == 'rgs-39' || issue == 'rgs-40')'

(BeforeStories)

Meta[properties={narrative=Narrative[inOrderTo=,asA=,iWantTo=,soThat=], description=, path=stories/notas_fiscais/nota_outras_saidas_dep_por_conta_e_ordem_terceiros.story}] excluded by filter 'groovy: (issue == 'rgs-35' || issue == 'rgs-36' || issue == 'rgs-37' || issue == 'rgs-38' || issue == 'rgs-39' || issue == 'rgs-40')'
Meta[properties={examplesTable=, base=RELOH, context=NOTAS_FISCAIS, grupoInstancias=AdmCD, narrative=Narrative[inOrderTo=,asA=,iWantTo=,soThat=], title=Emite Nota Fiscal Avulsa Tipo 830 O.SAIDAS P/ DEP POR CONTA E ORDEM TERCEIROS, issue=nf-53, description=, nf-53=, givenStories=, path=stories/notas_fiscais/nota_outras_saidas_dep_por_conta_e_ordem_terceiros.story, tag=component:Processos - RELOH}] excluded by filter 'groovy: (issue == 'rgs-35' || issue == 'rgs-36' || issue == 'rgs-37' || issue == 'rgs-38' || issue == 'rgs-39' || issue == 'rgs-40')'
1 stories excluded by filter: groovy: (issue == 'rgs-35' || issue == 'rgs-36' || issue == 'rgs-37' || issue == 'rgs-38' || issue == 'rgs-39' || issue == 'rgs-40')


(AfterStories)

Generating reports view to '/home/pedro/Documentos/Automação/testes-automatizados/mv-lojas-bdd/target/jbehave' using formats '[stats, console, html, xml, serenityreporter]' and view properties '{decorateNonHtml=true}'
Reports view generated with 3 stories (of which 0 pending) containing 2 scenarios (of which 0 pending)
Failures in reports view: 2 scenarios failed
Processing system properties {}
Using controls EmbedderControls[batch=false,skip=false,generateViewAfterStories=true,ignoreFailureInStories=false,ignoreFailureInView=true,verboseFailures=false,verboseFiltering=false,storyTimeouts=10000,threads=1,failOnStoryTimeout=false]
Meta[properties={narrative=Narrative[inOrderTo=,asA=,iWantTo=,soThat=], description=, path=stories/notas_fiscais/nota_complementar_icms_dev_compra.story}] excluded by filter 'groovy: (issue == 'rgs-35' || issue == 'rgs-36' || issue == 'rgs-37' || issue == 'rgs-38' || issue == 'rgs-39' || issue == 'rgs-40')'
Meta[properties={examplesTable=, base=RELOH, context=NOTAS_FISCAIS, grupoInstancias=AdmCD, nf-46=, narrative=Narrative[inOrderTo=,asA=,iWantTo=,soThat=], title=Emite Nota Fiscal Avulsa Tipo 465 NOTA COMPLEMENTAR ICMS DEV COMPRA, issue=nf-46, description=, givenStories=, tag=component:Processos - RELOH, path=stories/notas_fiscais/nota_complementar_icms_dev_compra.story}] excluded by filter 'groovy: (issue == 'rgs-35' || issue == 'rgs-36' || issue == 'rgs-37' || issue == 'rgs-38' || issue == 'rgs-39' || issue == 'rgs-40')'

(BeforeStories)

Meta[properties={narrative=Narrative[inOrderTo=,asA=,iWantTo=,soThat=], description=, path=stories/notas_fiscais/nota_complementar_icms_dev_compra.story}] excluded by filter 'groovy: (issue == 'rgs-35' || issue == 'rgs-36' || issue == 'rgs-37' || issue == 'rgs-38' || issue == 'rgs-39' || issue == 'rgs-40')'
Meta[properties={examplesTable=, base=RELOH, context=NOTAS_FISCAIS, grupoInstancias=AdmCD, nf-46=, narrative=Narrative[inOrderTo=,asA=,iWantTo=,soThat=], title=Emite Nota Fiscal Avulsa Tipo 465 NOTA COMPLEMENTAR ICMS DEV COMPRA, issue=nf-46, description=, givenStories=, tag=component:Processos - RELOH, path=stories/notas_fiscais/nota_complementar_icms_dev_compra.story}] excluded by filter 'groovy: (issue == 'rgs-35' || issue == 'rgs-36' || issue == 'rgs-37' || issue == 'rgs-38' || issue == 'rgs-39' || issue == 'rgs-40')'
1 stories excluded by filter: groovy: (issue == 'rgs-35' || issue == 'rgs-36' || issue == 'rgs-37' || issue == 'rgs-38' || issue == 'rgs-39' || issue == 'rgs-40')


(AfterStories)

Generating reports view to '/home/pedro/Documentos/Automação/testes-automatizados/mv-lojas-bdd/target/jbehave' using formats '[stats, console, html, xml, serenityreporter]' and view properties '{decorateNonHtml=true}'
Reports view generated with 3 stories (of which 0 pending) containing 2 scenarios (of which 0 pending)
Failures in reports view: 2 scenarios failed
Processing system properties {}
Using controls EmbedderControls[batch=false,skip=false,generateViewAfterStories=true,ignoreFailureInStories=false,ignoreFailureInView=true,verboseFailures=false,verboseFiltering=false,storyTimeouts=10000,threads=1,failOnStoryTimeout=false]
Meta[properties={narrative=Narrative[inOrderTo=,asA=,iWantTo=,soThat=], description=, path=stories/pedido/pedido_kit_remove_sem_estoque38.story}] excluded by filter 'groovy: (issue == 'rgs-35' || issue == 'rgs-36' || issue == 'rgs-37' || issue == 'rgs-38' || issue == 'rgs-39' || issue == 'rgs-40')'

(BeforeStories)

Meta[properties={narrative=Narrative[inOrderTo=,asA=,iWantTo=,soThat=], description=, path=stories/pedido/pedido_kit_remove_sem_estoque38.story}] excluded by filter 'groovy: (issue == 'rgs-35' || issue == 'rgs-36' || issue == 'rgs-37' || issue == 'rgs-38' || issue == 'rgs-39' || issue == 'rgs-40')'
Running story stories/pedido/pedido_kit_remove_sem_estoque38.story

(stories/pedido/pedido_kit_remove_sem_estoque38.story)
Story name for stories/pedido/pedido_kit_remove_sem_estoque38.story => TestTag{name='Pedido/Pedido kit remove sem estoque38', type='story'}
Story name for stories/pedido/pedido_kit_remove_sem_estoque38.story => TestTag{name='Pedido/Pedido kit remove sem estoque38', type='story'}
Scenario: Elaborar um pedido com KIT e empenho em DEPOSITO/NORMAL pagamento a vista
Meta:
@base RELOH
@context PEDIDOS
@grupoInstancias Pedidos
@issue rgs-38
@rgs-38 
@tag component:Regressão - RELOH

Meu profile setado!! S2
Separator = ;
Using timeout for story pedido_kit_remove_sem_estoque38.story of 10000 secs.
DECLARE    BEGIN 	 update mv_item_kit set qtde_produto = 1, ind_permite_venda_avulsa = 0, flag_item_principal = 'N', ind_permite_promocao_item = 1, ind_remove_sem_estoque = 'S' where nro_produto = 158489 and nro_kit = 1044; update mv_item_kit set qtde_produto = 1, ind_permite_venda_avulsa = 1, flag_item_principal = 'N', ind_permite_promocao_item = 1, ind_remove_sem_estoque = 'S' where nro_produto = 158487 and nro_kit = 1044;  update mv_estoque_produto set qtde_estoque = 0 where nro_produto = 158489 and nro_loja = 601 and nro_grupo_estoque = 1; update mv_estoque_produto set qtde_estoque = 1000 where nro_produto = 158487 and nro_loja = 601 and nro_grupo_estoque = 1;  update mv_info_estoque set flag_saida_estoque = 1 where nro_produto in (158487, 158489) and nro_loja = 1101;  END; 
Given Eu executo o script de reset pedido_kit_remove_sem_estoque_38.sql
meta: {grupoInstancias=Pedidos, issue=rgs-38, context=PEDIDOS, tag=component:Regressão - RELOH, rgs-38=, base=RELOH}
GrupoInstâncias: Pedidos
Base: RELOH
urlPadrao: http://10.30.232.18:8080/lojas/seguranca?action=login
And Eu acesso a instancia padrao
When Eu faco login na loja 291 com usuario 69930 e senha 1
And Eu pesquiso o cpf 37778670550
And Eu clico no botao 'Elaborar Pedido'
And Eu seleciono o tipo de venda 1 - A VISTA
And Eu clico no botao adicionar produto
And Eu pesquiso o produto 158488
!-- Produto (158486) sem estoque
!-- And Eu clico no botao Ok do modal
And Eu clico no botao Selecionar Produto
And Eu removo o produto 158486
!-- Remove os dois
And Eu clico no botao adicionar produto
And Eu pesquiso o produto 158488
!-- And Eu clico no botao Ok do modal
And Eu clico no botao Selecionar Produto
And Eu removo o produto 158488
!-- Desmembrar kit - Sobra o produto (158486)
And Eu clico no botao Sim do modal
And Eu clico no icone detalhes do produto 158486
And Eu seleciono o local de empenho DEPOSITO
And Eu seleciono a opcao de entrega AGENDADA
And Eu clico no botao Agendada
And Eu seleciono uma data disponivel
And Eu clico no botao Reservar
And Eu clico na aba Planilha
And Eu clico no botao Adicionar Forma Pagamento
And Eu seleciono o 1 º tipo de pagamento V
And Eu seleciono a 1 ª forma de pagamento Cartao Visa Electron
Then Eu clico no botao Salvar
And Eu clico no botao Ok do modal
Numero pedido: 5024608
And Eu clico no botao Fechamento Total
And Eu valido o status do pedido 30 - Ag. Receb. ou em Analise p/Troca Minha Casa Melhor (FAILED)
(net.serenitybdd.core.exceptions.SerenityManagedException: O status do pedido está incorreto.)
!-- And Eu salvo o pedido do teste @rgs-38 no relatorio

net.serenitybdd.core.exceptions.SerenityManagedException: O status do pedido está incorreto.
	at net.thucydides.core.steps.ErrorConvertor.convertToAssertion(ErrorConvertor.java:22)
	at net.thucydides.core.steps.StepInterceptor.reportMethodError(StepInterceptor.java:350)
	at net.thucydides.core.steps.NormalMethodRunner.invokeMethodAndNotifyFailures(NormalMethodRunner.java:22)
	at net.thucydides.core.steps.StepInterceptor.runNormalMethod(StepInterceptor.java:337)
	at net.thucydides.core.steps.StepInterceptor.testStepResult(StepInterceptor.java:126)
	at net.thucydides.core.steps.StepInterceptor.intercept(StepInterceptor.java:62)
	at br.com.mv.pages.PedidoPage$$EnhancerByCGLIB$$fcb5426c.validarStatusPedido(<generated>)
	at br.com.mv.steps.PedidoSteps.euValidoStatusDoPedido(PedidoSteps.java:293)
	(reflection-invoke)
	at org.jbehave.core.steps.StepCreator$ParametrisedStep.perform(StepCreator.java:733)
	at org.jbehave.core.embedder.PerformableTree$FineSoFar.run(PerformableTree.java:346)
...


(AfterStories)

Generating reports view to '/home/pedro/Documentos/Automação/testes-automatizados/mv-lojas-bdd/target/jbehave' using formats '[stats, console, html, xml, serenityreporter]' and view properties '{decorateNonHtml=true}'
Reports view generated with 4 stories (of which 0 pending) containing 3 scenarios (of which 0 pending)
Failures in reports view: 3 scenarios failed
]]></system-out>
    <system-err><![CDATA[[main] INFO net.serenitybdd.core.Serenity - Test Suite Started: Pesquisa atendimento
[main] INFO net.serenitybdd.core.Serenity - 
 _____ _____ ____ _____   ____ _____  _    ____ _____ _____ ____  
|_   _| ____/ ___|_   _| / ___|_   _|/ \  |  _ \_   _| ____|  _ \ 
  | | |  _| \___ \ | |   \___ \ | | / _ \ | |_) || | |  _| | | | |
  | | | |___ ___) || |    ___) || |/ ___ \|  _ < | | | |___| |_| |
  |_| |_____|____/ |_|   |____/ |_/_/   \_\_| \_\|_| |_____|____/ 
                                                                  

TEST STARTED: UC015 - Consultar atendimentos
-------------------------------------------------------------------(stories/processos/pesquisa_atendimento.story;UC015 - Consultar atendimentos)
[main] INFO net.serenitybdd.core.Serenity - &amp#27;[33mTEST SKIPPED&amp#27;[0m
[main] INFO net.serenitybdd.core.Serenity - &amp#27;[33mTEST SKIPPED&amp#27;[0m
[main] INFO net.serenitybdd.core.Serenity - &amp#27;[33mTEST SKIPPED&amp#27;[0m
[pool-483-thread-1] INFO net.thucydides.core.reports.json.JSONTestOutcomeReporter - Generating JSON report for UC015 - Consultar atendimentos to file /home/pedro/Documentos/Automação/testes-automatizados/mv-lojas-bdd/target/site/serenity/bb20cef86a8f99b43beb584338457041a279b38da2ce67e170f4f76507ef89ae.json (using temp file /home/pedro/Documentos/Automação/testes-automatizados/mv-lojas-bdd/target/site/serenity/bb20cef86a8f99b43beb584338457041a279b38da2ce67e170f4f76507ef89ae.jsonee3ae359-b76a-4dbd-a6d6-ed3991a7eca5)
[pool-505-thread-1] INFO net.serenitybdd.jbehave.embedders.monitors.ReportingEmbedderMonitor - 1593698757story running with path stories/pedido/pedido_kit_remove_sem_estoque38.story
[pool-505-thread-1] ERROR net.serenitybdd.jbehave.embedders.monitors.ReportingEmbedderMonitor - can not find any story by path stories/pedido/pedido_kit_remove_sem_estoque38.story
[pool-505-thread-1] INFO net.serenitybdd.core.Serenity - Test Suite Started: Pedido kit remove sem estoque38
[pool-505-thread-1] INFO net.serenitybdd.core.Serenity - 
 _____ _____ ____ _____   ____ _____  _    ____ _____ _____ ____  
|_   _| ____/ ___|_   _| / ___|_   _|/ \  |  _ \_   _| ____|  _ \ 
  | | |  _| \___ \ | |   \___ \ | | / _ \ | |_) || | |  _| | | | |
  | | | |___ ___) || |    ___) || |/ ___ \|  _ < | | | |___| |_| |
  |_| |_____|____/ |_|   |____/ |_/_/   \_\_| \_\|_| |_____|____/ 
                                                                  

TEST STARTED: Elaborar um pedido com KIT e empenho em DEPOSITO/NORMAL pagamento a vista
-------------------------------------------------------------------(stories/pedido/pedido_kit_remove_sem_estoque38.story;Elaborar um pedido com KIT e empenho em DEPOSITO/NORMAL pagamento a vista)
ago 24, 2018 2:30:35 PM org.openqa.selenium.remote.DesiredCapabilities firefox
INFORMAÇÕES: Using `new FirefoxOptions()` is preferred to `DesiredCapabilities.firefox()`
ago 24, 2018 2:30:35 PM org.openqa.selenium.remote.DesiredCapabilities firefox
INFORMAÇÕES: Using `new FirefoxOptions()` is preferred to `DesiredCapabilities.firefox()`
1535131835727	geckodriver	INFO	geckodriver 0.20.1
1535131835882	geckodriver	INFO	Listening on 127.0.0.1:23401
1535131836338	mozrunner::runner	INFO	Running command: "/usr/bin/firefox" "-marionette" "-profile" "/tmp/rust_mozprofile.47unUmcSurJD"
1535131854198	addons.manager	DEBUG	Application has been upgraded
1535131854978	addons.manager	DEBUG	Loaded provider scope for resource://gre/modules/addons/XPIProvider.jsm: ["XPIProvider", "XPIInternal"]
1535131854982	addons.manager	DEBUG	Loaded provider scope for resource://gre/modules/LightweightThemeManager.jsm: ["LightweightThemeManager"]
1535131855644	addons.manager	DEBUG	Loaded provider scope for resource://gre/modules/addons/GMPProvider.jsm
1535131855650	addons.manager	DEBUG	Loaded provider scope for resource://gre/modules/addons/PluginProvider.jsm
1535131855650	addons.manager	DEBUG	Starting provider: XPIProvider
1535131855650	addons.xpi	DEBUG	startup
1535131855650	addons.xpi	INFO	SystemAddonInstallLocation directory is missing
1535131855650	addons.xpi	INFO	Removing all system add-on upgrades.
1535131855652	addons.xpi	DEBUG	checkForChanges
1535131855652	addons.xpi	DEBUG	Loaded add-on state: ${}
1535131855680	addons.xpi	INFO	Mapping activity-stream@mozilla.org to /usr/lib/firefox/browser/features/activity-stream@mozilla.org.xpi
1535131855680	addons.xpi	INFO	Mapping aushelper@mozilla.org to /usr/lib/firefox/browser/features/aushelper@mozilla.org.xpi
1535131855682	addons.xpi	INFO	Mapping firefox@getpocket.com to /usr/lib/firefox/browser/features/firefox@getpocket.com.xpi
1535131855682	addons.xpi	INFO	Mapping followonsearch@mozilla.com to /usr/lib/firefox/browser/features/followonsearch@mozilla.com.xpi
1535131855682	addons.xpi	INFO	Mapping formautofill@mozilla.org to /usr/lib/firefox/browser/features/formautofill@mozilla.org.xpi
1535131855682	addons.xpi	INFO	Mapping onboarding@mozilla.org to /usr/lib/firefox/browser/features/onboarding@mozilla.org.xpi
1535131855682	addons.xpi	INFO	Mapping screenshots@mozilla.org to /usr/lib/firefox/browser/features/screenshots@mozilla.org.xpi
1535131855682	addons.xpi	INFO	Mapping shield-recipe-client@mozilla.org to /usr/lib/firefox/browser/features/shield-recipe-client@mozilla.org.xpi
1535131855682	addons.xpi	INFO	Mapping webcompat@mozilla.org to /usr/lib/firefox/browser/features/webcompat@mozilla.org.xpi
1535131855682	addons.xpi	DEBUG	New add-on activity-stream@mozilla.org in app-system-defaults
1535131855686	addons.xpi	DEBUG	New add-on aushelper@mozilla.org in app-system-defaults
1535131855686	addons.xpi	DEBUG	New add-on firefox@getpocket.com in app-system-defaults
1535131855686	addons.xpi	DEBUG	New add-on followonsearch@mozilla.com in app-system-defaults
1535131855688	addons.xpi	DEBUG	New add-on formautofill@mozilla.org in app-system-defaults
1535131855688	addons.xpi	DEBUG	New add-on onboarding@mozilla.org in app-system-defaults
1535131855688	addons.xpi	DEBUG	New add-on screenshots@mozilla.org in app-system-defaults
1535131855688	addons.xpi	DEBUG	New add-on shield-recipe-client@mozilla.org in app-system-defaults
1535131855690	addons.xpi	DEBUG	New add-on webcompat@mozilla.org in app-system-defaults
1535131855862	addons.xpi	INFO	Mapping langpack-en-ZA@firefox.mozilla.org to /usr/lib/firefox/browser/extensions/langpack-en-ZA@firefox.mozilla.org.xpi
1535131855862	addons.xpi	INFO	Mapping langpack-en-GB@firefox.mozilla.org to /usr/lib/firefox/browser/extensions/langpack-en-GB@firefox.mozilla.org.xpi
1535131855864	addons.xpi	INFO	Mapping {972ce4c6-7e08-4474-a285-3208198ce6fd} to /usr/lib/firefox/browser/extensions/{972ce4c6-7e08-4474-a285-3208198ce6fd}.xpi
1535131855864	addons.xpi	DEBUG	New add-on langpack-en-ZA@firefox.mozilla.org in app-global
1535131855864	addons.xpi	DEBUG	New add-on langpack-en-GB@firefox.mozilla.org in app-global
1535131855866	addons.xpi	DEBUG	New add-on {972ce4c6-7e08-4474-a285-3208198ce6fd} in app-global
1535131855866	addons.xpi	DEBUG	getInstallState changed: true, state: {}
1535131855866	addons.xpi	INFO	SystemAddonInstallLocation directory is missing
1535131855876	addons.xpi-utils	DEBUG	Opening XPI database /tmp/rust_mozprofile.47unUmcSurJD/extensions.json
1535131855878	addons.xpi-utils	DEBUG	New add-on activity-stream@mozilla.org installed in app-system-defaults
*** Blocklist::_loadBlocklistFromFile: blocklist is disabled
1535131856224	addons.xpi-utils	DEBUG	New add-on aushelper@mozilla.org installed in app-system-defaults
1535131856230	addons.xpi-utils	DEBUG	New add-on firefox@getpocket.com installed in app-system-defaults
1535131856266	addons.xpi-utils	DEBUG	New add-on followonsearch@mozilla.com installed in app-system-defaults
1535131856272	addons.xpi-utils	DEBUG	New add-on formautofill@mozilla.org installed in app-system-defaults
1535131856320	addons.xpi-utils	DEBUG	New add-on onboarding@mozilla.org installed in app-system-defaults
1535131856388	addons.xpi-utils	DEBUG	New add-on screenshots@mozilla.org installed in app-system-defaults
1535131856398	addons.xpi-utils	DEBUG	New add-on shield-recipe-client@mozilla.org installed in app-system-defaults
1535131856520	addons.xpi-utils	DEBUG	New add-on webcompat@mozilla.org installed in app-system-defaults
1535131856524	addons.xpi-utils	DEBUG	New add-on langpack-en-ZA@firefox.mozilla.org installed in app-global
1535131858748	addons.xpi-utils	DEBUG	New add-on langpack-en-GB@firefox.mozilla.org installed in app-global
1535131858926	addons.xpi-utils	DEBUG	New add-on {972ce4c6-7e08-4474-a285-3208198ce6fd} installed in app-global
1535131858932	addons.manager	DEBUG	Registering startup change 'installed' for activity-stream@mozilla.org
1535131858992	addons.xpi	DEBUG	Loading bootstrap scope from /usr/lib/firefox/browser/features/activity-stream@mozilla.org.xpi
1535131858994	addons.xpi	DEBUG	Calling bootstrap method install on activity-stream@mozilla.org version 2018.02.17.0026-173e2795
1535131858994	addons.xpi-utils	DEBUG	Make addon app-system-defaults:activity-stream@mozilla.org visible
1535131858996	addons.xpi	DEBUG	Updating XPIState for {"id":"activity-stream@mozilla.org","syncGUID":"{4ddc628a-a749-47ea-9270-4b5befb096f8}","location":"app-system-defaults","version":"2018.02.17.0026-173e2795","type":"extension","internalName":null,"updateURL":null,"updateKey":null,"optionsURL":null,"optionsType":null,"aboutURL":null,"defaultLocale":{"name":"Activity Stream","description":"A rich visual history feed and a reimagined home page make it easier than ever to find exactly what you're looking for in Firefox.","creator":null,"homepageURL":null},"visible":true,"active":false,"userDisabled":false,"appDisabled":false,"installDate":1522183948000,"updateDate":1522183948000,"applyBackgroundUpdates":1,"bootstrap":true,"path":"/usr/lib/firefox/browser/features/activity-stream@mozilla.org.xpi","skinnable":false,"size":2766941,"sourceURI":null,"releaseNotesURI":null,"softDisabled":false,"foreignInstall":false,"hasBinaryComponents":false,"strictCompatibility":false,"locales":[],"targetApplications":[{"id":"{ec8030f7-c20a-464f-9b0e-13a3a9e97384}","minVersion":"59.0.2","maxVersion":"59.*"}],"targetPlatforms":[],"multiprocessCompatible":true,"seen":true,"dependencies":[],"hasEmbeddedWebExtension":false,"mpcOptedOut":false,"userPermissions":null,"icons":{},"iconURL":null,"icon64URL":null,"blocklistState":0,"blocklistURL":null,"startupData":null}
1535131858998	addons.manager	DEBUG	Registering startup change 'installed' for aushelper@mozilla.org
1535131858998	addons.xpi	DEBUG	Loading bootstrap scope from /usr/lib/firefox/browser/features/aushelper@mozilla.org.xpi
1535131859000	addons.xpi	DEBUG	Calling bootstrap method install on aushelper@mozilla.org version 2.0
1535131859000	addons.xpi-utils	DEBUG	Make addon app-system-defaults:aushelper@mozilla.org visible
1535131859002	addons.xpi	DEBUG	Updating XPIState for {"id":"aushelper@mozilla.org","syncGUID":"{e99a1357-3378-4036-8747-46899bb57786}","location":"app-system-defaults","version":"2.0","type":"extension","internalName":null,"updateURL":null,"updateKey":null,"optionsURL":null,"optionsType":null,"aboutURL":null,"defaultLocale":{"name":"Application Update Service Helper","description":"Sets value(s) in the update url based on custom checks.","creator":null,"homepageURL":null},"visible":true,"active":false,"userDisabled":false,"appDisabled":false,"installDate":1522183948000,"updateDate":1522183948000,"applyBackgroundUpdates":1,"bootstrap":true,"path":"/usr/lib/firefox/browser/features/aushelper@mozilla.org.xpi","skinnable":false,"size":8488,"sourceURI":null,"releaseNotesURI":null,"softDisabled":false,"foreignInstall":false,"hasBinaryComponents":false,"strictCompatibility":false,"locales":[],"targetApplications":[{"id":"{ec8030f7-c20a-464f-9b0e-13a3a9e97384}","minVersion":"59.0.2","maxVersion":"59.*"}],"targetPlatforms":[],"multiprocessCompatible":true,"seen":true,"dependencies":[],"hasEmbeddedWebExtension":false,"mpcOptedOut":false,"userPermissions":null,"icons":{},"iconURL":null,"icon64URL":null,"blocklistState":0,"blocklistURL":null,"startupData":null}
1535131859002	addons.manager	DEBUG	Registering startup change 'installed' for firefox@getpocket.com
1535131859002	addons.xpi	DEBUG	Loading bootstrap scope from /usr/lib/firefox/browser/features/firefox@getpocket.com.xpi
1535131859102	addons.xpi	DEBUG	Calling bootstrap method install on firefox@getpocket.com version 1.0.5
1535131859102	addons.xpi-utils	DEBUG	Make addon app-system-defaults:firefox@getpocket.com visible
1535131859102	addons.xpi	DEBUG	Updating XPIState for {"id":"firefox@getpocket.com","syncGUID":"{9f45fa5a-4d07-4cd8-8ecd-89bde18eff2c}","location":"app-system-defaults","version":"1.0.5","type":"extension","internalName":null,"updateURL":null,"updateKey":null,"optionsURL":null,"optionsType":null,"aboutURL":null,"defaultLocale":{"name":"Pocket","description":"When you find something you want to view later, put it in Pocket.","creator":null,"homepageURL":null},"visible":true,"active":false,"userDisabled":false,"appDisabled":false,"installDate":1522183948000,"updateDate":1522183948000,"applyBackgroundUpdates":1,"bootstrap":true,"path":"/usr/lib/firefox/browser/features/firefox@getpocket.com.xpi","skinnable":false,"size":909105,"sourceURI":null,"releaseNotesURI":null,"softDisabled":false,"foreignInstall":false,"hasBinaryComponents":false,"strictCompatibility":false,"locales":[],"targetApplications":[{"id":"{ec8030f7-c20a-464f-9b0e-13a3a9e97384}","minVersion":"59.0.2","maxVersion":"59.*"}],"targetPlatforms":[],"multiprocessCompatible":true,"seen":true,"dependencies":[],"hasEmbeddedWebExtension":false,"mpcOptedOut":false,"userPermissions":null,"icons":{},"iconURL":null,"icon64URL":null,"blocklistState":0,"blocklistURL":null,"startupData":null}
1535131859102	addons.manager	DEBUG	Registering startup change 'installed' for followonsearch@mozilla.com
1535131859104	addons.xpi	DEBUG	Loading bootstrap scope from /usr/lib/firefox/browser/features/followonsearch@mozilla.com.xpi
1535131859106	addons.xpi	DEBUG	Calling bootstrap method install on followonsearch@mozilla.com version 0.9.6
1535131859106	addons.xpi-utils	DEBUG	Make addon app-system-defaults:followonsearch@mozilla.com visible
1535131859108	addons.xpi	DEBUG	Updating XPIState for {"id":"followonsearch@mozilla.com","syncGUID":"{68f101ff-702c-4c8f-9ec8-5165d10f6e55}","location":"app-system-defaults","version":"0.9.6","type":"extension","internalName":null,"updateURL":null,"updateKey":null,"optionsURL":null,"optionsType":null,"aboutURL":null,"defaultLocale":{"name":"Follow-on Search Telemetry","description":null,"creator":null,"homepageURL":null},"visible":true,"active":false,"userDisabled":false,"appDisabled":false,"installDate":1522183948000,"updateDate":1522183948000,"applyBackgroundUpdates":1,"bootstrap":true,"path":"/usr/lib/firefox/browser/features/followonsearch@mozilla.com.xpi","skinnable":false,"size":18625,"sourceURI":null,"releaseNotesURI":null,"softDisabled":false,"foreignInstall":false,"hasBinaryComponents":false,"strictCompatibility":false,"locales":[],"targetApplications":[{"id":"{ec8030f7-c20a-464f-9b0e-13a3a9e97384}","minVersion":"52.0","maxVersion":"66.*"}],"targetPlatforms":[],"multiprocessCompatible":true,"seen":true,"dependencies":[],"hasEmbeddedWebExtension":false,"mpcOptedOut":false,"userPermissions":null,"icons":{},"iconURL":null,"icon64URL":null,"blocklistState":0,"blocklistURL":null,"startupData":null}
1535131859108	addons.manager	DEBUG	Registering startup change 'installed' for formautofill@mozilla.org
1535131859108	addons.xpi	DEBUG	Loading bootstrap scope from /usr/lib/firefox/browser/features/formautofill@mozilla.org.xpi
1535131859110	addons.xpi	DEBUG	Calling bootstrap method install on formautofill@mozilla.org version 1.0
1535131859110	addons.xpi-utils	DEBUG	Make addon app-system-defaults:formautofill@mozilla.org visible
1535131859112	addons.xpi	DEBUG	Updating XPIState for {"id":"formautofill@mozilla.org","syncGUID":"{65bdd153-1efe-4eba-b5ad-6e5fc896f79e}","location":"app-system-defaults","version":"1.0","type":"extension","internalName":null,"updateURL":null,"updateKey":null,"optionsURL":null,"optionsType":null,"aboutURL":null,"defaultLocale":{"name":"Form Autofill","description":"Autofill forms with saved profiles","creator":null,"homepageURL":null},"visible":true,"active":false,"userDisabled":false,"appDisabled":false,"installDate":1522183948000,"updateDate":1522183948000,"applyBackgroundUpdates":1,"bootstrap":true,"path":"/usr/lib/firefox/browser/features/formautofill@mozilla.org.xpi","skinnable":false,"size":457638,"sourceURI":null,"releaseNotesURI":null,"softDisabled":false,"foreignInstall":false,"hasBinaryComponents":false,"strictCompatibility":false,"locales":[],"targetApplications":[{"id":"{ec8030f7-c20a-464f-9b0e-13a3a9e97384}","minVersion":"59.0.2","maxVersion":"59.*"}],"targetPlatforms":[],"multiprocessCompatible":true,"seen":true,"dependencies":[],"hasEmbeddedWebExtension":false,"mpcOptedOut":false,"userPermissions":null,"icons":{},"iconURL":null,"icon64URL":null,"blocklistState":0,"blocklistURL":null,"startupData":null}
1535131859112	addons.manager	DEBUG	Registering startup change 'installed' for onboarding@mozilla.org
1535131859112	addons.xpi	DEBUG	Loading bootstrap scope from /usr/lib/firefox/browser/features/onboarding@mozilla.org.xpi
1535131859116	addons.xpi	DEBUG	Calling bootstrap method install on onboarding@mozilla.org version 1.0
1535131859116	addons.xpi-utils	DEBUG	Make addon app-system-defaults:onboarding@mozilla.org visible
1535131859118	addons.xpi	DEBUG	Updating XPIState for {"id":"onboarding@mozilla.org","syncGUID":"{52b7ec63-d3f9-4beb-ad4e-f4c9c2442fdb}","location":"app-system-defaults","version":"1.0","type":"extension","internalName":null,"updateURL":null,"updateKey":null,"optionsURL":null,"optionsType":null,"aboutURL":null,"defaultLocale":{"name":"Photon onboarding","description":"Photon onboarding","creator":null,"homepageURL":null},"visible":true,"active":false,"userDisabled":false,"appDisabled":false,"installDate":1522183948000,"updateDate":1522183948000,"applyBackgroundUpdates":1,"bootstrap":true,"path":"/usr/lib/firefox/browser/features/onboarding@mozilla.org.xpi","skinnable":false,"size":566884,"sourceURI":null,"releaseNotesURI":null,"softDisabled":false,"foreignInstall":false,"hasBinaryComponents":false,"strictCompatibility":false,"locales":[],"targetApplications":[{"id":"{ec8030f7-c20a-464f-9b0e-13a3a9e97384}","minVersion":"59.0.2","maxVersion":"59.*"}],"targetPlatforms":[],"multiprocessCompatible":true,"seen":true,"dependencies":[],"hasEmbeddedWebExtension":false,"mpcOptedOut":false,"userPermissions":null,"icons":{},"iconURL":null,"icon64URL":null,"blocklistState":0,"blocklistURL":null,"startupData":null}
1535131859118	addons.manager	DEBUG	Registering startup change 'installed' for screenshots@mozilla.org
1535131859118	addons.xpi	DEBUG	Loading bootstrap scope from /usr/lib/firefox/browser/features/screenshots@mozilla.org.xpi
1535131859122	addons.xpi	DEBUG	Calling bootstrap method install on screenshots@mozilla.org version 25.0.0
1535131859122	addons.xpi-utils	DEBUG	Make addon app-system-defaults:screenshots@mozilla.org visible
1535131859122	addons.xpi	DEBUG	Updating XPIState for {"id":"screenshots@mozilla.org","syncGUID":"{1a9e2e46-c958-45c4-b77c-be65619e525f}","location":"app-system-defaults","version":"25.0.0","type":"extension","internalName":null,"updateURL":null,"updateKey":null,"optionsURL":null,"optionsType":null,"aboutURL":null,"defaultLocale":{"name":"Firefox Screenshots","description":null,"creator":null,"homepageURL":"https://screenshots.firefox.com/"},"visible":true,"active":false,"userDisabled":false,"appDisabled":false,"installDate":1522183948000,"updateDate":1522183948000,"applyBackgroundUpdates":1,"bootstrap":true,"path":"/usr/lib/firefox/browser/features/screenshots@mozilla.org.xpi","skinnable":false,"size":994512,"sourceURI":null,"releaseNotesURI":null,"softDisabled":false,"foreignInstall":false,"hasBinaryComponents":false,"strictCompatibility":false,"locales":[],"targetApplications":[{"id":"{ec8030f7-c20a-464f-9b0e-13a3a9e97384}","minVersion":"57.0a1","maxVersion":"*"}],"targetPlatforms":[],"multiprocessCompatible":true,"seen":true,"dependencies":[],"hasEmbeddedWebExtension":false,"mpcOptedOut":false,"userPermissions":null,"icons":{},"iconURL":null,"icon64URL":null,"blocklistState":0,"blocklistURL":null,"startupData":null}
1535131859122	addons.manager	DEBUG	Registering startup change 'installed' for shield-recipe-client@mozilla.org
1535131859130	addons.xpi	DEBUG	Loading bootstrap scope from /usr/lib/firefox/browser/features/shield-recipe-client@mozilla.org.xpi
1535131859132	addons.xpi	DEBUG	Calling bootstrap method install on shield-recipe-client@mozilla.org version 80
1535131859132	addons.xpi-utils	DEBUG	Make addon app-system-defaults:shield-recipe-client@mozilla.org visible
1535131859132	addons.xpi	DEBUG	Updating XPIState for {"id":"shield-recipe-client@mozilla.org","syncGUID":"{bb086202-9898-42fe-bcda-9e96892256df}","location":"app-system-defaults","version":"80","type":"extension","internalName":null,"updateURL":null,"updateKey":null,"optionsURL":null,"optionsType":null,"aboutURL":null,"defaultLocale":{"name":"Shield Recipe Client","description":"Client to download and run recipes for SHIELD, Heartbeat, etc.","creator":null,"homepageURL":null},"visible":true,"active":false,"userDisabled":false,"appDisabled":false,"installDate":1522183948000,"updateDate":1522183948000,"applyBackgroundUpdates":1,"bootstrap":true,"path":"/usr/lib/firefox/browser/features/shield-recipe-client@mozilla.org.xpi","skinnable":false,"size":365969,"sourceURI":null,"releaseNotesURI":null,"softDisabled":false,"foreignInstall":false,"hasBinaryComponents":false,"strictCompatibility":false,"locales":[],"targetApplications":[{"id":"{ec8030f7-c20a-464f-9b0e-13a3a9e97384}","minVersion":"59.0.2","maxVersion":"59.*"}],"targetPlatforms":[],"multiprocessCompatible":true,"seen":true,"dependencies":[],"hasEmbeddedWebExtension":false,"mpcOptedOut":false,"userPermissions":null,"icons":{},"iconURL":null,"icon64URL":null,"blocklistState":0,"blocklistURL":null,"startupData":null}
1535131859134	addons.manager	DEBUG	Registering startup change 'installed' for webcompat@mozilla.org
1535131859134	addons.xpi	DEBUG	Loading bootstrap scope from /usr/lib/firefox/browser/features/webcompat@mozilla.org.xpi
1535131859136	addons.xpi	DEBUG	Calling bootstrap method install on webcompat@mozilla.org version 1.1
1535131859136	addons.xpi-utils	DEBUG	Make addon app-system-defaults:webcompat@mozilla.org visible
1535131859136	addons.xpi	DEBUG	Updating XPIState for {"id":"webcompat@mozilla.org","syncGUID":"{885a2806-4724-4e47-ab95-84f85076ac18}","location":"app-system-defaults","version":"1.1","type":"extension","internalName":null,"updateURL":null,"updateKey":null,"optionsURL":null,"optionsType":null,"aboutURL":null,"defaultLocale":{"name":"Web Compat","description":"Urgent post-release fixes for web compatibility.","creator":null,"homepageURL":null},"visible":true,"active":false,"userDisabled":false,"appDisabled":false,"installDate":1522183948000,"updateDate":1522183948000,"applyBackgroundUpdates":1,"bootstrap":true,"path":"/usr/lib/firefox/browser/features/webcompat@mozilla.org.xpi","skinnable":false,"size":9268,"sourceURI":null,"releaseNotesURI":null,"softDisabled":false,"foreignInstall":false,"hasBinaryComponents":false,"strictCompatibility":false,"locales":[],"targetApplications":[{"id":"{ec8030f7-c20a-464f-9b0e-13a3a9e97384}","minVersion":"59.0.2","maxVersion":"59.*"}],"targetPlatforms":[],"multiprocessCompatible":true,"seen":true,"dependencies":[],"hasEmbeddedWebExtension":false,"mpcOptedOut":false,"userPermissions":null,"icons":{},"iconURL":null,"icon64URL":null,"blocklistState":0,"blocklistURL":null,"startupData":null}
1535131859136	addons.manager	DEBUG	Registering startup change 'installed' for langpack-en-ZA@firefox.mozilla.org
1535131859136	addons.manager	DEBUG	Registering startup change 'installed' for langpack-en-ZA@firefox.mozilla.org
1535131859138	addons.xpi	DEBUG	Loading bootstrap scope from /usr/lib/firefox/browser/extensions/langpack-en-ZA@firefox.mozilla.org.xpi
1535131859138	addons.xpi	DEBUG	Calling bootstrap method install on langpack-en-ZA@firefox.mozilla.org version 59.0.2
1535131859138	addons.xpi-utils	DEBUG	Make addon app-global:langpack-en-ZA@firefox.mozilla.org visible
1535131859138	addons.xpi	DEBUG	Updating XPIState for {"id":"langpack-en-ZA@firefox.mozilla.org","syncGUID":"{48b2060a-e9c5-4975-bdce-5b69c4834fd7}","location":"app-global","version":"59.0.2","type":"webextension-langpack","internalName":null,"updateURL":null,"updateKey":null,"optionsURL":null,"optionsType":null,"optionsBrowserStyle":true,"aboutURL":null,"defaultLocale":{"name":"English (South Africa) Language Pack","description":"Language pack for Firefox for en-ZA","creator":"Translate.org.za (contributors: Translate.org.za, Dwayne Bailey)","developers":null,"translators":null,"contributors":null},"visible":true,"active":false,"userDisabled":false,"appDisabled":false,"installDate":1522184308000,"updateDate":1522184308000,"applyBackgroundUpdates":1,"bootstrap":true,"path":"/usr/lib/firefox/browser/extensions/langpack-en-ZA@firefox.mozilla.org.xpi","skinnable":false,"size":1206572,"sourceURI":null,"releaseNotesURI":null,"softDisabled":false,"foreignInstall":true,"hasBinaryComponents":false,"strictCompatibility":true,"locales":[],"targetApplications":[{"id":"toolkit@mozilla.org","minVersion":"59.0.2","maxVersion":"59.*"}],"targetPlatforms":[],"multiprocessCompatible":true,"seen":true,"dependencies":[],"hasEmbeddedWebExtension":false,"userPermissions":null,"icons":{},"iconURL":null,"icon64URL":null,"blocklistState":0,"blocklistURL":null,"startupData":{"chromeEntries":[["locale","necko","en-ZA","chrome/en-ZA/locale/en-ZA/necko/"],["locale","pdf.js","en-ZA","browser/chrome/en-ZA/locale/pdfviewer/"],["locale","global","en-ZA","chrome/en-ZA/locale/en-ZA/global/"],["locale","onboarding","en-ZA","browser/features/onboarding@mozilla.org/en-ZA/locale/en-ZA/"],["locale","devtools","en-ZA","browser/chrome/en-ZA/locale/en-ZA/devtools/client/"],["locale","pipnss","en-ZA","chrome/en-ZA/locale/en-ZA/pipnss/"],["locale","devtools-shim","en-ZA","browser/chrome/en-ZA/locale/en-ZA/devtools/shim/"],["locale","alerts","en-ZA","chrome/en-ZA/locale/en-ZA/alerts/"],["locale","branding","en-ZA","browser/chrome/en-ZA/locale/branding/"],["locale","autoconfig","en-ZA","chrome/en-ZA/locale/en-ZA/autoconfig/"],["locale","devtools-shared","en-ZA","browser/chrome/en-ZA/locale/en-ZA/devtools/shared/"],["locale","global-platform","en-ZA","chrome/en-ZA/locale/en-ZA/global-platform/unix/"],["locale","browser-region","en-ZA","browser/chrome/en-ZA/locale/browser-region/"],["locale","mozapps","en-ZA","chrome/en-ZA/locale/en-ZA/mozapps/"],["locale","pluginproblem","en-ZA","chrome/en-ZA/locale/en-ZA/pluginproblem/"],["locale","formautofill","en-ZA","browser/features/formautofill@mozilla.org/en-ZA/locale/en-ZA/"],["locale","weave","en-ZA","chrome/en-ZA/locale/en-ZA/services/"],["locale","pocket","en-ZA","browser/features/firefox@getpocket.com/en-ZA/locale/en-ZA/"],["locale","places","en-ZA","chrome/en-ZA/locale/en-ZA/places/"],["locale","passwordmgr","en-ZA","chrome/en-ZA/locale/en-ZA/passwordmgr/"],["locale","pippki","en-ZA","chrome/en-ZA/locale/en-ZA/pippki/"],["locale","browser","en-ZA","browser/chrome/en-ZA/locale/browser/"]]}}
1535131859138	addons.manager	DEBUG	Registering startup change 'installed' for langpack-en-GB@firefox.mozilla.org
1535131859140	addons.manager	DEBUG	Registering startup change 'installed' for langpack-en-GB@firefox.mozilla.org
1535131859140	addons.xpi	DEBUG	Loading bootstrap scope from /usr/lib/firefox/browser/extensions/langpack-en-GB@firefox.mozilla.org.xpi
1535131859142	addons.xpi	DEBUG	Calling bootstrap method install on langpack-en-GB@firefox.mozilla.org version 59.0.2
1535131859142	addons.xpi-utils	DEBUG	Make addon app-global:langpack-en-GB@firefox.mozilla.org visible
1535131859142	addons.xpi	DEBUG	Updating XPIState for {"id":"langpack-en-GB@firefox.mozilla.org","syncGUID":"{c698672e-57e5-4092-a82c-7a14a084ee1b}","location":"app-global","version":"59.0.2","type":"webextension-langpack","internalName":null,"updateURL":null,"updateKey":null,"optionsURL":null,"optionsType":null,"optionsBrowserStyle":true,"aboutURL":null,"defaultLocale":{"name":"English (GB) Language Pack","description":"Language pack for Firefox for en-GB","creator":"Mark Tyndall (contributors: David Bartlett, Constantine Murenin, Ian Neal)","developers":null,"translators":null,"contributors":null},"visible":true,"active":false,"userDisabled":false,"appDisabled":false,"installDate":1522184308000,"updateDate":1522184308000,"applyBackgroundUpdates":1,"bootstrap":true,"path":"/usr/lib/firefox/browser/extensions/langpack-en-GB@firefox.mozilla.org.xpi","skinnable":false,"size":1229648,"sourceURI":null,"releaseNotesURI":null,"softDisabled":false,"foreignInstall":true,"hasBinaryComponents":false,"strictCompatibility":true,"locales":[],"targetApplications":[{"id":"toolkit@mozilla.org","minVersion":"59.0.2","maxVersion":"59.*"}],"targetPlatforms":[],"multiprocessCompatible":true,"seen":true,"dependencies":[],"hasEmbeddedWebExtension":false,"userPermissions":null,"icons":{},"iconURL":null,"icon64URL":null,"blocklistState":0,"blocklistURL":null,"startupData":{"chromeEntries":[["locale","necko","en-GB","chrome/en-GB/locale/en-GB/necko/"],["locale","pdf.js","en-GB","browser/chrome/en-GB/locale/pdfviewer/"],["locale","global","en-GB","chrome/en-GB/locale/en-GB/global/"],["locale","onboarding","en-GB","browser/features/onboarding@mozilla.org/en-GB/locale/en-GB/"],["locale","devtools","en-GB","browser/chrome/en-GB/locale/en-GB/devtools/client/"],["locale","pipnss","en-GB","chrome/en-GB/locale/en-GB/pipnss/"],["locale","devtools-shim","en-GB","browser/chrome/en-GB/locale/en-GB/devtools/shim/"],["locale","alerts","en-GB","chrome/en-GB/locale/en-GB/alerts/"],["locale","branding","en-GB","browser/chrome/en-GB/locale/branding/"],["locale","autoconfig","en-GB","chrome/en-GB/locale/en-GB/autoconfig/"],["locale","devtools-shared","en-GB","browser/chrome/en-GB/locale/en-GB/devtools/shared/"],["locale","global-platform","en-GB","chrome/en-GB/locale/en-GB/global-platform/unix/"],["locale","browser-region","en-GB","browser/chrome/en-GB/locale/browser-region/"],["locale","mozapps","en-GB","chrome/en-GB/locale/en-GB/mozapps/"],["locale","pluginproblem","en-GB","chrome/en-GB/locale/en-GB/pluginproblem/"],["locale","formautofill","en-GB","browser/features/formautofill@mozilla.org/en-GB/locale/en-GB/"],["locale","weave","en-GB","chrome/en-GB/locale/en-GB/services/"],["locale","pocket","en-GB","browser/features/firefox@getpocket.com/en-GB/locale/en-GB/"],["locale","places","en-GB","chrome/en-GB/locale/en-GB/places/"],["locale","passwordmgr","en-GB","chrome/en-GB/locale/en-GB/passwordmgr/"],["locale","pippki","en-GB","chrome/en-GB/locale/en-GB/pippki/"],["locale","browser","en-GB","browser/chrome/en-GB/locale/browser/"]]}}
1535131859144	addons.xpi-utils	DEBUG	Make addon app-global:{972ce4c6-7e08-4474-a285-3208198ce6fd} visible
1535131859144	addons.xpi	DEBUG	Updating XPIState for {"id":"{972ce4c6-7e08-4474-a285-3208198ce6fd}","syncGUID":"{a6901c0c-48ac-47a3-8553-ea7b3c3141f3}","location":"app-global","version":"59.0.2","type":"theme","internalName":"classic/1.0","updateURL":null,"updateKey":null,"optionsURL":null,"optionsType":null,"optionsBrowserStyle":null,"aboutURL":null,"defaultLocale":{"name":"Default","description":"The default theme.","creator":"Mozilla","homepageURL":null,"contributors":["Mozilla Contributors"]},"visible":true,"active":false,"userDisabled":false,"appDisabled":false,"installDate":1522183948000,"updateDate":1522183948000,"applyBackgroundUpdates":1,"path":"/usr/lib/firefox/browser/extensions/{972ce4c6-7e08-4474-a285-3208198ce6fd}.xpi","skinnable":true,"size":1907,"sourceURI":null,"releaseNotesURI":null,"softDisabled":false,"foreignInstall":false,"hasBinaryComponents":false,"strictCompatibility":true,"locales":[],"targetApplications":[{"id":"{ec8030f7-c20a-464f-9b0e-13a3a9e97384}","minVersion":"59.0.2","maxVersion":"59.0.2"}],"targetPlatforms":[],"seen":true,"dependencies":[],"hasEmbeddedWebExtension":false,"userPermissions":null,"icons":{},"iconURL":"chrome://browser/content/default-theme-icon.svg","icon64URL":null,"blocklistState":0,"blocklistURL":null,"startupData":null}
1535131859146	addons.xpi	DEBUG	Updating XPIState for {"id":"activity-stream@mozilla.org","syncGUID":"{4ddc628a-a749-47ea-9270-4b5befb096f8}","location":"app-system-defaults","version":"2018.02.17.0026-173e2795","type":"extension","internalName":null,"updateURL":null,"updateKey":null,"optionsURL":null,"optionsType":null,"aboutURL":null,"defaultLocale":{"name":"Activity Stream","description":"A rich visual history feed and a reimagined home page make it easier than ever to find exactly what you're looking for in Firefox.","creator":null,"homepageURL":null},"visible":true,"active":true,"userDisabled":false,"appDisabled":false,"installDate":1522183948000,"updateDate":1522183948000,"applyBackgroundUpdates":1,"bootstrap":true,"path":"/usr/lib/firefox/browser/features/activity-stream@mozilla.org.xpi","skinnable":false,"size":2766941,"sourceURI":null,"releaseNotesURI":null,"softDisabled":false,"foreignInstall":false,"hasBinaryComponents":false,"strictCompatibility":false,"locales":[],"targetApplications":[{"id":"{ec8030f7-c20a-464f-9b0e-13a3a9e97384}","minVersion":"59.0.2","maxVersion":"59.*"}],"targetPlatforms":[],"multiprocessCompatible":true,"seen":true,"dependencies":[],"hasEmbeddedWebExtension":false,"mpcOptedOut":false,"userPermissions":null,"icons":{},"iconURL":null,"icon64URL":null,"blocklistState":0,"blocklistURL":null,"startupData":null}
1535131859146	addons.xpi	DEBUG	Updating XPIState for {"id":"aushelper@mozilla.org","syncGUID":"{e99a1357-3378-4036-8747-46899bb57786}","location":"app-system-defaults","version":"2.0","type":"extension","internalName":null,"updateURL":null,"updateKey":null,"optionsURL":null,"optionsType":null,"aboutURL":null,"defaultLocale":{"name":"Application Update Service Helper","description":"Sets value(s) in the update url based on custom checks.","creator":null,"homepageURL":null},"visible":true,"active":true,"userDisabled":false,"appDisabled":false,"installDate":1522183948000,"updateDate":1522183948000,"applyBackgroundUpdates":1,"bootstrap":true,"path":"/usr/lib/firefox/browser/features/aushelper@mozilla.org.xpi","skinnable":false,"size":8488,"sourceURI":null,"releaseNotesURI":null,"softDisabled":false,"foreignInstall":false,"hasBinaryComponents":false,"strictCompatibility":false,"locales":[],"targetApplications":[{"id":"{ec8030f7-c20a-464f-9b0e-13a3a9e97384}","minVersion":"59.0.2","maxVersion":"59.*"}],"targetPlatforms":[],"multiprocessCompatible":true,"seen":true,"dependencies":[],"hasEmbeddedWebExtension":false,"mpcOptedOut":false,"userPermissions":null,"icons":{},"iconURL":null,"icon64URL":null,"blocklistState":0,"blocklistURL":null,"startupData":null}
1535131859146	addons.xpi	DEBUG	Updating XPIState for {"id":"firefox@getpocket.com","syncGUID":"{9f45fa5a-4d07-4cd8-8ecd-89bde18eff2c}","location":"app-system-defaults","version":"1.0.5","type":"extension","internalName":null,"updateURL":null,"updateKey":null,"optionsURL":null,"optionsType":null,"aboutURL":null,"defaultLocale":{"name":"Pocket","description":"When you find something you want to view later, put it in Pocket.","creator":null,"homepageURL":null},"visible":true,"active":true,"userDisabled":false,"appDisabled":false,"installDate":1522183948000,"updateDate":1522183948000,"applyBackgroundUpdates":1,"bootstrap":true,"path":"/usr/lib/firefox/browser/features/firefox@getpocket.com.xpi","skinnable":false,"size":909105,"sourceURI":null,"releaseNotesURI":null,"softDisabled":false,"foreignInstall":false,"hasBinaryComponents":false,"strictCompatibility":false,"locales":[],"targetApplications":[{"id":"{ec8030f7-c20a-464f-9b0e-13a3a9e97384}","minVersion":"59.0.2","maxVersion":"59.*"}],"targetPlatforms":[],"multiprocessCompatible":true,"seen":true,"dependencies":[],"hasEmbeddedWebExtension":false,"mpcOptedOut":false,"userPermissions":null,"icons":{},"iconURL":null,"icon64URL":null,"blocklistState":0,"blocklistURL":null,"startupData":null}
1535131859146	addons.xpi	DEBUG	Updating XPIState for {"id":"followonsearch@mozilla.com","syncGUID":"{68f101ff-702c-4c8f-9ec8-5165d10f6e55}","location":"app-system-defaults","version":"0.9.6","type":"extension","internalName":null,"updateURL":null,"updateKey":null,"optionsURL":null,"optionsType":null,"aboutURL":null,"defaultLocale":{"name":"Follow-on Search Telemetry","description":null,"creator":null,"homepageURL":null},"visible":true,"active":true,"userDisabled":false,"appDisabled":false,"installDate":1522183948000,"updateDate":1522183948000,"applyBackgroundUpdates":1,"bootstrap":true,"path":"/usr/lib/firefox/browser/features/followonsearch@mozilla.com.xpi","skinnable":false,"size":18625,"sourceURI":null,"releaseNotesURI":null,"softDisabled":false,"foreignInstall":false,"hasBinaryComponents":false,"strictCompatibility":false,"locales":[],"targetApplications":[{"id":"{ec8030f7-c20a-464f-9b0e-13a3a9e97384}","minVersion":"52.0","maxVersion":"66.*"}],"targetPlatforms":[],"multiprocessCompatible":true,"seen":true,"dependencies":[],"hasEmbeddedWebExtension":false,"mpcOptedOut":false,"userPermissions":null,"icons":{},"iconURL":null,"icon64URL":null,"blocklistState":0,"blocklistURL":null,"startupData":null}
1535131859146	addons.xpi	DEBUG	Updating XPIState for {"id":"formautofill@mozilla.org","syncGUID":"{65bdd153-1efe-4eba-b5ad-6e5fc896f79e}","location":"app-system-defaults","version":"1.0","type":"extension","internalName":null,"updateURL":null,"updateKey":null,"optionsURL":null,"optionsType":null,"aboutURL":null,"defaultLocale":{"name":"Form Autofill","description":"Autofill forms with saved profiles","creator":null,"homepageURL":null},"visible":true,"active":true,"userDisabled":false,"appDisabled":false,"installDate":1522183948000,"updateDate":1522183948000,"applyBackgroundUpdates":1,"bootstrap":true,"path":"/usr/lib/firefox/browser/features/formautofill@mozilla.org.xpi","skinnable":false,"size":457638,"sourceURI":null,"releaseNotesURI":null,"softDisabled":false,"foreignInstall":false,"hasBinaryComponents":false,"strictCompatibility":false,"locales":[],"targetApplications":[{"id":"{ec8030f7-c20a-464f-9b0e-13a3a9e97384}","minVersion":"59.0.2","maxVersion":"59.*"}],"targetPlatforms":[],"multiprocessCompatible":true,"seen":true,"dependencies":[],"hasEmbeddedWebExtension":false,"mpcOptedOut":false,"userPermissions":null,"icons":{},"iconURL":null,"icon64URL":null,"blocklistState":0,"blocklistURL":null,"startupData":null}
1535131859146	addons.xpi	DEBUG	Updating XPIState for {"id":"onboarding@mozilla.org","syncGUID":"{52b7ec63-d3f9-4beb-ad4e-f4c9c2442fdb}","location":"app-system-defaults","version":"1.0","type":"extension","internalName":null,"updateURL":null,"updateKey":null,"optionsURL":null,"optionsType":null,"aboutURL":null,"defaultLocale":{"name":"Photon onboarding","description":"Photon onboarding","creator":null,"homepageURL":null},"visible":true,"active":true,"userDisabled":false,"appDisabled":false,"installDate":1522183948000,"updateDate":1522183948000,"applyBackgroundUpdates":1,"bootstrap":true,"path":"/usr/lib/firefox/browser/features/onboarding@mozilla.org.xpi","skinnable":false,"size":566884,"sourceURI":null,"releaseNotesURI":null,"softDisabled":false,"foreignInstall":false,"hasBinaryComponents":false,"strictCompatibility":false,"locales":[],"targetApplications":[{"id":"{ec8030f7-c20a-464f-9b0e-13a3a9e97384}","minVersion":"59.0.2","maxVersion":"59.*"}],"targetPlatforms":[],"multiprocessCompatible":true,"seen":true,"dependencies":[],"hasEmbeddedWebExtension":false,"mpcOptedOut":false,"userPermissions":null,"icons":{},"iconURL":null,"icon64URL":null,"blocklistState":0,"blocklistURL":null,"startupData":null}
1535131859146	addons.xpi	DEBUG	Updating XPIState for {"id":"screenshots@mozilla.org","syncGUID":"{1a9e2e46-c958-45c4-b77c-be65619e525f}","location":"app-system-defaults","version":"25.0.0","type":"extension","internalName":null,"updateURL":null,"updateKey":null,"optionsURL":null,"optionsType":null,"aboutURL":null,"defaultLocale":{"name":"Firefox Screenshots","description":null,"creator":null,"homepageURL":"https://screenshots.firefox.com/"},"visible":true,"active":true,"userDisabled":false,"appDisabled":false,"installDate":1522183948000,"updateDate":1522183948000,"applyBackgroundUpdates":1,"bootstrap":true,"path":"/usr/lib/firefox/browser/features/screenshots@mozilla.org.xpi","skinnable":false,"size":994512,"sourceURI":null,"releaseNotesURI":null,"softDisabled":false,"foreignInstall":false,"hasBinaryComponents":false,"strictCompatibility":false,"locales":[],"targetApplications":[{"id":"{ec8030f7-c20a-464f-9b0e-13a3a9e97384}","minVersion":"57.0a1","maxVersion":"*"}],"targetPlatforms":[],"multiprocessCompatible":true,"seen":true,"dependencies":[],"hasEmbeddedWebExtension":false,"mpcOptedOut":false,"userPermissions":null,"icons":{},"iconURL":null,"icon64URL":null,"blocklistState":0,"blocklistURL":null,"startupData":null}
1535131859146	addons.xpi	DEBUG	Updating XPIState for {"id":"shield-recipe-client@mozilla.org","syncGUID":"{bb086202-9898-42fe-bcda-9e96892256df}","location":"app-system-defaults","version":"80","type":"extension","internalName":null,"updateURL":null,"updateKey":null,"optionsURL":null,"optionsType":null,"aboutURL":null,"defaultLocale":{"name":"Shield Recipe Client","description":"Client to download and run recipes for SHIELD, Heartbeat, etc.","creator":null,"homepageURL":null},"visible":true,"active":true,"userDisabled":false,"appDisabled":false,"installDate":1522183948000,"updateDate":1522183948000,"applyBackgroundUpdates":1,"bootstrap":true,"path":"/usr/lib/firefox/browser/features/shield-recipe-client@mozilla.org.xpi","skinnable":false,"size":365969,"sourceURI":null,"releaseNotesURI":null,"softDisabled":false,"foreignInstall":false,"hasBinaryComponents":false,"strictCompatibility":false,"locales":[],"targetApplications":[{"id":"{ec8030f7-c20a-464f-9b0e-13a3a9e97384}","minVersion":"59.0.2","maxVersion":"59.*"}],"targetPlatforms":[],"multiprocessCompatible":true,"seen":true,"dependencies":[],"hasEmbeddedWebExtension":false,"mpcOptedOut":false,"userPermissions":null,"icons":{},"iconURL":null,"icon64URL":null,"blocklistState":0,"blocklistURL":null,"startupData":null}
1535131859146	addons.xpi	DEBUG	Updating XPIState for {"id":"webcompat@mozilla.org","syncGUID":"{885a2806-4724-4e47-ab95-84f85076ac18}","location":"app-system-defaults","version":"1.1","type":"extension","internalName":null,"updateURL":null,"updateKey":null,"optionsURL":null,"optionsType":null,"aboutURL":null,"defaultLocale":{"name":"Web Compat","description":"Urgent post-release fixes for web compatibility.","creator":null,"homepageURL":null},"visible":true,"active":true,"userDisabled":false,"appDisabled":false,"installDate":1522183948000,"updateDate":1522183948000,"applyBackgroundUpdates":1,"bootstrap":true,"path":"/usr/lib/firefox/browser/features/webcompat@mozilla.org.xpi","skinnable":false,"size":9268,"sourceURI":null,"releaseNotesURI":null,"softDisabled":false,"foreignInstall":false,"hasBinaryComponents":false,"strictCompatibility":false,"locales":[],"targetApplications":[{"id":"{ec8030f7-c20a-464f-9b0e-13a3a9e97384}","minVersion":"59.0.2","maxVersion":"59.*"}],"targetPlatforms":[],"multiprocessCompatible":true,"seen":true,"dependencies":[],"hasEmbeddedWebExtension":false,"mpcOptedOut":false,"userPermissions":null,"icons":{},"iconURL":null,"icon64URL":null,"blocklistState":0,"blocklistURL":null,"startupData":null}
1535131859146	addons.xpi	DEBUG	Updating XPIState for {"id":"langpack-en-ZA@firefox.mozilla.org","syncGUID":"{48b2060a-e9c5-4975-bdce-5b69c4834fd7}","location":"app-global","version":"59.0.2","type":"webextension-langpack","internalName":null,"updateURL":null,"updateKey":null,"optionsURL":null,"optionsType":null,"optionsBrowserStyle":true,"aboutURL":null,"defaultLocale":{"name":"English (South Africa) Language Pack","description":"Language pack for Firefox for en-ZA","creator":"Translate.org.za (contributors: Translate.org.za, Dwayne Bailey)","developers":null,"translators":null,"contributors":null},"visible":true,"active":true,"userDisabled":false,"appDisabled":false,"installDate":1522184308000,"updateDate":1522184308000,"applyBackgroundUpdates":1,"bootstrap":true,"path":"/usr/lib/firefox/browser/extensions/langpack-en-ZA@firefox.mozilla.org.xpi","skinnable":false,"size":1206572,"sourceURI":null,"releaseNotesURI":null,"softDisabled":false,"foreignInstall":true,"hasBinaryComponents":false,"strictCompatibility":true,"locales":[],"targetApplications":[{"id":"toolkit@mozilla.org","minVersion":"59.0.2","maxVersion":"59.*"}],"targetPlatforms":[],"multiprocessCompatible":true,"seen":true,"dependencies":[],"hasEmbeddedWebExtension":false,"userPermissions":null,"icons":{},"iconURL":null,"icon64URL":null,"blocklistState":0,"blocklistURL":null,"startupData":{"chromeEntries":[["locale","necko","en-ZA","chrome/en-ZA/locale/en-ZA/necko/"],["locale","pdf.js","en-ZA","browser/chrome/en-ZA/locale/pdfviewer/"],["locale","global","en-ZA","chrome/en-ZA/locale/en-ZA/global/"],["locale","onboarding","en-ZA","browser/features/onboarding@mozilla.org/en-ZA/locale/en-ZA/"],["locale","devtools","en-ZA","browser/chrome/en-ZA/locale/en-ZA/devtools/client/"],["locale","pipnss","en-ZA","chrome/en-ZA/locale/en-ZA/pipnss/"],["locale","devtools-shim","en-ZA","browser/chrome/en-ZA/locale/en-ZA/devtools/shim/"],["locale","alerts","en-ZA","chrome/en-ZA/locale/en-ZA/alerts/"],["locale","branding","en-ZA","browser/chrome/en-ZA/locale/branding/"],["locale","autoconfig","en-ZA","chrome/en-ZA/locale/en-ZA/autoconfig/"],["locale","devtools-shared","en-ZA","browser/chrome/en-ZA/locale/en-ZA/devtools/shared/"],["locale","global-platform","en-ZA","chrome/en-ZA/locale/en-ZA/global-platform/unix/"],["locale","browser-region","en-ZA","browser/chrome/en-ZA/locale/browser-region/"],["locale","mozapps","en-ZA","chrome/en-ZA/locale/en-ZA/mozapps/"],["locale","pluginproblem","en-ZA","chrome/en-ZA/locale/en-ZA/pluginproblem/"],["locale","formautofill","en-ZA","browser/features/formautofill@mozilla.org/en-ZA/locale/en-ZA/"],["locale","weave","en-ZA","chrome/en-ZA/locale/en-ZA/services/"],["locale","pocket","en-ZA","browser/features/firefox@getpocket.com/en-ZA/locale/en-ZA/"],["locale","places","en-ZA","chrome/en-ZA/locale/en-ZA/places/"],["locale","passwordmgr","en-ZA","chrome/en-ZA/locale/en-ZA/passwordmgr/"],["locale","pippki","en-ZA","chrome/en-ZA/locale/en-ZA/pippki/"],["locale","browser","en-ZA","browser/chrome/en-ZA/locale/browser/"]]}}
1535131859148	addons.xpi	DEBUG	Updating XPIState for {"id":"langpack-en-GB@firefox.mozilla.org","syncGUID":"{c698672e-57e5-4092-a82c-7a14a084ee1b}","location":"app-global","version":"59.0.2","type":"webextension-langpack","internalName":null,"updateURL":null,"updateKey":null,"optionsURL":null,"optionsType":null,"optionsBrowserStyle":true,"aboutURL":null,"defaultLocale":{"name":"English (GB) Language Pack","description":"Language pack for Firefox for en-GB","creator":"Mark Tyndall (contributors: David Bartlett, Constantine Murenin, Ian Neal)","developers":null,"translators":null,"contributors":null},"visible":true,"active":true,"userDisabled":false,"appDisabled":false,"installDate":1522184308000,"updateDate":1522184308000,"applyBackgroundUpdates":1,"bootstrap":true,"path":"/usr/lib/firefox/browser/extensions/langpack-en-GB@firefox.mozilla.org.xpi","skinnable":false,"size":1229648,"sourceURI":null,"releaseNotesURI":null,"softDisabled":false,"foreignInstall":true,"hasBinaryComponents":false,"strictCompatibility":true,"locales":[],"targetApplications":[{"id":"toolkit@mozilla.org","minVersion":"59.0.2","maxVersion":"59.*"}],"targetPlatforms":[],"multiprocessCompatible":true,"seen":true,"dependencies":[],"hasEmbeddedWebExtension":false,"userPermissions":null,"icons":{},"iconURL":null,"icon64URL":null,"blocklistState":0,"blocklistURL":null,"startupData":{"chromeEntries":[["locale","necko","en-GB","chrome/en-GB/locale/en-GB/necko/"],["locale","pdf.js","en-GB","browser/chrome/en-GB/locale/pdfviewer/"],["locale","global","en-GB","chrome/en-GB/locale/en-GB/global/"],["locale","onboarding","en-GB","browser/features/onboarding@mozilla.org/en-GB/locale/en-GB/"],["locale","devtools","en-GB","browser/chrome/en-GB/locale/en-GB/devtools/client/"],["locale","pipnss","en-GB","chrome/en-GB/locale/en-GB/pipnss/"],["locale","devtools-shim","en-GB","browser/chrome/en-GB/locale/en-GB/devtools/shim/"],["locale","alerts","en-GB","chrome/en-GB/locale/en-GB/alerts/"],["locale","branding","en-GB","browser/chrome/en-GB/locale/branding/"],["locale","autoconfig","en-GB","chrome/en-GB/locale/en-GB/autoconfig/"],["locale","devtools-shared","en-GB","browser/chrome/en-GB/locale/en-GB/devtools/shared/"],["locale","global-platform","en-GB","chrome/en-GB/locale/en-GB/global-platform/unix/"],["locale","browser-region","en-GB","browser/chrome/en-GB/locale/browser-region/"],["locale","mozapps","en-GB","chrome/en-GB/locale/en-GB/mozapps/"],["locale","pluginproblem","en-GB","chrome/en-GB/locale/en-GB/pluginproblem/"],["locale","formautofill","en-GB","browser/features/formautofill@mozilla.org/en-GB/locale/en-GB/"],["locale","weave","en-GB","chrome/en-GB/locale/en-GB/services/"],["locale","pocket","en-GB","browser/features/firefox@getpocket.com/en-GB/locale/en-GB/"],["locale","places","en-GB","chrome/en-GB/locale/en-GB/places/"],["locale","passwordmgr","en-GB","chrome/en-GB/locale/en-GB/passwordmgr/"],["locale","pippki","en-GB","chrome/en-GB/locale/en-GB/pippki/"],["locale","browser","en-GB","browser/chrome/en-GB/locale/browser/"]]}}
1535131859148	addons.xpi	DEBUG	Updating XPIState for {"id":"{972ce4c6-7e08-4474-a285-3208198ce6fd}","syncGUID":"{a6901c0c-48ac-47a3-8553-ea7b3c3141f3}","location":"app-global","version":"59.0.2","type":"theme","internalName":"classic/1.0","updateURL":null,"updateKey":null,"optionsURL":null,"optionsType":null,"optionsBrowserStyle":null,"aboutURL":null,"defaultLocale":{"name":"Default","description":"The default theme.","creator":"Mozilla","homepageURL":null,"contributors":["Mozilla Contributors"]},"visible":true,"active":true,"userDisabled":false,"appDisabled":false,"installDate":1522183948000,"updateDate":1522183948000,"applyBackgroundUpdates":1,"path":"/usr/lib/firefox/browser/extensions/{972ce4c6-7e08-4474-a285-3208198ce6fd}.xpi","skinnable":true,"size":1907,"sourceURI":null,"releaseNotesURI":null,"softDisabled":false,"foreignInstall":false,"hasBinaryComponents":false,"strictCompatibility":true,"locales":[],"targetApplications":[{"id":"{ec8030f7-c20a-464f-9b0e-13a3a9e97384}","minVersion":"59.0.2","maxVersion":"59.0.2"}],"targetPlatforms":[],"seen":true,"dependencies":[],"hasEmbeddedWebExtension":false,"userPermissions":null,"icons":{},"iconURL":"chrome://browser/content/default-theme-icon.svg","icon64URL":null,"blocklistState":0,"blocklistURL":null,"startupData":null}
1535131859148	addons.xpi	DEBUG	Updating database with changes to installed add-ons
1535131859148	addons.xpi-utils	DEBUG	Updating add-on states
1535131859156	addons.xpi	DEBUG	Registering manifest for /usr/lib/firefox/browser/features/activity-stream@mozilla.org.xpi
1535131859156	addons.xpi	DEBUG	Calling bootstrap method startup on activity-stream@mozilla.org version 2018.02.17.0026-173e2795
1535131859158	addons.xpi	DEBUG	Registering manifest for /usr/lib/firefox/browser/features/aushelper@mozilla.org.xpi
1535131859158	addons.xpi	DEBUG	Calling bootstrap method startup on aushelper@mozilla.org version 2.0
1535131859158	addons.xpi	DEBUG	Registering manifest for /usr/lib/firefox/browser/features/firefox@getpocket.com.xpi
1535131859158	addons.xpi	DEBUG	Calling bootstrap method startup on firefox@getpocket.com version 1.0.5
1535131859548	addons.xpi	DEBUG	Registering manifest for /usr/lib/firefox/browser/features/followonsearch@mozilla.com.xpi
1535131859550	addons.xpi	DEBUG	Calling bootstrap method startup on followonsearch@mozilla.com version 0.9.6
1535131859550	addons.xpi	DEBUG	Registering manifest for /usr/lib/firefox/browser/features/formautofill@mozilla.org.xpi
1535131859550	addons.xpi	DEBUG	Calling bootstrap method startup on formautofill@mozilla.org version 1.0
1535131859550	addons.xpi	DEBUG	Calling bootstrap method startup on langpack-en-GB@firefox.mozilla.org version 59.0.2
1535131859552	addons.xpi	DEBUG	Calling bootstrap method startup on langpack-en-ZA@firefox.mozilla.org version 59.0.2
1535131859552	addons.xpi	DEBUG	Registering manifest for /usr/lib/firefox/browser/features/onboarding@mozilla.org.xpi
1535131859552	addons.xpi	DEBUG	Calling bootstrap method startup on onboarding@mozilla.org version 1.0
1535131859554	addons.xpi	DEBUG	Registering manifest for /usr/lib/firefox/browser/features/screenshots@mozilla.org.xpi
1535131859554	addons.xpi	DEBUG	Calling bootstrap method startup on screenshots@mozilla.org version 25.0.0
1535131859554	addons.xpi	DEBUG	Registering manifest for /usr/lib/firefox/browser/features/shield-recipe-client@mozilla.org.xpi
1535131859554	addons.xpi	DEBUG	Calling bootstrap method startup on shield-recipe-client@mozilla.org version 80
1535131859560	addons.xpi	DEBUG	Registering manifest for /usr/lib/firefox/browser/features/webcompat@mozilla.org.xpi
1535131859560	addons.xpi	DEBUG	Calling bootstrap method startup on webcompat@mozilla.org version 1.1
1535131859564	addons.manager	DEBUG	Registering shutdown blocker for XPIProvider
1535131859564	addons.manager	DEBUG	Provider finished startup: XPIProvider
1535131859564	addons.manager	DEBUG	Starting provider: LightweightThemeManager
1535131859564	addons.manager	DEBUG	Registering shutdown blocker for LightweightThemeManager
1535131859564	addons.manager	DEBUG	Provider finished startup: LightweightThemeManager
1535131859564	addons.manager	DEBUG	Starting provider: GMPProvider
1535131859566	addons.manager	DEBUG	Registering shutdown blocker for GMPProvider
1535131859566	addons.manager	DEBUG	Provider finished startup: GMPProvider
1535131859566	addons.manager	DEBUG	Starting provider: PluginProvider
1535131859566	addons.manager	DEBUG	Registering shutdown blocker for PluginProvider
1535131859566	addons.manager	DEBUG	Provider finished startup: PluginProvider
1535131859566	addons.manager	DEBUG	Completed startup sequence
1535131871176	Marionette	INFO	Enabled via --marionette
1535131878038	addons.manager	DEBUG	Starting provider: PreviousExperimentProvider
1535131878038	addons.manager	DEBUG	Registering shutdown blocker for PreviousExperimentProvider
1535131878038	addons.manager	DEBUG	Provider finished startup: PreviousExperimentProvider
1535131883730	addons.xpi-utils	DEBUG	XPI Database saved, setting schema version preference to 24
console.error: 
  Could not write session state file 
  Message: Error: _initWorker called too early! Please read the session file from disk first.
  Stack:
    _initWorker/<@resource:///modules/sessionstore/SessionFile.jsm:344:15
_initWorker@resource:///modules/sessionstore/SessionFile.jsm:337:12
_postToWorker@resource:///modules/sessionstore/SessionFile.jsm:361:11
write@resource:///modules/sessionstore/SessionFile.jsm:401:19
write@resource:///modules/sessionstore/SessionFile.jsm:73:12
_writeState@resource:///modules/sessionstore/SessionSaver.jsm:363:12
_saveState@resource:///modules/sessionstore/SessionSaver.jsm:301:12
_saveStateAsync@resource:///modules/sessionstore/SessionSaver.jsm:347:5
saveStateAsyncWhenIdle@resource:///modules/sessionstore/SessionSaver.jsm:198:9

  _initWorker/<@resource:///modules/sessionstore/SessionFile.jsm:344:15
_initWorker@resource:///modules/sessionstore/SessionFile.jsm:337:12
_postToWorker@resource:///modules/sessionstore/SessionFile.jsm:361:11
write@resource:///modules/sessionstore/SessionFile.jsm:401:19
write@resource:///modules/sessionstore/SessionFile.jsm:73:12
_writeState@resource:///modules/sessionstore/SessionSaver.jsm:363:12
_saveState@resource:///modules/sessionstore/SessionSaver.jsm:301:12
_saveStateAsync@resource:///modules/sessionstore/SessionSaver.jsm:347:5
saveStateAsyncWhenIdle@resource:///modules/sessionstore/SessionSaver.jsm:198:9

1535131887022	addons.xpi	INFO	Mapping activity-stream@mozilla.org to /usr/lib/firefox/browser/features/activity-stream@mozilla.org.xpi
1535131887022	addons.xpi	INFO	Mapping aushelper@mozilla.org to /usr/lib/firefox/browser/features/aushelper@mozilla.org.xpi
1535131887022	addons.xpi	INFO	Mapping firefox@getpocket.com to /usr/lib/firefox/browser/features/firefox@getpocket.com.xpi
1535131887022	addons.xpi	INFO	Mapping followonsearch@mozilla.com to /usr/lib/firefox/browser/features/followonsearch@mozilla.com.xpi
1535131887022	addons.xpi	INFO	Mapping formautofill@mozilla.org to /usr/lib/firefox/browser/features/formautofill@mozilla.org.xpi
1535131887022	addons.xpi	INFO	Mapping onboarding@mozilla.org to /usr/lib/firefox/browser/features/onboarding@mozilla.org.xpi
1535131887022	addons.xpi	INFO	Mapping screenshots@mozilla.org to /usr/lib/firefox/browser/features/screenshots@mozilla.org.xpi
1535131887022	addons.xpi	INFO	Mapping shield-recipe-client@mozilla.org to /usr/lib/firefox/browser/features/shield-recipe-client@mozilla.org.xpi
1535131887022	addons.xpi	INFO	Mapping webcompat@mozilla.org to /usr/lib/firefox/browser/features/webcompat@mozilla.org.xpi
1535131887024	addons.xpi	DEBUG	Existing add-on activity-stream@mozilla.org in app-system-defaults
1535131887026	addons.xpi	DEBUG	Existing add-on aushelper@mozilla.org in app-system-defaults
1535131887026	addons.xpi	DEBUG	Existing add-on firefox@getpocket.com in app-system-defaults
1535131887026	addons.xpi	DEBUG	Existing add-on followonsearch@mozilla.com in app-system-defaults
1535131887026	addons.xpi	DEBUG	Existing add-on formautofill@mozilla.org in app-system-defaults
1535131887028	addons.xpi	DEBUG	Existing add-on onboarding@mozilla.org in app-system-defaults
1535131887028	addons.xpi	DEBUG	Existing add-on screenshots@mozilla.org in app-system-defaults
1535131887028	addons.xpi	DEBUG	Existing add-on shield-recipe-client@mozilla.org in app-system-defaults
1535131887028	addons.xpi	DEBUG	Existing add-on webcompat@mozilla.org in app-system-defaults
1535131887028	addons.xpi	INFO	Mapping langpack-en-ZA@firefox.mozilla.org to /usr/lib/firefox/browser/extensions/langpack-en-ZA@firefox.mozilla.org.xpi
1535131887030	addons.xpi	INFO	Mapping langpack-en-GB@firefox.mozilla.org to /usr/lib/firefox/browser/extensions/langpack-en-GB@firefox.mozilla.org.xpi
1535131887030	addons.xpi	INFO	Mapping {972ce4c6-7e08-4474-a285-3208198ce6fd} to /usr/lib/firefox/browser/extensions/{972ce4c6-7e08-4474-a285-3208198ce6fd}.xpi
1535131887030	addons.xpi	DEBUG	Existing add-on langpack-en-ZA@firefox.mozilla.org in app-global
1535131887030	addons.xpi	DEBUG	Existing add-on langpack-en-GB@firefox.mozilla.org in app-global
1535131887030	addons.xpi	DEBUG	Existing add-on {972ce4c6-7e08-4474-a285-3208198ce6fd} in app-global
1535131887030	addons.xpi	DEBUG	getInstallState changed: false, state: {}
1535131887834	Marionette	INFO	Listening on port 36013
1535131888024	Marionette	WARN	TLS certificate errors will be ignored for this session
ago 24, 2018 2:31:28 PM org.openqa.selenium.remote.ProtocolHandshake createSession
INFORMAÇÕES: Detected dialect: W3C

(firefox:28610): GLib-GObject-WARNING **: /build/glib2.0-prJhLS/glib2.0-2.48.2/./gobject/gsignal.c:3486: signal name 'load_complete' is invalid for instance '0x7faf13ff71f0' of type 'MaiAtkType13b'

(firefox:28610): GLib-GObject-WARNING **: /build/glib2.0-prJhLS/glib2.0-2.48.2/./gobject/gsignal.c:3486: signal name 'load_complete' is invalid for instance '0x7faf143415b0' of type 'MaiAtkType13b'

(firefox:28610): GLib-GObject-WARNING **: /build/glib2.0-prJhLS/glib2.0-2.48.2/./gobject/gsignal.c:3486: signal name 'load_complete' is invalid for instance '0x7faf005602e0' of type 'MaiAtkType13b'

(firefox:28610): GLib-GObject-WARNING **: /build/glib2.0-prJhLS/glib2.0-2.48.2/./gobject/gsignal.c:3486: signal name 'load_complete' is invalid for instance '0x7faf029ff6f0' of type 'MaiAtkType13b'

(firefox:28610): GLib-GObject-WARNING **: /build/glib2.0-prJhLS/glib2.0-2.48.2/./gobject/gsignal.c:3486: signal name 'load_complete' is invalid for instance '0x7faf0fc48ba0' of type 'MaiAtkType13b'
1535131988558	addons.productaddons	INFO	sending request to: https://aus5.mozilla.org/update/3/GMP/59.0.2/20180327185825/Linux_x86_64-gcc3/null/release-cck- âmintâ/Linux%204.8.0-53-generic%20(GTK%203.18.9%2Clibpulse%208.0.0)/mint/1.0/update.xml
1535131989994	addons.productaddons	INFO	Completed downloading document
1535131991242	addons.productaddons	INFO	downloadXHR File download. status=200
1535131991246	addons.productaddons	INFO	Downloaded file will be saved to /tmp/tmpaddon-a8cb94

(firefox:28610): GLib-GObject-WARNING **: /build/glib2.0-prJhLS/glib2.0-2.48.2/./gobject/gsignal.c:3486: signal name 'selection_changed' is invalid for instance '0x7faf0fc48ba0' of type 'MaiAtkType13b'

(firefox:28610): GLib-GObject-WARNING **: /build/glib2.0-prJhLS/glib2.0-2.48.2/./gobject/gsignal.c:3486: signal name 'selection_changed' is invalid for instance '0x7faef76390b0' of type 'MaiAtkType139'

(firefox:28610): GLib-GObject-WARNING **: /build/glib2.0-prJhLS/glib2.0-2.48.2/./gobject/gsignal.c:3486: signal name 'selection_changed' is invalid for instance '0x7faf14298510' of type 'MaiAtkType139'

(firefox:28610): GLib-GObject-WARNING **: /build/glib2.0-prJhLS/glib2.0-2.48.2/./gobject/gsignal.c:3486: signal name 'load_complete' is invalid for instance '0x7faf173ec5b0' of type 'MaiAtkType13b'

(firefox:28610): GLib-GObject-WARNING **: /build/glib2.0-prJhLS/glib2.0-2.48.2/./gobject/gsignal.c:3486: signal name 'load_complete' is invalid for instance '0x7faf1740d470' of type 'MaiAtkType13b'
1535132042848	addons.xpi	DEBUG	Calling bootstrap method shutdown on webcompat@mozilla.org version 1.1
1535132042848	addons.xpi	DEBUG	Calling bootstrap method shutdown on shield-recipe-client@mozilla.org version 80
1535132042850	addons.xpi	DEBUG	Calling bootstrap method shutdown on screenshots@mozilla.org version 25.0.0
1535132042856	addons.xpi	DEBUG	Calling bootstrap method shutdown on onboarding@mozilla.org version 1.0
1535132042856	addons.xpi	DEBUG	Calling bootstrap method shutdown on langpack-en-ZA@firefox.mozilla.org version 59.0.2
1535132042860	addons.xpi	DEBUG	Calling bootstrap method shutdown on langpack-en-GB@firefox.mozilla.org version 59.0.2
1535132042864	addons.xpi	DEBUG	Calling bootstrap method shutdown on formautofill@mozilla.org version 1.0
1535132042864	addons.xpi	DEBUG	Calling bootstrap method shutdown on followonsearch@mozilla.com version 0.9.6
1535132042866	addons.xpi	DEBUG	Calling bootstrap method shutdown on firefox@getpocket.com version 1.0.5
1535132042866	addons.xpi	DEBUG	Calling bootstrap method shutdown on aushelper@mozilla.org version 2.0
1535132042868	addons.xpi	DEBUG	Calling bootstrap method shutdown on activity-stream@mozilla.org version 2018.02.17.0026-173e2795

(firefox:28610): GLib-GObject-WARNING **: /build/glib2.0-prJhLS/glib2.0-2.48.2/./gobject/gsignal.c:3486: signal name 'selection_changed' is invalid for instance '0x7faf1740d470' of type 'MaiAtkType13b'
1535132042986	addons.manager	DEBUG	shutdown
1535132042988	addons.manager	DEBUG	Calling shutdown blocker for XPIProvider
1535132042988	addons.xpi	DEBUG	shutdown
1535132042988	addons.xpi-utils	DEBUG	shutdown
1535132042988	addons.manager	DEBUG	Calling shutdown blocker for LightweightThemeManager
1535132042988	addons.manager	DEBUG	Calling shutdown blocker for GMPProvider
1535132042990	addons.manager	DEBUG	Calling shutdown blocker for PluginProvider
1535132042990	addons.manager	DEBUG	Calling shutdown blocker for PreviousExperimentProvider
1535132043000	addons.manager	DEBUG	Async provider shutdown done
[pool-505-thread-1] ERROR net.serenitybdd.core.Serenity - &amp#27;[91m
           __  _____ _____ ____ _____   _____ _    ___ _     _____ ____  
  _       / / |_   _| ____/ ___|_   _| |  ___/ \  |_ _| |   | ____|  _ \ 
 (_)_____| |    | | |  _| \___ \ | |   | |_ / _ \  | || |   |  _| | | | |
  _|_____| |    | | | |___ ___) || |   |  _/ ___ \ | || |___| |___| |_| |
 (_)     | |    |_| |_____|____/ |_|   |_|/_/   \_\___|_____|_____|____/ 
          \_\                                                            

TEST FAILED: Elaborar um pedido com KIT e empenho em DEPOSITO/NORMAL pagamento a vista
--------------------------------------------------------------------------&amp#27;[0m
[pool-505-thread-1] ERROR net.serenitybdd.core.Serenity - O status do pedido está incorreto.
[pool-506-thread-1] INFO net.thucydides.core.reports.json.JSONTestOutcomeReporter - Generating JSON report for Elaborar um pedido com KIT e empenho em DEPOSITO/NORMAL pagamento a vista to file /home/pedro/Documentos/Automação/testes-automatizados/mv-lojas-bdd/target/site/serenity/c6e4b722e2fb052ca251662be8049a319b88772c37c662f635987aaf8541044c.json (using temp file /home/pedro/Documentos/Automação/testes-automatizados/mv-lojas-bdd/target/site/serenity/c6e4b722e2fb052ca251662be8049a319b88772c37c662f635987aaf8541044c.jsonc36a04c3-0b70-4e9c-b185-9f7820dfb1e6)
]]></system-err>
  </testcase>
</testsuite>