<?xml version="1.0" encoding="UTF-8"?>
<testsuite name="br.com.mv.test.PedidoPromocaoKit35" time="71.304" tests="1" errors="1" skipped="0" failures="0">
  <properties>
    <property name="java.runtime.name" value="OpenJDK Runtime Environment"/>
    <property name="sun.boot.library.path" value="/usr/lib/jvm/java-8-openjdk-amd64/jre/lib/amd64"/>
    <property name="java.vm.version" value="25.162-b12"/>
    <property name="java.vm.vendor" value="Oracle Corporation"/>
    <property name="maven.multiModuleProjectDirectory" value="/home/pedro/Documentos/Automação/testes-automatizados/mv-lojas-bdd"/>
    <property name="java.vendor.url" value="http://java.oracle.com/"/>
    <property name="path.separator" value=":"/>
    <property name="guice.disable.misplaced.annotation.check" value="true"/>
    <property name="java.vm.name" value="OpenJDK 64-Bit Server VM"/>
    <property name="file.encoding.pkg" value="sun.io"/>
    <property name="user.country" value="BR"/>
    <property name="sun.java.launcher" value="SUN_STANDARD"/>
    <property name="sun.os.patch.level" value="unknown"/>
    <property name="java.vm.specification.name" value="Java Virtual Machine Specification"/>
    <property name="user.dir" value="/home/pedro/Documentos/Automação/testes-automatizados/mv-lojas-bdd"/>
    <property name="java.runtime.version" value="1.8.0_162-8u162-b12-0ubuntu0.16.04.2-b12"/>
    <property name="java.awt.graphicsenv" value="sun.awt.X11GraphicsEnvironment"/>
    <property name="java.endorsed.dirs" value="/usr/lib/jvm/java-8-openjdk-amd64/jre/lib/endorsed"/>
    <property name="os.arch" value="amd64"/>
    <property name="java.io.tmpdir" value="/tmp"/>
    <property name="line.separator" value="&#10;"/>
    <property name="java.vm.specification.vendor" value="Oracle Corporation"/>
    <property name="os.name" value="Linux"/>
    <property name="classworlds.conf" value="/home/pedro/Documentos/workspaces/workspace-treinamento/treinamento/pedro/.metadata/.plugins/org.eclipse.m2e.launching/launches/m2conf4424884547866480067.tmp"/>
    <property name="sun.jnu.encoding" value="UTF-8"/>
    <property name="java.library.path" value="/usr/java/packages/lib/amd64:/usr/lib/x86_64-linux-gnu/jni:/lib/x86_64-linux-gnu:/usr/lib/x86_64-linux-gnu:/usr/lib/jni:/lib:/usr/lib"/>
    <property name="java.specification.name" value="Java Platform API Specification"/>
    <property name="java.class.version" value="52.0"/>
    <property name="sun.management.compiler" value="HotSpot 64-Bit Tiered Compilers"/>
    <property name="os.version" value="4.8.0-53-generic"/>
    <property name="user.home" value="/home/pedro"/>
    <property name="user.timezone" value="America/Sao_Paulo"/>
    <property name="java.awt.printerjob" value="sun.print.PSPrinterJob"/>
    <property name="file.encoding" value="UTF-8"/>
    <property name="java.specification.version" value="1.8"/>
    <property name="metafilter" value="groovy: (issue == &apos;rgs-35&apos; || issue == &apos;rgs-36&apos; || issue == &apos;rgs-37&apos; || issue == &apos;rgs-38&apos; || issue == &apos;rgs-39&apos; || issue == &apos;rgs-40&apos;)"/>
    <property name="user.name" value="pedro"/>
    <property name="java.class.path" value="/home/pedro/.p2/pool/plugins/org.eclipse.m2e.maven.runtime_1.8.2.20171007-0216/jars/plexus-classworlds-2.5.2.jar"/>
    <property name="java.vm.specification.version" value="1.8"/>
    <property name="sun.arch.data.model" value="64"/>
    <property name="java.home" value="/usr/lib/jvm/java-8-openjdk-amd64/jre"/>
    <property name="sun.java.command" value="org.codehaus.plexus.classworlds.launcher.Launcher -B clean verify -Dmetafilter=groovy: (issue == &apos;rgs-35&apos; || issue == &apos;rgs-36&apos; || issue == &apos;rgs-37&apos; || issue == &apos;rgs-38&apos; || issue == &apos;rgs-39&apos; || issue == &apos;rgs-40&apos;)"/>
    <property name="java.specification.vendor" value="Oracle Corporation"/>
    <property name="user.language" value="pt"/>
    <property name="awt.toolkit" value="sun.awt.X11.XToolkit"/>
    <property name="java.vm.info" value="mixed mode"/>
    <property name="java.version" value="1.8.0_162"/>
    <property name="java.ext.dirs" value="/usr/lib/jvm/java-8-openjdk-amd64/jre/lib/ext:/usr/java/packages/lib/ext"/>
    <property name="securerandom.source" value="file:/dev/./urandom"/>
    <property name="sun.boot.class.path" value="/usr/lib/jvm/java-8-openjdk-amd64/jre/lib/resources.jar:/usr/lib/jvm/java-8-openjdk-amd64/jre/lib/rt.jar:/usr/lib/jvm/java-8-openjdk-amd64/jre/lib/sunrsasign.jar:/usr/lib/jvm/java-8-openjdk-amd64/jre/lib/jsse.jar:/usr/lib/jvm/java-8-openjdk-amd64/jre/lib/jce.jar:/usr/lib/jvm/java-8-openjdk-amd64/jre/lib/charsets.jar:/usr/lib/jvm/java-8-openjdk-amd64/jre/lib/jfr.jar:/usr/lib/jvm/java-8-openjdk-amd64/jre/classes"/>
    <property name="java.vendor" value="Oracle Corporation"/>
    <property name="maven.home" value="/home/pedro/Documentos/Automação/testes-automatizados/mv-lojas-bdd/EMBEDDED"/>
    <property name="file.separator" value="/"/>
    <property name="java.vendor.url.bug" value="http://bugreport.sun.com/bugreport/"/>
    <property name="sun.cpu.endian" value="little"/>
    <property name="sun.io.unicode.encoding" value="UnicodeLittle"/>
    <property name="sun.desktop" value="gnome"/>
    <property name="sun.cpu.isalist" value=""/>
  </properties>
  <testcase name="br.com.mv.test.PedidoPromocaoKit35" classname="org.apache.maven.surefire.junit4.JUnit4Provider" time="71.304">
    <error message="org.jbehave.core.embedder.Embedder$RunningStoriesFailed: Failures in running stories: &#10;org.jbehave.core.embedder.PerformableTree$SomethingHappened@49bb3482: org.openqa.selenium.ElementClickInterceptedException: Element &lt;input class=&quot;ace radio-seleciona-promocao&quot; name=&quot;form-field-radio-promocao&quot; type=&quot;radio&quot;&gt; is not clickable at point (522,257.3333282470703) because another element &lt;div id=&quot;_mv_aguarde_&quot; class=&quot;&quot;&gt; obscures it&#10;Build info: version: &apos;3.12.0&apos;, revision: &apos;7c6e0b3&apos;, time: &apos;2018-05-08T14:04:26.12Z&apos;&#10;System info: host: &apos;WS-SBDEV-851&apos;, ip: &apos;127.0.1.1&apos;, os.name: &apos;Linux&apos;, os.arch: &apos;amd64&apos;, os.version: &apos;4.8.0-53-generic&apos;, java.version: &apos;1.8.0_162&apos;&#10;Driver info: org.openqa.selenium.remote.RemoteWebDriver&#10;Capabilities {acceptInsecureCerts: true, browserName: firefox, browserVersion: 59.0.2, javascriptEnabled: true, moz:accessibilityChecks: false, moz:headless: false, moz:processID: 29178, moz:profile: /tmp/rust_mozprofile.mq7FGZ..., moz:useNonSpecCompliantPointerOrigin: false, moz:webdriverClick: true, pageLoadStrategy: normal, platform: LINUX, platformName: LINUX, platformVersion: 4.8.0-53-generic, rotatable: false, timeouts: {implicit: 0, pageLoad: 300000, script: 30000}}&#10;Session ID: 87f20083-6a06-4158-9070-ec9052c49719" type="java.lang.RuntimeException"><![CDATA[java.lang.RuntimeException: org.jbehave.core.embedder.Embedder$RunningStoriesFailed: Failures in running stories: 
org.jbehave.core.embedder.PerformableTree$SomethingHappened@49bb3482: org.openqa.selenium.ElementClickInterceptedException: Element <input class="ace radio-seleciona-promocao" name="form-field-radio-promocao" type="radio"> is not clickable at point (522,257.3333282470703) because another element <div id="_mv_aguarde_" class=""> obscures it
Build info: version: '3.12.0', revision: '7c6e0b3', time: '2018-05-08T14:04:26.12Z'
System info: host: 'WS-SBDEV-851', ip: '127.0.1.1', os.name: 'Linux', os.arch: 'amd64', os.version: '4.8.0-53-generic', java.version: '1.8.0_162'
Driver info: org.openqa.selenium.remote.RemoteWebDriver
Capabilities {acceptInsecureCerts: true, browserName: firefox, browserVersion: 59.0.2, javascriptEnabled: true, moz:accessibilityChecks: false, moz:headless: false, moz:processID: 29178, moz:profile: /tmp/rust_mozprofile.mq7FGZ..., moz:useNonSpecCompliantPointerOrigin: false, moz:webdriverClick: true, pageLoadStrategy: normal, platform: LINUX, platformName: LINUX, platformVersion: 4.8.0-53-generic, rotatable: false, timeouts: {implicit: 0, pageLoad: 300000, script: 30000}}
Session ID: 87f20083-6a06-4158-9070-ec9052c49719
	at org.jbehave.core.embedder.Embedder$ThrowingRunningStoriesFailed.handleFailures(Embedder.java:553)
	at org.jbehave.core.embedder.Embedder.handleFailures(Embedder.java:238)
	at org.jbehave.core.embedder.Embedder.runStoriesAsPaths(Embedder.java:216)
	at net.serenitybdd.jbehave.embedders.ExtendedEmbedder.runStoriesAsPaths(ExtendedEmbedder.java:60)
	at net.serenitybdd.jbehave.runners.SerenityReportingRunner.run(SerenityReportingRunner.java:168)
	at org.apache.maven.surefire.junit4.JUnit4Provider.execute(JUnit4Provider.java:283)
	at org.apache.maven.surefire.junit4.JUnit4Provider.executeWithRerun(JUnit4Provider.java:173)
	at org.apache.maven.surefire.junit4.JUnit4Provider.executeTestSet(JUnit4Provider.java:153)
	at org.apache.maven.surefire.junit4.JUnit4Provider.invoke(JUnit4Provider.java:128)
]]></error>
    <system-out><![CDATA[Processing system properties {}
Using controls EmbedderControls[batch=false,skip=false,generateViewAfterStories=true,ignoreFailureInStories=false,ignoreFailureInView=true,verboseFailures=false,verboseFiltering=false,storyTimeouts=10000,threads=1,failOnStoryTimeout=false]
Meta[properties={narrative=Narrative[inOrderTo=,asA=,iWantTo=,soThat=], description=, path=stories/processos/atendimento_cliente_recibo_troca_pedido_faturado.story}] excluded by filter 'groovy: (issue == 'rgs-35' || issue == 'rgs-36' || issue == 'rgs-37' || issue == 'rgs-38' || issue == 'rgs-39' || issue == 'rgs-40')'
Meta[properties={examplesTable=, base=RELOH, context=PROCESSOS, grupoInstancias=Pedidos, narrative=Narrative[inOrderTo=,asA=,iWantTo=,soThat=], title=Elaborar um pedido a vista com empenho em loja/normal, issue=prcs-04, prcs-04=, description=, skip=, givenStories=, tag=component:Processos - RELOH, path=stories/processos/atendimento_cliente_recibo_troca_pedido_faturado.story}] excluded by filter 'groovy: (issue == 'rgs-35' || issue == 'rgs-36' || issue == 'rgs-37' || issue == 'rgs-38' || issue == 'rgs-39' || issue == 'rgs-40')'
Meta[properties={examplesTable=, base=RELOH, context=PROCESSOS, grupoInstancias=Caixa, narrative=Narrative[inOrderTo=,asA=,iWantTo=,soThat=], title=Efetua o recebimento do pedido, issue=prcs-04, prcs-04=, description=, skip=, givenStories=, tag=component:Regressão - RELOH, path=stories/processos/atendimento_cliente_recibo_troca_pedido_faturado.story}] excluded by filter 'groovy: (issue == 'rgs-35' || issue == 'rgs-36' || issue == 'rgs-37' || issue == 'rgs-38' || issue == 'rgs-39' || issue == 'rgs-40')'
Meta[properties={examplesTable=, base=RELOH, context=PROCESSOS, grupoInstancias=AdmCD, narrative=Narrative[inOrderTo=,asA=,iWantTo=,soThat=], title=Fatura o pedido recebido, issue=prcs-04, prcs-04=, description=, skip=, givenStories=, tag=component:Processos - RELOH, path=stories/processos/atendimento_cliente_recibo_troca_pedido_faturado.story}] excluded by filter 'groovy: (issue == 'rgs-35' || issue == 'rgs-36' || issue == 'rgs-37' || issue == 'rgs-38' || issue == 'rgs-39' || issue == 'rgs-40')'
Meta[properties={examplesTable=, base=RELOH, context=PROCESSOS, grupoInstancias=AdmCD, narrative=Narrative[inOrderTo=,asA=,iWantTo=,soThat=], title=Elaborar um atendimento para o pedido realizado, issue=prcs-04, prcs-04=, description=, skip=, givenStories=, tag=component:Processos - RELOH, path=stories/processos/atendimento_cliente_recibo_troca_pedido_faturado.story}] excluded by filter 'groovy: (issue == 'rgs-35' || issue == 'rgs-36' || issue == 'rgs-37' || issue == 'rgs-38' || issue == 'rgs-39' || issue == 'rgs-40')'
Meta[properties={examplesTable=, base=RELOH, context=PROCESSOS, grupoInstancias=AdmCD, narrative=Narrative[inOrderTo=,asA=,iWantTo=,soThat=], title=Realiza Controle de Faturamento, issue=prcs-04, prcs-04=, description=, skip=, givenStories=, tag=component:Processos - RELOH, path=stories/processos/atendimento_cliente_recibo_troca_pedido_faturado.story}] excluded by filter 'groovy: (issue == 'rgs-35' || issue == 'rgs-36' || issue == 'rgs-37' || issue == 'rgs-38' || issue == 'rgs-39' || issue == 'rgs-40')'
Meta[properties={examplesTable=, base=RELOH, context=PROCESSOS, grupoInstancias=AdmCD, narrative=Narrative[inOrderTo=,asA=,iWantTo=,soThat=], title=Realiza o Recolhimento de Produto, issue=prcs-04, prcs-04=, description=, skip=, givenStories=, tag=component:Processos - RELOH, path=stories/processos/atendimento_cliente_recibo_troca_pedido_faturado.story}] excluded by filter 'groovy: (issue == 'rgs-35' || issue == 'rgs-36' || issue == 'rgs-37' || issue == 'rgs-38' || issue == 'rgs-39' || issue == 'rgs-40')'
Meta[properties={examplesTable=, base=RELOH, context=PROCESSOS, grupoInstancias=Pedidos, narrative=Narrative[inOrderTo=,asA=,iWantTo=,soThat=], title=Elaborar um pedido utilizando o recibo de troca, issue=prcs-04, prcs-04=, description=, skip=, givenStories=, tag=component:Processos - RELOH, path=stories/processos/atendimento_cliente_recibo_troca_pedido_faturado.story}] excluded by filter 'groovy: (issue == 'rgs-35' || issue == 'rgs-36' || issue == 'rgs-37' || issue == 'rgs-38' || issue == 'rgs-39' || issue == 'rgs-40')'
Meta[properties={examplesTable=, base=RELOH, context=PROCESSOS, grupoInstancias=Caixa, narrative=Narrative[inOrderTo=,asA=,iWantTo=,soThat=], title=Efetua o recebimento do pedido feito com recibo de troca, issue=prcs-04, prcs-04=, description=, skip=, givenStories=, tag=component:Regressão - RELOH, path=stories/processos/atendimento_cliente_recibo_troca_pedido_faturado.story}] excluded by filter 'groovy: (issue == 'rgs-35' || issue == 'rgs-36' || issue == 'rgs-37' || issue == 'rgs-38' || issue == 'rgs-39' || issue == 'rgs-40')'

(BeforeStories)

Meta[properties={narrative=Narrative[inOrderTo=,asA=,iWantTo=,soThat=], description=, path=stories/processos/atendimento_cliente_recibo_troca_pedido_faturado.story}] excluded by filter 'groovy: (issue == 'rgs-35' || issue == 'rgs-36' || issue == 'rgs-37' || issue == 'rgs-38' || issue == 'rgs-39' || issue == 'rgs-40')'
Meta[properties={examplesTable=, base=RELOH, context=PROCESSOS, grupoInstancias=Pedidos, narrative=Narrative[inOrderTo=,asA=,iWantTo=,soThat=], title=Elaborar um pedido a vista com empenho em loja/normal, issue=prcs-04, prcs-04=, description=, skip=, givenStories=, tag=component:Processos - RELOH, path=stories/processos/atendimento_cliente_recibo_troca_pedido_faturado.story}] excluded by filter 'groovy: (issue == 'rgs-35' || issue == 'rgs-36' || issue == 'rgs-37' || issue == 'rgs-38' || issue == 'rgs-39' || issue == 'rgs-40')'
Meta[properties={examplesTable=, base=RELOH, context=PROCESSOS, grupoInstancias=Caixa, narrative=Narrative[inOrderTo=,asA=,iWantTo=,soThat=], title=Efetua o recebimento do pedido, issue=prcs-04, prcs-04=, description=, skip=, givenStories=, tag=component:Regressão - RELOH, path=stories/processos/atendimento_cliente_recibo_troca_pedido_faturado.story}] excluded by filter 'groovy: (issue == 'rgs-35' || issue == 'rgs-36' || issue == 'rgs-37' || issue == 'rgs-38' || issue == 'rgs-39' || issue == 'rgs-40')'
Meta[properties={examplesTable=, base=RELOH, context=PROCESSOS, grupoInstancias=AdmCD, narrative=Narrative[inOrderTo=,asA=,iWantTo=,soThat=], title=Fatura o pedido recebido, issue=prcs-04, prcs-04=, description=, skip=, givenStories=, tag=component:Processos - RELOH, path=stories/processos/atendimento_cliente_recibo_troca_pedido_faturado.story}] excluded by filter 'groovy: (issue == 'rgs-35' || issue == 'rgs-36' || issue == 'rgs-37' || issue == 'rgs-38' || issue == 'rgs-39' || issue == 'rgs-40')'
Meta[properties={examplesTable=, base=RELOH, context=PROCESSOS, grupoInstancias=AdmCD, narrative=Narrative[inOrderTo=,asA=,iWantTo=,soThat=], title=Elaborar um atendimento para o pedido realizado, issue=prcs-04, prcs-04=, description=, skip=, givenStories=, tag=component:Processos - RELOH, path=stories/processos/atendimento_cliente_recibo_troca_pedido_faturado.story}] excluded by filter 'groovy: (issue == 'rgs-35' || issue == 'rgs-36' || issue == 'rgs-37' || issue == 'rgs-38' || issue == 'rgs-39' || issue == 'rgs-40')'
Meta[properties={examplesTable=, base=RELOH, context=PROCESSOS, grupoInstancias=AdmCD, narrative=Narrative[inOrderTo=,asA=,iWantTo=,soThat=], title=Realiza Controle de Faturamento, issue=prcs-04, prcs-04=, description=, skip=, givenStories=, tag=component:Processos - RELOH, path=stories/processos/atendimento_cliente_recibo_troca_pedido_faturado.story}] excluded by filter 'groovy: (issue == 'rgs-35' || issue == 'rgs-36' || issue == 'rgs-37' || issue == 'rgs-38' || issue == 'rgs-39' || issue == 'rgs-40')'
Meta[properties={examplesTable=, base=RELOH, context=PROCESSOS, grupoInstancias=AdmCD, narrative=Narrative[inOrderTo=,asA=,iWantTo=,soThat=], title=Realiza o Recolhimento de Produto, issue=prcs-04, prcs-04=, description=, skip=, givenStories=, tag=component:Processos - RELOH, path=stories/processos/atendimento_cliente_recibo_troca_pedido_faturado.story}] excluded by filter 'groovy: (issue == 'rgs-35' || issue == 'rgs-36' || issue == 'rgs-37' || issue == 'rgs-38' || issue == 'rgs-39' || issue == 'rgs-40')'
Meta[properties={examplesTable=, base=RELOH, context=PROCESSOS, grupoInstancias=Pedidos, narrative=Narrative[inOrderTo=,asA=,iWantTo=,soThat=], title=Elaborar um pedido utilizando o recibo de troca, issue=prcs-04, prcs-04=, description=, skip=, givenStories=, tag=component:Processos - RELOH, path=stories/processos/atendimento_cliente_recibo_troca_pedido_faturado.story}] excluded by filter 'groovy: (issue == 'rgs-35' || issue == 'rgs-36' || issue == 'rgs-37' || issue == 'rgs-38' || issue == 'rgs-39' || issue == 'rgs-40')'
Meta[properties={examplesTable=, base=RELOH, context=PROCESSOS, grupoInstancias=Caixa, narrative=Narrative[inOrderTo=,asA=,iWantTo=,soThat=], title=Efetua o recebimento do pedido feito com recibo de troca, issue=prcs-04, prcs-04=, description=, skip=, givenStories=, tag=component:Regressão - RELOH, path=stories/processos/atendimento_cliente_recibo_troca_pedido_faturado.story}] excluded by filter 'groovy: (issue == 'rgs-35' || issue == 'rgs-36' || issue == 'rgs-37' || issue == 'rgs-38' || issue == 'rgs-39' || issue == 'rgs-40')'
1 stories excluded by filter: groovy: (issue == 'rgs-35' || issue == 'rgs-36' || issue == 'rgs-37' || issue == 'rgs-38' || issue == 'rgs-39' || issue == 'rgs-40')

Story name for stories/processos/atendimento_cliente_recibo_troca_pedido_faturado.story => TestTag{name='Processos/Atendimento cliente recibo troca pedido faturado', type='story'}
Story name for stories/processos/atendimento_cliente_recibo_troca_pedido_faturado.story => TestTag{name='Processos/Atendimento cliente recibo troca pedido faturado', type='story'}
Story name for stories/processos/atendimento_cliente_recibo_troca_pedido_faturado.story => TestTag{name='Processos/Atendimento cliente recibo troca pedido faturado', type='story'}
Story name for stories/processos/atendimento_cliente_recibo_troca_pedido_faturado.story => TestTag{name='Processos/Atendimento cliente recibo troca pedido faturado', type='story'}
Story name for stories/processos/atendimento_cliente_recibo_troca_pedido_faturado.story => TestTag{name='Processos/Atendimento cliente recibo troca pedido faturado', type='story'}
Story name for stories/processos/atendimento_cliente_recibo_troca_pedido_faturado.story => TestTag{name='Processos/Atendimento cliente recibo troca pedido faturado', type='story'}
Story name for stories/processos/atendimento_cliente_recibo_troca_pedido_faturado.story => TestTag{name='Processos/Atendimento cliente recibo troca pedido faturado', type='story'}
Story name for stories/processos/atendimento_cliente_recibo_troca_pedido_faturado.story => TestTag{name='Processos/Atendimento cliente recibo troca pedido faturado', type='story'}
Story name for stories/processos/atendimento_cliente_recibo_troca_pedido_faturado.story => TestTag{name='Processos/Atendimento cliente recibo troca pedido faturado', type='story'}
Story name for stories/processos/atendimento_cliente_recibo_troca_pedido_faturado.story => TestTag{name='Processos/Atendimento cliente recibo troca pedido faturado', type='story'}
Story name for stories/processos/atendimento_cliente_recibo_troca_pedido_faturado.story => TestTag{name='Processos/Atendimento cliente recibo troca pedido faturado', type='story'}
Story name for stories/processos/atendimento_cliente_recibo_troca_pedido_faturado.story => TestTag{name='Processos/Atendimento cliente recibo troca pedido faturado', type='story'}
Story name for stories/processos/atendimento_cliente_recibo_troca_pedido_faturado.story => TestTag{name='Processos/Atendimento cliente recibo troca pedido faturado', type='story'}
Story name for stories/processos/atendimento_cliente_recibo_troca_pedido_faturado.story => TestTag{name='Processos/Atendimento cliente recibo troca pedido faturado', type='story'}
Story name for stories/processos/atendimento_cliente_recibo_troca_pedido_faturado.story => TestTag{name='Processos/Atendimento cliente recibo troca pedido faturado', type='story'}
Story name for stories/processos/atendimento_cliente_recibo_troca_pedido_faturado.story => TestTag{name='Processos/Atendimento cliente recibo troca pedido faturado', type='story'}

(AfterStories)

Generating reports view to '/home/pedro/Documentos/Automação/testes-automatizados/mv-lojas-bdd/target/jbehave' using formats '[stats, console, html, xml, serenityreporter]' and view properties '{decorateNonHtml=true}'
Reports view generated with 5 stories (of which 0 pending) containing 4 scenarios (of which 0 pending)
Failures in reports view: 4 scenarios failed
Processing system properties {}
Using controls EmbedderControls[batch=false,skip=false,generateViewAfterStories=true,ignoreFailureInStories=false,ignoreFailureInView=true,verboseFailures=false,verboseFiltering=false,storyTimeouts=10000,threads=1,failOnStoryTimeout=false]
Meta[properties={narrative=Narrative[inOrderTo=,asA=,iWantTo=,soThat=], description=, path=stories/pedido/calculo_reverso12.story}] excluded by filter 'groovy: (issue == 'rgs-35' || issue == 'rgs-36' || issue == 'rgs-37' || issue == 'rgs-38' || issue == 'rgs-39' || issue == 'rgs-40')'
Meta[properties={examplesTable=, base=RELOH, context=PROCESSOS_VALIDACAO, grupoInstancias=Pedidos, rgs-70=, narrative=Narrative[inOrderTo=,asA=,iWantTo=,soThat=], title=Elaborar um pedido carne com empenho em loja/normal, issue=rgs-70, description=, givenStories=, tag=component:Processos Ambiente Validacao - RELO, path=stories/pedido/calculo_reverso12.story}] excluded by filter 'groovy: (issue == 'rgs-35' || issue == 'rgs-36' || issue == 'rgs-37' || issue == 'rgs-38' || issue == 'rgs-39' || issue == 'rgs-40')'
Meta[properties={examplesTable=, base=RELOH, context=PROCESSOS_VALIDACAO, grupoInstancias=Pedidos, rgs-70=, narrative=Narrative[inOrderTo=,asA=,iWantTo=,soThat=], title=Cancelar pedido, issue=rgs-70, description=, givenStories=, tag=component:Processos Ambiente Validacao - RELO, path=stories/pedido/calculo_reverso12.story}] excluded by filter 'groovy: (issue == 'rgs-35' || issue == 'rgs-36' || issue == 'rgs-37' || issue == 'rgs-38' || issue == 'rgs-39' || issue == 'rgs-40')'

(BeforeStories)

Meta[properties={narrative=Narrative[inOrderTo=,asA=,iWantTo=,soThat=], description=, path=stories/pedido/calculo_reverso12.story}] excluded by filter 'groovy: (issue == 'rgs-35' || issue == 'rgs-36' || issue == 'rgs-37' || issue == 'rgs-38' || issue == 'rgs-39' || issue == 'rgs-40')'
Meta[properties={examplesTable=, base=RELOH, context=PROCESSOS_VALIDACAO, grupoInstancias=Pedidos, rgs-70=, narrative=Narrative[inOrderTo=,asA=,iWantTo=,soThat=], title=Elaborar um pedido carne com empenho em loja/normal, issue=rgs-70, description=, givenStories=, tag=component:Processos Ambiente Validacao - RELO, path=stories/pedido/calculo_reverso12.story}] excluded by filter 'groovy: (issue == 'rgs-35' || issue == 'rgs-36' || issue == 'rgs-37' || issue == 'rgs-38' || issue == 'rgs-39' || issue == 'rgs-40')'
Meta[properties={examplesTable=, base=RELOH, context=PROCESSOS_VALIDACAO, grupoInstancias=Pedidos, rgs-70=, narrative=Narrative[inOrderTo=,asA=,iWantTo=,soThat=], title=Cancelar pedido, issue=rgs-70, description=, givenStories=, tag=component:Processos Ambiente Validacao - RELO, path=stories/pedido/calculo_reverso12.story}] excluded by filter 'groovy: (issue == 'rgs-35' || issue == 'rgs-36' || issue == 'rgs-37' || issue == 'rgs-38' || issue == 'rgs-39' || issue == 'rgs-40')'
1 stories excluded by filter: groovy: (issue == 'rgs-35' || issue == 'rgs-36' || issue == 'rgs-37' || issue == 'rgs-38' || issue == 'rgs-39' || issue == 'rgs-40')


(AfterStories)

Generating reports view to '/home/pedro/Documentos/Automação/testes-automatizados/mv-lojas-bdd/target/jbehave' using formats '[stats, console, html, xml, serenityreporter]' and view properties '{decorateNonHtml=true}'
Reports view generated with 5 stories (of which 0 pending) containing 4 scenarios (of which 0 pending)
Failures in reports view: 4 scenarios failed
Processing system properties {}
Using controls EmbedderControls[batch=false,skip=false,generateViewAfterStories=true,ignoreFailureInStories=false,ignoreFailureInView=true,verboseFailures=false,verboseFiltering=false,storyTimeouts=10000,threads=1,failOnStoryTimeout=false]
Meta[properties={narrative=Narrative[inOrderTo=,asA=,iWantTo=,soThat=], description=, path=stories/pedido/pedido_cartao_credito.story}] excluded by filter 'groovy: (issue == 'rgs-35' || issue == 'rgs-36' || issue == 'rgs-37' || issue == 'rgs-38' || issue == 'rgs-39' || issue == 'rgs-40')'
Meta[properties={examplesTable=, base=RELOH, context=SMOKE_TESTING, grupoInstancias=Pedidos, smk-08=, narrative=Narrative[inOrderTo=,asA=,iWantTo=,soThat=], title=Elaborar um pedido com cartão de crédito, issue=smk-08, description=, givenStories=, tag=component:Smoke testing - RELOH, path=stories/pedido/pedido_cartao_credito.story}] excluded by filter 'groovy: (issue == 'rgs-35' || issue == 'rgs-36' || issue == 'rgs-37' || issue == 'rgs-38' || issue == 'rgs-39' || issue == 'rgs-40')'

(BeforeStories)

Meta[properties={narrative=Narrative[inOrderTo=,asA=,iWantTo=,soThat=], description=, path=stories/pedido/pedido_cartao_credito.story}] excluded by filter 'groovy: (issue == 'rgs-35' || issue == 'rgs-36' || issue == 'rgs-37' || issue == 'rgs-38' || issue == 'rgs-39' || issue == 'rgs-40')'
Meta[properties={examplesTable=, base=RELOH, context=SMOKE_TESTING, grupoInstancias=Pedidos, smk-08=, narrative=Narrative[inOrderTo=,asA=,iWantTo=,soThat=], title=Elaborar um pedido com cartão de crédito, issue=smk-08, description=, givenStories=, tag=component:Smoke testing - RELOH, path=stories/pedido/pedido_cartao_credito.story}] excluded by filter 'groovy: (issue == 'rgs-35' || issue == 'rgs-36' || issue == 'rgs-37' || issue == 'rgs-38' || issue == 'rgs-39' || issue == 'rgs-40')'
1 stories excluded by filter: groovy: (issue == 'rgs-35' || issue == 'rgs-36' || issue == 'rgs-37' || issue == 'rgs-38' || issue == 'rgs-39' || issue == 'rgs-40')


(AfterStories)

Generating reports view to '/home/pedro/Documentos/Automação/testes-automatizados/mv-lojas-bdd/target/jbehave' using formats '[stats, console, html, xml, serenityreporter]' and view properties '{decorateNonHtml=true}'
Reports view generated with 5 stories (of which 0 pending) containing 4 scenarios (of which 0 pending)
Failures in reports view: 4 scenarios failed
Processing system properties {}
Using controls EmbedderControls[batch=false,skip=false,generateViewAfterStories=true,ignoreFailureInStories=false,ignoreFailureInView=true,verboseFailures=false,verboseFiltering=false,storyTimeouts=10000,threads=1,failOnStoryTimeout=false]
Meta[properties={narrative=Narrative[inOrderTo=,asA=,iWantTo=,soThat=], description=, path=stories/cadastros/cadastro_roteirizacao.story}] excluded by filter 'groovy: (issue == 'rgs-35' || issue == 'rgs-36' || issue == 'rgs-37' || issue == 'rgs-38' || issue == 'rgs-39' || issue == 'rgs-40')'
Meta[properties={examplesTable=, base=RELOH, context=CADASTROS, grupoInstancias=AdmCD, narrative=Narrative[inOrderTo=,asA=,iWantTo=,soThat=], title=Cadastra um roteiro, issue=cad-01, cad-01=, description=, givenStories=, path=stories/cadastros/cadastro_roteirizacao.story, tag=component:Regressao - RELOH}] excluded by filter 'groovy: (issue == 'rgs-35' || issue == 'rgs-36' || issue == 'rgs-37' || issue == 'rgs-38' || issue == 'rgs-39' || issue == 'rgs-40')'
Meta[properties={examplesTable=, base=RELOH, context=CADASTROS, grupoInstancias=AdmCD, narrative=Narrative[inOrderTo=,asA=,iWantTo=,soThat=], title=Cadastra uma rota, issue=cad-01, cad-01=, description=, givenStories=, path=stories/cadastros/cadastro_roteirizacao.story, tag=component:Regressao - RELOH}] excluded by filter 'groovy: (issue == 'rgs-35' || issue == 'rgs-36' || issue == 'rgs-37' || issue == 'rgs-38' || issue == 'rgs-39' || issue == 'rgs-40')'
Meta[properties={examplesTable=, base=RELOH, context=CADASTROS, grupoInstancias=AdmCD, narrative=Narrative[inOrderTo=,asA=,iWantTo=,soThat=], title=Cadastra uma sequencia de empenho, issue=cad-01, cad-01=, description=, givenStories=, path=stories/cadastros/cadastro_roteirizacao.story, tag=component:Regressao - RELOH}] excluded by filter 'groovy: (issue == 'rgs-35' || issue == 'rgs-36' || issue == 'rgs-37' || issue == 'rgs-38' || issue == 'rgs-39' || issue == 'rgs-40')'

(BeforeStories)

Meta[properties={narrative=Narrative[inOrderTo=,asA=,iWantTo=,soThat=], description=, path=stories/cadastros/cadastro_roteirizacao.story}] excluded by filter 'groovy: (issue == 'rgs-35' || issue == 'rgs-36' || issue == 'rgs-37' || issue == 'rgs-38' || issue == 'rgs-39' || issue == 'rgs-40')'
Meta[properties={examplesTable=, base=RELOH, context=CADASTROS, grupoInstancias=AdmCD, narrative=Narrative[inOrderTo=,asA=,iWantTo=,soThat=], title=Cadastra um roteiro, issue=cad-01, cad-01=, description=, givenStories=, path=stories/cadastros/cadastro_roteirizacao.story, tag=component:Regressao - RELOH}] excluded by filter 'groovy: (issue == 'rgs-35' || issue == 'rgs-36' || issue == 'rgs-37' || issue == 'rgs-38' || issue == 'rgs-39' || issue == 'rgs-40')'
Meta[properties={examplesTable=, base=RELOH, context=CADASTROS, grupoInstancias=AdmCD, narrative=Narrative[inOrderTo=,asA=,iWantTo=,soThat=], title=Cadastra uma rota, issue=cad-01, cad-01=, description=, givenStories=, path=stories/cadastros/cadastro_roteirizacao.story, tag=component:Regressao - RELOH}] excluded by filter 'groovy: (issue == 'rgs-35' || issue == 'rgs-36' || issue == 'rgs-37' || issue == 'rgs-38' || issue == 'rgs-39' || issue == 'rgs-40')'
Meta[properties={examplesTable=, base=RELOH, context=CADASTROS, grupoInstancias=AdmCD, narrative=Narrative[inOrderTo=,asA=,iWantTo=,soThat=], title=Cadastra uma sequencia de empenho, issue=cad-01, cad-01=, description=, givenStories=, path=stories/cadastros/cadastro_roteirizacao.story, tag=component:Regressao - RELOH}] excluded by filter 'groovy: (issue == 'rgs-35' || issue == 'rgs-36' || issue == 'rgs-37' || issue == 'rgs-38' || issue == 'rgs-39' || issue == 'rgs-40')'
1 stories excluded by filter: groovy: (issue == 'rgs-35' || issue == 'rgs-36' || issue == 'rgs-37' || issue == 'rgs-38' || issue == 'rgs-39' || issue == 'rgs-40')


(AfterStories)

Generating reports view to '/home/pedro/Documentos/Automação/testes-automatizados/mv-lojas-bdd/target/jbehave' using formats '[stats, console, html, xml, serenityreporter]' and view properties '{decorateNonHtml=true}'
Reports view generated with 5 stories (of which 0 pending) containing 4 scenarios (of which 0 pending)
Failures in reports view: 4 scenarios failed
Processing system properties {}
Using controls EmbedderControls[batch=false,skip=false,generateViewAfterStories=true,ignoreFailureInStories=false,ignoreFailureInView=true,verboseFailures=false,verboseFiltering=false,storyTimeouts=10000,threads=1,failOnStoryTimeout=false]
Meta[properties={narrative=Narrative[inOrderTo=,asA=,iWantTo=,soThat=], description=, path=stories/processos/troca_devolucao_regra2.story}] excluded by filter 'groovy: (issue == 'rgs-35' || issue == 'rgs-36' || issue == 'rgs-37' || issue == 'rgs-38' || issue == 'rgs-39' || issue == 'rgs-40')'
Meta[properties={examplesTable=, base=RELOH, context=PROCESSOS, grupoInstancias=Pedidos, narrative=Narrative[inOrderTo=,asA=,iWantTo=,soThat=], title=Elaborar um pedido a vista, issue=trkdev-01, trkdev-01=, description=, givenStories=, path=stories/processos/troca_devolucao_regra2.story, tag=component:Smoke testing - RELOH}] excluded by filter 'groovy: (issue == 'rgs-35' || issue == 'rgs-36' || issue == 'rgs-37' || issue == 'rgs-38' || issue == 'rgs-39' || issue == 'rgs-40')'
Meta[properties={examplesTable=, base=RELOH, context=PROCESSOS, grupoInstancias=Caixa, narrative=Narrative[inOrderTo=,asA=,iWantTo=,soThat=], title=Efetua o recebimento do pedido, issue=trkdev-01, trkdev-01=, description=, givenStories=, path=stories/processos/troca_devolucao_regra2.story, tag=component:Regressão - RELOH}] excluded by filter 'groovy: (issue == 'rgs-35' || issue == 'rgs-36' || issue == 'rgs-37' || issue == 'rgs-38' || issue == 'rgs-39' || issue == 'rgs-40')'
Meta[properties={examplesTable=, base=RELOH, context=PROCESSOS, grupoInstancias=AdmCD, narrative=Narrative[inOrderTo=,asA=,iWantTo=,soThat=], title=Elaboração de Pré-recibo, issue=trkdev-01, trkdev-01=, description=, givenStories=, path=stories/processos/troca_devolucao_regra2.story, tag=component:Regressão - RELOH}] excluded by filter 'groovy: (issue == 'rgs-35' || issue == 'rgs-36' || issue == 'rgs-37' || issue == 'rgs-38' || issue == 'rgs-39' || issue == 'rgs-40')'
Meta[properties={examplesTable=, base=RELOH, context=PROCESSOS, grupoInstancias=AdmCD, narrative=Narrative[inOrderTo=,asA=,iWantTo=,soThat=], title=Emissao Nota Fiscal Avulsa, issue=trkdev-01, trkdev-01=, description=, givenStories=, path=stories/processos/troca_devolucao_regra2.story, tag=component:Regressão - RELOH}] excluded by filter 'groovy: (issue == 'rgs-35' || issue == 'rgs-36' || issue == 'rgs-37' || issue == 'rgs-38' || issue == 'rgs-39' || issue == 'rgs-40')'
Meta[properties={examplesTable=, base=RELOH, context=PROCESSOS, grupoInstancias=AdmCD, narrative=Narrative[inOrderTo=,asA=,iWantTo=,soThat=], title=Controles Devolução de Produtos, issue=trkdev-01, trkdev-01=, description=, givenStories=, path=stories/processos/troca_devolucao_regra2.story, tag=component:Regressão - RELOH}] excluded by filter 'groovy: (issue == 'rgs-35' || issue == 'rgs-36' || issue == 'rgs-37' || issue == 'rgs-38' || issue == 'rgs-39' || issue == 'rgs-40')'

(BeforeStories)

Meta[properties={narrative=Narrative[inOrderTo=,asA=,iWantTo=,soThat=], description=, path=stories/processos/troca_devolucao_regra2.story}] excluded by filter 'groovy: (issue == 'rgs-35' || issue == 'rgs-36' || issue == 'rgs-37' || issue == 'rgs-38' || issue == 'rgs-39' || issue == 'rgs-40')'
Meta[properties={examplesTable=, base=RELOH, context=PROCESSOS, grupoInstancias=Pedidos, narrative=Narrative[inOrderTo=,asA=,iWantTo=,soThat=], title=Elaborar um pedido a vista, issue=trkdev-01, trkdev-01=, description=, givenStories=, path=stories/processos/troca_devolucao_regra2.story, tag=component:Smoke testing - RELOH}] excluded by filter 'groovy: (issue == 'rgs-35' || issue == 'rgs-36' || issue == 'rgs-37' || issue == 'rgs-38' || issue == 'rgs-39' || issue == 'rgs-40')'
Meta[properties={examplesTable=, base=RELOH, context=PROCESSOS, grupoInstancias=Caixa, narrative=Narrative[inOrderTo=,asA=,iWantTo=,soThat=], title=Efetua o recebimento do pedido, issue=trkdev-01, trkdev-01=, description=, givenStories=, path=stories/processos/troca_devolucao_regra2.story, tag=component:Regressão - RELOH}] excluded by filter 'groovy: (issue == 'rgs-35' || issue == 'rgs-36' || issue == 'rgs-37' || issue == 'rgs-38' || issue == 'rgs-39' || issue == 'rgs-40')'
Meta[properties={examplesTable=, base=RELOH, context=PROCESSOS, grupoInstancias=AdmCD, narrative=Narrative[inOrderTo=,asA=,iWantTo=,soThat=], title=Elaboração de Pré-recibo, issue=trkdev-01, trkdev-01=, description=, givenStories=, path=stories/processos/troca_devolucao_regra2.story, tag=component:Regressão - RELOH}] excluded by filter 'groovy: (issue == 'rgs-35' || issue == 'rgs-36' || issue == 'rgs-37' || issue == 'rgs-38' || issue == 'rgs-39' || issue == 'rgs-40')'
Meta[properties={examplesTable=, base=RELOH, context=PROCESSOS, grupoInstancias=AdmCD, narrative=Narrative[inOrderTo=,asA=,iWantTo=,soThat=], title=Emissao Nota Fiscal Avulsa, issue=trkdev-01, trkdev-01=, description=, givenStories=, path=stories/processos/troca_devolucao_regra2.story, tag=component:Regressão - RELOH}] excluded by filter 'groovy: (issue == 'rgs-35' || issue == 'rgs-36' || issue == 'rgs-37' || issue == 'rgs-38' || issue == 'rgs-39' || issue == 'rgs-40')'
Meta[properties={examplesTable=, base=RELOH, context=PROCESSOS, grupoInstancias=AdmCD, narrative=Narrative[inOrderTo=,asA=,iWantTo=,soThat=], title=Controles Devolução de Produtos, issue=trkdev-01, trkdev-01=, description=, givenStories=, path=stories/processos/troca_devolucao_regra2.story, tag=component:Regressão - RELOH}] excluded by filter 'groovy: (issue == 'rgs-35' || issue == 'rgs-36' || issue == 'rgs-37' || issue == 'rgs-38' || issue == 'rgs-39' || issue == 'rgs-40')'
1 stories excluded by filter: groovy: (issue == 'rgs-35' || issue == 'rgs-36' || issue == 'rgs-37' || issue == 'rgs-38' || issue == 'rgs-39' || issue == 'rgs-40')


(AfterStories)

Generating reports view to '/home/pedro/Documentos/Automação/testes-automatizados/mv-lojas-bdd/target/jbehave' using formats '[stats, console, html, xml, serenityreporter]' and view properties '{decorateNonHtml=true}'
Reports view generated with 5 stories (of which 0 pending) containing 4 scenarios (of which 0 pending)
Failures in reports view: 4 scenarios failed
Processing system properties {}
Using controls EmbedderControls[batch=false,skip=false,generateViewAfterStories=true,ignoreFailureInStories=false,ignoreFailureInView=true,verboseFailures=false,verboseFiltering=false,storyTimeouts=10000,threads=1,failOnStoryTimeout=false]
Meta[properties={narrative=Narrative[inOrderTo=,asA=,iWantTo=,soThat=], description=, path=stories/pedido/pedido_promocao_kit35.story}] excluded by filter 'groovy: (issue == 'rgs-35' || issue == 'rgs-36' || issue == 'rgs-37' || issue == 'rgs-38' || issue == 'rgs-39' || issue == 'rgs-40')'

(BeforeStories)

Meta[properties={narrative=Narrative[inOrderTo=,asA=,iWantTo=,soThat=], description=, path=stories/pedido/pedido_promocao_kit35.story}] excluded by filter 'groovy: (issue == 'rgs-35' || issue == 'rgs-36' || issue == 'rgs-37' || issue == 'rgs-38' || issue == 'rgs-39' || issue == 'rgs-40')'
Running story stories/pedido/pedido_promocao_kit35.story

(stories/pedido/pedido_promocao_kit35.story)
Story name for stories/pedido/pedido_promocao_kit35.story => TestTag{name='Pedido/Pedido promocao kit35', type='story'}
Story name for stories/pedido/pedido_promocao_kit35.story => TestTag{name='Pedido/Pedido promocao kit35', type='story'}
Scenario: Elaborar um pedido a vista com DEPOSITO/RETIRADA OUTRA LOJA COM RESERVA DEPOSITO
Meta:
@base RELOH
@context PEDIDOS
@grupoInstancias Pedidos
@issue rgs-35
@rgs-35 
@tag component:Regressão - RELOH

Meu profile setado!! S2
Separator = ;
Using timeout for story pedido_promocao_kit35.story of 10000 secs.
DECLARE    BEGIN 	 update mv_item_kit set qtde_produto = 1, ind_permite_venda_avulsa = 1, flag_item_principal = 'N', ind_permite_promocao_item = 1 where nro_produto in (139757) and nro_kit = 2300; update mv_item_kit set qtde_produto = 1, ind_permite_venda_avulsa = 0, flag_item_principal = 'N', ind_permite_promocao_item = 1 where nro_produto in (139755,139765) and nro_kit = 2300;  END; 
Given Eu executo o script de reset pedido_kit_com_promocao35.sql
meta: {grupoInstancias=Pedidos, issue=rgs-35, context=PEDIDOS, rgs-35=, tag=component:Regressão - RELOH, base=RELOH}
GrupoInstâncias: Pedidos
Base: RELOH
urlPadrao: http://10.30.232.18:8080/lojas/seguranca?action=login
And Eu acesso a instancia padrao
When Eu faco login na loja 291 com usuario 69930 e senha 1
And Eu pesquiso o cpf 37778670550
And Eu clico no botao 'Elaborar Pedido'
And Eu seleciono o tipo de venda 1 - A VISTA
And Eu clico no botao adicionar produto
And Eu pesquiso o produto 139756
And Eu deixo o produto sem promocao
And Eu clico no botao Kit
And Eu seleciono o kit 2300
And Eu seleciono a promocao de valor 1.000,00 (FAILED)
(org.openqa.selenium.ElementClickInterceptedException: Element <input class="ace radio-seleciona-promocao" name="form-field-radio-promocao" type="radio"> is not clickable at point (522,257.3333282470703) because another element <div id="_mv_aguarde_" class=""> obscures it
Build info: version: '3.12.0', revision: '7c6e0b3', time: '2018-05-08T14:04:26.12Z'
System info: host: 'WS-SBDEV-851', ip: '127.0.1.1', os.name: 'Linux', os.arch: 'amd64', os.version: '4.8.0-53-generic', java.version: '1.8.0_162'
Driver info: org.openqa.selenium.remote.RemoteWebDriver
Capabilities {acceptInsecureCerts: true, browserName: firefox, browserVersion: 59.0.2, javascriptEnabled: true, moz:accessibilityChecks: false, moz:headless: false, moz:processID: 29178, moz:profile: /tmp/rust_mozprofile.mq7FGZ..., moz:useNonSpecCompliantPointerOrigin: false, moz:webdriverClick: true, pageLoadStrategy: normal, platform: LINUX, platformName: LINUX, platformVersion: 4.8.0-53-generic, rotatable: false, timeouts: {implicit: 0, pageLoad: 300000, script: 30000}}
Session ID: 87f20083-6a06-4158-9070-ec9052c49719)
And Eu clico no botao Selecionar Produto (NOT PERFORMED)
And Eu clico no icone detalhes do produto 139756 (NOT PERFORMED)
And Eu seleciono o local de empenho DEPOSITO (NOT PERFORMED)
And Eu seleciono a opcao de entrega AGENDADA (NOT PERFORMED)
And Eu informo a flag entrega como SIM (NOT PERFORMED)
And Eu clico no botao Agendada (NOT PERFORMED)
And Eu seleciono uma data disponivel (NOT PERFORMED)
And Eu clico no botao Reservar (NOT PERFORMED)
And Eu clico na aba Serviços (NOT PERFORMED)
And Eu clico em adicionar servico (NOT PERFORMED)
And Eu adiciono o servico 209514 (NOT PERFORMED)
And Eu altero a quantidade do servico 209514 para 3 (NOT PERFORMED)
!-- And Eu removo o servico 163594
And Eu altero o valor unitario do servico 104141 para 27,00 (NOT PERFORMED)
And Eu clico na aba Garantia (NOT PERFORMED)
!-- And Eu removo a garantia 192434 do produto 139754
And Eu removo a garantia 144765 do produto 139754 (NOT PERFORMED)
And Eu informo o usuario 6699 e senha 1 para validar exclusao (NOT PERFORMED)
And Eu clico na aba Produto (NOT PERFORMED)
And Eu clico no produto 139754 (NOT PERFORMED)
And Eu clico na aba Garantia (NOT PERFORMED)
!-- And Eu clico no botao Adicionar Garantia
!-- And Eu seleciono a garantia 192434
And Eu clico no botao Adicionar Garantia (NOT PERFORMED)
And Eu seleciono a garantia 144765 (NOT PERFORMED)
And Eu clico na aba Garantia (NOT PERFORMED)
!-- And Eu removo a garantia 192434 do produto 139763
And Eu removo a garantia 144765 do produto 139763 (NOT PERFORMED)
And Eu informo o usuario 6699 e senha 1 para validar exclusao (NOT PERFORMED)
And Eu clico na aba Produto (NOT PERFORMED)
And Eu clico no produto 139763 (NOT PERFORMED)
And Eu clico na aba Garantia (NOT PERFORMED)
!-- And Eu clico no botao Adicionar Garantia
!-- And Eu seleciono a garantia 192434
And Eu clico no botao Adicionar Garantia (NOT PERFORMED)
And Eu seleciono a garantia 144765 (NOT PERFORMED)
And Eu clico na aba Planilha (NOT PERFORMED)
And Eu clico no botao Adicionar Forma Pagamento (NOT PERFORMED)
And Eu seleciono o 1 º tipo de pagamento V (NOT PERFORMED)
And Eu seleciono a 1 ª forma de pagamento Dinheiro (NOT PERFORMED)
Then Eu clico no botao Salvar (NOT PERFORMED)
And Eu clico no botao Ok do modal (NOT PERFORMED)
And Eu clico no botao Fechamento Total (NOT PERFORMED)
And Eu valido o status do pedido 30 - Ag. Receb. ou em Analise p/Troca Minha Casa Melhor (NOT PERFORMED)
!-- And Eu salvo o pedido do teste @rgs-35 no relatorio

org.openqa.selenium.ElementClickInterceptedException: Element <input class="ace radio-seleciona-promocao" name="form-field-radio-promocao" type="radio"> is not clickable at point (522,257.3333282470703) because another element <div id="_mv_aguarde_" class=""> obscures it
Build info: version: '3.12.0', revision: '7c6e0b3', time: '2018-05-08T14:04:26.12Z'
System info: host: 'WS-SBDEV-851', ip: '127.0.1.1', os.name: 'Linux', os.arch: 'amd64', os.version: '4.8.0-53-generic', java.version: '1.8.0_162'
Driver info: org.openqa.selenium.remote.RemoteWebDriver
Capabilities {acceptInsecureCerts: true, browserName: firefox, browserVersion: 59.0.2, javascriptEnabled: true, moz:accessibilityChecks: false, moz:headless: false, moz:processID: 29178, moz:profile: /tmp/rust_mozprofile.mq7FGZ..., moz:useNonSpecCompliantPointerOrigin: false, moz:webdriverClick: true, pageLoadStrategy: normal, platform: LINUX, platformName: LINUX, platformVersion: 4.8.0-53-generic, rotatable: false, timeouts: {implicit: 0, pageLoad: 300000, script: 30000}}
Session ID: 87f20083-6a06-4158-9070-ec9052c49719
	(reflection-construct)
	at org.openqa.selenium.remote.http.W3CHttpResponseCodec.createException(W3CHttpResponseCodec.java:187)
	at org.openqa.selenium.remote.http.W3CHttpResponseCodec.decode(W3CHttpResponseCodec.java:122)
	at org.openqa.selenium.remote.http.W3CHttpResponseCodec.decode(W3CHttpResponseCodec.java:49)
	at org.openqa.selenium.remote.HttpCommandExecutor.execute(HttpCommandExecutor.java:158)
	at org.openqa.selenium.remote.RemoteWebDriver.execute(RemoteWebDriver.java:543)
	at org.openqa.selenium.remote.RemoteWebElement.execute(RemoteWebElement.java:276)
	at org.openqa.selenium.remote.RemoteWebElement.click(RemoteWebElement.java:83)
	at net.serenitybdd.core.pages.WebElementFacadeImpl.click(WebElementFacadeImpl.java:981)
	at br.com.mv.pages.ConsultaPromocaoModal.selecionarPromocao(ConsultaPromocaoModal.java:56)
	at br.com.mv.steps.ConsultaProdutoSteps.euSelecionoAPromocao(ConsultaProdutoSteps.java:97)
	(reflection-invoke)
	at org.jbehave.core.steps.StepCreator$ParametrisedStep.perform(StepCreator.java:733)
	at org.jbehave.core.embedder.PerformableTree$FineSoFar.run(PerformableTree.java:346)
...


(AfterStories)

Generating reports view to '/home/pedro/Documentos/Automação/testes-automatizados/mv-lojas-bdd/target/jbehave' using formats '[stats, console, html, xml, serenityreporter]' and view properties '{decorateNonHtml=true}'
Reports view generated with 6 stories (of which 0 pending) containing 5 scenarios (of which 0 pending)
Failures in reports view: 5 scenarios failed
]]></system-out>
    <system-err><![CDATA[[main] INFO net.serenitybdd.core.Serenity - Test Suite Started: Atendimento cliente recibo troca pedido faturado
[main] INFO net.serenitybdd.core.Serenity - 
 _____ _____ ____ _____   ____ _____  _    ____ _____ _____ ____  
|_   _| ____/ ___|_   _| / ___|_   _|/ \  |  _ \_   _| ____|  _ \ 
  | | |  _| \___ \ | |   \___ \ | | / _ \ | |_) || | |  _| | | | |
  | | | |___ ___) || |    ___) || |/ ___ \|  _ < | | | |___| |_| |
  |_| |_____|____/ |_|   |____/ |_/_/   \_\_| \_\|_| |_____|____/ 
                                                                  

TEST STARTED: Elaborar um pedido a vista com empenho em loja/normal
-------------------------------------------------------------------(stories/processos/atendimento_cliente_recibo_troca_pedido_faturado.story;Elaborar um pedido a vista com empenho em loja/normal)
[main] INFO net.serenitybdd.core.Serenity - &amp#27;[33mTEST SKIPPED&amp#27;[0m
[main] INFO net.serenitybdd.core.Serenity - &amp#27;[33mTEST SKIPPED&amp#27;[0m
[main] INFO net.serenitybdd.core.Serenity - &amp#27;[33mTEST SKIPPED&amp#27;[0m
[main] INFO net.serenitybdd.core.Serenity - 
 _____ _____ ____ _____   ____ _____  _    ____ _____ _____ ____  
|_   _| ____/ ___|_   _| / ___|_   _|/ \  |  _ \_   _| ____|  _ \ 
  | | |  _| \___ \ | |   \___ \ | | / _ \ | |_) || | |  _| | | | |
  | | | |___ ___) || |    ___) || |/ ___ \|  _ < | | | |___| |_| |
  |_| |_____|____/ |_|   |____/ |_/_/   \_\_| \_\|_| |_____|____/ 
                                                                  

TEST STARTED: Efetua o recebimento do pedido
-------------------------------------------------------------------(stories/processos/atendimento_cliente_recibo_troca_pedido_faturado.story;Efetua o recebimento do pedido)
[main] INFO net.serenitybdd.core.Serenity - &amp#27;[33mTEST SKIPPED&amp#27;[0m
[main] INFO net.serenitybdd.core.Serenity - &amp#27;[33mTEST SKIPPED&amp#27;[0m
[main] INFO net.serenitybdd.core.Serenity - &amp#27;[33mTEST SKIPPED&amp#27;[0m
[main] INFO net.serenitybdd.core.Serenity - 
 _____ _____ ____ _____   ____ _____  _    ____ _____ _____ ____  
|_   _| ____/ ___|_   _| / ___|_   _|/ \  |  _ \_   _| ____|  _ \ 
  | | |  _| \___ \ | |   \___ \ | | / _ \ | |_) || | |  _| | | | |
  | | | |___ ___) || |    ___) || |/ ___ \|  _ < | | | |___| |_| |
  |_| |_____|____/ |_|   |____/ |_/_/   \_\_| \_\|_| |_____|____/ 
                                                                  

TEST STARTED: Fatura o pedido recebido
-------------------------------------------------------------------(stories/processos/atendimento_cliente_recibo_troca_pedido_faturado.story;Fatura o pedido recebido)
[main] INFO net.serenitybdd.core.Serenity - &amp#27;[33mTEST SKIPPED&amp#27;[0m
[main] INFO net.serenitybdd.core.Serenity - &amp#27;[33mTEST SKIPPED&amp#27;[0m
[main] INFO net.serenitybdd.core.Serenity - &amp#27;[33mTEST SKIPPED&amp#27;[0m
[main] INFO net.serenitybdd.core.Serenity - 
 _____ _____ ____ _____   ____ _____  _    ____ _____ _____ ____  
|_   _| ____/ ___|_   _| / ___|_   _|/ \  |  _ \_   _| ____|  _ \ 
  | | |  _| \___ \ | |   \___ \ | | / _ \ | |_) || | |  _| | | | |
  | | | |___ ___) || |    ___) || |/ ___ \|  _ < | | | |___| |_| |
  |_| |_____|____/ |_|   |____/ |_/_/   \_\_| \_\|_| |_____|____/ 
                                                                  

TEST STARTED: Elaborar um atendimento para o pedido realizado
-------------------------------------------------------------------(stories/processos/atendimento_cliente_recibo_troca_pedido_faturado.story;Elaborar um atendimento para o pedido realizado)
[main] INFO net.serenitybdd.core.Serenity - &amp#27;[33mTEST SKIPPED&amp#27;[0m
[main] INFO net.serenitybdd.core.Serenity - &amp#27;[33mTEST SKIPPED&amp#27;[0m
[main] INFO net.serenitybdd.core.Serenity - &amp#27;[33mTEST SKIPPED&amp#27;[0m
[main] INFO net.serenitybdd.core.Serenity - 
 _____ _____ ____ _____   ____ _____  _    ____ _____ _____ ____  
|_   _| ____/ ___|_   _| / ___|_   _|/ \  |  _ \_   _| ____|  _ \ 
  | | |  _| \___ \ | |   \___ \ | | / _ \ | |_) || | |  _| | | | |
  | | | |___ ___) || |    ___) || |/ ___ \|  _ < | | | |___| |_| |
  |_| |_____|____/ |_|   |____/ |_/_/   \_\_| \_\|_| |_____|____/ 
                                                                  

TEST STARTED: Realiza Controle de Faturamento
-------------------------------------------------------------------(stories/processos/atendimento_cliente_recibo_troca_pedido_faturado.story;Realiza Controle de Faturamento)
[main] INFO net.serenitybdd.core.Serenity - &amp#27;[33mTEST SKIPPED&amp#27;[0m
[main] INFO net.serenitybdd.core.Serenity - &amp#27;[33mTEST SKIPPED&amp#27;[0m
[main] INFO net.serenitybdd.core.Serenity - &amp#27;[33mTEST SKIPPED&amp#27;[0m
[main] INFO net.serenitybdd.core.Serenity - 
 _____ _____ ____ _____   ____ _____  _    ____ _____ _____ ____  
|_   _| ____/ ___|_   _| / ___|_   _|/ \  |  _ \_   _| ____|  _ \ 
  | | |  _| \___ \ | |   \___ \ | | / _ \ | |_) || | |  _| | | | |
  | | | |___ ___) || |    ___) || |/ ___ \|  _ < | | | |___| |_| |
  |_| |_____|____/ |_|   |____/ |_/_/   \_\_| \_\|_| |_____|____/ 
                                                                  

TEST STARTED: Realiza o Recolhimento de Produto
-------------------------------------------------------------------(stories/processos/atendimento_cliente_recibo_troca_pedido_faturado.story;Realiza o Recolhimento de Produto)
[main] INFO net.serenitybdd.core.Serenity - &amp#27;[33mTEST SKIPPED&amp#27;[0m
[main] INFO net.serenitybdd.core.Serenity - &amp#27;[33mTEST SKIPPED&amp#27;[0m
[main] INFO net.serenitybdd.core.Serenity - &amp#27;[33mTEST SKIPPED&amp#27;[0m
[main] INFO net.serenitybdd.core.Serenity - 
 _____ _____ ____ _____   ____ _____  _    ____ _____ _____ ____  
|_   _| ____/ ___|_   _| / ___|_   _|/ \  |  _ \_   _| ____|  _ \ 
  | | |  _| \___ \ | |   \___ \ | | / _ \ | |_) || | |  _| | | | |
  | | | |___ ___) || |    ___) || |/ ___ \|  _ < | | | |___| |_| |
  |_| |_____|____/ |_|   |____/ |_/_/   \_\_| \_\|_| |_____|____/ 
                                                                  

TEST STARTED: Elaborar um pedido utilizando o recibo de troca
-------------------------------------------------------------------(stories/processos/atendimento_cliente_recibo_troca_pedido_faturado.story;Elaborar um pedido utilizando o recibo de troca)
[main] INFO net.serenitybdd.core.Serenity - &amp#27;[33mTEST SKIPPED&amp#27;[0m
[main] INFO net.serenitybdd.core.Serenity - &amp#27;[33mTEST SKIPPED&amp#27;[0m
[main] INFO net.serenitybdd.core.Serenity - &amp#27;[33mTEST SKIPPED&amp#27;[0m
[main] INFO net.serenitybdd.core.Serenity - 
 _____ _____ ____ _____   ____ _____  _    ____ _____ _____ ____  
|_   _| ____/ ___|_   _| / ___|_   _|/ \  |  _ \_   _| ____|  _ \ 
  | | |  _| \___ \ | |   \___ \ | | / _ \ | |_) || | |  _| | | | |
  | | | |___ ___) || |    ___) || |/ ___ \|  _ < | | | |___| |_| |
  |_| |_____|____/ |_|   |____/ |_/_/   \_\_| \_\|_| |_____|____/ 
                                                                  

TEST STARTED: Efetua o recebimento do pedido feito com recibo de troca
-------------------------------------------------------------------(stories/processos/atendimento_cliente_recibo_troca_pedido_faturado.story;Efetua o recebimento do pedido feito com recibo de troca)
[main] INFO net.serenitybdd.core.Serenity - &amp#27;[33mTEST SKIPPED&amp#27;[0m
[main] INFO net.serenitybdd.core.Serenity - &amp#27;[33mTEST SKIPPED&amp#27;[0m
[main] INFO net.serenitybdd.core.Serenity - &amp#27;[33mTEST SKIPPED&amp#27;[0m
[pool-555-thread-1] INFO net.thucydides.core.reports.json.JSONTestOutcomeReporter - Generating JSON report for Elaborar um pedido a vista com empenho em loja/normal to file /home/pedro/Documentos/Automação/testes-automatizados/mv-lojas-bdd/target/site/serenity/366d773bfe6e85158cd2a4f9a728871931c39469929a7e2dd472adf339178382.json (using temp file /home/pedro/Documentos/Automação/testes-automatizados/mv-lojas-bdd/target/site/serenity/366d773bfe6e85158cd2a4f9a728871931c39469929a7e2dd472adf339178382.jsone0146121-39ce-4a64-88fd-14a825e40e24)
[pool-555-thread-3] INFO net.thucydides.core.reports.json.JSONTestOutcomeReporter - Generating JSON report for Fatura o pedido recebido to file /home/pedro/Documentos/Automação/testes-automatizados/mv-lojas-bdd/target/site/serenity/c7e5aebc9a62e5f713a55ac8aa89e6e84eebce759da7341491b93f572705c277.json (using temp file /home/pedro/Documentos/Automação/testes-automatizados/mv-lojas-bdd/target/site/serenity/c7e5aebc9a62e5f713a55ac8aa89e6e84eebce759da7341491b93f572705c277.json64548ad5-22ce-4784-9891-abea7a851962)
[pool-555-thread-3] INFO net.thucydides.core.reports.json.JSONTestOutcomeReporter - Generating JSON report for Realiza Controle de Faturamento to file /home/pedro/Documentos/Automação/testes-automatizados/mv-lojas-bdd/target/site/serenity/686f68bfe48c5b84f5f09932e282b567162ebc97ec1ab6a6e15c145b66740bf6.json (using temp file /home/pedro/Documentos/Automação/testes-automatizados/mv-lojas-bdd/target/site/serenity/686f68bfe48c5b84f5f09932e282b567162ebc97ec1ab6a6e15c145b66740bf6.json85169c42-2bec-47c6-8aad-5c7eadceb3bf)
[pool-555-thread-3] INFO net.thucydides.core.reports.json.JSONTestOutcomeReporter - Generating JSON report for Realiza o Recolhimento de Produto to file /home/pedro/Documentos/Automação/testes-automatizados/mv-lojas-bdd/target/site/serenity/05d3fcc652fddc49eac44ff96c6210a1b5baa260b4e60d9cbc84f003bd5a7d97.json (using temp file /home/pedro/Documentos/Automação/testes-automatizados/mv-lojas-bdd/target/site/serenity/05d3fcc652fddc49eac44ff96c6210a1b5baa260b4e60d9cbc84f003bd5a7d97.json432b9272-81b9-4e52-a254-cabad534509f)
[pool-555-thread-3] INFO net.thucydides.core.reports.json.JSONTestOutcomeReporter - Generating JSON report for Elaborar um pedido utilizando o recibo de troca to file /home/pedro/Documentos/Automação/testes-automatizados/mv-lojas-bdd/target/site/serenity/03917a5c0a9557b7955bbbbaefcee8f96d60dd1e127902fbce7e74c73ea18e8c.json (using temp file /home/pedro/Documentos/Automação/testes-automatizados/mv-lojas-bdd/target/site/serenity/03917a5c0a9557b7955bbbbaefcee8f96d60dd1e127902fbce7e74c73ea18e8c.json89c67a59-1563-4f21-b25a-a913bd196b98)
[pool-555-thread-1] INFO net.thucydides.core.reports.json.JSONTestOutcomeReporter - Generating JSON report for Efetua o recebimento do pedido feito com recibo de troca to file /home/pedro/Documentos/Automação/testes-automatizados/mv-lojas-bdd/target/site/serenity/c539f81e9739ab27e938dfd90a79098bae8936cbe563ee24463acf2e43a25158.json (using temp file /home/pedro/Documentos/Automação/testes-automatizados/mv-lojas-bdd/target/site/serenity/c539f81e9739ab27e938dfd90a79098bae8936cbe563ee24463acf2e43a25158.json3f59a2c5-b06b-41db-a743-78de4125443e)
[pool-555-thread-2] INFO net.thucydides.core.reports.json.JSONTestOutcomeReporter - Generating JSON report for Efetua o recebimento do pedido to file /home/pedro/Documentos/Automação/testes-automatizados/mv-lojas-bdd/target/site/serenity/ed71f03d5235e03676e776f9948d0d109a81bf2ccae6b0f70307f306b45c96ce.json (using temp file /home/pedro/Documentos/Automação/testes-automatizados/mv-lojas-bdd/target/site/serenity/ed71f03d5235e03676e776f9948d0d109a81bf2ccae6b0f70307f306b45c96ce.json72cd9683-bd9d-46f0-a7c2-c6babbd71a47)
[pool-555-thread-4] INFO net.thucydides.core.reports.json.JSONTestOutcomeReporter - Generating JSON report for Elaborar um atendimento para o pedido realizado to file /home/pedro/Documentos/Automação/testes-automatizados/mv-lojas-bdd/target/site/serenity/416ba1d9db85b750474700188c79d34c9670d27d2f42e5da6c96e56c35345e85.json (using temp file /home/pedro/Documentos/Automação/testes-automatizados/mv-lojas-bdd/target/site/serenity/416ba1d9db85b750474700188c79d34c9670d27d2f42e5da6c96e56c35345e85.json85826cda-fbe9-4752-862b-eda95620a249)
[pool-571-thread-1] INFO net.serenitybdd.jbehave.embedders.monitors.ReportingEmbedderMonitor - 1725600984story running with path stories/pedido/pedido_promocao_kit35.story
[pool-571-thread-1] ERROR net.serenitybdd.jbehave.embedders.monitors.ReportingEmbedderMonitor - can not find any story by path stories/pedido/pedido_promocao_kit35.story
[pool-571-thread-1] INFO net.serenitybdd.core.Serenity - Test Suite Started: Pedido promocao kit35
[pool-571-thread-1] INFO net.serenitybdd.core.Serenity - 
 _____ _____ ____ _____   ____ _____  _    ____ _____ _____ ____  
|_   _| ____/ ___|_   _| / ___|_   _|/ \  |  _ \_   _| ____|  _ \ 
  | | |  _| \___ \ | |   \___ \ | | / _ \ | |_) || | |  _| | | | |
  | | | |___ ___) || |    ___) || |/ ___ \|  _ < | | | |___| |_| |
  |_| |_____|____/ |_|   |____/ |_/_/   \_\_| \_\|_| |_____|____/ 
                                                                  

TEST STARTED: Elaborar um pedido a vista com DEPOSITO/RETIRADA OUTRA LOJA COM RESERVA DEPOSITO
-------------------------------------------------------------------(stories/pedido/pedido_promocao_kit35.story;Elaborar um pedido a vista com DEPOSITO/RETIRADA OUTRA LOJA COM RESERVA DEPOSITO)
ago 24, 2018 2:37:02 PM org.openqa.selenium.remote.DesiredCapabilities firefox
INFORMAÇÕES: Using `new FirefoxOptions()` is preferred to `DesiredCapabilities.firefox()`
ago 24, 2018 2:37:02 PM org.openqa.selenium.remote.DesiredCapabilities firefox
INFORMAÇÕES: Using `new FirefoxOptions()` is preferred to `DesiredCapabilities.firefox()`
1535132222785	geckodriver	INFO	geckodriver 0.20.1
1535132222791	geckodriver	INFO	Listening on 127.0.0.1:22208
1535132222837	mozrunner::runner	INFO	Running command: "/usr/bin/firefox" "-marionette" "-profile" "/tmp/rust_mozprofile.mq7FGZJ2QRJv"
1535132223910	addons.manager	DEBUG	Application has been upgraded
1535132223928	addons.manager	DEBUG	Loaded provider scope for resource://gre/modules/addons/XPIProvider.jsm: ["XPIProvider", "XPIInternal"]
1535132223930	addons.manager	DEBUG	Loaded provider scope for resource://gre/modules/LightweightThemeManager.jsm: ["LightweightThemeManager"]
1535132223948	addons.manager	DEBUG	Loaded provider scope for resource://gre/modules/addons/GMPProvider.jsm
1535132223950	addons.manager	DEBUG	Loaded provider scope for resource://gre/modules/addons/PluginProvider.jsm
1535132223950	addons.manager	DEBUG	Starting provider: XPIProvider
1535132223950	addons.xpi	DEBUG	startup
1535132223952	addons.xpi	INFO	SystemAddonInstallLocation directory is missing
1535132223952	addons.xpi	INFO	Removing all system add-on upgrades.
1535132223952	addons.xpi	DEBUG	checkForChanges
1535132223952	addons.xpi	DEBUG	Loaded add-on state: ${}
1535132223954	addons.xpi	INFO	Mapping activity-stream@mozilla.org to /usr/lib/firefox/browser/features/activity-stream@mozilla.org.xpi
1535132223954	addons.xpi	INFO	Mapping aushelper@mozilla.org to /usr/lib/firefox/browser/features/aushelper@mozilla.org.xpi
1535132223954	addons.xpi	INFO	Mapping firefox@getpocket.com to /usr/lib/firefox/browser/features/firefox@getpocket.com.xpi
1535132223954	addons.xpi	INFO	Mapping followonsearch@mozilla.com to /usr/lib/firefox/browser/features/followonsearch@mozilla.com.xpi
1535132223954	addons.xpi	INFO	Mapping formautofill@mozilla.org to /usr/lib/firefox/browser/features/formautofill@mozilla.org.xpi
1535132223954	addons.xpi	INFO	Mapping onboarding@mozilla.org to /usr/lib/firefox/browser/features/onboarding@mozilla.org.xpi
1535132223954	addons.xpi	INFO	Mapping screenshots@mozilla.org to /usr/lib/firefox/browser/features/screenshots@mozilla.org.xpi
1535132223954	addons.xpi	INFO	Mapping shield-recipe-client@mozilla.org to /usr/lib/firefox/browser/features/shield-recipe-client@mozilla.org.xpi
1535132223954	addons.xpi	INFO	Mapping webcompat@mozilla.org to /usr/lib/firefox/browser/features/webcompat@mozilla.org.xpi
1535132223956	addons.xpi	DEBUG	New add-on activity-stream@mozilla.org in app-system-defaults
1535132223956	addons.xpi	DEBUG	New add-on aushelper@mozilla.org in app-system-defaults
1535132223958	addons.xpi	DEBUG	New add-on firefox@getpocket.com in app-system-defaults
1535132223958	addons.xpi	DEBUG	New add-on followonsearch@mozilla.com in app-system-defaults
1535132223958	addons.xpi	DEBUG	New add-on formautofill@mozilla.org in app-system-defaults
1535132223958	addons.xpi	DEBUG	New add-on onboarding@mozilla.org in app-system-defaults
1535132223960	addons.xpi	DEBUG	New add-on screenshots@mozilla.org in app-system-defaults
1535132223960	addons.xpi	DEBUG	New add-on shield-recipe-client@mozilla.org in app-system-defaults
1535132223960	addons.xpi	DEBUG	New add-on webcompat@mozilla.org in app-system-defaults
1535132223960	addons.xpi	INFO	Mapping langpack-en-ZA@firefox.mozilla.org to /usr/lib/firefox/browser/extensions/langpack-en-ZA@firefox.mozilla.org.xpi
1535132223960	addons.xpi	INFO	Mapping langpack-en-GB@firefox.mozilla.org to /usr/lib/firefox/browser/extensions/langpack-en-GB@firefox.mozilla.org.xpi
1535132223960	addons.xpi	INFO	Mapping {972ce4c6-7e08-4474-a285-3208198ce6fd} to /usr/lib/firefox/browser/extensions/{972ce4c6-7e08-4474-a285-3208198ce6fd}.xpi
1535132223962	addons.xpi	DEBUG	New add-on langpack-en-ZA@firefox.mozilla.org in app-global
1535132223962	addons.xpi	DEBUG	New add-on langpack-en-GB@firefox.mozilla.org in app-global
1535132223962	addons.xpi	DEBUG	New add-on {972ce4c6-7e08-4474-a285-3208198ce6fd} in app-global
1535132223962	addons.xpi	DEBUG	getInstallState changed: true, state: {}
1535132223964	addons.xpi	INFO	SystemAddonInstallLocation directory is missing
1535132223968	addons.xpi-utils	DEBUG	Opening XPI database /tmp/rust_mozprofile.mq7FGZJ2QRJv/extensions.json
1535132223970	addons.xpi-utils	DEBUG	New add-on activity-stream@mozilla.org installed in app-system-defaults
*** Blocklist::_loadBlocklistFromFile: blocklist is disabled
1535132223996	addons.xpi-utils	DEBUG	New add-on aushelper@mozilla.org installed in app-system-defaults
1535132224000	addons.xpi-utils	DEBUG	New add-on firefox@getpocket.com installed in app-system-defaults
1535132224004	addons.xpi-utils	DEBUG	New add-on followonsearch@mozilla.com installed in app-system-defaults
1535132224008	addons.xpi-utils	DEBUG	New add-on formautofill@mozilla.org installed in app-system-defaults
1535132224012	addons.xpi-utils	DEBUG	New add-on onboarding@mozilla.org installed in app-system-defaults
1535132224014	addons.xpi-utils	DEBUG	New add-on screenshots@mozilla.org installed in app-system-defaults
1535132224020	addons.xpi-utils	DEBUG	New add-on shield-recipe-client@mozilla.org installed in app-system-defaults
1535132224024	addons.xpi-utils	DEBUG	New add-on webcompat@mozilla.org installed in app-system-defaults
1535132224028	addons.xpi-utils	DEBUG	New add-on langpack-en-ZA@firefox.mozilla.org installed in app-global
1535132224150	addons.xpi-utils	DEBUG	New add-on langpack-en-GB@firefox.mozilla.org installed in app-global
1535132224162	addons.xpi-utils	DEBUG	New add-on {972ce4c6-7e08-4474-a285-3208198ce6fd} installed in app-global
1535132224166	addons.manager	DEBUG	Registering startup change 'installed' for activity-stream@mozilla.org
1535132224170	addons.xpi	DEBUG	Loading bootstrap scope from /usr/lib/firefox/browser/features/activity-stream@mozilla.org.xpi
1535132224172	addons.xpi	DEBUG	Calling bootstrap method install on activity-stream@mozilla.org version 2018.02.17.0026-173e2795
1535132224172	addons.xpi-utils	DEBUG	Make addon app-system-defaults:activity-stream@mozilla.org visible
1535132224174	addons.xpi	DEBUG	Updating XPIState for {"id":"activity-stream@mozilla.org","syncGUID":"{0449f797-0629-40ca-8210-30b25a1ae541}","location":"app-system-defaults","version":"2018.02.17.0026-173e2795","type":"extension","internalName":null,"updateURL":null,"updateKey":null,"optionsURL":null,"optionsType":null,"aboutURL":null,"defaultLocale":{"name":"Activity Stream","description":"A rich visual history feed and a reimagined home page make it easier than ever to find exactly what you're looking for in Firefox.","creator":null,"homepageURL":null},"visible":true,"active":false,"userDisabled":false,"appDisabled":false,"installDate":1522183948000,"updateDate":1522183948000,"applyBackgroundUpdates":1,"bootstrap":true,"path":"/usr/lib/firefox/browser/features/activity-stream@mozilla.org.xpi","skinnable":false,"size":2766941,"sourceURI":null,"releaseNotesURI":null,"softDisabled":false,"foreignInstall":false,"hasBinaryComponents":false,"strictCompatibility":false,"locales":[],"targetApplications":[{"id":"{ec8030f7-c20a-464f-9b0e-13a3a9e97384}","minVersion":"59.0.2","maxVersion":"59.*"}],"targetPlatforms":[],"multiprocessCompatible":true,"seen":true,"dependencies":[],"hasEmbeddedWebExtension":false,"mpcOptedOut":false,"userPermissions":null,"icons":{},"iconURL":null,"icon64URL":null,"blocklistState":0,"blocklistURL":null,"startupData":null}
1535132224176	addons.manager	DEBUG	Registering startup change 'installed' for aushelper@mozilla.org
1535132224176	addons.xpi	DEBUG	Loading bootstrap scope from /usr/lib/firefox/browser/features/aushelper@mozilla.org.xpi
1535132224178	addons.xpi	DEBUG	Calling bootstrap method install on aushelper@mozilla.org version 2.0
1535132224178	addons.xpi-utils	DEBUG	Make addon app-system-defaults:aushelper@mozilla.org visible
1535132224178	addons.xpi	DEBUG	Updating XPIState for {"id":"aushelper@mozilla.org","syncGUID":"{ec7b8e4d-3d55-4812-8386-eda8bc757b56}","location":"app-system-defaults","version":"2.0","type":"extension","internalName":null,"updateURL":null,"updateKey":null,"optionsURL":null,"optionsType":null,"aboutURL":null,"defaultLocale":{"name":"Application Update Service Helper","description":"Sets value(s) in the update url based on custom checks.","creator":null,"homepageURL":null},"visible":true,"active":false,"userDisabled":false,"appDisabled":false,"installDate":1522183948000,"updateDate":1522183948000,"applyBackgroundUpdates":1,"bootstrap":true,"path":"/usr/lib/firefox/browser/features/aushelper@mozilla.org.xpi","skinnable":false,"size":8488,"sourceURI":null,"releaseNotesURI":null,"softDisabled":false,"foreignInstall":false,"hasBinaryComponents":false,"strictCompatibility":false,"locales":[],"targetApplications":[{"id":"{ec8030f7-c20a-464f-9b0e-13a3a9e97384}","minVersion":"59.0.2","maxVersion":"59.*"}],"targetPlatforms":[],"multiprocessCompatible":true,"seen":true,"dependencies":[],"hasEmbeddedWebExtension":false,"mpcOptedOut":false,"userPermissions":null,"icons":{},"iconURL":null,"icon64URL":null,"blocklistState":0,"blocklistURL":null,"startupData":null}
1535132224180	addons.manager	DEBUG	Registering startup change 'installed' for firefox@getpocket.com
1535132224180	addons.xpi	DEBUG	Loading bootstrap scope from /usr/lib/firefox/browser/features/firefox@getpocket.com.xpi
1535132224184	addons.xpi	DEBUG	Calling bootstrap method install on firefox@getpocket.com version 1.0.5
1535132224184	addons.xpi-utils	DEBUG	Make addon app-system-defaults:firefox@getpocket.com visible
1535132224186	addons.xpi	DEBUG	Updating XPIState for {"id":"firefox@getpocket.com","syncGUID":"{62002265-7f19-4556-95ed-fc32448625dc}","location":"app-system-defaults","version":"1.0.5","type":"extension","internalName":null,"updateURL":null,"updateKey":null,"optionsURL":null,"optionsType":null,"aboutURL":null,"defaultLocale":{"name":"Pocket","description":"When you find something you want to view later, put it in Pocket.","creator":null,"homepageURL":null},"visible":true,"active":false,"userDisabled":false,"appDisabled":false,"installDate":1522183948000,"updateDate":1522183948000,"applyBackgroundUpdates":1,"bootstrap":true,"path":"/usr/lib/firefox/browser/features/firefox@getpocket.com.xpi","skinnable":false,"size":909105,"sourceURI":null,"releaseNotesURI":null,"softDisabled":false,"foreignInstall":false,"hasBinaryComponents":false,"strictCompatibility":false,"locales":[],"targetApplications":[{"id":"{ec8030f7-c20a-464f-9b0e-13a3a9e97384}","minVersion":"59.0.2","maxVersion":"59.*"}],"targetPlatforms":[],"multiprocessCompatible":true,"seen":true,"dependencies":[],"hasEmbeddedWebExtension":false,"mpcOptedOut":false,"userPermissions":null,"icons":{},"iconURL":null,"icon64URL":null,"blocklistState":0,"blocklistURL":null,"startupData":null}
1535132224188	addons.manager	DEBUG	Registering startup change 'installed' for followonsearch@mozilla.com
1535132224188	addons.xpi	DEBUG	Loading bootstrap scope from /usr/lib/firefox/browser/features/followonsearch@mozilla.com.xpi
1535132224190	addons.xpi	DEBUG	Calling bootstrap method install on followonsearch@mozilla.com version 0.9.6
1535132224190	addons.xpi-utils	DEBUG	Make addon app-system-defaults:followonsearch@mozilla.com visible
1535132224190	addons.xpi	DEBUG	Updating XPIState for {"id":"followonsearch@mozilla.com","syncGUID":"{17ef0a11-b6e7-4267-8974-f176239bf6cf}","location":"app-system-defaults","version":"0.9.6","type":"extension","internalName":null,"updateURL":null,"updateKey":null,"optionsURL":null,"optionsType":null,"aboutURL":null,"defaultLocale":{"name":"Follow-on Search Telemetry","description":null,"creator":null,"homepageURL":null},"visible":true,"active":false,"userDisabled":false,"appDisabled":false,"installDate":1522183948000,"updateDate":1522183948000,"applyBackgroundUpdates":1,"bootstrap":true,"path":"/usr/lib/firefox/browser/features/followonsearch@mozilla.com.xpi","skinnable":false,"size":18625,"sourceURI":null,"releaseNotesURI":null,"softDisabled":false,"foreignInstall":false,"hasBinaryComponents":false,"strictCompatibility":false,"locales":[],"targetApplications":[{"id":"{ec8030f7-c20a-464f-9b0e-13a3a9e97384}","minVersion":"52.0","maxVersion":"66.*"}],"targetPlatforms":[],"multiprocessCompatible":true,"seen":true,"dependencies":[],"hasEmbeddedWebExtension":false,"mpcOptedOut":false,"userPermissions":null,"icons":{},"iconURL":null,"icon64URL":null,"blocklistState":0,"blocklistURL":null,"startupData":null}
1535132224192	addons.manager	DEBUG	Registering startup change 'installed' for formautofill@mozilla.org
1535132224192	addons.xpi	DEBUG	Loading bootstrap scope from /usr/lib/firefox/browser/features/formautofill@mozilla.org.xpi
1535132224194	addons.xpi	DEBUG	Calling bootstrap method install on formautofill@mozilla.org version 1.0
1535132224194	addons.xpi-utils	DEBUG	Make addon app-system-defaults:formautofill@mozilla.org visible
1535132224194	addons.xpi	DEBUG	Updating XPIState for {"id":"formautofill@mozilla.org","syncGUID":"{87950f54-14c9-490a-9733-86dba68b90be}","location":"app-system-defaults","version":"1.0","type":"extension","internalName":null,"updateURL":null,"updateKey":null,"optionsURL":null,"optionsType":null,"aboutURL":null,"defaultLocale":{"name":"Form Autofill","description":"Autofill forms with saved profiles","creator":null,"homepageURL":null},"visible":true,"active":false,"userDisabled":false,"appDisabled":false,"installDate":1522183948000,"updateDate":1522183948000,"applyBackgroundUpdates":1,"bootstrap":true,"path":"/usr/lib/firefox/browser/features/formautofill@mozilla.org.xpi","skinnable":false,"size":457638,"sourceURI":null,"releaseNotesURI":null,"softDisabled":false,"foreignInstall":false,"hasBinaryComponents":false,"strictCompatibility":false,"locales":[],"targetApplications":[{"id":"{ec8030f7-c20a-464f-9b0e-13a3a9e97384}","minVersion":"59.0.2","maxVersion":"59.*"}],"targetPlatforms":[],"multiprocessCompatible":true,"seen":true,"dependencies":[],"hasEmbeddedWebExtension":false,"mpcOptedOut":false,"userPermissions":null,"icons":{},"iconURL":null,"icon64URL":null,"blocklistState":0,"blocklistURL":null,"startupData":null}
1535132224194	addons.manager	DEBUG	Registering startup change 'installed' for onboarding@mozilla.org
1535132224196	addons.xpi	DEBUG	Loading bootstrap scope from /usr/lib/firefox/browser/features/onboarding@mozilla.org.xpi
1535132224198	addons.xpi	DEBUG	Calling bootstrap method install on onboarding@mozilla.org version 1.0
1535132224198	addons.xpi-utils	DEBUG	Make addon app-system-defaults:onboarding@mozilla.org visible
1535132224198	addons.xpi	DEBUG	Updating XPIState for {"id":"onboarding@mozilla.org","syncGUID":"{3d5aa7f7-da83-47c2-8ac2-d89c4eb38c1c}","location":"app-system-defaults","version":"1.0","type":"extension","internalName":null,"updateURL":null,"updateKey":null,"optionsURL":null,"optionsType":null,"aboutURL":null,"defaultLocale":{"name":"Photon onboarding","description":"Photon onboarding","creator":null,"homepageURL":null},"visible":true,"active":false,"userDisabled":false,"appDisabled":false,"installDate":1522183948000,"updateDate":1522183948000,"applyBackgroundUpdates":1,"bootstrap":true,"path":"/usr/lib/firefox/browser/features/onboarding@mozilla.org.xpi","skinnable":false,"size":566884,"sourceURI":null,"releaseNotesURI":null,"softDisabled":false,"foreignInstall":false,"hasBinaryComponents":false,"strictCompatibility":false,"locales":[],"targetApplications":[{"id":"{ec8030f7-c20a-464f-9b0e-13a3a9e97384}","minVersion":"59.0.2","maxVersion":"59.*"}],"targetPlatforms":[],"multiprocessCompatible":true,"seen":true,"dependencies":[],"hasEmbeddedWebExtension":false,"mpcOptedOut":false,"userPermissions":null,"icons":{},"iconURL":null,"icon64URL":null,"blocklistState":0,"blocklistURL":null,"startupData":null}
1535132224198	addons.manager	DEBUG	Registering startup change 'installed' for screenshots@mozilla.org
1535132224200	addons.xpi	DEBUG	Loading bootstrap scope from /usr/lib/firefox/browser/features/screenshots@mozilla.org.xpi
1535132224202	addons.xpi	DEBUG	Calling bootstrap method install on screenshots@mozilla.org version 25.0.0
1535132224202	addons.xpi-utils	DEBUG	Make addon app-system-defaults:screenshots@mozilla.org visible
1535132224202	addons.xpi	DEBUG	Updating XPIState for {"id":"screenshots@mozilla.org","syncGUID":"{9bf8d803-0841-4808-ac15-803c222fb1c4}","location":"app-system-defaults","version":"25.0.0","type":"extension","internalName":null,"updateURL":null,"updateKey":null,"optionsURL":null,"optionsType":null,"aboutURL":null,"defaultLocale":{"name":"Firefox Screenshots","description":null,"creator":null,"homepageURL":"https://screenshots.firefox.com/"},"visible":true,"active":false,"userDisabled":false,"appDisabled":false,"installDate":1522183948000,"updateDate":1522183948000,"applyBackgroundUpdates":1,"bootstrap":true,"path":"/usr/lib/firefox/browser/features/screenshots@mozilla.org.xpi","skinnable":false,"size":994512,"sourceURI":null,"releaseNotesURI":null,"softDisabled":false,"foreignInstall":false,"hasBinaryComponents":false,"strictCompatibility":false,"locales":[],"targetApplications":[{"id":"{ec8030f7-c20a-464f-9b0e-13a3a9e97384}","minVersion":"57.0a1","maxVersion":"*"}],"targetPlatforms":[],"multiprocessCompatible":true,"seen":true,"dependencies":[],"hasEmbeddedWebExtension":false,"mpcOptedOut":false,"userPermissions":null,"icons":{},"iconURL":null,"icon64URL":null,"blocklistState":0,"blocklistURL":null,"startupData":null}
1535132224204	addons.manager	DEBUG	Registering startup change 'installed' for shield-recipe-client@mozilla.org
1535132224208	addons.xpi	DEBUG	Loading bootstrap scope from /usr/lib/firefox/browser/features/shield-recipe-client@mozilla.org.xpi
1535132224212	addons.xpi	DEBUG	Calling bootstrap method install on shield-recipe-client@mozilla.org version 80
1535132224212	addons.xpi-utils	DEBUG	Make addon app-system-defaults:shield-recipe-client@mozilla.org visible
1535132224212	addons.xpi	DEBUG	Updating XPIState for {"id":"shield-recipe-client@mozilla.org","syncGUID":"{8775b26b-b151-4726-a7c1-778b744ee46b}","location":"app-system-defaults","version":"80","type":"extension","internalName":null,"updateURL":null,"updateKey":null,"optionsURL":null,"optionsType":null,"aboutURL":null,"defaultLocale":{"name":"Shield Recipe Client","description":"Client to download and run recipes for SHIELD, Heartbeat, etc.","creator":null,"homepageURL":null},"visible":true,"active":false,"userDisabled":false,"appDisabled":false,"installDate":1522183948000,"updateDate":1522183948000,"applyBackgroundUpdates":1,"bootstrap":true,"path":"/usr/lib/firefox/browser/features/shield-recipe-client@mozilla.org.xpi","skinnable":false,"size":365969,"sourceURI":null,"releaseNotesURI":null,"softDisabled":false,"foreignInstall":false,"hasBinaryComponents":false,"strictCompatibility":false,"locales":[],"targetApplications":[{"id":"{ec8030f7-c20a-464f-9b0e-13a3a9e97384}","minVersion":"59.0.2","maxVersion":"59.*"}],"targetPlatforms":[],"multiprocessCompatible":true,"seen":true,"dependencies":[],"hasEmbeddedWebExtension":false,"mpcOptedOut":false,"userPermissions":null,"icons":{},"iconURL":null,"icon64URL":null,"blocklistState":0,"blocklistURL":null,"startupData":null}
1535132224212	addons.manager	DEBUG	Registering startup change 'installed' for webcompat@mozilla.org
1535132224212	addons.xpi	DEBUG	Loading bootstrap scope from /usr/lib/firefox/browser/features/webcompat@mozilla.org.xpi
1535132224214	addons.xpi	DEBUG	Calling bootstrap method install on webcompat@mozilla.org version 1.1
1535132224214	addons.xpi-utils	DEBUG	Make addon app-system-defaults:webcompat@mozilla.org visible
1535132224216	addons.xpi	DEBUG	Updating XPIState for {"id":"webcompat@mozilla.org","syncGUID":"{858c869d-d358-4482-8305-a9d5f9494aa5}","location":"app-system-defaults","version":"1.1","type":"extension","internalName":null,"updateURL":null,"updateKey":null,"optionsURL":null,"optionsType":null,"aboutURL":null,"defaultLocale":{"name":"Web Compat","description":"Urgent post-release fixes for web compatibility.","creator":null,"homepageURL":null},"visible":true,"active":false,"userDisabled":false,"appDisabled":false,"installDate":1522183948000,"updateDate":1522183948000,"applyBackgroundUpdates":1,"bootstrap":true,"path":"/usr/lib/firefox/browser/features/webcompat@mozilla.org.xpi","skinnable":false,"size":9268,"sourceURI":null,"releaseNotesURI":null,"softDisabled":false,"foreignInstall":false,"hasBinaryComponents":false,"strictCompatibility":false,"locales":[],"targetApplications":[{"id":"{ec8030f7-c20a-464f-9b0e-13a3a9e97384}","minVersion":"59.0.2","maxVersion":"59.*"}],"targetPlatforms":[],"multiprocessCompatible":true,"seen":true,"dependencies":[],"hasEmbeddedWebExtension":false,"mpcOptedOut":false,"userPermissions":null,"icons":{},"iconURL":null,"icon64URL":null,"blocklistState":0,"blocklistURL":null,"startupData":null}
1535132224216	addons.manager	DEBUG	Registering startup change 'installed' for langpack-en-ZA@firefox.mozilla.org
1535132224216	addons.manager	DEBUG	Registering startup change 'installed' for langpack-en-ZA@firefox.mozilla.org
1535132224216	addons.xpi	DEBUG	Loading bootstrap scope from /usr/lib/firefox/browser/extensions/langpack-en-ZA@firefox.mozilla.org.xpi
1535132224216	addons.xpi	DEBUG	Calling bootstrap method install on langpack-en-ZA@firefox.mozilla.org version 59.0.2
1535132224216	addons.xpi-utils	DEBUG	Make addon app-global:langpack-en-ZA@firefox.mozilla.org visible
1535132224218	addons.xpi	DEBUG	Updating XPIState for {"id":"langpack-en-ZA@firefox.mozilla.org","syncGUID":"{3ef2417a-ab38-4cfa-8e83-b95e53b8e71c}","location":"app-global","version":"59.0.2","type":"webextension-langpack","internalName":null,"updateURL":null,"updateKey":null,"optionsURL":null,"optionsType":null,"optionsBrowserStyle":true,"aboutURL":null,"defaultLocale":{"name":"English (South Africa) Language Pack","description":"Language pack for Firefox for en-ZA","creator":"Translate.org.za (contributors: Translate.org.za, Dwayne Bailey)","developers":null,"translators":null,"contributors":null},"visible":true,"active":false,"userDisabled":false,"appDisabled":false,"installDate":1522184308000,"updateDate":1522184308000,"applyBackgroundUpdates":1,"bootstrap":true,"path":"/usr/lib/firefox/browser/extensions/langpack-en-ZA@firefox.mozilla.org.xpi","skinnable":false,"size":1206572,"sourceURI":null,"releaseNotesURI":null,"softDisabled":false,"foreignInstall":true,"hasBinaryComponents":false,"strictCompatibility":true,"locales":[],"targetApplications":[{"id":"toolkit@mozilla.org","minVersion":"59.0.2","maxVersion":"59.*"}],"targetPlatforms":[],"multiprocessCompatible":true,"seen":true,"dependencies":[],"hasEmbeddedWebExtension":false,"userPermissions":null,"icons":{},"iconURL":null,"icon64URL":null,"blocklistState":0,"blocklistURL":null,"startupData":{"chromeEntries":[["locale","necko","en-ZA","chrome/en-ZA/locale/en-ZA/necko/"],["locale","pdf.js","en-ZA","browser/chrome/en-ZA/locale/pdfviewer/"],["locale","global","en-ZA","chrome/en-ZA/locale/en-ZA/global/"],["locale","onboarding","en-ZA","browser/features/onboarding@mozilla.org/en-ZA/locale/en-ZA/"],["locale","devtools","en-ZA","browser/chrome/en-ZA/locale/en-ZA/devtools/client/"],["locale","pipnss","en-ZA","chrome/en-ZA/locale/en-ZA/pipnss/"],["locale","devtools-shim","en-ZA","browser/chrome/en-ZA/locale/en-ZA/devtools/shim/"],["locale","alerts","en-ZA","chrome/en-ZA/locale/en-ZA/alerts/"],["locale","branding","en-ZA","browser/chrome/en-ZA/locale/branding/"],["locale","autoconfig","en-ZA","chrome/en-ZA/locale/en-ZA/autoconfig/"],["locale","devtools-shared","en-ZA","browser/chrome/en-ZA/locale/en-ZA/devtools/shared/"],["locale","global-platform","en-ZA","chrome/en-ZA/locale/en-ZA/global-platform/unix/"],["locale","browser-region","en-ZA","browser/chrome/en-ZA/locale/browser-region/"],["locale","mozapps","en-ZA","chrome/en-ZA/locale/en-ZA/mozapps/"],["locale","pluginproblem","en-ZA","chrome/en-ZA/locale/en-ZA/pluginproblem/"],["locale","formautofill","en-ZA","browser/features/formautofill@mozilla.org/en-ZA/locale/en-ZA/"],["locale","weave","en-ZA","chrome/en-ZA/locale/en-ZA/services/"],["locale","pocket","en-ZA","browser/features/firefox@getpocket.com/en-ZA/locale/en-ZA/"],["locale","places","en-ZA","chrome/en-ZA/locale/en-ZA/places/"],["locale","passwordmgr","en-ZA","chrome/en-ZA/locale/en-ZA/passwordmgr/"],["locale","pippki","en-ZA","chrome/en-ZA/locale/en-ZA/pippki/"],["locale","browser","en-ZA","browser/chrome/en-ZA/locale/browser/"]]}}
1535132224218	addons.manager	DEBUG	Registering startup change 'installed' for langpack-en-GB@firefox.mozilla.org
1535132224218	addons.manager	DEBUG	Registering startup change 'installed' for langpack-en-GB@firefox.mozilla.org
1535132224220	addons.xpi	DEBUG	Loading bootstrap scope from /usr/lib/firefox/browser/extensions/langpack-en-GB@firefox.mozilla.org.xpi
1535132224220	addons.xpi	DEBUG	Calling bootstrap method install on langpack-en-GB@firefox.mozilla.org version 59.0.2
1535132224220	addons.xpi-utils	DEBUG	Make addon app-global:langpack-en-GB@firefox.mozilla.org visible
1535132224222	addons.xpi	DEBUG	Updating XPIState for {"id":"langpack-en-GB@firefox.mozilla.org","syncGUID":"{bf46a747-5d6a-4da3-b16e-aead80e2e818}","location":"app-global","version":"59.0.2","type":"webextension-langpack","internalName":null,"updateURL":null,"updateKey":null,"optionsURL":null,"optionsType":null,"optionsBrowserStyle":true,"aboutURL":null,"defaultLocale":{"name":"English (GB) Language Pack","description":"Language pack for Firefox for en-GB","creator":"Mark Tyndall (contributors: David Bartlett, Constantine Murenin, Ian Neal)","developers":null,"translators":null,"contributors":null},"visible":true,"active":false,"userDisabled":false,"appDisabled":false,"installDate":1522184308000,"updateDate":1522184308000,"applyBackgroundUpdates":1,"bootstrap":true,"path":"/usr/lib/firefox/browser/extensions/langpack-en-GB@firefox.mozilla.org.xpi","skinnable":false,"size":1229648,"sourceURI":null,"releaseNotesURI":null,"softDisabled":false,"foreignInstall":true,"hasBinaryComponents":false,"strictCompatibility":true,"locales":[],"targetApplications":[{"id":"toolkit@mozilla.org","minVersion":"59.0.2","maxVersion":"59.*"}],"targetPlatforms":[],"multiprocessCompatible":true,"seen":true,"dependencies":[],"hasEmbeddedWebExtension":false,"userPermissions":null,"icons":{},"iconURL":null,"icon64URL":null,"blocklistState":0,"blocklistURL":null,"startupData":{"chromeEntries":[["locale","necko","en-GB","chrome/en-GB/locale/en-GB/necko/"],["locale","pdf.js","en-GB","browser/chrome/en-GB/locale/pdfviewer/"],["locale","global","en-GB","chrome/en-GB/locale/en-GB/global/"],["locale","onboarding","en-GB","browser/features/onboarding@mozilla.org/en-GB/locale/en-GB/"],["locale","devtools","en-GB","browser/chrome/en-GB/locale/en-GB/devtools/client/"],["locale","pipnss","en-GB","chrome/en-GB/locale/en-GB/pipnss/"],["locale","devtools-shim","en-GB","browser/chrome/en-GB/locale/en-GB/devtools/shim/"],["locale","alerts","en-GB","chrome/en-GB/locale/en-GB/alerts/"],["locale","branding","en-GB","browser/chrome/en-GB/locale/branding/"],["locale","autoconfig","en-GB","chrome/en-GB/locale/en-GB/autoconfig/"],["locale","devtools-shared","en-GB","browser/chrome/en-GB/locale/en-GB/devtools/shared/"],["locale","global-platform","en-GB","chrome/en-GB/locale/en-GB/global-platform/unix/"],["locale","browser-region","en-GB","browser/chrome/en-GB/locale/browser-region/"],["locale","mozapps","en-GB","chrome/en-GB/locale/en-GB/mozapps/"],["locale","pluginproblem","en-GB","chrome/en-GB/locale/en-GB/pluginproblem/"],["locale","formautofill","en-GB","browser/features/formautofill@mozilla.org/en-GB/locale/en-GB/"],["locale","weave","en-GB","chrome/en-GB/locale/en-GB/services/"],["locale","pocket","en-GB","browser/features/firefox@getpocket.com/en-GB/locale/en-GB/"],["locale","places","en-GB","chrome/en-GB/locale/en-GB/places/"],["locale","passwordmgr","en-GB","chrome/en-GB/locale/en-GB/passwordmgr/"],["locale","pippki","en-GB","chrome/en-GB/locale/en-GB/pippki/"],["locale","browser","en-GB","browser/chrome/en-GB/locale/browser/"]]}}
1535132224222	addons.xpi-utils	DEBUG	Make addon app-global:{972ce4c6-7e08-4474-a285-3208198ce6fd} visible
1535132224224	addons.xpi	DEBUG	Updating XPIState for {"id":"{972ce4c6-7e08-4474-a285-3208198ce6fd}","syncGUID":"{1e3a3bd9-7569-449d-a95b-b07d23124b97}","location":"app-global","version":"59.0.2","type":"theme","internalName":"classic/1.0","updateURL":null,"updateKey":null,"optionsURL":null,"optionsType":null,"optionsBrowserStyle":null,"aboutURL":null,"defaultLocale":{"name":"Default","description":"The default theme.","creator":"Mozilla","homepageURL":null,"contributors":["Mozilla Contributors"]},"visible":true,"active":false,"userDisabled":false,"appDisabled":false,"installDate":1522183948000,"updateDate":1522183948000,"applyBackgroundUpdates":1,"path":"/usr/lib/firefox/browser/extensions/{972ce4c6-7e08-4474-a285-3208198ce6fd}.xpi","skinnable":true,"size":1907,"sourceURI":null,"releaseNotesURI":null,"softDisabled":false,"foreignInstall":false,"hasBinaryComponents":false,"strictCompatibility":true,"locales":[],"targetApplications":[{"id":"{ec8030f7-c20a-464f-9b0e-13a3a9e97384}","minVersion":"59.0.2","maxVersion":"59.0.2"}],"targetPlatforms":[],"seen":true,"dependencies":[],"hasEmbeddedWebExtension":false,"userPermissions":null,"icons":{},"iconURL":"chrome://browser/content/default-theme-icon.svg","icon64URL":null,"blocklistState":0,"blocklistURL":null,"startupData":null}
1535132224224	addons.xpi	DEBUG	Updating XPIState for {"id":"activity-stream@mozilla.org","syncGUID":"{0449f797-0629-40ca-8210-30b25a1ae541}","location":"app-system-defaults","version":"2018.02.17.0026-173e2795","type":"extension","internalName":null,"updateURL":null,"updateKey":null,"optionsURL":null,"optionsType":null,"aboutURL":null,"defaultLocale":{"name":"Activity Stream","description":"A rich visual history feed and a reimagined home page make it easier than ever to find exactly what you're looking for in Firefox.","creator":null,"homepageURL":null},"visible":true,"active":true,"userDisabled":false,"appDisabled":false,"installDate":1522183948000,"updateDate":1522183948000,"applyBackgroundUpdates":1,"bootstrap":true,"path":"/usr/lib/firefox/browser/features/activity-stream@mozilla.org.xpi","skinnable":false,"size":2766941,"sourceURI":null,"releaseNotesURI":null,"softDisabled":false,"foreignInstall":false,"hasBinaryComponents":false,"strictCompatibility":false,"locales":[],"targetApplications":[{"id":"{ec8030f7-c20a-464f-9b0e-13a3a9e97384}","minVersion":"59.0.2","maxVersion":"59.*"}],"targetPlatforms":[],"multiprocessCompatible":true,"seen":true,"dependencies":[],"hasEmbeddedWebExtension":false,"mpcOptedOut":false,"userPermissions":null,"icons":{},"iconURL":null,"icon64URL":null,"blocklistState":0,"blocklistURL":null,"startupData":null}
1535132224224	addons.xpi	DEBUG	Updating XPIState for {"id":"aushelper@mozilla.org","syncGUID":"{ec7b8e4d-3d55-4812-8386-eda8bc757b56}","location":"app-system-defaults","version":"2.0","type":"extension","internalName":null,"updateURL":null,"updateKey":null,"optionsURL":null,"optionsType":null,"aboutURL":null,"defaultLocale":{"name":"Application Update Service Helper","description":"Sets value(s) in the update url based on custom checks.","creator":null,"homepageURL":null},"visible":true,"active":true,"userDisabled":false,"appDisabled":false,"installDate":1522183948000,"updateDate":1522183948000,"applyBackgroundUpdates":1,"bootstrap":true,"path":"/usr/lib/firefox/browser/features/aushelper@mozilla.org.xpi","skinnable":false,"size":8488,"sourceURI":null,"releaseNotesURI":null,"softDisabled":false,"foreignInstall":false,"hasBinaryComponents":false,"strictCompatibility":false,"locales":[],"targetApplications":[{"id":"{ec8030f7-c20a-464f-9b0e-13a3a9e97384}","minVersion":"59.0.2","maxVersion":"59.*"}],"targetPlatforms":[],"multiprocessCompatible":true,"seen":true,"dependencies":[],"hasEmbeddedWebExtension":false,"mpcOptedOut":false,"userPermissions":null,"icons":{},"iconURL":null,"icon64URL":null,"blocklistState":0,"blocklistURL":null,"startupData":null}
1535132224224	addons.xpi	DEBUG	Updating XPIState for {"id":"firefox@getpocket.com","syncGUID":"{62002265-7f19-4556-95ed-fc32448625dc}","location":"app-system-defaults","version":"1.0.5","type":"extension","internalName":null,"updateURL":null,"updateKey":null,"optionsURL":null,"optionsType":null,"aboutURL":null,"defaultLocale":{"name":"Pocket","description":"When you find something you want to view later, put it in Pocket.","creator":null,"homepageURL":null},"visible":true,"active":true,"userDisabled":false,"appDisabled":false,"installDate":1522183948000,"updateDate":1522183948000,"applyBackgroundUpdates":1,"bootstrap":true,"path":"/usr/lib/firefox/browser/features/firefox@getpocket.com.xpi","skinnable":false,"size":909105,"sourceURI":null,"releaseNotesURI":null,"softDisabled":false,"foreignInstall":false,"hasBinaryComponents":false,"strictCompatibility":false,"locales":[],"targetApplications":[{"id":"{ec8030f7-c20a-464f-9b0e-13a3a9e97384}","minVersion":"59.0.2","maxVersion":"59.*"}],"targetPlatforms":[],"multiprocessCompatible":true,"seen":true,"dependencies":[],"hasEmbeddedWebExtension":false,"mpcOptedOut":false,"userPermissions":null,"icons":{},"iconURL":null,"icon64URL":null,"blocklistState":0,"blocklistURL":null,"startupData":null}
1535132224224	addons.xpi	DEBUG	Updating XPIState for {"id":"followonsearch@mozilla.com","syncGUID":"{17ef0a11-b6e7-4267-8974-f176239bf6cf}","location":"app-system-defaults","version":"0.9.6","type":"extension","internalName":null,"updateURL":null,"updateKey":null,"optionsURL":null,"optionsType":null,"aboutURL":null,"defaultLocale":{"name":"Follow-on Search Telemetry","description":null,"creator":null,"homepageURL":null},"visible":true,"active":true,"userDisabled":false,"appDisabled":false,"installDate":1522183948000,"updateDate":1522183948000,"applyBackgroundUpdates":1,"bootstrap":true,"path":"/usr/lib/firefox/browser/features/followonsearch@mozilla.com.xpi","skinnable":false,"size":18625,"sourceURI":null,"releaseNotesURI":null,"softDisabled":false,"foreignInstall":false,"hasBinaryComponents":false,"strictCompatibility":false,"locales":[],"targetApplications":[{"id":"{ec8030f7-c20a-464f-9b0e-13a3a9e97384}","minVersion":"52.0","maxVersion":"66.*"}],"targetPlatforms":[],"multiprocessCompatible":true,"seen":true,"dependencies":[],"hasEmbeddedWebExtension":false,"mpcOptedOut":false,"userPermissions":null,"icons":{},"iconURL":null,"icon64URL":null,"blocklistState":0,"blocklistURL":null,"startupData":null}
1535132224224	addons.xpi	DEBUG	Updating XPIState for {"id":"formautofill@mozilla.org","syncGUID":"{87950f54-14c9-490a-9733-86dba68b90be}","location":"app-system-defaults","version":"1.0","type":"extension","internalName":null,"updateURL":null,"updateKey":null,"optionsURL":null,"optionsType":null,"aboutURL":null,"defaultLocale":{"name":"Form Autofill","description":"Autofill forms with saved profiles","creator":null,"homepageURL":null},"visible":true,"active":true,"userDisabled":false,"appDisabled":false,"installDate":1522183948000,"updateDate":1522183948000,"applyBackgroundUpdates":1,"bootstrap":true,"path":"/usr/lib/firefox/browser/features/formautofill@mozilla.org.xpi","skinnable":false,"size":457638,"sourceURI":null,"releaseNotesURI":null,"softDisabled":false,"foreignInstall":false,"hasBinaryComponents":false,"strictCompatibility":false,"locales":[],"targetApplications":[{"id":"{ec8030f7-c20a-464f-9b0e-13a3a9e97384}","minVersion":"59.0.2","maxVersion":"59.*"}],"targetPlatforms":[],"multiprocessCompatible":true,"seen":true,"dependencies":[],"hasEmbeddedWebExtension":false,"mpcOptedOut":false,"userPermissions":null,"icons":{},"iconURL":null,"icon64URL":null,"blocklistState":0,"blocklistURL":null,"startupData":null}
1535132224226	addons.xpi	DEBUG	Updating XPIState for {"id":"onboarding@mozilla.org","syncGUID":"{3d5aa7f7-da83-47c2-8ac2-d89c4eb38c1c}","location":"app-system-defaults","version":"1.0","type":"extension","internalName":null,"updateURL":null,"updateKey":null,"optionsURL":null,"optionsType":null,"aboutURL":null,"defaultLocale":{"name":"Photon onboarding","description":"Photon onboarding","creator":null,"homepageURL":null},"visible":true,"active":true,"userDisabled":false,"appDisabled":false,"installDate":1522183948000,"updateDate":1522183948000,"applyBackgroundUpdates":1,"bootstrap":true,"path":"/usr/lib/firefox/browser/features/onboarding@mozilla.org.xpi","skinnable":false,"size":566884,"sourceURI":null,"releaseNotesURI":null,"softDisabled":false,"foreignInstall":false,"hasBinaryComponents":false,"strictCompatibility":false,"locales":[],"targetApplications":[{"id":"{ec8030f7-c20a-464f-9b0e-13a3a9e97384}","minVersion":"59.0.2","maxVersion":"59.*"}],"targetPlatforms":[],"multiprocessCompatible":true,"seen":true,"dependencies":[],"hasEmbeddedWebExtension":false,"mpcOptedOut":false,"userPermissions":null,"icons":{},"iconURL":null,"icon64URL":null,"blocklistState":0,"blocklistURL":null,"startupData":null}
1535132224226	addons.xpi	DEBUG	Updating XPIState for {"id":"screenshots@mozilla.org","syncGUID":"{9bf8d803-0841-4808-ac15-803c222fb1c4}","location":"app-system-defaults","version":"25.0.0","type":"extension","internalName":null,"updateURL":null,"updateKey":null,"optionsURL":null,"optionsType":null,"aboutURL":null,"defaultLocale":{"name":"Firefox Screenshots","description":null,"creator":null,"homepageURL":"https://screenshots.firefox.com/"},"visible":true,"active":true,"userDisabled":false,"appDisabled":false,"installDate":1522183948000,"updateDate":1522183948000,"applyBackgroundUpdates":1,"bootstrap":true,"path":"/usr/lib/firefox/browser/features/screenshots@mozilla.org.xpi","skinnable":false,"size":994512,"sourceURI":null,"releaseNotesURI":null,"softDisabled":false,"foreignInstall":false,"hasBinaryComponents":false,"strictCompatibility":false,"locales":[],"targetApplications":[{"id":"{ec8030f7-c20a-464f-9b0e-13a3a9e97384}","minVersion":"57.0a1","maxVersion":"*"}],"targetPlatforms":[],"multiprocessCompatible":true,"seen":true,"dependencies":[],"hasEmbeddedWebExtension":false,"mpcOptedOut":false,"userPermissions":null,"icons":{},"iconURL":null,"icon64URL":null,"blocklistState":0,"blocklistURL":null,"startupData":null}
1535132224226	addons.xpi	DEBUG	Updating XPIState for {"id":"shield-recipe-client@mozilla.org","syncGUID":"{8775b26b-b151-4726-a7c1-778b744ee46b}","location":"app-system-defaults","version":"80","type":"extension","internalName":null,"updateURL":null,"updateKey":null,"optionsURL":null,"optionsType":null,"aboutURL":null,"defaultLocale":{"name":"Shield Recipe Client","description":"Client to download and run recipes for SHIELD, Heartbeat, etc.","creator":null,"homepageURL":null},"visible":true,"active":true,"userDisabled":false,"appDisabled":false,"installDate":1522183948000,"updateDate":1522183948000,"applyBackgroundUpdates":1,"bootstrap":true,"path":"/usr/lib/firefox/browser/features/shield-recipe-client@mozilla.org.xpi","skinnable":false,"size":365969,"sourceURI":null,"releaseNotesURI":null,"softDisabled":false,"foreignInstall":false,"hasBinaryComponents":false,"strictCompatibility":false,"locales":[],"targetApplications":[{"id":"{ec8030f7-c20a-464f-9b0e-13a3a9e97384}","minVersion":"59.0.2","maxVersion":"59.*"}],"targetPlatforms":[],"multiprocessCompatible":true,"seen":true,"dependencies":[],"hasEmbeddedWebExtension":false,"mpcOptedOut":false,"userPermissions":null,"icons":{},"iconURL":null,"icon64URL":null,"blocklistState":0,"blocklistURL":null,"startupData":null}
1535132224226	addons.xpi	DEBUG	Updating XPIState for {"id":"webcompat@mozilla.org","syncGUID":"{858c869d-d358-4482-8305-a9d5f9494aa5}","location":"app-system-defaults","version":"1.1","type":"extension","internalName":null,"updateURL":null,"updateKey":null,"optionsURL":null,"optionsType":null,"aboutURL":null,"defaultLocale":{"name":"Web Compat","description":"Urgent post-release fixes for web compatibility.","creator":null,"homepageURL":null},"visible":true,"active":true,"userDisabled":false,"appDisabled":false,"installDate":1522183948000,"updateDate":1522183948000,"applyBackgroundUpdates":1,"bootstrap":true,"path":"/usr/lib/firefox/browser/features/webcompat@mozilla.org.xpi","skinnable":false,"size":9268,"sourceURI":null,"releaseNotesURI":null,"softDisabled":false,"foreignInstall":false,"hasBinaryComponents":false,"strictCompatibility":false,"locales":[],"targetApplications":[{"id":"{ec8030f7-c20a-464f-9b0e-13a3a9e97384}","minVersion":"59.0.2","maxVersion":"59.*"}],"targetPlatforms":[],"multiprocessCompatible":true,"seen":true,"dependencies":[],"hasEmbeddedWebExtension":false,"mpcOptedOut":false,"userPermissions":null,"icons":{},"iconURL":null,"icon64URL":null,"blocklistState":0,"blocklistURL":null,"startupData":null}
1535132224226	addons.xpi	DEBUG	Updating XPIState for {"id":"langpack-en-ZA@firefox.mozilla.org","syncGUID":"{3ef2417a-ab38-4cfa-8e83-b95e53b8e71c}","location":"app-global","version":"59.0.2","type":"webextension-langpack","internalName":null,"updateURL":null,"updateKey":null,"optionsURL":null,"optionsType":null,"optionsBrowserStyle":true,"aboutURL":null,"defaultLocale":{"name":"English (South Africa) Language Pack","description":"Language pack for Firefox for en-ZA","creator":"Translate.org.za (contributors: Translate.org.za, Dwayne Bailey)","developers":null,"translators":null,"contributors":null},"visible":true,"active":true,"userDisabled":false,"appDisabled":false,"installDate":1522184308000,"updateDate":1522184308000,"applyBackgroundUpdates":1,"bootstrap":true,"path":"/usr/lib/firefox/browser/extensions/langpack-en-ZA@firefox.mozilla.org.xpi","skinnable":false,"size":1206572,"sourceURI":null,"releaseNotesURI":null,"softDisabled":false,"foreignInstall":true,"hasBinaryComponents":false,"strictCompatibility":true,"locales":[],"targetApplications":[{"id":"toolkit@mozilla.org","minVersion":"59.0.2","maxVersion":"59.*"}],"targetPlatforms":[],"multiprocessCompatible":true,"seen":true,"dependencies":[],"hasEmbeddedWebExtension":false,"userPermissions":null,"icons":{},"iconURL":null,"icon64URL":null,"blocklistState":0,"blocklistURL":null,"startupData":{"chromeEntries":[["locale","necko","en-ZA","chrome/en-ZA/locale/en-ZA/necko/"],["locale","pdf.js","en-ZA","browser/chrome/en-ZA/locale/pdfviewer/"],["locale","global","en-ZA","chrome/en-ZA/locale/en-ZA/global/"],["locale","onboarding","en-ZA","browser/features/onboarding@mozilla.org/en-ZA/locale/en-ZA/"],["locale","devtools","en-ZA","browser/chrome/en-ZA/locale/en-ZA/devtools/client/"],["locale","pipnss","en-ZA","chrome/en-ZA/locale/en-ZA/pipnss/"],["locale","devtools-shim","en-ZA","browser/chrome/en-ZA/locale/en-ZA/devtools/shim/"],["locale","alerts","en-ZA","chrome/en-ZA/locale/en-ZA/alerts/"],["locale","branding","en-ZA","browser/chrome/en-ZA/locale/branding/"],["locale","autoconfig","en-ZA","chrome/en-ZA/locale/en-ZA/autoconfig/"],["locale","devtools-shared","en-ZA","browser/chrome/en-ZA/locale/en-ZA/devtools/shared/"],["locale","global-platform","en-ZA","chrome/en-ZA/locale/en-ZA/global-platform/unix/"],["locale","browser-region","en-ZA","browser/chrome/en-ZA/locale/browser-region/"],["locale","mozapps","en-ZA","chrome/en-ZA/locale/en-ZA/mozapps/"],["locale","pluginproblem","en-ZA","chrome/en-ZA/locale/en-ZA/pluginproblem/"],["locale","formautofill","en-ZA","browser/features/formautofill@mozilla.org/en-ZA/locale/en-ZA/"],["locale","weave","en-ZA","chrome/en-ZA/locale/en-ZA/services/"],["locale","pocket","en-ZA","browser/features/firefox@getpocket.com/en-ZA/locale/en-ZA/"],["locale","places","en-ZA","chrome/en-ZA/locale/en-ZA/places/"],["locale","passwordmgr","en-ZA","chrome/en-ZA/locale/en-ZA/passwordmgr/"],["locale","pippki","en-ZA","chrome/en-ZA/locale/en-ZA/pippki/"],["locale","browser","en-ZA","browser/chrome/en-ZA/locale/browser/"]]}}
1535132224226	addons.xpi	DEBUG	Updating XPIState for {"id":"langpack-en-GB@firefox.mozilla.org","syncGUID":"{bf46a747-5d6a-4da3-b16e-aead80e2e818}","location":"app-global","version":"59.0.2","type":"webextension-langpack","internalName":null,"updateURL":null,"updateKey":null,"optionsURL":null,"optionsType":null,"optionsBrowserStyle":true,"aboutURL":null,"defaultLocale":{"name":"English (GB) Language Pack","description":"Language pack for Firefox for en-GB","creator":"Mark Tyndall (contributors: David Bartlett, Constantine Murenin, Ian Neal)","developers":null,"translators":null,"contributors":null},"visible":true,"active":true,"userDisabled":false,"appDisabled":false,"installDate":1522184308000,"updateDate":1522184308000,"applyBackgroundUpdates":1,"bootstrap":true,"path":"/usr/lib/firefox/browser/extensions/langpack-en-GB@firefox.mozilla.org.xpi","skinnable":false,"size":1229648,"sourceURI":null,"releaseNotesURI":null,"softDisabled":false,"foreignInstall":true,"hasBinaryComponents":false,"strictCompatibility":true,"locales":[],"targetApplications":[{"id":"toolkit@mozilla.org","minVersion":"59.0.2","maxVersion":"59.*"}],"targetPlatforms":[],"multiprocessCompatible":true,"seen":true,"dependencies":[],"hasEmbeddedWebExtension":false,"userPermissions":null,"icons":{},"iconURL":null,"icon64URL":null,"blocklistState":0,"blocklistURL":null,"startupData":{"chromeEntries":[["locale","necko","en-GB","chrome/en-GB/locale/en-GB/necko/"],["locale","pdf.js","en-GB","browser/chrome/en-GB/locale/pdfviewer/"],["locale","global","en-GB","chrome/en-GB/locale/en-GB/global/"],["locale","onboarding","en-GB","browser/features/onboarding@mozilla.org/en-GB/locale/en-GB/"],["locale","devtools","en-GB","browser/chrome/en-GB/locale/en-GB/devtools/client/"],["locale","pipnss","en-GB","chrome/en-GB/locale/en-GB/pipnss/"],["locale","devtools-shim","en-GB","browser/chrome/en-GB/locale/en-GB/devtools/shim/"],["locale","alerts","en-GB","chrome/en-GB/locale/en-GB/alerts/"],["locale","branding","en-GB","browser/chrome/en-GB/locale/branding/"],["locale","autoconfig","en-GB","chrome/en-GB/locale/en-GB/autoconfig/"],["locale","devtools-shared","en-GB","browser/chrome/en-GB/locale/en-GB/devtools/shared/"],["locale","global-platform","en-GB","chrome/en-GB/locale/en-GB/global-platform/unix/"],["locale","browser-region","en-GB","browser/chrome/en-GB/locale/browser-region/"],["locale","mozapps","en-GB","chrome/en-GB/locale/en-GB/mozapps/"],["locale","pluginproblem","en-GB","chrome/en-GB/locale/en-GB/pluginproblem/"],["locale","formautofill","en-GB","browser/features/formautofill@mozilla.org/en-GB/locale/en-GB/"],["locale","weave","en-GB","chrome/en-GB/locale/en-GB/services/"],["locale","pocket","en-GB","browser/features/firefox@getpocket.com/en-GB/locale/en-GB/"],["locale","places","en-GB","chrome/en-GB/locale/en-GB/places/"],["locale","passwordmgr","en-GB","chrome/en-GB/locale/en-GB/passwordmgr/"],["locale","pippki","en-GB","chrome/en-GB/locale/en-GB/pippki/"],["locale","browser","en-GB","browser/chrome/en-GB/locale/browser/"]]}}
1535132224226	addons.xpi	DEBUG	Updating XPIState for {"id":"{972ce4c6-7e08-4474-a285-3208198ce6fd}","syncGUID":"{1e3a3bd9-7569-449d-a95b-b07d23124b97}","location":"app-global","version":"59.0.2","type":"theme","internalName":"classic/1.0","updateURL":null,"updateKey":null,"optionsURL":null,"optionsType":null,"optionsBrowserStyle":null,"aboutURL":null,"defaultLocale":{"name":"Default","description":"The default theme.","creator":"Mozilla","homepageURL":null,"contributors":["Mozilla Contributors"]},"visible":true,"active":true,"userDisabled":false,"appDisabled":false,"installDate":1522183948000,"updateDate":1522183948000,"applyBackgroundUpdates":1,"path":"/usr/lib/firefox/browser/extensions/{972ce4c6-7e08-4474-a285-3208198ce6fd}.xpi","skinnable":true,"size":1907,"sourceURI":null,"releaseNotesURI":null,"softDisabled":false,"foreignInstall":false,"hasBinaryComponents":false,"strictCompatibility":true,"locales":[],"targetApplications":[{"id":"{ec8030f7-c20a-464f-9b0e-13a3a9e97384}","minVersion":"59.0.2","maxVersion":"59.0.2"}],"targetPlatforms":[],"seen":true,"dependencies":[],"hasEmbeddedWebExtension":false,"userPermissions":null,"icons":{},"iconURL":"chrome://browser/content/default-theme-icon.svg","icon64URL":null,"blocklistState":0,"blocklistURL":null,"startupData":null}
1535132224226	addons.xpi	DEBUG	Updating database with changes to installed add-ons
1535132224226	addons.xpi-utils	DEBUG	Updating add-on states
1535132224234	addons.xpi	DEBUG	Registering manifest for /usr/lib/firefox/browser/features/activity-stream@mozilla.org.xpi
1535132224234	addons.xpi	DEBUG	Calling bootstrap method startup on activity-stream@mozilla.org version 2018.02.17.0026-173e2795
1535132224236	addons.xpi	DEBUG	Registering manifest for /usr/lib/firefox/browser/features/aushelper@mozilla.org.xpi
1535132224236	addons.xpi	DEBUG	Calling bootstrap method startup on aushelper@mozilla.org version 2.0
1535132224236	addons.xpi	DEBUG	Registering manifest for /usr/lib/firefox/browser/features/firefox@getpocket.com.xpi
1535132224236	addons.xpi	DEBUG	Calling bootstrap method startup on firefox@getpocket.com version 1.0.5
1535132224260	addons.xpi	DEBUG	Registering manifest for /usr/lib/firefox/browser/features/followonsearch@mozilla.com.xpi
1535132224260	addons.xpi	DEBUG	Calling bootstrap method startup on followonsearch@mozilla.com version 0.9.6
1535132224262	addons.xpi	DEBUG	Registering manifest for /usr/lib/firefox/browser/features/formautofill@mozilla.org.xpi
1535132224262	addons.xpi	DEBUG	Calling bootstrap method startup on formautofill@mozilla.org version 1.0
1535132224262	addons.xpi	DEBUG	Calling bootstrap method startup on langpack-en-GB@firefox.mozilla.org version 59.0.2
1535132224264	addons.xpi	DEBUG	Calling bootstrap method startup on langpack-en-ZA@firefox.mozilla.org version 59.0.2
1535132224266	addons.xpi	DEBUG	Registering manifest for /usr/lib/firefox/browser/features/onboarding@mozilla.org.xpi
1535132224266	addons.xpi	DEBUG	Calling bootstrap method startup on onboarding@mozilla.org version 1.0
1535132224266	addons.xpi	DEBUG	Registering manifest for /usr/lib/firefox/browser/features/screenshots@mozilla.org.xpi
1535132224268	addons.xpi	DEBUG	Calling bootstrap method startup on screenshots@mozilla.org version 25.0.0
1535132224268	addons.xpi	DEBUG	Registering manifest for /usr/lib/firefox/browser/features/shield-recipe-client@mozilla.org.xpi
1535132224268	addons.xpi	DEBUG	Calling bootstrap method startup on shield-recipe-client@mozilla.org version 80
1535132224280	addons.xpi	DEBUG	Registering manifest for /usr/lib/firefox/browser/features/webcompat@mozilla.org.xpi
1535132224280	addons.xpi	DEBUG	Calling bootstrap method startup on webcompat@mozilla.org version 1.1
1535132224284	addons.manager	DEBUG	Registering shutdown blocker for XPIProvider
1535132224284	addons.manager	DEBUG	Provider finished startup: XPIProvider
1535132224284	addons.manager	DEBUG	Starting provider: LightweightThemeManager
1535132224284	addons.manager	DEBUG	Registering shutdown blocker for LightweightThemeManager
1535132224284	addons.manager	DEBUG	Provider finished startup: LightweightThemeManager
1535132224284	addons.manager	DEBUG	Starting provider: GMPProvider
1535132224286	addons.manager	DEBUG	Registering shutdown blocker for GMPProvider
1535132224288	addons.manager	DEBUG	Provider finished startup: GMPProvider
1535132224288	addons.manager	DEBUG	Starting provider: PluginProvider
1535132224288	addons.manager	DEBUG	Registering shutdown blocker for PluginProvider
1535132224288	addons.manager	DEBUG	Provider finished startup: PluginProvider
1535132224288	addons.manager	DEBUG	Completed startup sequence
1535132224630	Marionette	INFO	Enabled via --marionette
1535132226174	addons.manager	DEBUG	Starting provider: PreviousExperimentProvider
1535132226174	addons.manager	DEBUG	Registering shutdown blocker for PreviousExperimentProvider
1535132226174	addons.manager	DEBUG	Provider finished startup: PreviousExperimentProvider
1535132227366	addons.xpi-utils	DEBUG	XPI Database saved, setting schema version preference to 24
1535132228100	addons.xpi	INFO	Mapping activity-stream@mozilla.org to /usr/lib/firefox/browser/features/activity-stream@mozilla.org.xpi
1535132228100	addons.xpi	INFO	Mapping aushelper@mozilla.org to /usr/lib/firefox/browser/features/aushelper@mozilla.org.xpi
1535132228100	addons.xpi	INFO	Mapping firefox@getpocket.com to /usr/lib/firefox/browser/features/firefox@getpocket.com.xpi
1535132228100	addons.xpi	INFO	Mapping followonsearch@mozilla.com to /usr/lib/firefox/browser/features/followonsearch@mozilla.com.xpi
1535132228100	addons.xpi	INFO	Mapping formautofill@mozilla.org to /usr/lib/firefox/browser/features/formautofill@mozilla.org.xpi
1535132228104	addons.xpi	INFO	Mapping onboarding@mozilla.org to /usr/lib/firefox/browser/features/onboarding@mozilla.org.xpi
1535132228104	addons.xpi	INFO	Mapping screenshots@mozilla.org to /usr/lib/firefox/browser/features/screenshots@mozilla.org.xpi
1535132228104	addons.xpi	INFO	Mapping shield-recipe-client@mozilla.org to /usr/lib/firefox/browser/features/shield-recipe-client@mozilla.org.xpi
1535132228104	addons.xpi	INFO	Mapping webcompat@mozilla.org to /usr/lib/firefox/browser/features/webcompat@mozilla.org.xpi
1535132228106	addons.xpi	DEBUG	Existing add-on activity-stream@mozilla.org in app-system-defaults
1535132228108	addons.xpi	DEBUG	Existing add-on aushelper@mozilla.org in app-system-defaults
1535132228108	addons.xpi	DEBUG	Existing add-on firefox@getpocket.com in app-system-defaults
1535132228110	addons.xpi	DEBUG	Existing add-on followonsearch@mozilla.com in app-system-defaults
1535132228110	addons.xpi	DEBUG	Existing add-on formautofill@mozilla.org in app-system-defaults
1535132228110	addons.xpi	DEBUG	Existing add-on onboarding@mozilla.org in app-system-defaults
1535132228110	addons.xpi	DEBUG	Existing add-on screenshots@mozilla.org in app-system-defaults
1535132228110	addons.xpi	DEBUG	Existing add-on shield-recipe-client@mozilla.org in app-system-defaults
1535132228110	addons.xpi	DEBUG	Existing add-on webcompat@mozilla.org in app-system-defaults
1535132228110	addons.xpi	INFO	Mapping langpack-en-ZA@firefox.mozilla.org to /usr/lib/firefox/browser/extensions/langpack-en-ZA@firefox.mozilla.org.xpi
1535132228112	addons.xpi	INFO	Mapping langpack-en-GB@firefox.mozilla.org to /usr/lib/firefox/browser/extensions/langpack-en-GB@firefox.mozilla.org.xpi
1535132228112	addons.xpi	INFO	Mapping {972ce4c6-7e08-4474-a285-3208198ce6fd} to /usr/lib/firefox/browser/extensions/{972ce4c6-7e08-4474-a285-3208198ce6fd}.xpi
1535132228112	addons.xpi	DEBUG	Existing add-on langpack-en-ZA@firefox.mozilla.org in app-global
1535132228112	addons.xpi	DEBUG	Existing add-on langpack-en-GB@firefox.mozilla.org in app-global
1535132228112	addons.xpi	DEBUG	Existing add-on {972ce4c6-7e08-4474-a285-3208198ce6fd} in app-global
1535132228112	addons.xpi	DEBUG	getInstallState changed: false, state: {}
1535132228338	Marionette	INFO	Listening on port 43671
1535132228360	Marionette	WARN	TLS certificate errors will be ignored for this session
ago 24, 2018 2:37:08 PM org.openqa.selenium.remote.ProtocolHandshake createSession
INFORMAÇÕES: Detected dialect: W3C

(firefox:29178): GLib-GObject-WARNING **: /build/glib2.0-prJhLS/glib2.0-2.48.2/./gobject/gsignal.c:3486: signal name 'selection_changed' is invalid for instance '0x7fd20ffb2920' of type 'MaiAtkType139'

(firefox:29178): GLib-GObject-WARNING **: /build/glib2.0-prJhLS/glib2.0-2.48.2/./gobject/gsignal.c:3486: signal name 'load_complete' is invalid for instance '0x7fd20f2b5e70' of type 'MaiAtkType13b'

(firefox:29178): GLib-GObject-WARNING **: /build/glib2.0-prJhLS/glib2.0-2.48.2/./gobject/gsignal.c:3486: signal name 'load_complete' is invalid for instance '0x7fd21248cba0' of type 'MaiAtkType13b'
1535132289142	addons.productaddons	INFO	sending request to: https://aus5.mozilla.org/update/3/GMP/59.0.2/20180327185825/Linux_x86_64-gcc3/null/release-cck- âmintâ/Linux%204.8.0-53-generic%20(GTK%203.18.9%2Clibpulse%208.0.0)/mint/1.0/update.xml
1535132290446	addons.productaddons	INFO	Completed downloading document
1535132291570	addons.productaddons	INFO	downloadXHR File download. status=200
1535132291572	addons.productaddons	INFO	Downloaded file will be saved to /tmp/tmpaddon-910e4c
1535132292148	addons.xpi	DEBUG	Calling bootstrap method shutdown on webcompat@mozilla.org version 1.1
1535132292148	addons.xpi	DEBUG	Calling bootstrap method shutdown on shield-recipe-client@mozilla.org version 80
1535132292150	addons.xpi	DEBUG	Calling bootstrap method shutdown on screenshots@mozilla.org version 25.0.0
1535132292156	addons.xpi	DEBUG	Calling bootstrap method shutdown on onboarding@mozilla.org version 1.0
1535132292156	addons.xpi	DEBUG	Calling bootstrap method shutdown on langpack-en-ZA@firefox.mozilla.org version 59.0.2
1535132292160	addons.xpi	DEBUG	Calling bootstrap method shutdown on langpack-en-GB@firefox.mozilla.org version 59.0.2
1535132292164	addons.xpi	DEBUG	Calling bootstrap method shutdown on formautofill@mozilla.org version 1.0
1535132292166	addons.xpi	DEBUG	Calling bootstrap method shutdown on followonsearch@mozilla.com version 0.9.6
1535132292166	addons.xpi	DEBUG	Calling bootstrap method shutdown on firefox@getpocket.com version 1.0.5
1535132292166	addons.xpi	DEBUG	Calling bootstrap method shutdown on aushelper@mozilla.org version 2.0
1535132292168	addons.xpi	DEBUG	Calling bootstrap method shutdown on activity-stream@mozilla.org version 2018.02.17.0026-173e2795
1535132292280	addons.manager	DEBUG	shutdown
1535132292282	addons.manager	DEBUG	Calling shutdown blocker for XPIProvider
1535132292282	addons.xpi	DEBUG	shutdown
1535132292282	addons.xpi-utils	DEBUG	shutdown
1535132292282	addons.manager	DEBUG	Calling shutdown blocker for LightweightThemeManager
1535132292284	addons.manager	DEBUG	Calling shutdown blocker for GMPProvider
1535132292284	addons.manager	DEBUG	Calling shutdown blocker for PluginProvider
1535132292286	addons.manager	DEBUG	Calling shutdown blocker for PreviousExperimentProvider
1535132292294	addons.manager	DEBUG	Async provider shutdown done
[pool-571-thread-1] ERROR net.serenitybdd.core.Serenity - &amp#27;[91m
           __  _____ _____ ____ _____   _____ _    ___ _     _____ ____  
  _       / / |_   _| ____/ ___|_   _| |  ___/ \  |_ _| |   | ____|  _ \ 
 (_)_____| |    | | |  _| \___ \ | |   | |_ / _ \  | || |   |  _| | | | |
  _|_____| |    | | | |___ ___) || |   |  _/ ___ \ | || |___| |___| |_| |
 (_)     | |    |_| |_____|____/ |_|   |_|/_/   \_\___|_____|_____|____/ 
          \_\                                                            

TEST FAILED WITH ERROR: Elaborar um pedido a vista com DEPOSITO/RETIRADA OUTRA LOJA COM RESERVA DEPOSITO
---------------------------------------------------------------------&amp#27;[0m
[pool-571-thread-1] ERROR net.serenitybdd.core.Serenity - &amp#27;[91mTEST FAILED AT STEP And Eu seleciono a promocao de valor ｟1.000,00｠&amp#27;[0m
[pool-571-thread-1] ERROR net.serenitybdd.core.Serenity - Element <input class="ace radio-seleciona-promocao" name="form-field-radio-promocao" type="radio"> is not clickable at point (522,257.3333282470703) because another element <div id="_mv_aguarde_" class=""> obscures it
[pool-572-thread-1] INFO net.thucydides.core.reports.json.JSONTestOutcomeReporter - Generating JSON report for Elaborar um pedido a vista com DEPOSITO/RETIRADA OUTRA LOJA COM RESERVA DEPOSITO to file /home/pedro/Documentos/Automação/testes-automatizados/mv-lojas-bdd/target/site/serenity/00fbde2d1322889b11e37e54df4631e7c5c597e9dc8ff76c9dd025eb6c3174dc.json (using temp file /home/pedro/Documentos/Automação/testes-automatizados/mv-lojas-bdd/target/site/serenity/00fbde2d1322889b11e37e54df4631e7c5c597e9dc8ff76c9dd025eb6c3174dc.json41c87672-75e2-4a4e-8a69-b010742b9da1)
]]></system-err>
  </testcase>
</testsuite>